<?xml version="1.0" encoding="UTF-8"?>
<!-- Generated by org.testng.reporters.JUnitReportReporter -->
<testsuite hostname="DSK-4174" failures="0" tests="5" name="com.amt.test.Acquisition_Quotes_Broker_HPNR_Test" time="123.986" errors="0" timestamp="2023-05-23T12:30:45 IST" skipped="0">
  <testcase classname="com.amt.test.Acquisition_Quotes_Broker_HPNR_Test" name="aquisition_quotes_user_flow_broker_HPNR_OTR_calculation_test" time="53.046"/>
  <system-out>
    <![CDATA[<b>Clicked on Quote button </b> <br />
<b>Manufacture =AUDI has been selected</b> <br />
<b>Model range =A7 has been selected</b> <br />
<b>Vehicle has been selected</b> <br />
<b>Paint option has been selected</b> <br />
<b>Interior option has been selected</b> <br />
<b>Acquisition Contract type option selected = Broker </b> <br />
<b>Customer Contract type option selected =  Hire Purchase Non Regulated(HPNR)</b> <br />
<b>Getting Basic Price- Vehicle value is  =46854.17</b> <br />
<b>Getting Basic Price - Paint  value is  =0.00</b> <br />
<b>Getting  Basic Price - Options value is   =833.33</b> <br />
<b>Getting Discount- Vehicle value is  =0.00</b> <br />
<b>Getting   Discount - Paint value is   =0.00</b> <br />
<b>Getting  Discount- Options value is   =0.00</b> <br />
<b>Getting Additional Discount- Vehicle value is  =0.00</b> <br />
<b>Getting  Additional Discount - paint value is  =0.00</b> <br />
<b>Getting  Additional Discount - Options value is  =0.00</b> <br />
<b>Writing OTR table values to excel sheet -Started </b> <br />
<b>Writing OTR table values to excel sheet -Completed </b> <br />
<b>Reading Subtotal After Discount from excel sheet -Started </b> <br />
<b>Reading Subtotal After Discount from excel sheet -Started </b> <br />
<b>Subtotal After Discount from excel sheet is =47687.5</b> <br />
<b>Subtotal after discount actual value from screen =Â£ 47,687.50</b> <br />]]>
  </system-out>
  <testcase classname="com.amt.test.Acquisition_Quotes_Broker_HPNR_Test" name="aquisition_quotes_user_flow_broker_HPNR_after_discount_calculations_test" time="1.879"/>
  <system-out>
    <![CDATA[<b>*********Calculations for On Road Price has been started***********</b> <br />
<b>Started getting On screen values from after discount table </b> <br />
<b>Manufacture_delivery_charges =550.0</b> <br />
<b>Road_tax_first_year =585.0</b> <br />
<b>First_registration_fee =55.0</b> <br />
<b>Rebate =0.0</b> <br />
<b>Writing After discount values to excel has been started</b> <br />
<b>Writing After discount values to excel has been completed</b> <br />
<b>Reading On Road Price for invoice from excel has been Started</b> <br />
<b>Reading On Road Price for invoice from excel has been completed</b> <br />
<b>Expected on the road price from excel is =58525.0</b> <br />
<b>Actual on the road price from screen is =58525.00</b> <br />]]>
  </system-out>
  <testcase classname="com.amt.test.Acquisition_Quotes_Broker_HPNR_Test" name="aquisition_quotes_user_flow_broker_HPNR_vehicle_profit_check_test" time="26.076"/>
  <system-out>
    <![CDATA[<b>Vehicle profit from test data 1200.0 added to otr cost price 58525.0</b> <br />
<b>After adding profit to cost price 58525.0 sales price is shown as (considering VAT%) 59965.0</b> <br />
<b>Vehicle profit verified</b> <br />]]>
  </system-out>
  <testcase classname="com.amt.test.Acquisition_Quotes_Broker_HPNR_Test" name="aquisition_quotes_user_flow_broker_HPNR_balance_to_finance_check_test" time="28.060"/>
  <system-out>
    <![CDATA[<b></b> <br />
<b>Adding Funder Quote Values to Screen</b> <br />
<b>Funder Quote Added Successfully</b> <br />
<b></b> <br />
<b>Entering Part Exchange Values to screen</b> <br />
<b></b> <br />
<b>Started verifying Balance To Finance Value</b> <br />
<b>Clicked on Part Exchange panel</b> <br />
<b></b> <br />
<b>Started verifying Balance To Finance</b> <br />
<b>Balance To Finance Expected is =58665.0</b> <br />
<b>Balance To Finance Actual From Screen is =57225.0</b> <br />
<b>xxx -Please check Balance to finance value from customer quote summary</b> <br />]]>
  </system-out>
  <testcase classname="com.amt.test.Acquisition_Quotes_Broker_HPNR_Test" name="aquisition_quotes_user_flow_broker_HPNR_quote_summary_values_verification_test" time="14.925"/>
  <system-out>
    <![CDATA[<b>*************Calculations for Quote Summary page gas been started************</b> <br />
<b>Reading values from sceen -Quote Summary Page</b> <br />
<b>Getting values from screen</b> <br />
<b>Quote_summary_cost_otr_price =58,525.00</b> <br />
<b>Customer contract_type =Hire Purchase Non-Regulated</b> <br />
<b>Customer Quote generated successfully and Quote_ref_no =VMK23849</b> <br />
<b>Reading values from excel sheet to compare it with quote summary on screen values</b> <br />
<b>Comparing excel values with actual values on screen</b> <br />
<b>OTR price compared</b> <br />]]>
  </system-out>
</testsuite> <!-- com.amt.test.Acquisition_Quotes_Broker_HPNR_Test -->
