<?xml version="1.0" encoding="UTF-8"?>
<!-- Generated by org.testng.reporters.JUnitReportReporter -->
<testsuite hostname="DSK-4052" failures="0" tests="5" name="com.amt.test.broker.Acquisition_Quotes_Broker_HPNR_used_car_Test" time="157.156" errors="0" timestamp="2024-01-05T12:56:47 IST" skipped="0">
  <testcase classname="com.amt.test.broker.Acquisition_Quotes_Broker_HPNR_used_car_Test" name="aquisition_quotes_user_flow_broker_HPNR_OTR_calculation_test" time="88.769"/>
  <system-out>
    <![CDATA[<b>Clicked on Quote button </b> <br />
<b>Selecting used vehicle with registration no. = GY19XAG and mileage = 10000</b> <br />
<b>Vehicle selected</b> <br />
<b>Paint option has been selected</b> <br />
<b>Interior option has been selected</b> <br />
<b>Acquisition Contract type option selected = Broker </b> <br />
<b>Customer Contract type option selected =  Hire Purchase Non Regulated(HPNR)</b> <br />
<b>Cost Price ex VAT and RFL from screen is 18708.33</b> <br />
<b>VAT from screen is 3741.67</b> <br />
<b>Cost Price ex VAT and RFL calculated is 18708.33</b> <br />
<b>Cost Price ex VAT and RFL verified and found OK</b> <br />]]>
  </system-out>
  <testcase classname="com.amt.test.broker.Acquisition_Quotes_Broker_HPNR_used_car_Test" name="aquisition_quotes_used_car_edit_cost_price_and_check_OTR_with_maintenance_test" time="0.002"/>
  <system-out/>
  <testcase classname="com.amt.test.broker.Acquisition_Quotes_Broker_HPNR_used_car_Test" name="aquisition_quotes_user_flow_broker_HPNR_vehicle_profit_check_test" time="17.131"/>
  <system-out>
    <![CDATA[<b>Vehicle profit from test data 1200.0 added to otr cost price 22450.0</b> <br />
<b>After adding profit to otr price 22450.0 sales price is shown as (considering VAT%) 23890.0</b> <br />
<b>Vehicle profit verified</b> <br />
<b></b> <br />
<b>Verifying Vehicle profit and Total Monthly Payment on editing Vehicle Sales Price</b> <br />
<b>Sending 26940.0 to sales total input field</b> <br />
<b>Vehicle profit verified on editing Vehicle Sales Price</b> <br />]]>
  </system-out>
  <testcase classname="com.amt.test.broker.Acquisition_Quotes_Broker_HPNR_used_car_Test" name="aquisition_quotes_user_flow_broker_HPNR_balance_to_finance_check_test" time="33.480"/>
  <system-out>
    <![CDATA[<b></b> <br />
<b>Adding Funder Quote Values to Screen</b> <br />
<b>Funder Quote Added Successfully</b> <br />
<b></b> <br />
<b>Started verifying Balance To Finance Value</b> <br />
<b>Clicked on Part Exchange panel</b> <br />
<b></b> <br />
<b>Started verifying Balance To Finance</b> <br />
<b>Balance To Finance Expected is =25640.0</b> <br />
<b>Balance To Finance Actual From Screen is =25640.0</b> <br />
<b>Balance to finance value from customer quote summary - verified</b> <br />]]>
  </system-out>
  <testcase classname="com.amt.test.broker.Acquisition_Quotes_Broker_HPNR_used_car_Test" name="aquisition_quotes_user_flow_broker_HPNR_quote_summary_values_verification_test" time="17.774"/>
  <system-out>
    <![CDATA[<b>*************Calculations for Quote Summary page gas been started************</b> <br />
<b>Quote Summary Data collected and sent to Quote save Excel</b> <br />]]>
  </system-out>
</testsuite> <!-- com.amt.test.broker.Acquisition_Quotes_Broker_HPNR_used_car_Test -->
