<?xml version="1.0" encoding="UTF-8"?>
<!-- Generated by org.testng.reporters.JUnitReportReporter -->
<testsuite hostname="DSK-4052" failures="1" tests="40" name="com.amt.test.LOU.LOU_used_car_ownbook_business_hire_accept_with_changes_Test" time="419.040" errors="1" timestamp="2024-06-18T23:06:38 IST" skipped="30">
  <testcase classname="com.amt.test.LOU.LOU_used_car_ownbook_business_hire_accept_with_changes_Test" name="L1_create_lead_convert_to_lead_for_ownbook_business_flow" time="126.945">
    <error message="Index 2 out of bounds for length 0" type="java.lang.IndexOutOfBoundsException">
      <![CDATA[java.lang.IndexOutOfBoundsException: Index 2 out of bounds for length 0
at java.base/jdk.internal.util.Preconditions.outOfBounds(Preconditions.java:100)
at java.base/jdk.internal.util.Preconditions.outOfBoundsCheckIndex(Preconditions.java:106)
at java.base/jdk.internal.util.Preconditions.checkIndex(Preconditions.java:302)
at java.base/java.util.Objects.checkIndex(Objects.java:385)
at java.base/java.util.ArrayList.get(ArrayList.java:427)
at java.base/jdk.internal.reflect.DirectMethodHandleAccessor.invoke(DirectMethodHandleAccessor.java:104)
at java.base/java.lang.reflect.Method.invoke(Method.java:578)
at org.openqa.selenium.support.pagefactory.internal.LocatingElementListHandler.invoke(LocatingElementListHandler.java:40)
at jdk.proxy2/jdk.proxy2.$Proxy20.get(Unknown Source)
at com.amt.pages.Leads.verify_table_values_on_lead_page(Leads.java:1257)
at com.amt.test.LOU.LOU_used_car_ownbook_business_hire_accept_with_changes_Test.L1_create_lead_convert_to_lead_for_ownbook_business_flow(LOU_used_car_ownbook_business_hire_accept_with_changes_Test.java:43)
at java.base/jdk.internal.reflect.DirectMethodHandleAccessor.invoke(DirectMethodHandleAccessor.java:104)
at java.base/java.lang.reflect.Method.invoke(Method.java:578)
at org.testng.internal.MethodInvocationHelper.invokeMethod(MethodInvocationHelper.java:133)
at org.testng.internal.TestInvoker.invokeMethod(TestInvoker.java:598)
at org.testng.internal.TestInvoker.invokeTestMethod(TestInvoker.java:173)
at org.testng.internal.MethodRunner.runInSequence(MethodRunner.java:46)
at org.testng.internal.TestInvoker$MethodInvocationAgent.invoke(TestInvoker.java:824)
at org.testng.internal.TestInvoker.invokeTestMethods(TestInvoker.java:146)
at org.testng.internal.TestMethodWorker.invokeTestMethods(TestMethodWorker.java:146)
at org.testng.internal.TestMethodWorker.run(TestMethodWorker.java:128)
at java.base/java.util.ArrayList.forEach(ArrayList.java:1511)
at org.testng.TestRunner.privateRun(TestRunner.java:794)
at org.testng.TestRunner.run(TestRunner.java:596)
at org.testng.SuiteRunner.runTest(SuiteRunner.java:377)
at org.testng.SuiteRunner.runSequentially(SuiteRunner.java:371)
at org.testng.SuiteRunner.privateRun(SuiteRunner.java:332)
at org.testng.SuiteRunner.run(SuiteRunner.java:276)
at org.testng.SuiteRunnerWorker.runSuite(SuiteRunnerWorker.java:53)
at org.testng.SuiteRunnerWorker.run(SuiteRunnerWorker.java:96)
at org.testng.TestNG.runSuitesSequentially(TestNG.java:1212)
at org.testng.TestNG.runSuitesSequentially(TestNG.java:1207)
at org.testng.TestNG.runSuitesLocally(TestNG.java:1134)
at org.testng.TestNG.runSuites(TestNG.java:1063)
at org.testng.TestNG.run(TestNG.java:1031)
at org.testng.remote.AbstractRemoteTestNG.run(AbstractRemoteTestNG.java:115)
at org.testng.remote.RemoteTestNG.initAndRun(RemoteTestNG.java:251)
at org.testng.remote.RemoteTestNG.main(RemoteTestNG.java:77)
]]>
    </error>
  </testcase> <!-- L1_create_lead_convert_to_lead_for_ownbook_business_flow -->
  <system-out>
    <![CDATA[<b>Clicked on Leads on Side Menu</b> <br />
<b>Clicked on add lead</b> <br />
<b>Lead is assigned</b> <br />
<b>Added data in General Notes</b> <br />
<b>Customer type - Business selected</b> <br />
<b>Clicked on Add new vehicle request</b> <br />
<b>Clicked on ownbook channel</b> <br />
<b>Vehicle request for broker has been saved</b> <br />
<b>Click on Map New Quote icon</b> <br />
<b>Click on acquisition contract type icon</b> <br />
<b>Click on customer contract type icon</b> <br />
<b>Click on search button</b> <br />
<b>Click on created date button 1st </b> <br />
<b>Click on created date button 2nd</b> <br />
<b>New Quote has been mapped with lead</b> <br />
<b>click ok button on Map  new quote </b> <br />
<b>click on OK button for copy quote </b> <br />
<br>----------Screenshot---------<br>
<img src="D:\LOU\AMT_LOU\target\surefire-reports\html\failure_screenshots\L1_create_lead_convert_to_lead_for_ownbook_business_flow_18_06_2024_10_43_53.png" height="800" width="1000">]]>
  </system-out>
  <testcase classname="com.amt.test.LOU.LOU_used_car_ownbook_business_hire_accept_with_changes_Test" name="L1_create_lead_convert_to_lead_for_ownbook_business_flow" time="128.828"/>
  <system-out>
    <![CDATA[<b>Clicked on Leads on Side Menu</b> <br />
<b>Clicked on add lead</b> <br />
<b>Lead is assigned</b> <br />
<b>Added data in General Notes</b> <br />
<b>Customer type - Business selected</b> <br />
<b>Clicked on Add new vehicle request</b> <br />
<b>Clicked on ownbook channel</b> <br />
<b>Vehicle request for broker has been saved</b> <br />
<b>Click on Map New Quote icon</b> <br />
<b>Click on acquisition contract type icon</b> <br />
<b>Click on customer contract type icon</b> <br />
<b>Click on search button</b> <br />
<b>Click on created date button 1st </b> <br />
<b>Click on created date button 2nd</b> <br />
<b>New Quote has been mapped with lead</b> <br />
<b></b> <br />
<b>Started Verifying Table values</b> <br />
<b></b> <br />
<b>THL05209 = THL05209</b> <br />
<b>Quote no. compared and found ok</b> <br />
<b></b> <br />
<b>MERCEDES-BENZ A CLASS AMG HATCHBACK (2019 - 2022) A35 4Matic Premium 5dr Auto = MERCEDES-BENZ A CLASS AMG HATCHBACK (2019 - 2022) A35 4Matic Premium 5dr Auto</b> <br />
<b>Vehicle name compared and found ok</b> <br />
<b></b> <br />
<b>Business Contract Hire = Business Contract Hire</b> <br />
<b>Contract type compared and found ok</b> <br />
<b></b> <br />
<b>946.78 = 946.78</b> <br />
<b>Monthly finance rental compared and found ok</b> <br />
<b></b> <br />
<b>35000.0 = 35000.0</b> <br />
<b>Mileage compared and found ok</b> <br />
<b></b> <br />
<b>35.0 = 35.0</b> <br />
<b>Terms compared and found ok</b> <br />
<b></b> <br />
<b>18/07/2024 != 17/07/2024</b> <br />
<b>Expiry date compared but found not ok</b> <br />
<b>Click on Lead save and Convert button</b> <br />
<b></b> <br />
<b>Started Verifying Table values</b> <br />
<b></b> <br />
<b>THL05209 = THL05209</b> <br />
<b>Quote no. compared and found ok</b> <br />
<b></b> <br />
<b>MERCEDES-BENZ A CLASS AMG HATCHBACK (2019 - 2022) A35 4Matic Premium 5dr Auto = MERCEDES-BENZ A CLASS AMG HATCHBACK (2019 - 2022) A35 4Matic Premium 5dr Auto</b> <br />
<b>Vehicle name compared and found ok</b> <br />
<b></b> <br />
<b>Business Contract Hire = Business Contract Hire</b> <br />
<b>Contract type compared and found ok</b> <br />
<b></b> <br />
<b>946.78 = 946.78</b> <br />
<b>Monthly finance rental compared and found ok</b> <br />
<b></b> <br />
<b>35000.0 = 35000.0</b> <br />
<b>Mileage compared and found ok</b> <br />
<b></b> <br />
<b>35.0 = 35.0</b> <br />
<b>Terms compared and found ok</b> <br />
<b></b> <br />
<b>18/07/2024 != 17/07/2024</b> <br />
<b>Expiry date compared but found not ok</b> <br />
<b></b> <br />
<b>In Lead created Opportunity Id is =CZ-7684</b> <br />
<b></b> <br />]]>
  </system-out>
  <testcase classname="com.amt.test.LOU.LOU_used_car_ownbook_business_hire_accept_with_changes_Test" name="L2_ownbook_business_current_status_before_sending_to_proposal" time="0.000">
    <skipped/>
  </testcase> <!-- L2_ownbook_business_current_status_before_sending_to_proposal -->
  <system-out/>
  <testcase classname="com.amt.test.LOU.LOU_used_car_ownbook_business_hire_accept_with_changes_Test" name="L2_ownbook_business_current_status_before_sending_to_proposal" time="14.098"/>
  <system-out>
    <![CDATA[<b>Clicked on Opportunity link from Menu </b> <br />
<b>listing_proposal_status is = Proposal Required</b> <br />
<b>Enter the Opportunity id in Search Text box</b> <br />
<b>Current Status of Opportunity Status value is = Open</b> <br />
<b>Current Status of Proposal value is = Proposal Required</b> <br />
<b>Current Status of Channel value is =  Draft</b> <br />
<b>Current Status of  Quote ref is = Draft</b> <br />
<b>Status Verified : Before sending the proposal</b> <br />]]>
  </system-out>
  <testcase classname="com.amt.test.LOU.LOU_used_car_ownbook_business_hire_accept_with_changes_Test" name="L3_verify_table_values_on_opportunity_page_before_sending_proposal" time="0.000">
    <skipped/>
  </testcase> <!-- L3_verify_table_values_on_opportunity_page_before_sending_proposal -->
  <system-out/>
  <testcase classname="com.amt.test.LOU.LOU_used_car_ownbook_business_hire_accept_with_changes_Test" name="L3_verify_table_values_on_opportunity_page_before_sending_proposal" time="4.055"/>
  <system-out>
    <![CDATA[<b></b> <br />
<b>Started Verifying Table values</b> <br />
<b></b> <br />
<b>THL05209 = THL05209</b> <br />
<b>Quote no. compared and found ok</b> <br />
<b></b> <br />
<b>MERCEDES-BENZ A CLASS AMG HATCHBACK (2019 - 2022) A35 4Matic Premium 5dr Auto = MERCEDES-BENZ A CLASS AMG HATCHBACK (2019 - 2022) A35 4Matic Premium 5dr Auto</b> <br />
<b>Vehicle name compared and found ok</b> <br />
<b></b> <br />
<b>Business Contract Hire = Business Contract Hire</b> <br />
<b>Contract type compared and found ok</b> <br />
<b></b> <br />
<b>946.78 = 946.78</b> <br />
<b>Monthly finance rental compared and found ok</b> <br />
<b></b> <br />
<b>35000.0 = 35000.0</b> <br />
<b>Mileage compared and found ok</b> <br />
<b></b> <br />
<b>35.0 = 35.0</b> <br />
<b>Terms compared and found ok</b> <br />
<b></b> <br />
<b>18/07/2024 != 17/07/2024</b> <br />
<b>Expiry date compared but found not ok</b> <br />
<b></b> <br />
<b>Table values verified Successfully</b> <br />]]>
  </system-out>
  <testcase classname="com.amt.test.LOU.LOU_used_car_ownbook_business_hire_accept_with_changes_Test" name="L4_fill_up_the_required_fields_for_sending_a_proposal" time="0.000">
    <skipped/>
  </testcase> <!-- L4_fill_up_the_required_fields_for_sending_a_proposal -->
  <system-out/>
  <testcase classname="com.amt.test.LOU.LOU_used_car_ownbook_business_hire_accept_with_changes_Test" name="L4_fill_up_the_required_fields_for_sending_a_proposal" time="67.862"/>
  <system-out>
    <![CDATA[<b>click on Proposal icon</b> <br />
<b>Proposal page will display </b> <br />
<b>Send proposal to customer pop up  will open</b> <br />
<b>Click on Manual fill radio button - Yes</b> <br />
<b>Click on manually submit behalf of customer link</b> <br />]]>
  </system-out>
  <testcase classname="com.amt.test.LOU.LOU_used_car_ownbook_business_hire_accept_with_changes_Test" name="L5_ownbook_create_opportunity_business_current_status_after_sending_to_proposal" time="0.000">
    <skipped/>
  </testcase> <!-- L5_ownbook_create_opportunity_business_current_status_after_sending_to_proposal -->
  <system-out/>
  <testcase classname="com.amt.test.LOU.LOU_used_car_ownbook_business_hire_accept_with_changes_Test" name="L5_ownbook_create_opportunity_business_current_status_after_sending_to_proposal" time="8.669"/>
  <system-out>
    <![CDATA[<b>Enter the Opportunity id in Search Text box</b> <br />
<b>Current Status of Opportunity Status value is = Open</b> <br />
<b>Current Status of Proposal value is = Proposal Received</b> <br />
<b>Current Status of Channel value is =  Draft</b> <br />
<b>Current Status of  Quote ref is = Draft</b> <br />
<b>Status Verified : After sending the proposal</b> <br />]]>
  </system-out>
  <testcase classname="com.amt.test.LOU.LOU_used_car_ownbook_business_hire_accept_with_changes_Test" name="L6_ownbook_sending_contract" time="16.472"/>
  <system-out>
    <![CDATA[<b>click on Send_Contract icon</b> <br />
<b>Contract Sent Successfully</b> <br />]]>
  </system-out>
  <testcase classname="com.amt.test.LOU.LOU_used_car_ownbook_business_hire_accept_with_changes_Test" name="L6_ownbook_sending_contract" time="0.000">
    <skipped/>
  </testcase> <!-- L6_ownbook_sending_contract -->
  <system-out/>
  <testcase classname="com.amt.test.LOU.LOU_used_car_ownbook_business_hire_accept_with_changes_Test" name="L7_verify_current_status_on_opportunity_page_after_sending_contract_for_ownbook_business_flow" time="0.000">
    <skipped/>
  </testcase> <!-- L7_verify_current_status_on_opportunity_page_after_sending_contract_for_ownbook_business_flow -->
  <system-out/>
  <testcase classname="com.amt.test.LOU.LOU_used_car_ownbook_business_hire_accept_with_changes_Test" name="L7_verify_current_status_on_opportunity_page_after_sending_contract_for_ownbook_business_flow" time="4.112"/>
  <system-out>
    <![CDATA[<b>Current Status of Proposal value is = Proposal Received</b> <br />
<b>Current Status of Channel value is =  Sent to customer</b> <br />
<b>Current Status of  Quote ref is = Sent to customer</b> <br />
<b>Status Verified : Sent to customer</b> <br />]]>
  </system-out>
  <testcase classname="com.amt.test.LOU.LOU_used_car_ownbook_business_hire_accept_with_changes_Test" name="L8_ownbook_signed_contract_status_with_api_call" time="37.864"/>
  <system-out>
    <![CDATA[<b>Status code 200 received </b> <br />
<b>Enter the Opportunity id in Search Text box</b> <br />]]>
  </system-out>
  <testcase classname="com.amt.test.LOU.LOU_used_car_ownbook_business_hire_accept_with_changes_Test" name="L8_ownbook_signed_contract_status_with_api_call" time="0.000">
    <skipped/>
  </testcase> <!-- L8_ownbook_signed_contract_status_with_api_call -->
  <system-out/>
  <testcase classname="com.amt.test.LOU.LOU_used_car_ownbook_business_hire_accept_with_changes_Test" name="UW1_verify_status_after_contract_signed" time="0.000">
    <skipped/>
  </testcase> <!-- UW1_verify_status_after_contract_signed -->
  <system-out/>
  <testcase classname="com.amt.test.LOU.LOU_used_car_ownbook_business_hire_accept_with_changes_Test" name="UW1_verify_status_after_contract_signed" time="10.135">
    <failure message="expected [true] but found [false]" type="java.lang.AssertionError">
      <![CDATA[java.lang.AssertionError: expected [true] but found [false]
at org.testng.Assert.fail(Assert.java:99)
at org.testng.Assert.failNotEquals(Assert.java:1037)
at org.testng.Assert.assertTrue(Assert.java:45)
at org.testng.Assert.assertTrue(Assert.java:55)
at com.amt.test.LOU.LOU_used_car_ownbook_business_hire_accept_with_changes_Test.UW1_verify_status_after_contract_signed(LOU_used_car_ownbook_business_hire_accept_with_changes_Test.java:235)
at java.base/jdk.internal.reflect.DirectMethodHandleAccessor.invoke(DirectMethodHandleAccessor.java:104)
at java.base/java.lang.reflect.Method.invoke(Method.java:578)
at org.testng.internal.MethodInvocationHelper.invokeMethod(MethodInvocationHelper.java:133)
at org.testng.internal.TestInvoker.invokeMethod(TestInvoker.java:598)
at org.testng.internal.TestInvoker.invokeTestMethod(TestInvoker.java:173)
at org.testng.internal.MethodRunner.runInSequence(MethodRunner.java:46)
at org.testng.internal.TestInvoker$MethodInvocationAgent.invoke(TestInvoker.java:824)
at org.testng.internal.TestInvoker.invokeTestMethods(TestInvoker.java:146)
at org.testng.internal.TestMethodWorker.invokeTestMethods(TestMethodWorker.java:146)
at org.testng.internal.TestMethodWorker.run(TestMethodWorker.java:128)
at java.base/java.util.ArrayList.forEach(ArrayList.java:1511)
at org.testng.TestRunner.privateRun(TestRunner.java:794)
at org.testng.TestRunner.run(TestRunner.java:596)
at org.testng.SuiteRunner.runTest(SuiteRunner.java:377)
at org.testng.SuiteRunner.runSequentially(SuiteRunner.java:371)
at org.testng.SuiteRunner.privateRun(SuiteRunner.java:332)
at org.testng.SuiteRunner.run(SuiteRunner.java:276)
at org.testng.SuiteRunnerWorker.runSuite(SuiteRunnerWorker.java:53)
at org.testng.SuiteRunnerWorker.run(SuiteRunnerWorker.java:96)
at org.testng.TestNG.runSuitesSequentially(TestNG.java:1212)
at org.testng.TestNG.runSuitesSequentially(TestNG.java:1207)
at org.testng.TestNG.runSuitesLocally(TestNG.java:1134)
at org.testng.TestNG.runSuites(TestNG.java:1063)
at org.testng.TestNG.run(TestNG.java:1031)
at org.testng.remote.AbstractRemoteTestNG.run(AbstractRemoteTestNG.java:115)
at org.testng.remote.RemoteTestNG.initAndRun(RemoteTestNG.java:251)
at org.testng.remote.RemoteTestNG.main(RemoteTestNG.java:77)
]]>
    </failure>
  </testcase> <!-- UW1_verify_status_after_contract_signed -->
  <system-out>
    <![CDATA[<b>Current Status of Proposal value is = Proposal Received</b> <br />
<b>Current Status of Channel value is =  Draft</b> <br />
<b>Current Status of  Quote ref is = Draft</b> <br />
<br>----------Screenshot---------<br>
<img src="D:\LOU\AMT_LOU\target\surefire-reports\html\failure_screenshots\UW1_verify_status_after_contract_signed_18_06_2024_10_55_46.png" height="800" width="1000">]]>
  </system-out>
  <testcase classname="com.amt.test.LOU.LOU_used_car_ownbook_business_hire_accept_with_changes_Test" name="UW2_verify_underwriting_pop_up_summary_values_for_ownbook_business_flow" time="0.000">
    <skipped/>
  </testcase> <!-- UW2_verify_underwriting_pop_up_summary_values_for_ownbook_business_flow -->
  <system-out/>
  <testcase classname="com.amt.test.LOU.LOU_used_car_ownbook_business_hire_accept_with_changes_Test" name="UW2_verify_underwriting_pop_up_summary_values_for_ownbook_business_flow" time="0.000">
    <skipped/>
  </testcase> <!-- UW2_verify_underwriting_pop_up_summary_values_for_ownbook_business_flow -->
  <system-out/>
  <testcase classname="com.amt.test.LOU.LOU_used_car_ownbook_business_hire_accept_with_changes_Test" name="UW2_verify_status_after_sending_to_underwriting" time="0.000">
    <skipped/>
  </testcase> <!-- UW2_verify_status_after_sending_to_underwriting -->
  <system-out/>
  <testcase classname="com.amt.test.LOU.LOU_used_car_ownbook_business_hire_accept_with_changes_Test" name="UW2_verify_status_after_sending_to_underwriting" time="0.000">
    <skipped/>
  </testcase> <!-- UW2_verify_status_after_sending_to_underwriting -->
  <system-out/>
  <testcase classname="com.amt.test.LOU.LOU_used_car_ownbook_business_hire_accept_with_changes_Test" name="UW3_verify_underwriting_lisitig_page" time="0.000">
    <skipped/>
  </testcase> <!-- UW3_verify_underwriting_lisitig_page -->
  <system-out/>
  <testcase classname="com.amt.test.LOU.LOU_used_car_ownbook_business_hire_accept_with_changes_Test" name="UW3_verify_underwriting_lisitig_page" time="0.000">
    <skipped/>
  </testcase> <!-- UW3_verify_underwriting_lisitig_page -->
  <system-out/>
  <testcase classname="com.amt.test.LOU.LOU_used_car_ownbook_business_hire_accept_with_changes_Test" name="UW4_verify_values_on_underwriting_quote_tab_for_ownbook_business_flow" time="0.000">
    <skipped/>
  </testcase> <!-- UW4_verify_values_on_underwriting_quote_tab_for_ownbook_business_flow -->
  <system-out/>
  <testcase classname="com.amt.test.LOU.LOU_used_car_ownbook_business_hire_accept_with_changes_Test" name="UW4_verify_values_on_underwriting_quote_tab_for_ownbook_business_flow" time="0.000">
    <skipped/>
  </testcase> <!-- UW4_verify_values_on_underwriting_quote_tab_for_ownbook_business_flow -->
  <system-out/>
  <testcase classname="com.amt.test.LOU.LOU_used_car_ownbook_business_hire_accept_with_changes_Test" name="UW5_ownbook_underwriting_decision_accept_with_changes" time="0.000">
    <skipped/>
  </testcase> <!-- UW5_ownbook_underwriting_decision_accept_with_changes -->
  <system-out/>
  <testcase classname="com.amt.test.LOU.LOU_used_car_ownbook_business_hire_accept_with_changes_Test" name="UW5_ownbook_underwriting_decision_accept_with_changes" time="0.000">
    <skipped/>
  </testcase> <!-- UW5_ownbook_underwriting_decision_accept_with_changes -->
  <system-out/>
  <testcase classname="com.amt.test.LOU.LOU_used_car_ownbook_business_hire_accept_with_changes_Test" name="UW6_verify_ownbook_opportunity_search_text_box_accept_with_changes" time="0.000">
    <skipped/>
  </testcase> <!-- UW6_verify_ownbook_opportunity_search_text_box_accept_with_changes -->
  <system-out/>
  <testcase classname="com.amt.test.LOU.LOU_used_car_ownbook_business_hire_accept_with_changes_Test" name="UW6_verify_ownbook_opportunity_search_text_box_accept_with_changes" time="0.000">
    <skipped/>
  </testcase> <!-- UW6_verify_ownbook_opportunity_search_text_box_accept_with_changes -->
  <system-out/>
  <testcase classname="com.amt.test.LOU.LOU_used_car_ownbook_business_hire_accept_with_changes_Test" name="UW7_verify_ownbook_opportunity_accept_with_changes_underwriting_pop_up" time="0.000">
    <skipped/>
  </testcase> <!-- UW7_verify_ownbook_opportunity_accept_with_changes_underwriting_pop_up -->
  <system-out/>
  <testcase classname="com.amt.test.LOU.LOU_used_car_ownbook_business_hire_accept_with_changes_Test" name="UW7_verify_ownbook_opportunity_accept_with_changes_underwriting_pop_up" time="0.000">
    <skipped/>
  </testcase> <!-- UW7_verify_ownbook_opportunity_accept_with_changes_underwriting_pop_up -->
  <system-out/>
  <testcase classname="com.amt.test.LOU.LOU_used_car_ownbook_business_hire_accept_with_changes_Test" name="UW8_verify_ownbook_opportunity_underwriting_accept_with_changes_cancel_flow_verification" time="0.000">
    <skipped/>
  </testcase> <!-- UW8_verify_ownbook_opportunity_underwriting_accept_with_changes_cancel_flow_verification -->
  <system-out/>
  <testcase classname="com.amt.test.LOU.LOU_used_car_ownbook_business_hire_accept_with_changes_Test" name="UW8_verify_ownbook_opportunity_underwriting_accept_with_changes_cancel_flow_verification" time="0.000">
    <skipped/>
  </testcase> <!-- UW8_verify_ownbook_opportunity_underwriting_accept_with_changes_cancel_flow_verification -->
  <system-out/>
  <testcase classname="com.amt.test.LOU.LOU_used_car_ownbook_business_hire_accept_with_changes_Test" name="UW9_verify_ownbook_opportunity_underwriting_accept_with_changes_underwriting_pop_up" time="0.000">
    <skipped/>
  </testcase> <!-- UW9_verify_ownbook_opportunity_underwriting_accept_with_changes_underwriting_pop_up -->
  <system-out/>
  <testcase classname="com.amt.test.LOU.LOU_used_car_ownbook_business_hire_accept_with_changes_Test" name="UW9_verify_ownbook_opportunity_underwriting_accept_with_changes_underwriting_pop_up" time="0.000">
    <skipped/>
  </testcase> <!-- UW9_verify_ownbook_opportunity_underwriting_accept_with_changes_underwriting_pop_up -->
  <system-out/>
  <testcase classname="com.amt.test.LOU.LOU_used_car_ownbook_business_hire_accept_with_changes_Test" name="UW10_ownbook_after_opportunity_underwriting_accept_with_changes_signed_contract_status_with_api_call" time="0.000">
    <skipped/>
  </testcase> <!-- UW10_ownbook_after_opportunity_underwriting_accept_with_changes_signed_contract_status_with_api_call -->
  <system-out/>
  <testcase classname="com.amt.test.LOU.LOU_used_car_ownbook_business_hire_accept_with_changes_Test" name="UW10_ownbook_after_opportunity_underwriting_accept_with_changes_signed_contract_status_with_api_call" time="0.000">
    <skipped/>
  </testcase> <!-- UW10_ownbook_after_opportunity_underwriting_accept_with_changes_signed_contract_status_with_api_call -->
  <system-out/>
  <testcase classname="com.amt.test.LOU.LOU_used_car_ownbook_business_hire_accept_with_changes_Test" name="OP1_ownbook_after_Underwriting_accepted_mothlty_payment_price" time="0.000">
    <skipped/>
  </testcase> <!-- OP1_ownbook_after_Underwriting_accepted_mothlty_payment_price -->
  <system-out/>
  <testcase classname="com.amt.test.LOU.LOU_used_car_ownbook_business_hire_accept_with_changes_Test" name="OP1_ownbook_after_Underwriting_accepted_mothlty_payment_price" time="0.000">
    <skipped/>
  </testcase> <!-- OP1_ownbook_after_Underwriting_accepted_mothlty_payment_price -->
  <system-out/>
</testsuite> <!-- com.amt.test.LOU.LOU_used_car_ownbook_business_hire_accept_with_changes_Test -->
