<?xml version="1.0" encoding="UTF-8"?>
<!-- Generated by org.testng.reporters.JUnitReportReporter -->
<testsuite hostname="DSK-969" failures="0" tests="6" name="com.amt.test.Acquisition_Quotes_HPNR_BCH_Additional_Term_maintenance_Test2" time="126.311" errors="0" timestamp="2023-03-15T15:11:51 IST" skipped="0">
  <testcase classname="com.amt.test.Acquisition_Quotes_HPNR_BCH_Additional_Term_maintenance_Test2" name="aquisition_quotes_HPNR_BCH_OTR_calculation_without_maintenance_test" time="75.672"/>
  <system-out>
    <![CDATA[<b>Clicked on Quote button </b> <br />
<b>Manufacture =AUDI has been selected</b> <br />
<b>Model range =A7 has been selected</b> <br />
<b>Vehicle has been selected</b> <br />
<b>Paint option has been selected</b> <br />
<b>Interior option has been selected</b> <br />
<b> Acquisition Contract type option = HPNR has been selected</b> <br />
<b> Customer Contract type option = Business Contract Hire(BCH) has been selected</b> <br />
<b>Getting Basic Price- Vehicle value is  =46854.17</b> <br />
<b>Getting Basic Price - Paint  value is  =0.00</b> <br />
<b>Getting  Basic Price - Options value is   =833.33</b> <br />
<b>Getting Discount- Vehicle value is  =0.00</b> <br />
<b>Getting   Discount - Paint value is   =0.00</b> <br />
<b>Getting  Discount- Options value is   =0.00</b> <br />
<b>Getting Additional Discount- Vehicle value is  =0.00</b> <br />
<b>Getting  Additional Discount - paint value is  =0.00</b> <br />
<b>Getting  Additional Discount - Options value is  =0.00</b> <br />
<b>Writing OTR table values to excel sheet -Started </b> <br />
<b>Writing OTR table values to excel sheet -Completed </b> <br />
<b>Reading Subtotal After Discount from excel sheet -Started </b> <br />
<b>Reading Subtotal After Discount from excel sheet -Started </b> <br />
<b>Subtotal After Discount from excel sheet is =47687.5</b> <br />
<b>Subtotal after discount actual value from screen =Â£ 47,687.50</b> <br />]]>
  </system-out>
  <testcase classname="com.amt.test.Acquisition_Quotes_HPNR_BCH_Additional_Term_maintenance_Test2" name="aquisition_quotes_HPNR_BCH_after_discount_calculations_without_maintenance_test" time="6.796"/>
  <system-out>
    <![CDATA[<b>*********Calculations for On Road Price has been started***********</b> <br />
<b>Started getting On screen values from after discount table </b> <br />
<b>Manufacture_delivery_charges =550.0</b> <br />
<b>Road_tax_first_year =585.0</b> <br />
<b>First_registration_fee =55.0</b> <br />
<b>Rebate =0.0</b> <br />
<b>Writing After discount values to excel has been started</b> <br />
<b>Writing After discount values to excel has been completed</b> <br />
<b>Reading On Road Price for invoice from excel has been Started</b> <br />
<b>Reading On Road Price for invoice from excel has been completed</b> <br />
<b>Expected on the road price from excel is =58525.0</b> <br />
<b>Actual on the road price from screen is =58525.00</b> <br />]]>
  </system-out>
  <testcase classname="com.amt.test.Acquisition_Quotes_HPNR_BCH_Additional_Term_maintenance_Test2" name="aquisition_quotes_HPNR_BCH_other_support_check_without_maintenance_test" time="0.002"/>
  <system-out/>
  <testcase classname="com.amt.test.Acquisition_Quotes_HPNR_BCH_Additional_Term_maintenance_Test2" name="aquisition_quotes_HPNR_BCH_holding_cost_calculations_without_maintenance_test" time="20.593"/>
  <system-out>
    <![CDATA[<b>***********Entered in holding cost page ***********</b> <br />
<b>Clicked on holding cost summary</b> <br />
<b></b> <br />
<b>Verifying Holding Cost Based on CAP data</b> <br />
<b>Getting on screen values from Holding Cost Page</b> <br />
<b>Duration(Terms) =36.0</b> <br />
<b>Annual_mileage =10000.0</b> <br />
<b>Cap_residual_value_from_screen =27500.0</b> <br />
<b>Writing Holding Cost Summary values to excel has been started</b> <br />
<b>Writing Holding Cost Summary values to excel has been completed</b> <br />
<b>Reading Monthly Holding Cost value from excel has been started</b> <br />
<b>Reading Monthly Holding Cost value from excel has been completed</b> <br />
<b>Total_monthly_holding_cost_from_screen =922.92</b> <br />
<b>Total_monthly_holding_cost_from_excel =922.9208645610316</b> <br />
<b>Total Monthly Holding Cost based on CAP data is Verified and Found OK</b> <br />
<b></b> <br />
<b>Editing additional terms and mileage</b> <br />
<b>Updated Residual Value from screen  (to be sent to calculation excel) is =18000.00</b> <br />
<b>Writing Holding Cost Summary values to excel has been started</b> <br />
<b>Writing Holding Cost Summary values to excel has been completed</b> <br />
<b>Reading Monthly Holding Cost value from excel has been started</b> <br />
<b>Reading Monthly Holding Cost value from excel has been completed</b> <br />
<b>Total_monthly_holding_cost_from_screen =1,148.54</b> <br />
<b>Total_monthly_holding_cost_from_excel =1148.5419926588665</b> <br />
<b>Total Monthly Holding Cost After Editing Additional terms and mileage is Verified and Found OK</b> <br />]]>
  </system-out>
  <testcase classname="com.amt.test.Acquisition_Quotes_HPNR_BCH_Additional_Term_maintenance_Test2" name="aquisition_quotes_HPNR_BCH_customer_quote_payment_profile_calculations_without_maintenance_test" time="12.973"/>
  <system-out>
    <![CDATA[<b>Writing configuration values from property file to Excel for customer quote calculation -started</b> <br />
<b>Writing configuration values from property file to Excel for customer quote calculation -completed</b> <br />
<b>************Calculations for Customer Quote Page has been started***********</b> <br />
<b>Payment Profile Monthly in Advance option has been selected</b> <br />
<b>Writing values to Excel for customer quote calculation -started</b> <br />
<b>Writing values to Excel for customer quote calculation -completed</b> <br />
<b>Reading  Monthly Finance Rental from  Excel   -started</b> <br />
<b>Reading  Monthly Finance Rental from  Excel   -completed</b> <br />
<b>Monthly Finance Rental from Excel is =1383.2616584469686</b> <br />
<b>Monthly Finance Rental from screen is 1383.26</b> <br />]]>
  </system-out>
  <testcase classname="com.amt.test.Acquisition_Quotes_HPNR_BCH_Additional_Term_maintenance_Test2" name="aquisition_quotes_HPNR_BCH_quote_summary_values_verification_without_maintenance_test" time="10.275"/>
  <system-out>
    <![CDATA[<b>*************OTR Calulation on quote summary page has been started************</b> <br />
<b>Reading values from OTR calculation -Quote Summary Page</b> <br />
<b>OTR_calculation_cost_otr_price_from_screen =58525.0</b> <br />
<b>OTR_calculation_cost_price_ex_vat_and_rfl_from_screen =48237.5</b> <br />
<b>OTR_calculation_otr_vat_from_screen =9647.5</b> <br />
<b>OTR_calculation_otr_rfl_and_frf_from_screen =640.0</b> <br />
<b>OTR price compared</b> <br />
<b>Cost price ex vat and rfl compared</b> <br />
<b>VAT compared</b> <br />
<b>RFL & FRF compared</b> <br />]]>
  </system-out>
</testsuite> <!-- com.amt.test.Acquisition_Quotes_HPNR_BCH_Additional_Term_maintenance_Test2 -->
