<?xml version="1.0" encoding="UTF-8"?>
<!-- Generated by org.testng.reporters.JUnitReportReporter -->
<testsuite hostname="DSK-4052" failures="0" tests="1" name="com.amt.test.LOU.LOU_broker_individual_accept_flow_Test" time="3767.128" errors="1" timestamp="2023-06-20T12:28:19 IST" skipped="0">
  <testcase classname="com.amt.test.LOU.LOU_broker_individual_accept_flow_Test" name="L1_create_lead_for_broker_individual" time="3767.128">
    <error message="Expected condition failed: waiting for element to be clickable: Proxy element for: DefaultElementLocator &#039;By.xpath: //*[@id=&quot;MapNewQuote&quot;]/div/div/div[3]/div/button[1]&#039; (tried for 120 second(s) with 500 milliseconds interval)" type="org.openqa.selenium.TimeoutException">
      <![CDATA[org.openqa.selenium.TimeoutException: Expected condition failed: waiting for element to be clickable: Proxy element for: DefaultElementLocator 'By.xpath: //*[@id="MapNewQuote"]/div/div/div[3]/div/button[1]' (tried for 120 second(s) with 500 milliseconds interval)
at org.openqa.selenium.support.ui.WebDriverWait.timeoutException(WebDriverWait.java:138)
at org.openqa.selenium.support.ui.FluentWait.until(FluentWait.java:231)
at com.amt.testUtil.Click.on(Click.java:16)
at com.amt.pages.Leads.lead_map_new_quote_broker_individual(Leads.java:771)
at com.amt.test.LOU.LOU_broker_individual_accept_flow_Test.L1_create_lead_for_broker_individual(LOU_broker_individual_accept_flow_Test.java:40)
at java.base/jdk.internal.reflect.DirectMethodHandleAccessor.invoke(DirectMethodHandleAccessor.java:104)
at java.base/java.lang.reflect.Method.invoke(Method.java:578)
at org.testng.internal.MethodInvocationHelper.invokeMethod(MethodInvocationHelper.java:133)
at org.testng.internal.TestInvoker.invokeMethod(TestInvoker.java:598)
at org.testng.internal.TestInvoker.invokeTestMethod(TestInvoker.java:173)
at org.testng.internal.MethodRunner.runInSequence(MethodRunner.java:46)
at org.testng.internal.TestInvoker$MethodInvocationAgent.invoke(TestInvoker.java:824)
at org.testng.internal.TestInvoker.invokeTestMethods(TestInvoker.java:146)
at org.testng.internal.TestMethodWorker.invokeTestMethods(TestMethodWorker.java:146)
at org.testng.internal.TestMethodWorker.run(TestMethodWorker.java:128)
at java.base/java.util.ArrayList.forEach(ArrayList.java:1511)
at org.testng.TestRunner.privateRun(TestRunner.java:794)
at org.testng.TestRunner.run(TestRunner.java:596)
at org.testng.SuiteRunner.runTest(SuiteRunner.java:377)
at org.testng.SuiteRunner.runSequentially(SuiteRunner.java:371)
at org.testng.SuiteRunner.privateRun(SuiteRunner.java:332)
at org.testng.SuiteRunner.run(SuiteRunner.java:276)
at org.testng.SuiteRunnerWorker.runSuite(SuiteRunnerWorker.java:53)
at org.testng.SuiteRunnerWorker.run(SuiteRunnerWorker.java:96)
at org.testng.TestNG.runSuitesSequentially(TestNG.java:1212)
at org.testng.TestNG.runSuitesLocally(TestNG.java:1134)
at org.testng.TestNG.runSuites(TestNG.java:1063)
at org.testng.TestNG.run(TestNG.java:1031)
at org.testng.remote.AbstractRemoteTestNG.run(AbstractRemoteTestNG.java:115)
at org.testng.remote.RemoteTestNG.initAndRun(RemoteTestNG.java:251)
at org.testng.remote.RemoteTestNG.main(RemoteTestNG.java:77)
Caused by: org.openqa.selenium.NoSuchElementException: no such element: Unable to locate element: {"method":"xpath","selector":"//*[@id="MapNewQuote"]/div/div/div[3]/div/button[1]"}
  (Session info: chrome=114.0.5735.134)
For documentation on this error, please visit: https://selenium.dev/exceptions/#no_such_element
Build info: version: '4.0.0', revision: '3a21814679'
System info: host: 'DSK-4052', ip: '172.16.1.80', os.name: 'Windows 10', os.arch: 'amd64', os.version: '10.0', java.version: '19.0.1'
Driver info: org.openqa.selenium.chrome.ChromeDriver
Command: [2e3233add73bdf02534285cf9bd8b9f8, findElement {using=xpath, value=//*[@id="MapNewQuote"]/div/div/div[3]/div/button[1]}]
Capabilities {acceptInsecureCerts: false, browserName: chrome, browserVersion: 114.0.5735.134, chrome: {chromedriverVersion: 114.0.5735.90 (386bc09e8f4f..., userDataDir: C:\Users\NITEIN~1.KUR\AppDa...}, goog:chromeOptions: {debuggerAddress: localhost:63106}, javascriptEnabled: true, networkConnectionEnabled: false, pageLoadStrategy: none, platform: WINDOWS, platformName: WINDOWS, proxy: Proxy(), se:cdp: ws://localhost:63106/devtoo..., se:cdpVersion: 114.0.5735.134, setWindowRect: true, strictFileInteractability: false, timeouts: {implicit: 0, pageLoad: 300000, script: 30000}, unhandledPromptBehavior: dismiss and notify, webauthn:extension:credBlob: true, webauthn:extension:largeBlob: true, webauthn:extension:minPinLength: true, webauthn:extension:prf: true, webauthn:virtualAuthenticators: true}
Session ID: 2e3233add73bdf02534285cf9bd8b9f8
at java.base/jdk.internal.reflect.DirectConstructorHandleAccessor.newInstance(DirectConstructorHandleAccessor.java:67)
at java.base/java.lang.reflect.Constructor.newInstanceWithCaller(Constructor.java:500)
at java.base/java.lang.reflect.Constructor.newInstance(Constructor.java:484)
at org.openqa.selenium.remote.codec.w3c.W3CHttpResponseCodec.createException(W3CHttpResponseCodec.java:200)
at org.openqa.selenium.remote.codec.w3c.W3CHttpResponseCodec.decode(W3CHttpResponseCodec.java:133)
at org.openqa.selenium.remote.codec.w3c.W3CHttpResponseCodec.decode(W3CHttpResponseCodec.java:53)
at org.openqa.selenium.remote.HttpCommandExecutor.execute(HttpCommandExecutor.java:184)
at org.openqa.selenium.remote.service.DriverCommandExecutor.invokeExecute(DriverCommandExecutor.java:164)
at org.openqa.selenium.remote.service.DriverCommandExecutor.execute(DriverCommandExecutor.java:139)
at org.openqa.selenium.remote.RemoteWebDriver.execute(RemoteWebDriver.java:559)
at org.openqa.selenium.remote.ElementLocation$ElementFinder$2.findElement(ElementLocation.java:162)
at org.openqa.selenium.remote.ElementLocation.findElement(ElementLocation.java:60)
at org.openqa.selenium.remote.RemoteWebDriver.findElement(RemoteWebDriver.java:383)
at org.openqa.selenium.remote.RemoteWebDriver.findElement(RemoteWebDriver.java:375)
at org.openqa.selenium.support.pagefactory.DefaultElementLocator.findElement(DefaultElementLocator.java:70)
at org.openqa.selenium.support.pagefactory.internal.LocatingElementHandler.invoke(LocatingElementHandler.java:39)
at jdk.proxy2/jdk.proxy2.$Proxy16.isDisplayed(Unknown Source)
at org.openqa.selenium.support.ui.ExpectedConditions.elementIfVisible(ExpectedConditions.java:307)
at org.openqa.selenium.support.ui.ExpectedConditions.access$000(ExpectedConditions.java:40)
at org.openqa.selenium.support.ui.ExpectedConditions$10.apply(ExpectedConditions.java:293)
at org.openqa.selenium.support.ui.ExpectedConditions$10.apply(ExpectedConditions.java:290)
at org.openqa.selenium.support.ui.ExpectedConditions$23.apply(ExpectedConditions.java:660)
at org.openqa.selenium.support.ui.ExpectedConditions$23.apply(ExpectedConditions.java:656)
at org.openqa.selenium.support.ui.FluentWait.until(FluentWait.java:208)
... 29 more
]]>
    </error>
  </testcase> <!-- L1_create_lead_for_broker_individual -->
  <system-out>
    <![CDATA[<b>Clicked on Leads on Side Menu</b> <br />
<b>Clicked on add lead</b> <br />
<b>Lead is assigned</b> <br />
<b>Added data in General Notes</b> <br />
<b>Customer type - Individual selected</b> <br />
<b>Clicked on Add new vehicle request</b> <br />
<b>Clicked on broker channel</b> <br />
<b>Vehicle request for broker has been saved</b> <br />
<b>Click on Map New Quote icon</b> <br />
<b>Click on acquisition contract type icon</b> <br />
<b>Click on customer contract type icon</b> <br />
<b>Click on search button</b> <br />
<b>Click on created date button 1st </b> <br />
<b>Click on created date button 2nd</b> <br />
<b>Data for given quote no.EAX87490 is not available in the table</b> <br />
<b>Data for given quote no.EAX87490 is not available in the table</b> <br />
<b>Data for given quote no.EAX87490 is not available in the table</b> <br />
<b>Data for given quote no.EAX87490 is not available in the table</b> <br />
<b>Data for given quote no.EAX87490 is not available in the table</b> <br />
<b>Data for given quote no.EAX87490 is not available in the table</b> <br />
<b>Data for given quote no.EAX87490 is not available in the table</b> <br />
<b>Data for given quote no.EAX87490 is not available in the table</b> <br />
<b>Data for given quote no.EAX87490 is not available in the table</b> <br />
<b>Data for given quote no.EAX87490 is not available in the table</b> <br />
<b>Data for given quote no.EAX87490 is not available in the table</b> <br />
<b>Data for given quote no.EAX87490 is not available in the table</b> <br />
<b>Data for given quote no.EAX87490 is not available in the table</b> <br />
<b>Data for given quote no.EAX87490 is not available in the table</b> <br />
<b>Data for given quote no.EAX87490 is not available in the table</b> <br />
<b>Data for given quote no.EAX87490 is not available in the table</b> <br />
<b>Data for given quote no.EAX87490 is not available in the table</b> <br />
<b>Data for given quote no.EAX87490 is not available in the table</b> <br />
<b>Data for given quote no.EAX87490 is not available in the table</b> <br />
<b>Data for given quote no.EAX87490 is not available in the table</b> <br />
<b>Data for given quote no.EAX87490 is not available in the table</b> <br />
<b>Data for given quote no.EAX87490 is not available in the table</b> <br />
<b>Data for given quote no.EAX87490 is not available in the table</b> <br />
<b>Data for given quote no.EAX87490 is not available in the table</b> <br />
<b>Data for given quote no.EAX87490 is not available in the table</b> <br />
<b>Data for given quote no.EAX87490 is not available in the table</b> <br />
<b>Data for given quote no.EAX87490 is not available in the table</b> <br />
<b>Data for given quote no.EAX87490 is not available in the table</b> <br />
<b>Data for given quote no.EAX87490 is not available in the table</b> <br />
<b>Data for given quote no.EAX87490 is not available in the table</b> <br />
<b>Data for given quote no.EAX87490 is not available in the table</b> <br />
<b>Data for given quote no.EAX87490 is not available in the table</b> <br />
<b>Data for given quote no.EAX87490 is not available in the table</b> <br />
<b>Data for given quote no.EAX87490 is not available in the table</b> <br />
<b>Data for given quote no.EAX87490 is not available in the table</b> <br />
<b>Data for given quote no.EAX87490 is not available in the table</b> <br />
<b>Data for given quote no.EAX87490 is not available in the table</b> <br />
<b>Data for given quote no.EAX87490 is not available in the table</b> <br />
<b>Data for given quote no.EAX87490 is not available in the table</b> <br />
<b>Data for given quote no.EAX87490 is not available in the table</b> <br />
<b>Data for given quote no.EAX87490 is not available in the table</b> <br />
<b>Data for given quote no.EAX87490 is not available in the table</b> <br />
<b>Data for given quote no.EAX87490 is not available in the table</b> <br />
<b>Data for given quote no.EAX87490 is not available in the table</b> <br />
<b>Data for given quote no.EAX87490 is not available in the table</b> <br />
<b>Data for given quote no.EAX87490 is not available in the table</b> <br />
<b>Data for given quote no.EAX87490 is not available in the table</b> <br />
<b>Data for given quote no.EAX87490 is not available in the table</b> <br />
<b>Data for given quote no.EAX87490 is not available in the table</b> <br />
<b>Data for given quote no.EAX87490 is not available in the table</b> <br />
<b>Data for given quote no.EAX87490 is not available in the table</b> <br />
<b>Data for given quote no.EAX87490 is not available in the table</b> <br />
<b>Data for given quote no.EAX87490 is not available in the table</b> <br />
<b>Data for given quote no.EAX87490 is not available in the table</b> <br />
<b>Data for given quote no.EAX87490 is not available in the table</b> <br />
<b>Data for given quote no.EAX87490 is not available in the table</b> <br />
<b>Data for given quote no.EAX87490 is not available in the table</b> <br />
<b>Data for given quote no.EAX87490 is not available in the table</b> <br />
<b>Data for given quote no.EAX87490 is not available in the table</b> <br />
<b>Data for given quote no.EAX87490 is not available in the table</b> <br />
<b>Data for given quote no.EAX87490 is not available in the table</b> <br />
<b>Data for given quote no.EAX87490 is not available in the table</b> <br />
<b>Data for given quote no.EAX87490 is not available in the table</b> <br />
<b>Data for given quote no.EAX87490 is not available in the table</b> <br />
<b>Data for given quote no.EAX87490 is not available in the table</b> <br />
<b>Data for given quote no.EAX87490 is not available in the table</b> <br />
<b>Data for given quote no.EAX87490 is not available in the table</b> <br />
<b>Data for given quote no.EAX87490 is not available in the table</b> <br />
<b>Data for given quote no.EAX87490 is not available in the table</b> <br />
<b>Data for given quote no.EAX87490 is not available in the table</b> <br />
<b>Data for given quote no.EAX87490 is not available in the table</b> <br />
<b>Data for given quote no.EAX87490 is not available in the table</b> <br />
<b>Data for given quote no.EAX87490 is not available in the table</b> <br />
<b>Data for given quote no.EAX87490 is not available in the table</b> <br />
<b>Data for given quote no.EAX87490 is not available in the table</b> <br />
<b>Data for given quote no.EAX87490 is not available in the table</b> <br />
<b>Data for given quote no.EAX87490 is not available in the table</b> <br />
<b>Data for given quote no.EAX87490 is not available in the table</b> <br />
<b>Data for given quote no.EAX87490 is not available in the table</b> <br />
<b>Data for given quote no.EAX87490 is not available in the table</b> <br />
<b>Data for given quote no.EAX87490 is not available in the table</b> <br />
<b>Data for given quote no.EAX87490 is not available in the table</b> <br />
<b>Data for given quote no.EAX87490 is not available in the table</b> <br />
<b>Data for given quote no.EAX87490 is not available in the table</b> <br />
<b>Data for given quote no.EAX87490 is not available in the table</b> <br />
<b>Data for given quote no.EAX87490 is not available in the table</b> <br />
<b>Data for given quote no.EAX87490 is not available in the table</b> <br />
<b>Data for given quote no.EAX87490 is not available in the table</b> <br />
<b>Data for given quote no.EAX87490 is not available in the table</b> <br />
<b>Data for given quote no.EAX87490 is not available in the table</b> <br />
<b>Data for given quote no.EAX87490 is not available in the table</b> <br />
<b>Data for given quote no.EAX87490 is not available in the table</b> <br />
<b>Data for given quote no.EAX87490 is not available in the table</b> <br />
<b>Data for given quote no.EAX87490 is not available in the table</b> <br />
<b>Data for given quote no.EAX87490 is not available in the table</b> <br />
<b>Data for given quote no.EAX87490 is not available in the table</b> <br />
<b>Data for given quote no.EAX87490 is not available in the table</b> <br />
<b>Data for given quote no.EAX87490 is not available in the table</b> <br />
<b>Data for given quote no.EAX87490 is not available in the table</b> <br />
<b>Data for given quote no.EAX87490 is not available in the table</b> <br />
<b>Data for given quote no.EAX87490 is not available in the table</b> <br />
<b>Data for given quote no.EAX87490 is not available in the table</b> <br />
<b>Data for given quote no.EAX87490 is not available in the table</b> <br />
<b>Data for given quote no.EAX87490 is not available in the table</b> <br />
<b>Data for given quote no.EAX87490 is not available in the table</b> <br />
<b>Data for given quote no.EAX87490 is not available in the table</b> <br />
<b>Data for given quote no.EAX87490 is not available in the table</b> <br />
<b>Data for given quote no.EAX87490 is not available in the table</b> <br />
<b>Data for given quote no.EAX87490 is not available in the table</b> <br />
<b>Data for given quote no.EAX87490 is not available in the table</b> <br />
<b>Data for given quote no.EAX87490 is not available in the table</b> <br />
<b>Data for given quote no.EAX87490 is not available in the table</b> <br />
<b>Data for given quote no.EAX87490 is not available in the table</b> <br />
<b>Data for given quote no.EAX87490 is not available in the table</b> <br />
<b>Data for given quote no.EAX87490 is not available in the table</b> <br />
<b>Data for given quote no.EAX87490 is not available in the table</b> <br />
<b>Data for given quote no.EAX87490 is not available in the table</b> <br />
<b>Data for given quote no.EAX87490 is not available in the table</b> <br />
<b>Data for given quote no.EAX87490 is not available in the table</b> <br />
<b>Data for given quote no.EAX87490 is not available in the table</b> <br />
<b>Data for given quote no.EAX87490 is not available in the table</b> <br />
<b>Data for given quote no.EAX87490 is not available in the table</b> <br />
<b>Data for given quote no.EAX87490 is not available in the table</b> <br />
<b>Data for given quote no.EAX87490 is not available in the table</b> <br />
<b>Data for given quote no.EAX87490 is not available in the table</b> <br />
<b>Data for given quote no.EAX87490 is not available in the table</b> <br />
<b>Data for given quote no.EAX87490 is not available in the table</b> <br />
<b>Data for given quote no.EAX87490 is not available in the table</b> <br />
<b>Data for given quote no.EAX87490 is not available in the table</b> <br />
<b>Data for given quote no.EAX87490 is not available in the table</b> <br />
<b>Data for given quote no.EAX87490 is not available in the table</b> <br />
<b>Data for given quote no.EAX87490 is not available in the table</b> <br />
<b>Data for given quote no.EAX87490 is not available in the table</b> <br />
<b>Data for given quote no.EAX87490 is not available in the table</b> <br />
<b>Data for given quote no.EAX87490 is not available in the table</b> <br />
<b>Data for given quote no.EAX87490 is not available in the table</b> <br />
<b>Data for given quote no.EAX87490 is not available in the table</b> <br />
<b>Data for given quote no.EAX87490 is not available in the table</b> <br />
<b>Data for given quote no.EAX87490 is not available in the table</b> <br />
<b>Data for given quote no.EAX87490 is not available in the table</b> <br />
<b>Data for given quote no.EAX87490 is not available in the table</b> <br />
<b>Data for given quote no.EAX87490 is not available in the table</b> <br />
<b>Data for given quote no.EAX87490 is not available in the table</b> <br />
<b>Data for given quote no.EAX87490 is not available in the table</b> <br />
<b>Data for given quote no.EAX87490 is not available in the table</b> <br />
<b>Data for given quote no.EAX87490 is not available in the table</b> <br />
<b>Data for given quote no.EAX87490 is not available in the table</b> <br />
<b>Data for given quote no.EAX87490 is not available in the table</b> <br />
<b>Data for given quote no.EAX87490 is not available in the table</b> <br />
<br>----------Screenshot---------<br>
<img src="D:\LOU\AMT_LOU\target\surefire-reports\html\failure_screenshots\L1_create_lead_for_broker_individual_20_06_2023_12_28_18.png" height="800" width="1000">]]>
  </system-out>
</testsuite> <!-- com.amt.test.LOU.LOU_broker_individual_accept_flow_Test -->
