<?xml version="1.0" encoding="UTF-8"?>
<!-- Generated by org.testng.reporters.JUnitReportReporter -->
<testsuite hostname="DSK-4052" failures="0" tests="9" name="com.amt.test.LOU.LOU_ownbook_business_purchase_accept_with_changes_Test" time="306.138" errors="0" timestamp="2023-07-03T18:19:54 IST" skipped="0">
  <testcase classname="com.amt.test.LOU.LOU_ownbook_business_purchase_accept_with_changes_Test" name="L1_create_lead_convert_to_lead_for_ownbook_business_flow" time="93.380"/>
  <system-out>
    <![CDATA[<b>Clicked on Leads on Side Menu</b> <br />
<b>Clicked on add lead</b> <br />
<b>Lead is assigned</b> <br />
<b>Added data in General Notes</b> <br />
<b>Customer type - Business selected</b> <br />
<b>Clicked on Add new vehicle request</b> <br />
<b>Clicked on ownbook channel</b> <br />
<b>Vehicle request for broker has been saved</b> <br />
<b>Click on Map New Quote icon</b> <br />
<b>Click on acquisition contract type icon</b> <br />
<b>Click on customer contract type icon</b> <br />
<b>Click on search button</b> <br />
<b>Click on created date button 1st </b> <br />
<b>Click on created date button 2nd</b> <br />
<b>The given quote YXP74067 is not available in pop up listing</b> <br />
<b>New Quote has been mapped with lead</b> <br />
<b>click ok button on Map  new quote </b> <br />
<b>click on OK button for copy quote </b> <br />
<b></b> <br />
<b>Started Verifying Table values</b> <br />
<b></b> <br />
<b>TYR71921 != YXP74067</b> <br />
<b>Quote no. compared but found not ok</b> <br />
<b></b> <br />
<b>AUDI A7 DIESEL SPORTBACK (2018 - Current) 40 TDI Quattro Black Edition 5dr S Tronic = AUDI A7 DIESEL SPORTBACK (2018 - Current) 40 TDI Quattro Black Edition 5dr S Tronic</b> <br />
<b>Vehicle name compared and found ok</b> <br />
<b></b> <br />
<b>Hire Purchase Non-Regulated = Hire Purchase Non-Regulated</b> <br />
<b>Contract type compared and found ok</b> <br />
<b></b> <br />
<b>1705.42 = 1705.42</b> <br />
<b>Monthly finance rental compared and found ok</b> <br />
<b></b> <br />
<b>10000.0 = 10000.0</b> <br />
<b>Mileage compared and found ok</b> <br />
<b></b> <br />
<b>36.0 = 36.0</b> <br />
<b>Terms compared and found ok</b> <br />
<b></b> <br />
<b>02/08/2023 != 03/08/2023</b> <br />
<b>Expiry date compared but found not ok</b> <br />
<b>Click on Lead save and Convert button</b> <br />
<b></b> <br />
<b>Started Verifying Table values</b> <br />
<b></b> <br />
<b>TYR71921 != YXP74067</b> <br />
<b>Quote no. compared but found not ok</b> <br />
<b></b> <br />
<b>AUDI A7 DIESEL SPORTBACK (2018 - Current) 40 TDI Quattro Black Edition 5dr S Tronic = AUDI A7 DIESEL SPORTBACK (2018 - Current) 40 TDI Quattro Black Edition 5dr S Tronic</b> <br />
<b>Vehicle name compared and found ok</b> <br />
<b></b> <br />
<b>Hire Purchase Non-Regulated = Hire Purchase Non-Regulated</b> <br />
<b>Contract type compared and found ok</b> <br />
<b></b> <br />
<b>1705.42 = 1705.42</b> <br />
<b>Monthly finance rental compared and found ok</b> <br />
<b></b> <br />
<b>10000.0 = 10000.0</b> <br />
<b>Mileage compared and found ok</b> <br />
<b></b> <br />
<b>36.0 = 36.0</b> <br />
<b>Terms compared and found ok</b> <br />
<b></b> <br />
<b>02/08/2023 != 03/08/2023</b> <br />
<b>Expiry date compared but found not ok</b> <br />
<b></b> <br />
<b>In Lead created Opportunity Id is =RM-2727</b> <br />
<b></b> <br />]]>
  </system-out>
  <testcase classname="com.amt.test.LOU.LOU_ownbook_business_purchase_accept_with_changes_Test" name="L2_ownbook_business_current_status_before_sending_to_proposal" time="15.093"/>
  <system-out>
    <![CDATA[<b>Clicked on Opportunity link from Menu </b> <br />
<b>listing_proposal_status is = Proposal Required</b> <br />
<b>Enter the Opportunity id in Search Text box</b> <br />
<b>Current Status of Opportunity Status value is = Open</b> <br />
<b>Current Status of Proposal value is = Proposal Required</b> <br />
<b>Current Status of Channel value is =  Draft</b> <br />
<b>Current Status of  Quote ref is = Draft</b> <br />
<b>Status Verified : Before sending the proposal</b> <br />]]>
  </system-out>
  <testcase classname="com.amt.test.LOU.LOU_ownbook_business_purchase_accept_with_changes_Test" name="L3_verify_table_values_on_opportunity_page_before_sending_proposal" time="4.061"/>
  <system-out>
    <![CDATA[<b></b> <br />
<b>Started Verifying Table values</b> <br />
<b></b> <br />
<b>TYR71921 != YXP74067</b> <br />
<b>Quote no. compared but found not ok</b> <br />
<b></b> <br />
<b>AUDI A7 DIESEL SPORTBACK (2018 - Current) 40 TDI Quattro Black Edition 5dr S Tronic = AUDI A7 DIESEL SPORTBACK (2018 - Current) 40 TDI Quattro Black Edition 5dr S Tronic</b> <br />
<b>Vehicle name compared and found ok</b> <br />
<b></b> <br />
<b>Hire Purchase Non-Regulated = Hire Purchase Non-Regulated</b> <br />
<b>Contract type compared and found ok</b> <br />
<b></b> <br />
<b>1705.42 = 1705.42</b> <br />
<b>Monthly finance rental compared and found ok</b> <br />
<b></b> <br />
<b>10000.0 = 10000.0</b> <br />
<b>Mileage compared and found ok</b> <br />
<b></b> <br />
<b>36.0 = 36.0</b> <br />
<b>Terms compared and found ok</b> <br />
<b></b> <br />
<b>02/08/2023 != 03/08/2023</b> <br />
<b>Expiry date compared but found not ok</b> <br />
<b></b> <br />
<b>Table values verified Successfully</b> <br />]]>
  </system-out>
  <testcase classname="com.amt.test.LOU.LOU_ownbook_business_purchase_accept_with_changes_Test" name="L4_fill_up_the_required_fields_for_sending_a_proposal" time="44.455"/>
  <system-out>
    <![CDATA[<b>click on Proposal icon</b> <br />
<b>Proposal page will display </b> <br />
<b>Send proposal to customer pop up  will open</b> <br />
<b>Click on Manual fill radio button - Yes</b> <br />
<b>Click on manually submit behalf of customer link</b> <br />]]>
  </system-out>
  <testcase classname="com.amt.test.LOU.LOU_ownbook_business_purchase_accept_with_changes_Test" name="L5_ownbook_create_opportunity_business_currentstatus_after_sending_to_proposal" time="0.170"/>
  <system-out>
    <![CDATA[<b>Current Status of Opportunity Status value is = Open</b> <br />
<b>Current Status of Proposal value is = Proposal Received</b> <br />
<b>Current Status of Channel value is =  Draft</b> <br />
<b>Current Status of  Quote ref is = Draft</b> <br />
<b>Status Verified : After sending the proposal</b> <br />]]>
  </system-out>
  <testcase classname="com.amt.test.LOU.LOU_ownbook_business_purchase_accept_with_changes_Test" name="L6_ownbook_sending_contract" time="64.157"/>
  <system-out>
    <![CDATA[<b>click on Send_Contract icon</b> <br />
<b>Contract Sent Successfully</b> <br />]]>
  </system-out>
  <testcase classname="com.amt.test.LOU.LOU_ownbook_business_purchase_accept_with_changes_Test" name="L8_ownbook_signed_contract_status_with_api_call" time="19.728"/>
  <system-out>
    <![CDATA[<b>Status code 200 received </b> <br />
<b>Enter the Opportunity id in Search Text box</b> <br />]]>
  </system-out>
  <testcase classname="com.amt.test.LOU.LOU_ownbook_business_purchase_accept_with_changes_Test" name="L9_ownbook_status_after_contract_signed" time="4.139"/>
  <system-out>
    <![CDATA[<b>Current Status of Proposal value is = Proposal Received</b> <br />
<b>Current Status of Channel value is =  Contract signed</b> <br />
<b>Current Status of  Quote ref is = Contract signed</b> <br />
<b>Status Verified : Contract Signed </b> <br />]]>
  </system-out>
  <testcase classname="com.amt.test.LOU.LOU_ownbook_business_purchase_accept_with_changes_Test" name="UW1_verify_underwriting_flow_ownbook_with_status" time="60.955"/>
  <system-out>
    <![CDATA[<b> Underwriting icon is available </b> <br />
<b>Underwriting pop up -quote ref no => Quote reference no.:
TYR71921</b> <br />
<b>Underwriting Popup Proposal Id is =MEA9820</b> <br />
<b></b> <br />
<b>Started Verifying Summary values</b> <br />
<b></b> <br />
<b>Quote reference no.:
TYR71921 != YXP74067</b> <br />
<b>Quote no. compared but found not ok</b> <br />
<b></b> <br />
<b>AUDI A7 DIESEL SPORTBACK (2018 - Current) 40 TDI Quattro Black Edition 5dr S Tronic = AUDI A7 DIESEL SPORTBACK (2018 - Current) 40 TDI Quattro Black Edition 5dr S Tronic</b> <br />
<b>Vehicle name compared and found ok</b> <br />
<b></b> <br />
<b>Hire Purchase Non-Regulated = Hire Purchase Non-Regulated</b> <br />
<b>Contract type compared and found ok</b> <br />
<b></b> <br />
<b>36.0 = 36.0</b> <br />
<b>Terms compared and found ok</b> <br />
<b></b> <br />
<b>10000.0 = 10000.0</b> <br />
<b>Mileage compared and found ok</b> <br />
<b></b> <br />
<b>57991.67 = 57991.67</b> <br />
<b>Basic Cash Price found OK</b> <br />
<b></b> <br />
<b>11598.33 = 11598.334</b> <br />
<b>VAT found OK</b> <br />
<b></b> <br />
<b>640.0 = 640.0</b> <br />
<b>Non VAT Items Value found OK</b> <br />
<b></b> <br />
<b>70230.0 = 70230.004</b> <br />
<b>Total Cash Price found OK</b> <br />
<b></b> <br />
<b>1000.0 = 1000.0</b> <br />
<b>Order Deposit found OK</b> <br />
<b></b> <br />
<b>1000.0 = 1000.0</b> <br />
<b>Finance Deposit found OK</b> <br />
<b></b> <br />
<b>2000.0 = 2000.0</b> <br />
<b>Total Deposit found OK</b> <br />
<b></b> <br />
<b>500.0 = 500.0</b> <br />
<b>Part Exchange Value - found OK</b> <br />
<b></b> <br />
<b>67730.0 = 67730.004</b> <br />
<b>Balance to Finance found OK</b> <br />
<b></b> <br />
<b>11959.7 != 15546.610657863945</b> <br />
<b>Finance Charges - found wrong</b> <br />
<b></b> <br />
<b>199.99 = 199.99</b> <br />
<b>Document Fee - found OK</b> <br />
<b></b> <br />
<b>79939.69 != 83526.60265786394</b> <br />
<b>Balance Payable - found wrong</b> <br />
<b></b> <br />
<b>10.0 = 10.0</b> <br />
<b>Option To Purchase Fee - found OK</b> <br />
<b></b> <br />
<b>2239.99 = 2239.988</b> <br />
<b>Initial Cash Payment - found OK</b> <br />
<b></b> <br />
<b>35.0 = 35.0</b> <br />
<b>Followed By months - found OK</b> <br />
<b></b> <br />
<b>1705.42 != 1807.9032759389713</b> <br />
<b>Monthly Finance Payment - found wrong</b> <br />
<b></b> <br />
<b>20000.0 = 20000.0</b> <br />
<b>Balloon Value - found OK</b> <br />
<b></b> <br />
<b>20010.0 = 20010.0</b> <br />
<b>Final Payment - found OK</b> <br />
<b></b> <br />
<b>9754.17 = 9754.17</b> <br />
<b>Vehicle Commission - found OK</b> <br />
<b></b> <br />
<b>564.42 = 564.4167</b> <br />
<b>Default Finance Commission - found OK</b> <br />
<b></b> <br />
<b>99.99 = 99.99000000000001</b> <br />
<b>Document Fee Commission - found OK</b> <br />
<b></b> <br />
<b>10418.58 = 10418.5767</b> <br />
<b>Total Commission - found OK</b> <br />
<b>click on underwriting_send_for_underwriting  button </b> <br />]]>
  </system-out>
</testsuite> <!-- com.amt.test.LOU.LOU_ownbook_business_purchase_accept_with_changes_Test -->
