<?xml version="1.0" encoding="UTF-8"?>
<!-- Generated by org.testng.reporters.JUnitReportReporter -->
<testsuite hostname="DSK-969" failures="0" tests="6" name="com.amt.test.Acquisition_Quotes_HPNR_HPNR_with_funder_quote_addition_without_maintenance_Test" time="137.454" errors="0" timestamp="2023-02-15T10:31:18 IST" skipped="0">
  <testcase classname="com.amt.test.Acquisition_Quotes_HPNR_HPNR_with_funder_quote_addition_without_maintenance_Test" name="aquisition_quotes_HPNR_HPNR_OTR_calculation_without_maintenance_test" time="55.701"/>
  <system-out>
    <![CDATA[<b>Clicked on Quote button </b> <br />
<b>Manufacture =AUDI has been selected</b> <br />
<b>Model range =A7 has been selected</b> <br />
<b>Vehicle has been selected</b> <br />
<b>Paint option has been selected</b> <br />
<b>Interior option has been selected</b> <br />
<b> Acquisition Contract type option = Hire Purchase Non regulated (HPNR) has been selected</b> <br />
<b> Customer Contract type option = Hire Purchase Non regulated (HPNR) has been selected</b> <br />
<b>Getting Basic Price- Vehicle value is  =46854.17</b> <br />
<b>Getting Basic Price - Paint  value is  =0.00</b> <br />
<b>Getting  Basic Price - Options value is   =833.33</b> <br />
<b>Getting Discount- Vehicle value is  =0.00</b> <br />
<b>Getting   Discount - Paint value is   =0.00</b> <br />
<b>Getting  Discount- Options value is   =0.00</b> <br />
<b>Getting Additional Discount- Vehicle value is  =0.00</b> <br />
<b>Getting  Additional Discount - paint value is  =0.00</b> <br />
<b>Getting  Additional Discount - Options value is  =0.00</b> <br />
<b>Writing OTR table values to excel sheet -Started </b> <br />
<b>Writing OTR table values to excel sheet -Completed </b> <br />
<b>Reading Subtotal After Discount from excel sheet -Started </b> <br />
<b>Reading Subtotal After Discount from excel sheet -Started </b> <br />
<b>Subtotal After Discount from excel sheet is =47687.5</b> <br />
<b>Subtotal after discount actual value from screen =Â£ 47,687.50</b> <br />]]>
  </system-out>
  <testcase classname="com.amt.test.Acquisition_Quotes_HPNR_HPNR_with_funder_quote_addition_without_maintenance_Test" name="aquisition_quotes_HPNR_HPNR_after_discount_calculations_without_maintenance_test" time="2.802"/>
  <system-out>
    <![CDATA[<b>*********Calculations for On Road Price has been started***********</b> <br />
<b>Started getting On screen values from after discount table </b> <br />
<b>Manufacture_delivery_charges =550.00</b> <br />
<b>Road_tax_first_year =585.00</b> <br />
<b>First_registration_fee =55.00</b> <br />
<b>Rebate =0.00</b> <br />
<b>Writing After discount values to excel has been started</b> <br />
<b>Writing After discount values to excel has been completed</b> <br />
<b>Reading On Road Price for invoice from excel has been Started</b> <br />
<b>Reading On Road Price for invoice from excel has been completed</b> <br />
<b>Expected on the road price from excel is =58525.0</b> <br />
<b>Actual on the road price from screen is =58525.00</b> <br />]]>
  </system-out>
  <testcase classname="com.amt.test.Acquisition_Quotes_HPNR_HPNR_with_funder_quote_addition_without_maintenance_Test" name="aquisition_quotes_HPNR_HPNR_holding_cost_calculations_without_maintenance_test" time="21.136"/>
  <system-out>
    <![CDATA[<b>***********Entered in holding cost page ***********</b> <br />
<b>***********Holding Cost Calculations has been Started*************</b> <br />
<b>Writing Holding Cost Summary values to excel has been completed</b> <br />
<b>Reading Monthly Holding Cost value from excel</b> <br />
<b>Total_monthly_holding_cost_from_screen =500.36</b> <br />
<b>Total_monthly_holding_cost_from_excel =500.3636363636364</b> <br />]]>
  </system-out>
  <testcase classname="com.amt.test.Acquisition_Quotes_HPNR_HPNR_with_funder_quote_addition_without_maintenance_Test" name="aquisition_quotes_HPNR_HPNR_customer_quote_calculations_check_monthly_finance_payment_without_maintenance_test" time="28.742"/>
  <system-out>
    <![CDATA[<b>***********Entered in Customer Quote page ***********</b> <br />
<b>Matrix credit type A1 Credit has been selected</b> <br />
<b>Writing configuration values from property file to Excel for customer quote calculation -started</b> <br />
<b>Writing configuration values from property file to Excel for customer quote calculation -completed</b> <br />
<b>Actual Monthly Finance Payment from screen is 1520.66</b> <br />
<b>Writing screen values to Excel for customer quote calculation -started</b> <br />
<b>Writing screen values to Excel for customer quote calculation -completed</b> <br />
<b>Expected Monthly Finannce Rental from excel is 1520.6572080242688</b> <br />]]>
  </system-out>
  <testcase classname="com.amt.test.Acquisition_Quotes_HPNR_HPNR_with_funder_quote_addition_without_maintenance_Test" name="aquisition_quotes_HPNR_HPNR_quote_summary_values_verification_without_maintenance_test" time="20.508"/>
  <system-out>
    <![CDATA[<b>*************Calculations for Quote Summary page has been started************</b> <br />
<b>Reading values from sceen -Quote Summary Page</b> <br />
<b>Getting values from screen</b> <br />
<b>Quote_summary_cost_otr_price =58,525.00</b> <br />
<b>Quote_summary_total_monthly_holding_cost =500.36</b> <br />
<b>Quote_summary_monthly_finance_rental =1,640.96</b> <br />
<b>Acquisition contract_type =Hire Purchase Non-Regulated</b> <br />
<b>Customer contract_type =Hire Purchase Non-Regulated</b> <br />
<b>Customer Quote generated successfully and Quote_ref_no =TSC55696</b> <br />
<b>Reading values from excel sheet to compare it with quote summary on screen values</b> <br />
<b>Comparing excel values with actual values on screen</b> <br />
<b>OTR price compared</b> <br />
<b>Total monthly holding cost compared</b> <br />
<b>Finance Rental compared</b> <br />]]>
  </system-out>
  <testcase classname="com.amt.test.Acquisition_Quotes_HPNR_HPNR_with_funder_quote_addition_without_maintenance_Test" name="aquisition_quotes_HPNR_HPNR_customer_quote_monthly_finance_payment_after_balloon_payment_off_without_maintenance_test" time="8.565"/>
  <system-out>
    <![CDATA[<b>Monthly Finance Payment verified after making balloon payment toggle button off</b> <br />]]>
  </system-out>
</testsuite> <!-- com.amt.test.Acquisition_Quotes_HPNR_HPNR_with_funder_quote_addition_without_maintenance_Test -->
