<?xml version="1.0" encoding="UTF-8"?>
<!-- Generated by org.testng.reporters.JUnitReportReporter -->
<testsuite hostname="DSK-951" failures="0" tests="1" name="com.amt.test.AcquisitionQuotesBrokerHPRTest" time="126.866" errors="0" timestamp="2022-10-06T10:19:52 IST" skipped="0">
  <testcase classname="com.amt.test.AcquisitionQuotesBrokerHPRTest" name="aquisition_quotes_user_flow_broker_hpr_test" time="126.866"/>
  <system-out>
    <![CDATA[<b>Clicked on Quote button </b> <br />
<b>Vehicle manufacturer and model has been selected</b> <br />
<b>Exterior option has been selected</b> <br />
<b>Interior option has been selected</b> <br />
<b>Contract type option has been selected</b> <br />
<b>Customer quote option has been selected</b> <br />
<b>Customer quote added successfully</b> <br />
<b>Customer quote saved successfully</b> <br />]]>
  </system-out>
</testsuite> <!-- com.amt.test.AcquisitionQuotesBrokerHPRTest -->
