<?xml version="1.0" encoding="UTF-8"?>
<!-- Generated by org.testng.reporters.JUnitReportReporter -->
<testsuite hostname="DSK-951" failures="0" tests="1" name="com.amt.test.AcquisitionQuotesBrokerBCHTest" time="152.322" errors="0" timestamp="2022-10-06T15:41:39 IST" skipped="0">
  <testcase classname="com.amt.test.AcquisitionQuotesBrokerBCHTest" name="aquisition_quotes_user_flow_broker_bch_test" time="152.322"/>
  <system-out>
    <![CDATA[<b>Clicked on Quote button </b> <br />
<b>Vehicle manufacturer and model has been selected</b> <br />
<b>Exterior option has been selected</b> <br />
<b>Interior option has been selected</b> <br />
<b>Contract type option has been selected</b> <br />
<b>Customer quote option has been selected</b> <br />
<b>Customer quote added successfully</b> <br />
<b>Customer quote saved successfully</b> <br />
<b>Quote Refno. Generated successfully</b> <br />
<b>LIM11278</b> <br />]]>
  </system-out>
</testsuite> <!-- com.amt.test.AcquisitionQuotesBrokerBCHTest -->
