<?xml version="1.0" encoding="UTF-8"?>
<!-- Generated by org.testng.reporters.JUnitReportReporter -->
<testsuite hostname="DSK-969" failures="0" tests="5" name="com.amt.test.Acquisition_Quotes_HPNR_HPNR_without_maintenance_ownbook_purchase_lead_opportunity_Test2" time="49.394" errors="1" timestamp="2023-03-06T12:13:20 IST" skipped="4">
  <testcase classname="com.amt.test.Acquisition_Quotes_HPNR_HPNR_without_maintenance_ownbook_purchase_lead_opportunity_Test2" name="aquisition_quotes_HPNR_HPNR_OTR_calculation_without_maintenance_test" time="49.393">
    <error message="org.apache.xmlbeans.XmlException: error: Premature end of file." type="org.apache.poi.ooxml.POIXMLException">
      <![CDATA[org.apache.poi.ooxml.POIXMLException: org.apache.xmlbeans.XmlException: error: Premature end of file.
at org.apache.poi.xssf.usermodel.XSSFWorkbook.onDocumentRead(XSSFWorkbook.java:449)
at org.apache.poi.ooxml.POIXMLDocument.load(POIXMLDocument.java:169)
at org.apache.poi.xssf.usermodel.XSSFWorkbook.<init>(XSSFWorkbook.java:260)
at org.apache.poi.xssf.usermodel.XSSFWorkbook.<init>(XSSFWorkbook.java:290)
at org.apache.poi.xssf.usermodel.XSSFWorkbook.<init>(XSSFWorkbook.java:286)
at com.amt.testUtil.ReadExcelCalculationForPurchaseAgreement.verify_table_calculations_contract_types_page(ReadExcelCalculationForPurchaseAgreement.java:173)
at com.amt.pages.ContractTypesAndOTRPages.ContractTypesAndOTR_HPNR_HPNR_Page.contractTypes_and_OTR_selection_HPNR_HPNR_Ownbook_calculation(ContractTypesAndOTR_HPNR_HPNR_Page.java:135)
at com.amt.test.Acquisition_Quotes_HPNR_HPNR_without_maintenance_ownbook_purchase_lead_opportunity_Test2.aquisition_quotes_HPNR_HPNR_OTR_calculation_without_maintenance_test(Acquisition_Quotes_HPNR_HPNR_without_maintenance_ownbook_purchase_lead_opportunity_Test2.java:53)
at java.base/jdk.internal.reflect.NativeMethodAccessorImpl.invoke0(Native Method)
at java.base/jdk.internal.reflect.NativeMethodAccessorImpl.invoke(NativeMethodAccessorImpl.java:64)
at java.base/jdk.internal.reflect.DelegatingMethodAccessorImpl.invoke(DelegatingMethodAccessorImpl.java:43)
at java.base/java.lang.reflect.Method.invoke(Method.java:564)
at org.testng.internal.MethodInvocationHelper.invokeMethod(MethodInvocationHelper.java:133)
at org.testng.internal.TestInvoker.invokeMethod(TestInvoker.java:598)
at org.testng.internal.TestInvoker.invokeTestMethod(TestInvoker.java:173)
at org.testng.internal.MethodRunner.runInSequence(MethodRunner.java:46)
at org.testng.internal.TestInvoker$MethodInvocationAgent.invoke(TestInvoker.java:824)
at org.testng.internal.TestInvoker.invokeTestMethods(TestInvoker.java:146)
at org.testng.internal.TestMethodWorker.invokeTestMethods(TestMethodWorker.java:146)
at org.testng.internal.TestMethodWorker.run(TestMethodWorker.java:128)
at java.base/java.util.ArrayList.forEach(ArrayList.java:1511)
at org.testng.TestRunner.privateRun(TestRunner.java:794)
at org.testng.TestRunner.run(TestRunner.java:596)
at org.testng.SuiteRunner.runTest(SuiteRunner.java:377)
at org.testng.SuiteRunner.runSequentially(SuiteRunner.java:371)
at org.testng.SuiteRunner.privateRun(SuiteRunner.java:332)
at org.testng.SuiteRunner.run(SuiteRunner.java:276)
at org.testng.SuiteRunnerWorker.runSuite(SuiteRunnerWorker.java:53)
at org.testng.SuiteRunnerWorker.run(SuiteRunnerWorker.java:96)
at org.testng.TestNG.runSuitesSequentially(TestNG.java:1212)
at org.testng.TestNG.runSuitesLocally(TestNG.java:1134)
at org.testng.TestNG.runSuites(TestNG.java:1063)
at org.testng.TestNG.run(TestNG.java:1031)
at org.testng.remote.AbstractRemoteTestNG.run(AbstractRemoteTestNG.java:115)
at org.testng.remote.RemoteTestNG.initAndRun(RemoteTestNG.java:251)
at org.testng.remote.RemoteTestNG.main(RemoteTestNG.java:77)
Caused by: org.apache.xmlbeans.XmlException: error: Premature end of file.
at org.apache.xmlbeans.impl.store.Locale$SaxLoader.load(Locale.java:2553)
at org.apache.xmlbeans.impl.store.Locale.lambda$parseToXmlObject$3(Locale.java:717)
at org.apache.xmlbeans.impl.store.Locale.syncWrap(Locale.java:490)
at org.apache.xmlbeans.impl.store.Locale.parseToXmlObject(Locale.java:716)
at org.apache.xmlbeans.impl.schema.SchemaTypeLoaderBase.parse(SchemaTypeLoaderBase.java:233)
at org.apache.xmlbeans.impl.schema.AbstractDocumentFactory.parse(AbstractDocumentFactory.java:71)
at org.apache.poi.xssf.usermodel.XSSFWorkbook.onDocumentRead(XSSFWorkbook.java:372)
... 35 more
Caused by: org.xml.sax.SAXParseException; systemId: file://; lineNumber: 1; columnNumber: 1; Premature end of file.
at java.xml/com.sun.org.apache.xerces.internal.util.ErrorHandlerWrapper.createSAXParseException(ErrorHandlerWrapper.java:204)
at java.xml/com.sun.org.apache.xerces.internal.util.ErrorHandlerWrapper.fatalError(ErrorHandlerWrapper.java:178)
at java.xml/com.sun.org.apache.xerces.internal.impl.XMLErrorReporter.reportError(XMLErrorReporter.java:400)
at java.xml/com.sun.org.apache.xerces.internal.impl.XMLErrorReporter.reportError(XMLErrorReporter.java:327)
at java.xml/com.sun.org.apache.xerces.internal.impl.XMLScanner.reportFatalError(XMLScanner.java:1471)
at java.xml/com.sun.org.apache.xerces.internal.impl.XMLDocumentScannerImpl$PrologDriver.next(XMLDocumentScannerImpl.java:1013)
at java.xml/com.sun.org.apache.xerces.internal.impl.XMLDocumentScannerImpl.next(XMLDocumentScannerImpl.java:605)
at java.xml/com.sun.org.apache.xerces.internal.impl.XMLNSDocumentScannerImpl.next(XMLNSDocumentScannerImpl.java:112)
at java.xml/com.sun.org.apache.xerces.internal.impl.XMLDocumentFragmentScannerImpl.scanDocument(XMLDocumentFragmentScannerImpl.java:541)
at java.xml/com.sun.org.apache.xerces.internal.parsers.XML11Configuration.parse(XML11Configuration.java:888)
at java.xml/com.sun.org.apache.xerces.internal.parsers.XML11Configuration.parse(XML11Configuration.java:824)
at java.xml/com.sun.org.apache.xerces.internal.parsers.XMLParser.parse(XMLParser.java:141)
at java.xml/com.sun.org.apache.xerces.internal.parsers.AbstractSAXParser.parse(AbstractSAXParser.java:1224)
at java.xml/com.sun.org.apache.xerces.internal.jaxp.SAXParserImpl$JAXPSAXParser.parse(SAXParserImpl.java:635)
at org.apache.xmlbeans.impl.store.Locale$SaxLoader.load(Locale.java:2532)
... 41 more
]]>
    </error>
  </testcase> <!-- aquisition_quotes_HPNR_HPNR_OTR_calculation_without_maintenance_test -->
  <system-out>
    <![CDATA[<b>Clicked on Quote button </b> <br />
<b>Manufacture =AUDI has been selected</b> <br />
<b>Model range =A7 has been selected</b> <br />
<b>Vehicle has been selected</b> <br />
<b>Paint option has been selected</b> <br />
<b>Interior option has been selected</b> <br />
<b> Acquisition Contract type option = Hire Purchase Non regulated (HPNR) has been selected</b> <br />
<b> Customer Contract type option = Hire Purchase Non regulated (HPNR) has been selected</b> <br />
<b>Getting Basic Price- Vehicle value is  =46854.17</b> <br />
<b>Getting Basic Price - Paint  value is  =0.00</b> <br />
<b>Getting  Basic Price - Options value is   =833.33</b> <br />
<b>Getting Discount- Vehicle value is  =40.00</b> <br />
<b>Getting   Discount - Paint value is   =0.00</b> <br />
<b>Getting  Discount- Options value is   =40.00</b> <br />
<b>Getting Additional Discount- Vehicle value is  =40.00</b> <br />
<b>Getting  Additional Discount - paint value is  =0.00</b> <br />
<b>Getting  Additional Discount - Options value is  =70.00</b> <br />
<b>Writing OTR table values to excel sheet -Started </b> <br />
<br>----------Screenshot---------<br>
<img src="D:\newWorkspaceStaging\AutomationStaging\target\surefire-reports\html\failure_screenshots\aquisition_quotes_HPNR_HPNR_OTR_calculation_without_maintenance_test_06_03_2023_12_13_19.png" height="800" width="1000">]]>
  </system-out>
  <testcase classname="com.amt.test.Acquisition_Quotes_HPNR_HPNR_without_maintenance_ownbook_purchase_lead_opportunity_Test2" name="aquisition_quotes_HPNR_HPNR_after_discount_calculations_without_maintenance_test" time="0.000">
    <skipped/>
  </testcase> <!-- aquisition_quotes_HPNR_HPNR_after_discount_calculations_without_maintenance_test -->
  <system-out/>
  <testcase classname="com.amt.test.Acquisition_Quotes_HPNR_HPNR_without_maintenance_ownbook_purchase_lead_opportunity_Test2" name="aquisition_quotes_HPNR_HPNR_holding_cost_calculations_without_maintenance_test" time="0.000">
    <skipped/>
  </testcase> <!-- aquisition_quotes_HPNR_HPNR_holding_cost_calculations_without_maintenance_test -->
  <system-out/>
  <testcase classname="com.amt.test.Acquisition_Quotes_HPNR_HPNR_without_maintenance_ownbook_purchase_lead_opportunity_Test2" name="aquisition_quotes_HPNR_HPNR_customer_quote_calculations_check_monthly_finance_payment_without_maintenance_test" time="0.000">
    <skipped/>
  </testcase> <!-- aquisition_quotes_HPNR_HPNR_customer_quote_calculations_check_monthly_finance_payment_without_maintenance_test -->
  <system-out/>
  <testcase classname="com.amt.test.Acquisition_Quotes_HPNR_HPNR_without_maintenance_ownbook_purchase_lead_opportunity_Test2" name="aquisition_quotes_HPNR_HPNR_quote_summary_values_verification_without_maintenance_test" time="0.001">
    <skipped/>
  </testcase> <!-- aquisition_quotes_HPNR_HPNR_quote_summary_values_verification_without_maintenance_test -->
  <system-out/>
</testsuite> <!-- com.amt.test.Acquisition_Quotes_HPNR_HPNR_without_maintenance_ownbook_purchase_lead_opportunity_Test2 -->
