<?xml version="1.0" encoding="UTF-8"?>
<!-- Generated by org.testng.reporters.JUnitReportReporter -->
<testsuite hostname="DSK-4052" failures="0" tests="6" name="com.amt.test.HPNR.Acquisition_Quotes_HPNR_HPNR_used_car_without_maintenance_Test" time="330.750" errors="0" timestamp="2024-02-09T01:05:31 IST" skipped="0">
  <testcase classname="com.amt.test.HPNR.Acquisition_Quotes_HPNR_HPNR_used_car_without_maintenance_Test" name="aquisition_quotes_OTR_calculation_without_maintenance_test" time="59.438"/>
  <system-out>
    <![CDATA[<b>Clicked on Quote button </b> <br />
<b>Selecting used vehicle with registration no. = GY19XAG and mileage = 15000</b> <br />
<b>Vehicle selected</b> <br />
<b>Paint option has been selected</b> <br />
<b>Interior option has been selected</b> <br />
<b> Acquisition Contract type option = HPNR has been selected</b> <br />
<b> Customer Contract type option = HPNR has been selected</b> <br />
<b>Cost Price ex VAT and RFL from screen is 18000.0</b> <br />
<b>VAT from screen is 3600.0</b> <br />
<b>Cost Price ex VAT and RFL calculated is 18000.0</b> <br />
<b>Cost Price ex VAT and RFL verified and found OK</b> <br />]]>
  </system-out>
  <testcase classname="com.amt.test.HPNR.Acquisition_Quotes_HPNR_HPNR_used_car_without_maintenance_Test" name="aquisition_quotes_holding_cost_calculations_without_maintenance_test" time="29.294"/>
  <system-out>
    <![CDATA[<b>***********Entered in holding cost page ***********</b> <br />
<b>Clicked on holding cost summary</b> <br />
<b></b> <br />
<b>Verifying Holding Cost Based on CAP data</b> <br />
<b>Getting on screen values from Holding Cost Page</b> <br />
<b>Duration(Terms) =24.0</b> <br />
<b>Annual_mileage =12000.0</b> <br />
<b>Cap_residual_value_from_screen =16825.0</b> <br />
<b>Writing Holding Cost Summary values to excel has been started</b> <br />
<b>Writing Holding Cost Summary values to excel has been completed</b> <br />
<b>Reading Monthly Holding Cost value from excel has been started</b> <br />
<b>Reading Monthly Holding Cost value from excel has been completed</b> <br />
<b>Total_monthly_holding_cost_from_screen =317.36</b> <br />
<b>Total_monthly_holding_cost_from_excel =317.36166190685793</b> <br />
<b>Total Monthly Holding Cost based on CAP data is Verified and Found OK</b> <br />]]>
  </system-out>
  <testcase classname="com.amt.test.HPNR.Acquisition_Quotes_HPNR_HPNR_used_car_without_maintenance_Test" name="aquisition_quotes_customer_quote_calculations_check_monthly_finance_payment_without_maintenance_test" time="42.005"/>
  <system-out>
    <![CDATA[<b>***********Entered in Customer Quote page ***********</b> <br />
<b>Matrix credit type A1 Credit has been selected</b> <br />
<b>Writing configuration values from property file to Excel for customer quote calculation -started</b> <br />
<b>Writing configuration values from property file to Excel for customer quote calculation -completed</b> <br />
<b>Actual Monthly Finance Payment from screen is 569.13</b> <br />
<b>Expected Monthly Finannce Rental from excel is 569.1301139252043</b> <br />]]>
  </system-out>
  <testcase classname="com.amt.test.HPNR.Acquisition_Quotes_HPNR_HPNR_used_car_without_maintenance_Test" name="aquisition_quotes_customer_quote_part_exchange_value_edit_check_without_maintenance_test" time="60.445"/>
  <system-out>
    <![CDATA[<b>Clicked on Part Exchange panel</b> <br />
<b></b> <br />
<b>Balance To Finance Expected is 21250.003999999997</b> <br />
<b>Balance To Finance Actual is 21250.0</b> <br />
<b></b> <br />
<b>Monthly Finance Payment Expected is 443.2105905449609</b> <br />
<b>Monthly Finance Payment Actual is 443.21</b> <br />
<b></b> <br />
<b>Monthly Finance Payment verified after editing part exchange values and deposit values</b> <br />]]>
  </system-out>
  <testcase classname="com.amt.test.HPNR.Acquisition_Quotes_HPNR_HPNR_used_car_without_maintenance_Test" name="aquisition_quotes_customer_quote_monthly_finance_payment_after_balloon_payment_off_without_maintenance_test" time="13.101"/>
  <system-out>
    <![CDATA[<b></b> <br />
<b>Monthly Finance Payment Expected (with balloon payment toggle button off) is 1031.8565382046208</b> <br />
<b>Monthly Finance Payment Actual (with balloon payment toggle button off) is 1031.86</b> <br />
<b></b> <br />
<b>Monthly Finance Payment verified after making balloon payment toggle button off</b> <br />]]>
  </system-out>
  <testcase classname="com.amt.test.HPNR.Acquisition_Quotes_HPNR_HPNR_used_car_without_maintenance_Test" name="aquisition_quotes_quote_summary_values_verification_without_maintenance_test" time="126.467"/>
  <system-out>
    <![CDATA[<b>*********Customer Quote generated successfully and Quote_ref_no is=UCP11583</b> <br />
<b>*************OTR Calulation on quote summary page has been started************</b> <br />
<b>Reading values from OTR calculation -Quote Summary Page</b> <br />
<b>Cost otr price from screen is 21600.0</b> <br />
<b>Cost price ex vat and rfl from screen is 18000.0</b> <br />
<b>Otr Vat from screen is 3600.0</b> <br />
<b>Cost otr price from excel is 21600.0</b> <br />
<b>Cost price ex vat and rfl from excel is 18000.0</b> <br />
<b>Otr Vat from excel is 3600.0</b> <br />
<b>OTR price compared</b> <br />
<b>Cost price ex vat and rfl compared</b> <br />
<b>VAT compared</b> <br />
<b>*************Holding Cost Calulation on quote summary page has been started************</b> <br />
<b>Reading values from Holding Cost summary -Quote Summary Page</b> <br />
<b></b> <br />
<b>Holding cost Terms from screen24.0</b> <br />
<b>Holding cost miles per annum from screen is 12000.0</b> <br />
<b>Holding cost monthly finance cost from screen is 317.36</b> <br />
<b>Holding cost total monthly holding cost from screen is 317.36</b> <br />
<b></b> <br />
<b>Holding cost Terms from excel is 24.0</b> <br />
<b>Holding cost miles per annum from excel is 12000.0</b> <br />
<b>Holding cost monthly finance cost from excel is 317.36166190685793</b> <br />
<b>Holding cost total monthly holding cost from excel is 317.36166190685793</b> <br />
<b>terms compared</b> <br />
<b>Miles per annum compared</b> <br />
<b>Finance cost compared</b> <br />
<b>Total Monthly Holding Cost compared</b> <br />
<b>*************Customer Quote Calulation on quote summary page has been started************</b> <br />
<b>Terms found OK</b> <br />
<b>miles found OK</b> <br />
<b>Basic Cash Price found OK</b> <br />
<b>VAT found OK</b> <br />
<b>Non VAT Items Value found OK</b> <br />
<b>Total Cash Price found OK</b> <br />
<b>Order Deposit found OK</b> <br />
<b>Finance Deposit found OK</b> <br />
<b>Total Deposit found OK</b> <br />
<b>Part Exchange Value - found OK</b> <br />
<b>Balance to Finance found OK</b> <br />
<b>Finance Charges - found OK</b> <br />
<b>Document Fee - found OK</b> <br />
<b>Balance Payable - found OK</b> <br />
<b>Option To Purchase Fee - found OK</b> <br />
<b>Initial Cash Payment - found OK</b> <br />
<b>Followed By months - found OK</b> <br />
<b>Monthly Finance Payment - found OK</b> <br />
<b>Balloon Value - found OK</b> <br />
<b>Final Payment - found OK</b> <br />
<b>Vehicle Commission - found OK</b> <br />
<b>Default Finance Commission - found OK</b> <br />
<b>Document Fee Commission - found OK</b> <br />
<b>Total Commission - found OK</b> <br />
<b>*************Configuration Values Verification on quote summary page has been started************</b> <br />
<b>Base Interest Rate found OK</b> <br />
<b>Finance Margin found OK</b> <br />
<b>Deductions found OK</b> <br />
<b>Additional Margin found OK</b> <br />
<b>Total Margin found OK</b> <br />
<b>Default Broker Margin percentage found OK</b> <br />
<b>Customer Interest Rate found OK</b> <br />
<b>Document Fee Margin found OK</b> <br />
<b>Default Broker Margin found OK</b> <br />
<b>*************Editing and Verifying Configuration Values on quote summary page has been started************</b> <br />
<b>Base Interest Rate changed to 7.0 %</b> <br />
<b>Holding Cost after changing Base Int. Rate -  found OK</b> <br />
<b>Monthly Finance Rental after changing Base Int. Rate -  found OK</b> <br />
<b>Finance Charges - found OK</b> <br />
<b>Balance Payable - found OK</b> <br />
<b>*************Editing Customer Rate Over Base and Verifying Values on quote summary page has been started************</b> <br />
<b>Customer Base Over Rate changed to 5.0 %</b> <br />
<b>Monthly Finance Rental after changing Customer Base Over Rate -  found OK</b> <br />
<b>Finance Charges - found OK</b> <br />
<b>Balance Payable - found OK</b> <br />
<b>*************Calculations for Quote Summary page gas been started************</b> <br />
<b>Reading values from OTR calculation -Quote Summary Page</b> <br />
<b>Writing completed for some of the important required values to quote save excel sheet in the sheet HPNRHPNRQuoteNo</b> <br />]]>
  </system-out>
</testsuite> <!-- com.amt.test.HPNR.Acquisition_Quotes_HPNR_HPNR_used_car_without_maintenance_Test -->
