<?xml version="1.0" encoding="UTF-8"?>
<!-- Generated by org.testng.reporters.JUnitReportReporter -->
<testsuite hostname="DSK-951" failures="1" tests="7" name="com.amt.test.Acquisition_Quotes_Outright_PCP_with_maintenance_Test" time="250.192" errors="0" timestamp="2022-12-02T10:27:15 IST" skipped="0">
  <testcase classname="com.amt.test.Acquisition_Quotes_Outright_PCP_with_maintenance_Test" name="aquisition_quotes_outright_PCP_OTR_calculation_with_maintenance_test" time="79.993"/>
  <system-out>
    <![CDATA[<b>Clicked on Quote button </b> <br />
<b>Manufacture =AUDI has been selected</b> <br />
<b>Model range =A7 has been selected</b> <br />
<b>Vehicle has been selected</b> <br />
<b>Paint option has been selected</b> <br />
<b>Interior option has been selected</b> <br />
<b> Acquisition Contract type option = Outright has been selected</b> <br />
<b> Customer Contract type option = Personal Contract Purchase (PCP) has been selected</b> <br />
<b>Getting Basic Price- Vehicle value is  =46854.17</b> <br />
<b>Getting Basic Price - Paint  value is  =0.00</b> <br />
<b>Getting  Basic Price - Options value is   =833.33</b> <br />
<b>Getting Discount- Vehicle value is  =0.00</b> <br />
<b>Getting   Discount - Paint value is   =0.00</b> <br />
<b>Getting  Discount- Options value is   =0.00</b> <br />
<b>Getting Additional Discount- Vehicle value is  =0.00</b> <br />
<b>Getting  Additional Discount - paint value is  =0.00</b> <br />
<b>Getting  Additional Discount - Options value is  =0.00</b> <br />
<b>Writing OTR table values to excel sheet -Started </b> <br />
<b>Writing OTR table values to excel sheet -Completed </b> <br />
<b>Reading Subtotal After Discount from excel sheet -Started </b> <br />
<b>Reading Subtotal After Discount from excel sheet -Started </b> <br />
<b>Subtotal After Discount from excel sheet is =47687.5</b> <br />
<b>Subtotal after discount actual value from screen =Â£ 47,687.50</b> <br />]]>
  </system-out>
  <testcase classname="com.amt.test.Acquisition_Quotes_Outright_PCP_with_maintenance_Test" name="aquisition_quotes_outright_PCP_after_discount_calculations_with_maintenance_test" time="1.498"/>
  <system-out>
    <![CDATA[<b>*********Calculations for On Road Price has been started***********</b> <br />
<b>Started getting On screen values from after discount table </b> <br />
<b>Manufacture_delivery_charges =550.00</b> <br />
<b>Road_tax_first_year =585.00</b> <br />
<b>First_registration_fee =55.00</b> <br />
<b>Rebate =0.00</b> <br />
<b>Writing After discount values to excel has been started</b> <br />
<b>Writing After discount values to excel has been completed</b> <br />
<b>Reading On Road Price for invoice from excel has been Started</b> <br />
<b>Reading On Road Price for invoice from excel has been completed</b> <br />
<b>Expected on the road price from excel is =58525.0</b> <br />
<b>Actual on the road price from screen is =58525.00</b> <br />]]>
  </system-out>
  <testcase classname="com.amt.test.Acquisition_Quotes_Outright_PCP_with_maintenance_Test" name="aquisition_quotes_outright_PCP_holding_cost_calculations_with_maintenance_test" time="8.544"/>
  <system-out>
    <![CDATA[<b>***********Entered in holding cost page ***********</b> <br />
<b>Clicked on holding cost summary</b> <br />
<b>Clicked on holding_cost_maintenance_toggle_button</b> <br />
<b>***********Holding Cost Calculations has been Started*************</b> <br />
<b>Getting on screen values from Holding Cost Page</b> <br />
<b>Duration(Terms) =36.0</b> <br />
<b>Annual_mileage =10000.0</b> <br />
<b>Cap_residual_value =27500.0</b> <br />
<b>Writing Holding Cost Summary values to excel has been started</b> <br />
<b>Writing Holding Cost Summary values to excel has been completed</b> <br />
<b>Reading Monthly Holding Cost value from excel has been started</b> <br />
<b>Reading Monthly Holding Cost value from excel has been completed</b> <br />
<b>Total_monthly_holding_cost_from_screen =951.53</b> <br />
<b>Total_monthly_holding_cost_from_excel =951.5319756721427</b> <br />]]>
  </system-out>
  <testcase classname="com.amt.test.Acquisition_Quotes_Outright_PCP_with_maintenance_Test" name="aquisition_quotes_outright_PCP_customer_quote_calculations_check_monthly_finance_payment_with_maintenance_test" time="48.746"/>
  <system-out>
    <![CDATA[<b>***********Entered in Customer Quote page ***********</b> <br />
<b>Matrix credit type A1 Credit has been selected</b> <br />
<b>Writing configuration values from property file to Excel for customer quote calculation -started</b> <br />
<b>Writing configuration values from property file to Excel for customer quote calculation -completed</b> <br />
<b>Actual Monthly total Payment from screen is 1261.14</b> <br />
<b>Writing screen values to Excel for customer quote calculation -started</b> <br />
<b>Writing screen values to Excel for customer quote calculation -completed</b> <br />
<b>Expected Monthly Total Rental from excel is 1261.1393339603428</b> <br />]]>
  </system-out>
  <testcase classname="com.amt.test.Acquisition_Quotes_Outright_PCP_with_maintenance_Test" name="aquisition_quotes_outright_PCP_customer_quote_vehicle_profit_edit_check_with_maintenance_test" time="13.559"/>
  <system-out>
    <![CDATA[<b>Monthly Total Payment verified after editing vehicle profit</b> <br />]]>
  </system-out>
  <testcase classname="com.amt.test.Acquisition_Quotes_Outright_PCP_with_maintenance_Test" name="aquisition_quotes_outright_PCP_customer_quote_part_exchange_value_edit_check_with_maintenance_test" time="63.413"/>
  <system-out>
    <![CDATA[<b>Monthly total Payment verified after editing part exchange values and deposit values</b> <br />]]>
  </system-out>
  <testcase classname="com.amt.test.Acquisition_Quotes_Outright_PCP_with_maintenance_Test" name="aquisition_quotes_outright_PCP_quote_summary_values_verification_with_maintenance_test" time="34.439">
    <failure message="expected [true] but found [false]" type="java.lang.AssertionError">
      <![CDATA[java.lang.AssertionError: expected [true] but found [false]
at org.testng.Assert.fail(Assert.java:99)
at org.testng.Assert.failNotEquals(Assert.java:1037)
at org.testng.Assert.assertTrue(Assert.java:45)
at org.testng.Assert.assertTrue(Assert.java:55)
at com.amt.test.Acquisition_Quotes_Outright_PCP_with_maintenance_Test.aquisition_quotes_outright_PCP_quote_summary_values_verification_with_maintenance_test(Acquisition_Quotes_Outright_PCP_with_maintenance_Test.java:168)
at java.base/jdk.internal.reflect.NativeMethodAccessorImpl.invoke0(Native Method)
at java.base/jdk.internal.reflect.NativeMethodAccessorImpl.invoke(NativeMethodAccessorImpl.java:77)
at java.base/jdk.internal.reflect.DelegatingMethodAccessorImpl.invoke(DelegatingMethodAccessorImpl.java:43)
at java.base/java.lang.reflect.Method.invoke(Method.java:568)
at org.testng.internal.MethodInvocationHelper.invokeMethod(MethodInvocationHelper.java:133)
at org.testng.internal.TestInvoker.invokeMethod(TestInvoker.java:598)
at org.testng.internal.TestInvoker.invokeTestMethod(TestInvoker.java:173)
at org.testng.internal.MethodRunner.runInSequence(MethodRunner.java:46)
at org.testng.internal.TestInvoker$MethodInvocationAgent.invoke(TestInvoker.java:824)
at org.testng.internal.TestInvoker.invokeTestMethods(TestInvoker.java:146)
at org.testng.internal.TestMethodWorker.invokeTestMethods(TestMethodWorker.java:146)
at org.testng.internal.TestMethodWorker.run(TestMethodWorker.java:128)
at java.base/java.util.ArrayList.forEach(ArrayList.java:1511)
at org.testng.TestRunner.privateRun(TestRunner.java:794)
at org.testng.TestRunner.run(TestRunner.java:596)
at org.testng.SuiteRunner.runTest(SuiteRunner.java:377)
at org.testng.SuiteRunner.runSequentially(SuiteRunner.java:371)
at org.testng.SuiteRunner.privateRun(SuiteRunner.java:332)
at org.testng.SuiteRunner.run(SuiteRunner.java:276)
at org.testng.SuiteRunnerWorker.runSuite(SuiteRunnerWorker.java:53)
at org.testng.SuiteRunnerWorker.run(SuiteRunnerWorker.java:96)
at org.testng.TestNG.runSuitesSequentially(TestNG.java:1212)
at org.testng.TestNG.runSuitesLocally(TestNG.java:1134)
at org.testng.TestNG.runSuites(TestNG.java:1063)
at org.testng.TestNG.run(TestNG.java:1031)
at org.testng.remote.AbstractRemoteTestNG.run(AbstractRemoteTestNG.java:115)
at org.testng.remote.RemoteTestNG.initAndRun(RemoteTestNG.java:251)
at org.testng.remote.RemoteTestNG.main(RemoteTestNG.java:77)
]]>
    </failure>
  </testcase> <!-- aquisition_quotes_outright_PCP_quote_summary_values_verification_with_maintenance_test -->
  <system-out>
    <![CDATA[<b>*************Calculations for Quote Summary page gas been started************</b> <br />
<b>Reading values from sceen -Quote Summary Page</b> <br />
<b>Getting values from screen</b> <br />
<b>Quote_summary_cost_otr_price =58,525.00</b> <br />
<b>Quote_summary_total_monthly_holding_cost =951.53</b> <br />
<b>Quote_summary_monthly_finance_rental =1,228.52</b> <br />
<b>Quote_summary_monthly_maintenance_rental =42.38</b> <br />
<b>Quote_summary_monthly_total_rental =1,270.90</b> <br />
<b>Acquisition contract_type =Outright Purchase</b> <br />
<b>Customer contract_type =Personal Contract Purchase</b> <br />
<b>Customer Quote generated successfully and Quote_ref_no =IDI98187</b> <br />
<b>Reading values from excel sheet to compare it with quote summary on screen values</b> <br />
<b>Comparing excel values with actual values on screen</b> <br />
<b>Total monthly holding cost compared</b> <br />
<br>----------Screenshot---------<br>
<img src="D:\newWorkspaceStaging\AutomationStaging\target\surefire-reports\html\failure_screenshots\aquisition_quotes_outright_PCP_quote_summary_values_verification_with_maintenance_test_02_12_2022_10_27_14.png" height="800" width="1000">]]>
  </system-out>
</testsuite> <!-- com.amt.test.Acquisition_Quotes_Outright_PCP_with_maintenance_Test -->
