<?xml version="1.0" encoding="UTF-8"?>
<!-- Generated by org.testng.reporters.JUnitReportReporter -->
<testsuite hostname="DSK-4052" failures="1" tests="5" name="com.amt.test.HPNR.Acquisition_Quotes_HPNR_BCH_used_car_without_maintenance_Test" time="142.101" errors="0" timestamp="2024-06-18T23:06:38 IST" skipped="1">
  <testcase classname="com.amt.test.HPNR.Acquisition_Quotes_HPNR_BCH_used_car_without_maintenance_Test" name="aquisition_quotes_used_car_OTR_calculation_without_maintenance_test" time="73.274"/>
  <system-out>
    <![CDATA[<b>Clicked on Quote button </b> <br />
<b>Selecting used vehicle with registration no. = GY19XAG and mileage = 15000</b> <br />
<b>Vehicle selected</b> <br />
<b>Paint option has been selected</b> <br />
<b>Interior option has been selected</b> <br />
<b> Acquisition Contract type option = HPNR has been selected</b> <br />
<b> Customer Contract type option = Business Contract Hire(BCH) has been selected</b> <br />
<b>Cost Price ex VAT and RFL from screen is 18875.0</b> <br />
<b>VAT from screen is 3775.0</b> <br />
<b>Cost Price ex VAT and RFL calculated is 18875.0</b> <br />
<b>Cost Price ex VAT and RFL verified and found OK</b> <br />]]>
  </system-out>
  <testcase classname="com.amt.test.HPNR.Acquisition_Quotes_HPNR_BCH_used_car_without_maintenance_Test" name="aquisition_quotes_used_car_edit_cost_price_and_check_OTR_without_maintenance_test" time="0.000"/>
  <system-out/>
  <testcase classname="com.amt.test.HPNR.Acquisition_Quotes_HPNR_BCH_used_car_without_maintenance_Test" name="aquisition_quotes_used_car_holding_cost_calculations_without_maintenance_test" time="22.793"/>
  <system-out>
    <![CDATA[<b>***********Entered in holding cost page ***********</b> <br />
<b>Clicked on holding cost summary</b> <br />
<b></b> <br />
<b>Verifying Holding Cost Based on CAP data</b> <br />
<b>Getting on screen values from Holding Cost Page</b> <br />
<b>Duration(Terms) =36.0</b> <br />
<b>Annual_mileage =10000.0</b> <br />
<b>Cap_residual_value_from_screen =14075.0</b> <br />
<b>Writing Holding Cost Summary values to excel has been started</b> <br />
<b>Writing Holding Cost Summary values to excel has been completed</b> <br />
<b>Reading Monthly Holding Cost value from excel has been started</b> <br />
<b>Reading Monthly Holding Cost value from excel has been completed</b> <br />
<b>Total_monthly_holding_cost_from_screen =284.14</b> <br />
<b>Total_monthly_holding_cost_from_excel =284.1401015663657</b> <br />
<b>Total Monthly Holding Cost based on CAP data is Verified and Found OK</b> <br />]]>
  </system-out>
  <testcase classname="com.amt.test.HPNR.Acquisition_Quotes_HPNR_BCH_used_car_without_maintenance_Test" name="aquisition_quotes_customer_quote_payment_profile_calculations_without_maintenance_test" time="46.034">
    <failure message="expected [true] but found [false]" type="java.lang.AssertionError">
      <![CDATA[java.lang.AssertionError: expected [true] but found [false]
at org.testng.Assert.fail(Assert.java:99)
at org.testng.Assert.failNotEquals(Assert.java:1037)
at org.testng.Assert.assertTrue(Assert.java:45)
at org.testng.Assert.assertTrue(Assert.java:55)
at com.amt.test.HPNR.Acquisition_Quotes_HPNR_BCH_used_car_without_maintenance_Test.aquisition_quotes_customer_quote_payment_profile_calculations_without_maintenance_test(Acquisition_Quotes_HPNR_BCH_used_car_without_maintenance_Test.java:157)
at java.base/jdk.internal.reflect.DirectMethodHandleAccessor.invoke(DirectMethodHandleAccessor.java:104)
at java.base/java.lang.reflect.Method.invoke(Method.java:578)
at org.testng.internal.MethodInvocationHelper.invokeMethod(MethodInvocationHelper.java:133)
at org.testng.internal.TestInvoker.invokeMethod(TestInvoker.java:598)
at org.testng.internal.TestInvoker.invokeTestMethod(TestInvoker.java:173)
at org.testng.internal.MethodRunner.runInSequence(MethodRunner.java:46)
at org.testng.internal.TestInvoker$MethodInvocationAgent.invoke(TestInvoker.java:824)
at org.testng.internal.TestInvoker.invokeTestMethods(TestInvoker.java:146)
at org.testng.internal.TestMethodWorker.invokeTestMethods(TestMethodWorker.java:146)
at org.testng.internal.TestMethodWorker.run(TestMethodWorker.java:128)
at java.base/java.util.ArrayList.forEach(ArrayList.java:1511)
at org.testng.TestRunner.privateRun(TestRunner.java:794)
at org.testng.TestRunner.run(TestRunner.java:596)
at org.testng.SuiteRunner.runTest(SuiteRunner.java:377)
at org.testng.SuiteRunner.runSequentially(SuiteRunner.java:371)
at org.testng.SuiteRunner.privateRun(SuiteRunner.java:332)
at org.testng.SuiteRunner.run(SuiteRunner.java:276)
at org.testng.SuiteRunnerWorker.runSuite(SuiteRunnerWorker.java:53)
at org.testng.SuiteRunnerWorker.run(SuiteRunnerWorker.java:96)
at org.testng.TestNG.runSuitesSequentially(TestNG.java:1212)
at org.testng.TestNG.runSuitesSequentially(TestNG.java:1207)
at org.testng.TestNG.runSuitesLocally(TestNG.java:1134)
at org.testng.TestNG.runSuites(TestNG.java:1063)
at org.testng.TestNG.run(TestNG.java:1031)
at org.testng.remote.AbstractRemoteTestNG.run(AbstractRemoteTestNG.java:115)
at org.testng.remote.RemoteTestNG.initAndRun(RemoteTestNG.java:251)
at org.testng.remote.RemoteTestNG.main(RemoteTestNG.java:77)
]]>
    </failure>
  </testcase> <!-- aquisition_quotes_customer_quote_payment_profile_calculations_without_maintenance_test -->
  <system-out>
    <![CDATA[<b>Writing configuration values from property file to Excel for customer quote calculation -started</b> <br />
<b>Writing configuration values from property file to Excel for customer quote calculation -completed</b> <br />
<b>************Calculations for Customer Quote Page has been started***********</b> <br />
<b>Payment Profile Monthly in Advance option has been selected</b> <br />
<b>Writing values to Excel for customer quote calculation -started</b> <br />
<b>Writing values to Excel for customer quote calculation -completed</b> <br />
<b>Reading  Monthly Finance Rental from  Excel   -started</b> <br />
<b>Reading  Monthly Finance Rental from  Excel   -completed</b> <br />
<b>Monthly Finance Rental from Excel is =389.27108983206665</b> <br />
<b>Monthly Finance Rental from screen is 389.27</b> <br />
<b>Monthly Finance Rental from screen (after submitting upsell values) is 401.72</b> <br />
<b>Writing upsell values to excel</b> <br />
<b>Monthly Finance Rental from Excel (after submitting upsell values) is 401.7213510385472</b> <br />
<b>Monthly finance (after submitting upsell values) is found OK</b> <br />
<b>Entering the deposit values in the part Exchange Section</b> <br />
<b>Monthly Finance Rental from screen (with part exchange values) is 401.72</b> <br />
<b>Writing part exchange values to excel</b> <br />
<b>Monthly Finance Rental from Excel (with part exchange values) is 401.7213510385472</b> <br />
<b>Monthly finance rental (with part exchange values) is found OK</b> <br />
<b></b> <br />
<b>Balance Due value started verifying</b> <br />
<b>Balance due value Actual from screen is 1000.0</b> <br />
<b></b> <br />
<b>Balance due value Expected from Excel is 1239.988</b> <br />
<b></b> <br />
<b>Balance due value (with part exchange values) found wrong</b> <br />
<br>----------Screenshot---------<br>
<img src="D:\LOU\AMT_LOU\target\surefire-reports\html\failure_screenshots\aquisition_quotes_customer_quote_payment_profile_calculations_without_maintenance_test_18_06_2024_10_41_19.png" height="800" width="1000">]]>
  </system-out>
  <testcase classname="com.amt.test.HPNR.Acquisition_Quotes_HPNR_BCH_used_car_without_maintenance_Test" name="aquisition_quotes_quote_summary_values_verification_without_maintenance_test" time="0.000">
    <skipped/>
  </testcase> <!-- aquisition_quotes_quote_summary_values_verification_without_maintenance_test -->
  <system-out/>
</testsuite> <!-- com.amt.test.HPNR.Acquisition_Quotes_HPNR_BCH_used_car_without_maintenance_Test -->
