<?xml version="1.0" encoding="UTF-8"?>
<!-- Generated by org.testng.reporters.JUnitReportReporter -->
<testsuite hostname="DSK-951" failures="0" tests="1" name="com.amt.test.AcquisitionQuotesOutrightOutrightTest" time="83.974" errors="0" timestamp="2022-10-06T11:29:51 IST" skipped="0">
  <testcase classname="com.amt.test.AcquisitionQuotesOutrightOutrightTest" name="aquisition_quotes_user_outright_outright_test" time="83.974"/>
  <system-out>
    <![CDATA[<b>Clicked on Quote button </b> <br />
<b>Vehicle manufacturer and model has been selected</b> <br />
<b>Exterior option has been selected</b> <br />
<b>Interior option has been selected</b> <br />
<b>Contract type option has been selected</b> <br />
<b>Customer quote saved successfully</b> <br />]]>
  </system-out>
</testsuite> <!-- com.amt.test.AcquisitionQuotesOutrightOutrightTest -->
