<?xml version="1.0" encoding="UTF-8"?>
<!-- Generated by org.testng.reporters.JUnitReportReporter -->
<testsuite hostname="DSK-4052" failures="0" tests="1" name="com.amt.test.LOU.LOU_broker_individual_hire_accept_flow_Test" time="105.144" errors="0" timestamp="2023-08-17T17:31:30 IST" skipped="0">
  <testcase classname="com.amt.test.LOU.LOU_broker_individual_hire_accept_flow_Test" name="L1_create_lead_for_broker_individual" time="105.144"/>
  <system-out>
    <![CDATA[<b>Clicked on Leads on Side Menu</b> <br />
<b>Clicked on add lead</b> <br />
<b>Lead is assigned</b> <br />
<b>Added data in General Notes</b> <br />
<b>Customer type - Individual selected</b> <br />
<b>Clicked on Add new vehicle request</b> <br />
<b>Clicked on broker channel</b> <br />
<b>Vehicle request for broker has been saved</b> <br />
<b>Click on Map New Quote icon</b> <br />
<b>Click on acquisition contract type icon</b> <br />
<b>Click on customer contract type icon</b> <br />
<b>Click on search button</b> <br />
<b>Click on created date button 1st </b> <br />
<b>Click on created date button 2nd</b> <br />
<b>New Quote has been mapped with lead</b> <br />
<b>click ok button on Map  new quote </b> <br />
<b>click on OK button for copy quote </b> <br />
<b></b> <br />
<b>Started Verifying Table values</b> <br />
<b></b> <br />
<b>UTD52932 != DDG87226</b> <br />
<b>Quote no. compared but found not ok</b> <br />
<b></b> <br />
<b>AUDI A7 DIESEL SPORTBACK (2018 - Current) 40 TDI Quattro Black Edition 5dr S Tronic = AUDI A7 DIESEL SPORTBACK (2018 - Current) 40 TDI Quattro Black Edition 5dr S Tronic</b> <br />
<b>Vehicle name compared and found ok</b> <br />
<b></b> <br />
<b>Personal Contract Hire = Personal Contract Hire</b> <br />
<b>Contract type compared and found ok</b> <br />
<b></b> <br />
<b>2000.0 = 2000.0</b> <br />
<b>Monthly finance rental compared and found ok</b> <br />
<b></b> <br />
<b>5000.0 = 5000.0</b> <br />
<b>Mileage compared and found ok</b> <br />
<b></b> <br />
<b>13.0 = 13.0</b> <br />
<b>Terms compared and found ok</b> <br />
<b></b> <br />
<b>04/12/2023 = 04/12/2023</b> <br />
<b>Expiry date compared and found ok</b> <br />
<b>Click on Lead save and Convert button</b> <br />
<b></b> <br />
<b>Started Verifying Table values</b> <br />
<b></b> <br />
<b>UTD52932 != DDG87226</b> <br />
<b>Quote no. compared but found not ok</b> <br />
<b></b> <br />
<b>AUDI A7 DIESEL SPORTBACK (2018 - Current) 40 TDI Quattro Black Edition 5dr S Tronic = AUDI A7 DIESEL SPORTBACK (2018 - Current) 40 TDI Quattro Black Edition 5dr S Tronic</b> <br />
<b>Vehicle name compared and found ok</b> <br />
<b></b> <br />
<b>Personal Contract Hire = Personal Contract Hire</b> <br />
<b>Contract type compared and found ok</b> <br />
<b></b> <br />
<b>2000.0 = 2000.0</b> <br />
<b>Monthly finance rental compared and found ok</b> <br />
<b></b> <br />
<b>5000.0 = 5000.0</b> <br />
<b>Mileage compared and found ok</b> <br />
<b></b> <br />
<b>13.0 = 13.0</b> <br />
<b>Terms compared and found ok</b> <br />
<b></b> <br />
<b>04/12/2023 = 04/12/2023</b> <br />
<b>Expiry date compared and found ok</b> <br />
<b></b> <br />
<b>In Lead created Opportunity Id is =FT-5525</b> <br />
<b></b> <br />]]>
  </system-out>
</testsuite> <!-- com.amt.test.LOU.LOU_broker_individual_hire_accept_flow_Test -->
