<?xml version="1.0" encoding="UTF-8"?>
<!-- Generated by org.testng.reporters.JUnitReportReporter -->
<testsuite hostname="DSK-4052" failures="0" tests="3" name="com.amt.test.broker.Acquisition_Quotes_Broker_BCH_used_car_without_maintenance_Test" time="127.568" errors="0" timestamp="2024-02-09T01:05:31 IST" skipped="0">
  <testcase classname="com.amt.test.broker.Acquisition_Quotes_Broker_BCH_used_car_without_maintenance_Test" name="aquisition_quotes_user_flow_broker_bch_OTR_calculation_without_maintenance_test" time="75.073"/>
  <system-out>
    <![CDATA[<b>Clicked on Quote button </b> <br />
<b>Selecting used vehicle with registration no. = GY19XAG and mileage = 15000</b> <br />
<b>Vehicle selected</b> <br />
<b>Paint option has been selected</b> <br />
<b>Interior option has been selected</b> <br />
<b>Acquisition Contract type option selected = Broker </b> <br />
<b> Customer Contract type option = Business Contract Hire(BCH) has been selected</b> <br />
<b>Cost Price ex VAT and RFL from screen is 18000.0</b> <br />
<b>VAT from screen is 3600.0</b> <br />
<b>Cost Price ex VAT and RFL calculated is 18000.0</b> <br />
<b>Cost Price ex VAT and RFL verified and found OK</b> <br />]]>
  </system-out>
  <testcase classname="com.amt.test.broker.Acquisition_Quotes_Broker_BCH_used_car_without_maintenance_Test" name="aquisition_quotes_user_flow_broker_bch_without_maintenance_test" time="33.862"/>
  <system-out>
    <![CDATA[<b>Funder quote added successfully</b> <br />
<b></b> <br />
<b>Started verifying Balance Due Value</b> <br />
<b>Clicked on Part Exchange panel</b> <br />
<b>Balance Due Value Expected = 339.988</b> <br />
<b>Balance Due Value Actual from screen = 339.99</b> <br />
<b>Balance Due Value verified and found OK</b> <br />]]>
  </system-out>
  <testcase classname="com.amt.test.broker.Acquisition_Quotes_Broker_BCH_used_car_without_maintenance_Test" name="aquisition_quotes_user_flow_broker_bch_quote_summary_values_verification_without_maintenance_test" time="18.633"/>
  <system-out>
    <![CDATA[<b>*************Calculations for Quote Summary page gas been started************</b> <br />
<b>Quote Summary Data collected and sent to Quote save Excel</b> <br />]]>
  </system-out>
</testsuite> <!-- com.amt.test.broker.Acquisition_Quotes_Broker_BCH_used_car_without_maintenance_Test -->
