<?xml version="1.0" encoding="UTF-8"?>
<!-- Generated by org.testng.reporters.JUnitReportReporter -->
<testsuite hostname="DSK-951" failures="0" tests="5" name="com.amt.test.Acquisition_Quotes_Outright_CP_without_maintenance_Normal_Save_Test" time="0.002" errors="0" timestamp="2022-12-07T11:39:47 IST" skipped="5">
  <testcase classname="com.amt.test.Acquisition_Quotes_Outright_CP_without_maintenance_Normal_Save_Test" name="aquisition_quotes_outright_CP_OTR_calculation_without_maintenance_test" time="0.000">
    <skipped/>
  </testcase> <!-- aquisition_quotes_outright_CP_OTR_calculation_without_maintenance_test -->
  <system-out/>
  <testcase classname="com.amt.test.Acquisition_Quotes_Outright_CP_without_maintenance_Normal_Save_Test" name="aquisition_quotes_outright_CP_after_discount_calculations_without_maintenance_test" time="0.000">
    <skipped/>
  </testcase> <!-- aquisition_quotes_outright_CP_after_discount_calculations_without_maintenance_test -->
  <system-out/>
  <testcase classname="com.amt.test.Acquisition_Quotes_Outright_CP_without_maintenance_Normal_Save_Test" name="aquisition_quotes_outright_CP_holding_cost_calculations_without_maintenance_test" time="0.000">
    <skipped/>
  </testcase> <!-- aquisition_quotes_outright_CP_holding_cost_calculations_without_maintenance_test -->
  <system-out/>
  <testcase classname="com.amt.test.Acquisition_Quotes_Outright_CP_without_maintenance_Normal_Save_Test" name="aquisition_quotes_outright_CP_customer_quote_calculations_check_monthly_finance_payment_without_maintenance_test" time="0.001">
    <skipped/>
  </testcase> <!-- aquisition_quotes_outright_CP_customer_quote_calculations_check_monthly_finance_payment_without_maintenance_test -->
  <system-out/>
  <testcase classname="com.amt.test.Acquisition_Quotes_Outright_CP_without_maintenance_Normal_Save_Test" name="aquisition_quotes_outright_CP_quote_summary_values_verification_without_maintenance_test" time="0.001">
    <skipped/>
  </testcase> <!-- aquisition_quotes_outright_CP_quote_summary_values_verification_without_maintenance_test -->
  <system-out/>
</testsuite> <!-- com.amt.test.Acquisition_Quotes_Outright_CP_without_maintenance_Normal_Save_Test -->
