<?xml version="1.0" encoding="UTF-8"?>
<!-- Generated by org.testng.reporters.JUnitReportReporter -->
<testsuite hostname="DSK-4052" failures="0" tests="40" name="com.amt.test.LOU.LOU_used_car_ownbook_business_hire_accept_with_changes_Test" time="1269.589" errors="0" timestamp="2024-03-12T23:01:45 IST" skipped="0">
  <testcase classname="com.amt.test.LOU.LOU_used_car_ownbook_business_hire_accept_with_changes_Test" name="L1_create_lead_convert_to_lead_for_ownbook_business_flow" time="167.158"/>
  <system-out>
    <![CDATA[<b>Clicked on Leads on Side Menu</b> <br />
<b>Clicked on add lead</b> <br />
<b>Lead is assigned</b> <br />
<b>Added data in General Notes</b> <br />
<b>Customer type - Business selected</b> <br />
<b>Clicked on Add new vehicle request</b> <br />
<b>Clicked on ownbook channel</b> <br />
<b>Vehicle request for broker has been saved</b> <br />
<b>Click on Map New Quote icon</b> <br />
<b>Click on acquisition contract type icon</b> <br />
<b>Click on customer contract type icon</b> <br />
<b>Click on search button</b> <br />
<b>Click on created date button 1st </b> <br />
<b>Click on created date button 2nd</b> <br />
<b>New Quote has been mapped with lead</b> <br />
<b>click ok button on Map  new quote </b> <br />
<b></b> <br />
<b>Started Verifying Table values</b> <br />
<b></b> <br />
<b>KKO10616 = KKO10616</b> <br />
<b>Quote no. compared and found ok</b> <br />
<b></b> <br />
<b>MERCEDES-BENZ A CLASS AMG HATCHBACK (2019 - Current) A35 4Matic Premium 5dr Auto = MERCEDES-BENZ A CLASS AMG HATCHBACK (2019 - Current) A35 4Matic Premium 5dr Auto</b> <br />
<b>Vehicle name compared and found ok</b> <br />
<b></b> <br />
<b>Business Contract Hire = Business Contract Hire</b> <br />
<b>Contract type compared and found ok</b> <br />
<b></b> <br />
<b>941.46 = 941.46</b> <br />
<b>Monthly finance rental compared and found ok</b> <br />
<b></b> <br />
<b>35000.0 = 35000.0</b> <br />
<b>Mileage compared and found ok</b> <br />
<b></b> <br />
<b>35.0 = 35.0</b> <br />
<b>Terms compared and found ok</b> <br />
<b></b> <br />
<b>11/04/2024 = 11/04/2024</b> <br />
<b>Expiry date compared and found ok</b> <br />
<b>Click on Lead save and Convert button</b> <br />
<b></b> <br />
<b>Started Verifying Table values</b> <br />
<b></b> <br />
<b>KKO10616 = KKO10616</b> <br />
<b>Quote no. compared and found ok</b> <br />
<b></b> <br />
<b>MERCEDES-BENZ A CLASS AMG HATCHBACK (2019 - Current) A35 4Matic Premium 5dr Auto = MERCEDES-BENZ A CLASS AMG HATCHBACK (2019 - Current) A35 4Matic Premium 5dr Auto</b> <br />
<b>Vehicle name compared and found ok</b> <br />
<b></b> <br />
<b>Business Contract Hire = Business Contract Hire</b> <br />
<b>Contract type compared and found ok</b> <br />
<b></b> <br />
<b>941.46 = 941.46</b> <br />
<b>Monthly finance rental compared and found ok</b> <br />
<b></b> <br />
<b>35000.0 = 35000.0</b> <br />
<b>Mileage compared and found ok</b> <br />
<b></b> <br />
<b>35.0 = 35.0</b> <br />
<b>Terms compared and found ok</b> <br />
<b></b> <br />
<b>11/04/2024 = 11/04/2024</b> <br />
<b>Expiry date compared and found ok</b> <br />
<b></b> <br />
<b>In Lead created Opportunity Id is =FY-7774</b> <br />
<b></b> <br />]]>
  </system-out>
  <testcase classname="com.amt.test.LOU.LOU_used_car_ownbook_business_hire_accept_with_changes_Test" name="L1_create_lead_convert_to_lead_for_ownbook_business_flow" time="174.743"/>
  <system-out>
    <![CDATA[<b>Clicked on Leads on Side Menu</b> <br />
<b>Clicked on add lead</b> <br />
<b>Lead is assigned</b> <br />
<b>Added data in General Notes</b> <br />
<b>Customer type - Business selected</b> <br />
<b>Clicked on Add new vehicle request</b> <br />
<b>Clicked on ownbook channel</b> <br />
<b>Vehicle request for broker has been saved</b> <br />
<b>Click on Map New Quote icon</b> <br />
<b>Click on acquisition contract type icon</b> <br />
<b>Click on customer contract type icon</b> <br />
<b>Click on search button</b> <br />
<b>Click on created date button 1st </b> <br />
<b>Click on created date button 2nd</b> <br />
<b>New Quote has been mapped with lead</b> <br />
<b>click ok button on Map  new quote </b> <br />
<b></b> <br />
<b>Started Verifying Table values</b> <br />
<b></b> <br />
<b>XXJ74564 = XXJ74564</b> <br />
<b>Quote no. compared and found ok</b> <br />
<b></b> <br />
<b>MERCEDES-BENZ A CLASS AMG HATCHBACK (2019 - Current) A35 4Matic Premium 5dr Auto = MERCEDES-BENZ A CLASS AMG HATCHBACK (2019 - Current) A35 4Matic Premium 5dr Auto</b> <br />
<b>Vehicle name compared and found ok</b> <br />
<b></b> <br />
<b>Business Contract Hire = Business Contract Hire</b> <br />
<b>Contract type compared and found ok</b> <br />
<b></b> <br />
<b>597.31 = 597.31</b> <br />
<b>Monthly finance rental compared and found ok</b> <br />
<b></b> <br />
<b>10000.0 = 10000.0</b> <br />
<b>Mileage compared and found ok</b> <br />
<b></b> <br />
<b>36.0 = 36.0</b> <br />
<b>Terms compared and found ok</b> <br />
<b></b> <br />
<b>11/04/2024 = 11/04/2024</b> <br />
<b>Expiry date compared and found ok</b> <br />
<b>Click on Lead save and Convert button</b> <br />
<b></b> <br />
<b>Started Verifying Table values</b> <br />
<b></b> <br />
<b>XXJ74564 = XXJ74564</b> <br />
<b>Quote no. compared and found ok</b> <br />
<b></b> <br />
<b>MERCEDES-BENZ A CLASS AMG HATCHBACK (2019 - Current) A35 4Matic Premium 5dr Auto = MERCEDES-BENZ A CLASS AMG HATCHBACK (2019 - Current) A35 4Matic Premium 5dr Auto</b> <br />
<b>Vehicle name compared and found ok</b> <br />
<b></b> <br />
<b>Business Contract Hire = Business Contract Hire</b> <br />
<b>Contract type compared and found ok</b> <br />
<b></b> <br />
<b>597.31 = 597.31</b> <br />
<b>Monthly finance rental compared and found ok</b> <br />
<b></b> <br />
<b>10000.0 = 10000.0</b> <br />
<b>Mileage compared and found ok</b> <br />
<b></b> <br />
<b>36.0 = 36.0</b> <br />
<b>Terms compared and found ok</b> <br />
<b></b> <br />
<b>11/04/2024 = 11/04/2024</b> <br />
<b>Expiry date compared and found ok</b> <br />
<b></b> <br />
<b>In Lead created Opportunity Id is =XK-2921</b> <br />
<b></b> <br />]]>
  </system-out>
  <testcase classname="com.amt.test.LOU.LOU_used_car_ownbook_business_hire_accept_with_changes_Test" name="L2_ownbook_business_current_status_before_sending_to_proposal" time="18.345"/>
  <system-out>
    <![CDATA[<b>Clicked on Opportunity link from Menu </b> <br />
<b>listing_proposal_status is = Proposal Required</b> <br />
<b>Enter the Opportunity id in Search Text box</b> <br />
<b>Current Status of Opportunity Status value is = Open</b> <br />
<b>Current Status of Proposal value is = Proposal Required</b> <br />
<b>Current Status of Channel value is =  Draft</b> <br />
<b>Current Status of  Quote ref is = Draft</b> <br />
<b>Status Verified : Before sending the proposal</b> <br />]]>
  </system-out>
  <testcase classname="com.amt.test.LOU.LOU_used_car_ownbook_business_hire_accept_with_changes_Test" name="L2_ownbook_business_current_status_before_sending_to_proposal" time="18.817"/>
  <system-out>
    <![CDATA[<b>Clicked on Opportunity link from Menu </b> <br />
<b>listing_proposal_status is = Proposal Required</b> <br />
<b>Enter the Opportunity id in Search Text box</b> <br />
<b>Current Status of Opportunity Status value is = Open</b> <br />
<b>Current Status of Proposal value is = Proposal Required</b> <br />
<b>Current Status of Channel value is =  Draft</b> <br />
<b>Current Status of  Quote ref is = Draft</b> <br />
<b>Status Verified : Before sending the proposal</b> <br />]]>
  </system-out>
  <testcase classname="com.amt.test.LOU.LOU_used_car_ownbook_business_hire_accept_with_changes_Test" name="L3_verify_table_values_on_opportunity_page_before_sending_proposal" time="4.062"/>
  <system-out>
    <![CDATA[<b></b> <br />
<b>Started Verifying Table values</b> <br />
<b></b> <br />
<b>XXJ74564 = XXJ74564</b> <br />
<b>Quote no. compared and found ok</b> <br />
<b></b> <br />
<b>MERCEDES-BENZ A CLASS AMG HATCHBACK (2019 - Current) A35 4Matic Premium 5dr Auto = MERCEDES-BENZ A CLASS AMG HATCHBACK (2019 - Current) A35 4Matic Premium 5dr Auto</b> <br />
<b>Vehicle name compared and found ok</b> <br />
<b></b> <br />
<b>Business Contract Hire = Business Contract Hire</b> <br />
<b>Contract type compared and found ok</b> <br />
<b></b> <br />
<b>597.31 = 597.31</b> <br />
<b>Monthly finance rental compared and found ok</b> <br />
<b></b> <br />
<b>10000.0 = 10000.0</b> <br />
<b>Mileage compared and found ok</b> <br />
<b></b> <br />
<b>36.0 = 36.0</b> <br />
<b>Terms compared and found ok</b> <br />
<b></b> <br />
<b>11/04/2024 = 11/04/2024</b> <br />
<b>Expiry date compared and found ok</b> <br />
<b></b> <br />
<b>Table values verified Successfully</b> <br />]]>
  </system-out>
  <testcase classname="com.amt.test.LOU.LOU_used_car_ownbook_business_hire_accept_with_changes_Test" name="L3_verify_table_values_on_opportunity_page_before_sending_proposal" time="4.039"/>
  <system-out>
    <![CDATA[<b></b> <br />
<b>Started Verifying Table values</b> <br />
<b></b> <br />
<b>KKO10616 = KKO10616</b> <br />
<b>Quote no. compared and found ok</b> <br />
<b></b> <br />
<b>MERCEDES-BENZ A CLASS AMG HATCHBACK (2019 - Current) A35 4Matic Premium 5dr Auto = MERCEDES-BENZ A CLASS AMG HATCHBACK (2019 - Current) A35 4Matic Premium 5dr Auto</b> <br />
<b>Vehicle name compared and found ok</b> <br />
<b></b> <br />
<b>Business Contract Hire = Business Contract Hire</b> <br />
<b>Contract type compared and found ok</b> <br />
<b></b> <br />
<b>941.46 = 941.46</b> <br />
<b>Monthly finance rental compared and found ok</b> <br />
<b></b> <br />
<b>35000.0 = 35000.0</b> <br />
<b>Mileage compared and found ok</b> <br />
<b></b> <br />
<b>35.0 = 35.0</b> <br />
<b>Terms compared and found ok</b> <br />
<b></b> <br />
<b>11/04/2024 = 11/04/2024</b> <br />
<b>Expiry date compared and found ok</b> <br />
<b></b> <br />
<b>Table values verified Successfully</b> <br />]]>
  </system-out>
  <testcase classname="com.amt.test.LOU.LOU_used_car_ownbook_business_hire_accept_with_changes_Test" name="L4_fill_up_the_required_fields_for_sending_a_proposal" time="54.662"/>
  <system-out>
    <![CDATA[<b>click on Proposal icon</b> <br />
<b>Proposal page will display </b> <br />
<b>Send proposal to customer pop up  will open</b> <br />
<b>Click on Manual fill radio button - Yes</b> <br />
<b>Click on manually submit behalf of customer link</b> <br />]]>
  </system-out>
  <testcase classname="com.amt.test.LOU.LOU_used_car_ownbook_business_hire_accept_with_changes_Test" name="L4_fill_up_the_required_fields_for_sending_a_proposal" time="39.286"/>
  <system-out>
    <![CDATA[<b>click on Proposal icon</b> <br />
<b>Proposal page will display </b> <br />
<b>Send proposal to customer pop up  will open</b> <br />
<b>Click on Manual fill radio button - Yes</b> <br />
<b>Click on manually submit behalf of customer link</b> <br />]]>
  </system-out>
  <testcase classname="com.amt.test.LOU.LOU_used_car_ownbook_business_hire_accept_with_changes_Test" name="L5_ownbook_create_opportunity_business_current_status_after_sending_to_proposal" time="8.785"/>
  <system-out>
    <![CDATA[<b>Enter the Opportunity id in Search Text box</b> <br />
<b>Current Status of Opportunity Status value is = Open</b> <br />
<b>Current Status of Proposal value is = Proposal Received</b> <br />
<b>Current Status of Channel value is =  Draft</b> <br />
<b>Current Status of  Quote ref is = Draft</b> <br />
<b>Status Verified : After sending the proposal</b> <br />]]>
  </system-out>
  <testcase classname="com.amt.test.LOU.LOU_used_car_ownbook_business_hire_accept_with_changes_Test" name="L5_ownbook_create_opportunity_business_current_status_after_sending_to_proposal" time="18.252"/>
  <system-out>
    <![CDATA[<b>Enter the Opportunity id in Search Text box</b> <br />
<b>Current Status of Opportunity Status value is = Open</b> <br />
<b>Current Status of Proposal value is = Proposal Received</b> <br />
<b>Current Status of Channel value is =  Draft</b> <br />
<b>Current Status of  Quote ref is = Draft</b> <br />
<b>Status Verified : After sending the proposal</b> <br />]]>
  </system-out>
  <testcase classname="com.amt.test.LOU.LOU_used_car_ownbook_business_hire_accept_with_changes_Test" name="L6_ownbook_sending_contract" time="12.375"/>
  <system-out>
    <![CDATA[<b>click on Send_Contract icon</b> <br />
<b>Contract Sent Successfully</b> <br />]]>
  </system-out>
  <testcase classname="com.amt.test.LOU.LOU_used_car_ownbook_business_hire_accept_with_changes_Test" name="L6_ownbook_sending_contract" time="13.432"/>
  <system-out>
    <![CDATA[<b>click on Send_Contract icon</b> <br />
<b>Contract Sent Successfully</b> <br />]]>
  </system-out>
  <testcase classname="com.amt.test.LOU.LOU_used_car_ownbook_business_hire_accept_with_changes_Test" name="L7_verify_current_status_on_opportunity_page_after_sending_contract_for_ownbook_business_flow" time="4.092"/>
  <system-out>
    <![CDATA[<b>Current Status of Proposal value is = Proposal Received</b> <br />
<b>Current Status of Channel value is =  Sent to customer</b> <br />
<b>Current Status of  Quote ref is = Sent to customer</b> <br />
<b>Status Verified : Sent to customer</b> <br />]]>
  </system-out>
  <testcase classname="com.amt.test.LOU.LOU_used_car_ownbook_business_hire_accept_with_changes_Test" name="L7_verify_current_status_on_opportunity_page_after_sending_contract_for_ownbook_business_flow" time="4.122"/>
  <system-out>
    <![CDATA[<b>Current Status of Proposal value is = Proposal Received</b> <br />
<b>Current Status of Channel value is =  Sent to customer</b> <br />
<b>Current Status of  Quote ref is = Sent to customer</b> <br />
<b>Status Verified : Sent to customer</b> <br />]]>
  </system-out>
  <testcase classname="com.amt.test.LOU.LOU_used_car_ownbook_business_hire_accept_with_changes_Test" name="L8_ownbook_signed_contract_status_with_api_call" time="27.774"/>
  <system-out>
    <![CDATA[<b>Status code 200 received </b> <br />
<b>Enter the Opportunity id in Search Text box</b> <br />]]>
  </system-out>
  <testcase classname="com.amt.test.LOU.LOU_used_car_ownbook_business_hire_accept_with_changes_Test" name="L8_ownbook_signed_contract_status_with_api_call" time="24.275"/>
  <system-out>
    <![CDATA[<b>Status code 200 received </b> <br />
<b>Enter the Opportunity id in Search Text box</b> <br />]]>
  </system-out>
  <testcase classname="com.amt.test.LOU.LOU_used_car_ownbook_business_hire_accept_with_changes_Test" name="UW1_verify_status_after_contract_signed" time="10.139"/>
  <system-out>
    <![CDATA[<b>Current Status of Proposal value is = Proposal Received</b> <br />
<b>Current Status of Channel value is =  Contract signed</b> <br />
<b>Current Status of  Quote ref is = Contract signed</b> <br />
<b>Status Verified : Contract Signed </b> <br />]]>
  </system-out>
  <testcase classname="com.amt.test.LOU.LOU_used_car_ownbook_business_hire_accept_with_changes_Test" name="UW1_verify_status_after_contract_signed" time="10.138"/>
  <system-out>
    <![CDATA[<b>Current Status of Proposal value is = Proposal Received</b> <br />
<b>Current Status of Channel value is =  Contract signed</b> <br />
<b>Current Status of  Quote ref is = Contract signed</b> <br />
<b>Status Verified : Contract Signed </b> <br />]]>
  </system-out>
  <testcase classname="com.amt.test.LOU.LOU_used_car_ownbook_business_hire_accept_with_changes_Test" name="UW2_verify_underwriting_pop_up_summary_values_for_ownbook_business_flow" time="42.574"/>
  <system-out>
    <![CDATA[<b> Underwriting icon is available </b> <br />
<b>Underwriting pop up -quote ref no => Quote reference no.:
XXJ74564</b> <br />
<b>Underwriting Popup Proposal Id is =AEG9825</b> <br />
<b></b> <br />
<b>Started Verifying Summary values</b> <br />
<b></b> <br />
<b>Quote reference no.:
XXJ74564 != XXJ74564</b> <br />
<b>Quote no. compared but found not ok</b> <br />
<b></b> <br />
<b>MERCEDES-BENZ A CLASS AMG HATCHBACK (2019 - Current) A35 4Matic Premium 5dr Auto = MERCEDES-BENZ A CLASS AMG HATCHBACK (2019 - Current) A35 4Matic Premium 5dr Auto</b> <br />
<b>Vehicle name compared and found ok</b> <br />
<b></b> <br />
<b>Business Contract Hire = Business Contract Hire</b> <br />
<b>Contract type compared and found ok</b> <br />
<b></b> <br />
<b>36.0 = 36.0</b> <br />
<b>Terms compared and found ok</b> <br />
<b></b> <br />
<b>10000.0 = 10000.0</b> <br />
<b>Mileage compared and found ok</b> <br />
<b></b> <br />
<b>597.31 = 597.3151145203444</b> <br />
<b>Monthly Finance Rental compared and found ok</b> <br />
<b></b> <br />
<b>597.31 = 597.315114520344</b> <br />
<b>Initial Finance Rental found OK</b> <br />
<b></b> <br />
<b>35.0 = 35.0</b> <br />
<b>Followed By months - found OK</b> <br />
<b></b> <br />
<b>26.9 = 26.9316</b> <br />
<b>Pence per excess mile finance - found OK</b> <br />
<b></b> <br />
<b>199.99 = 199.99</b> <br />
<b>Document Fee - found OK</b> <br />
<b></b> <br />
<b>400.0 = 400.0</b> <br />
<b>Upsell - found OK</b> <br />
<b></b> <br />
<b>449.0 = 448.99992</b> <br />
<b>Default Finance Commission - found OK</b> <br />
<b></b> <br />
<b>400.0 = 400.0</b> <br />
<b>Upsell Commission - found OK</b> <br />
<b></b> <br />
<b>99.99 = 99.99000000000001</b> <br />
<b>Document Fee Commission - found OK</b> <br />
<b></b> <br />
<b>948.99 = 948.98992</b> <br />
<b>Total Commission - found OK</b> <br />
<b></b> <br />
<b>200.0 = 200.0</b> <br />
<b>Referrer Commission - found OK</b> <br />
<b>click on underwriting_send_for_underwriting  button </b> <br />
<b>Values on Underwriting pop up are verified succcessfully and opportunity sent for underwriting</b> <br />]]>
  </system-out>
  <testcase classname="com.amt.test.LOU.LOU_used_car_ownbook_business_hire_accept_with_changes_Test" name="UW2_verify_underwriting_pop_up_summary_values_for_ownbook_business_flow" time="41.309"/>
  <system-out>
    <![CDATA[<b> Underwriting icon is available </b> <br />
<b>Underwriting pop up -quote ref no => Quote reference no.:
KKO10616</b> <br />
<b>Underwriting Popup Proposal Id is =MMG2289</b> <br />
<b></b> <br />
<b>Started Verifying Summary values</b> <br />
<b></b> <br />
<b>Quote reference no.:
KKO10616 != KKO10616</b> <br />
<b>Quote no. compared but found not ok</b> <br />
<b></b> <br />
<b>MERCEDES-BENZ A CLASS AMG HATCHBACK (2019 - Current) A35 4Matic Premium 5dr Auto = MERCEDES-BENZ A CLASS AMG HATCHBACK (2019 - Current) A35 4Matic Premium 5dr Auto</b> <br />
<b>Vehicle name compared and found ok</b> <br />
<b></b> <br />
<b>Business Contract Hire = Business Contract Hire</b> <br />
<b>Contract type compared and found ok</b> <br />
<b></b> <br />
<b>35.0 = 35.0</b> <br />
<b>Terms compared and found ok</b> <br />
<b></b> <br />
<b>35000.0 = 35000.0</b> <br />
<b>Mileage compared and found ok</b> <br />
<b></b> <br />
<b>941.46 = 941.4531044821971</b> <br />
<b>Monthly Finance Rental compared and found ok</b> <br />
<b></b> <br />
<b>941.46 = 941.453104482197</b> <br />
<b>Initial Finance Rental found OK</b> <br />
<b></b> <br />
<b>34.0 = 34.0</b> <br />
<b>Followed By months - found OK</b> <br />
<b></b> <br />
<b>26.9 = 26.9316</b> <br />
<b>Pence per excess mile finance - found OK</b> <br />
<b></b> <br />
<b>199.99 = 199.99</b> <br />
<b>Document Fee - found OK</b> <br />
<b></b> <br />
<b>400.0 = 400.0</b> <br />
<b>Upsell - found OK</b> <br />
<b></b> <br />
<b>439.65 = 439.64575499999927</b> <br />
<b>Default Finance Commission - found OK</b> <br />
<b></b> <br />
<b>400.0 = 400.0</b> <br />
<b>Upsell Commission - found OK</b> <br />
<b></b> <br />
<b>99.99 = 99.99000000000001</b> <br />
<b>Document Fee Commission - found OK</b> <br />
<b></b> <br />
<b>939.64 = 939.6357549999993</b> <br />
<b>Total Commission - found OK</b> <br />
<b></b> <br />
<b>200.0 = 200.0</b> <br />
<b>Referrer Commission - found OK</b> <br />
<b>click on underwriting_send_for_underwriting  button </b> <br />
<b>Values on Underwriting pop up are verified succcessfully and opportunity sent for underwriting</b> <br />]]>
  </system-out>
  <testcase classname="com.amt.test.LOU.LOU_used_car_ownbook_business_hire_accept_with_changes_Test" name="UW2_verify_status_after_sending_to_underwriting" time="1.121"/>
  <system-out>
    <![CDATA[<b>Current Status of Proposal value is = Proposal Received</b> <br />
<b>Current Status of Channel value is =  Awaiting underwriting</b> <br />
<b>Current Status of  Quote ref is = Awaiting underwriting</b> <br />
<b>Status Verified : Awaiting Underwriting </b> <br />]]>
  </system-out>
  <testcase classname="com.amt.test.LOU.LOU_used_car_ownbook_business_hire_accept_with_changes_Test" name="UW2_verify_status_after_sending_to_underwriting" time="1.116"/>
  <system-out>
    <![CDATA[<b>Current Status of Proposal value is = Proposal Received</b> <br />
<b>Current Status of Channel value is =  Awaiting underwriting</b> <br />
<b>Current Status of  Quote ref is = Awaiting underwriting</b> <br />
<b>Status Verified : Awaiting Underwriting </b> <br />]]>
  </system-out>
  <testcase classname="com.amt.test.LOU.LOU_used_car_ownbook_business_hire_accept_with_changes_Test" name="UW3_verify_underwriting_lisitig_page" time="12.674"/>
  <system-out>
    <![CDATA[<b>Click on Underwriting menu_link </b> <br />
<b>Click on Underwriting - ownbook tab </b> <br />
<b>Click on Search text box - broker tab</b> <br />
<b>Getting the  proposal id from excel sheet =MMG2289</b> <br />
<b>Enter the proposal in search text box =MMG2289</b> <br />]]>
  </system-out>
  <testcase classname="com.amt.test.LOU.LOU_used_car_ownbook_business_hire_accept_with_changes_Test" name="UW3_verify_underwriting_lisitig_page" time="12.547"/>
  <system-out>
    <![CDATA[<b>Click on Underwriting menu_link </b> <br />
<b>Click on Underwriting - ownbook tab </b> <br />
<b>Click on Search text box - broker tab</b> <br />
<b>Getting the  proposal id from excel sheet =AEG9825</b> <br />
<b>Enter the proposal in search text box =AEG9825</b> <br />]]>
  </system-out>
  <testcase classname="com.amt.test.LOU.LOU_used_car_ownbook_business_hire_accept_with_changes_Test" name="UW4_verify_values_on_underwriting_quote_tab_for_ownbook_business_flow" time="96.062"/>
  <system-out>
    <![CDATA[<b>Click on Underwriting detail page for proposal</b> <br />
<b>Clicked on Underwriting quote page</b> <br />
<b></b> <br />
<b>22450.0 != 22449.996000000003</b> <br />
<b>Cost Otr Price compared but found not ok</b> <br />
<b></b> <br />
<b>18708.33 = 18708.33</b> <br />
<b>Cost Otr Price compared and found ok</b> <br />
<b></b> <br />
<b>3741.67 != 3741.666</b> <br />
<b>Otr Vat compared but found not ok</b> <br />
<b></b> <br />
<b>0.0 = 0.0</b> <br />
<b>Otr Rfl And Frf compared and found ok</b> <br />
<b></b> <br />
<b>KKO10616 = KKO10616</b> <br />
<b>Quote no. compared and found ok</b> <br />
<b></b> <br />
<b>MERCEDES-BENZ A CLASS AMG HATCHBACK (2019 - Current) A35 4Matic Premium 5dr Auto = MERCEDES-BENZ A CLASS AMG HATCHBACK (2019 - Current) A35 4Matic Premium 5dr Auto</b> <br />
<b>Vehicle name compared and found ok</b> <br />
<b></b> <br />
<b>Business Contract Hire = Business Contract Hire</b> <br />
<b>Contract type compared and found ok</b> <br />
<b></b> <br />
<b>35.0 = 35.0</b> <br />
<b>Terms compared and found ok</b> <br />
<b></b> <br />
<b>35000.0 = 35000.0</b> <br />
<b>Mileage compared and found ok</b> <br />
<b></b> <br />
<b>941.46 = 941.4531044821971</b> <br />
<b>Monthly Finance Rental compared and found ok</b> <br />
<b></b> <br />
<b>941.46 = 941.453104482197</b> <br />
<b>Initial Finance Rental found OK</b> <br />
<b></b> <br />
<b>34.0 = 34.0</b> <br />
<b>Followed By months - found OK</b> <br />
<b></b> <br />
<b>26.9 = 26.9316</b> <br />
<b>Pence per excess mile finance - found OK</b> <br />
<b></b> <br />
<b>199.99 = 199.99</b> <br />
<b>Document Fee - found OK</b> <br />
<b></b> <br />
<b>400.0 = 400.0</b> <br />
<b>Upsell - found OK</b> <br />
<b></b> <br />
<b>439.65 = 439.64575499999927</b> <br />
<b>Default Finance Commission - found OK</b> <br />
<b></b> <br />
<b>400.0 = 400.0</b> <br />
<b>Upsell Commission - found OK</b> <br />
<b></b> <br />
<b>99.99 = 99.99000000000001</b> <br />
<b>Document Fee Commission - found OK</b> <br />
<b></b> <br />
<b>939.64 = 939.6357549999993</b> <br />
<b>Total Commission - found OK</b> <br />
<b></b> <br />
<b>200.0 = 200.0</b> <br />
<b>Referrer Commission - found OK</b> <br />
<b></b> <br />
<b>7.0 = 7.0</b> <br />
<b>Base Interest Rate found OK</b> <br />
<b></b> <br />
<b>10000.0 = 10000.0</b> <br />
<b>Finance Margin found OK</b> <br />
<b></b> <br />
<b>439.65 = 439.64575499999927</b> <br />
<b>Deductions found OK</b> <br />
<b></b> <br />
<b>339.99 = 339.99</b> <br />
<b>Additional Margin found OK</b> <br />
<b></b> <br />
<b>9900.34 = 9900.344245</b> <br />
<b>Total Margin found OK</b> <br />
<b></b> <br />
<b>1.96 = 1.9583333333333348</b> <br />
<b>Default Broker Margin percentage found OK</b> <br />
<b></b> <br />
<b>0.1 = 0.1</b> <br />
<b>Broker Upsell Margin percentage found OK</b> <br />
<b></b> <br />
<b>40.0 = 40.0</b> <br />
<b>Broker Upsell Margin  found OK</b> <br />
<b></b> <br />
<b>99.99 = 99.99000000000001</b> <br />
<b>Document Fee Margin  found OK</b> <br />
<b></b> <br />
<b>200.0 = 200.00000000000003</b> <br />
<b>Refferer Margin  found OK</b> <br />
<b>Click on decision tab page</b> <br />]]>
  </system-out>
  <testcase classname="com.amt.test.LOU.LOU_used_car_ownbook_business_hire_accept_with_changes_Test" name="UW4_verify_values_on_underwriting_quote_tab_for_ownbook_business_flow" time="99.319"/>
  <system-out>
    <![CDATA[<b>Click on Underwriting detail page for proposal</b> <br />
<b>Clicked on Underwriting quote page</b> <br />
<b></b> <br />
<b>22450.0 != 22449.996000000003</b> <br />
<b>Cost Otr Price compared but found not ok</b> <br />
<b></b> <br />
<b>18708.33 = 18708.33</b> <br />
<b>Cost Otr Price compared and found ok</b> <br />
<b></b> <br />
<b>3741.67 != 3741.666</b> <br />
<b>Otr Vat compared but found not ok</b> <br />
<b></b> <br />
<b>0.0 = 0.0</b> <br />
<b>Otr Rfl And Frf compared and found ok</b> <br />
<b></b> <br />
<b>XXJ74564 = XXJ74564</b> <br />
<b>Quote no. compared and found ok</b> <br />
<b></b> <br />
<b>MERCEDES-BENZ A CLASS AMG HATCHBACK (2019 - Current) A35 4Matic Premium 5dr Auto = MERCEDES-BENZ A CLASS AMG HATCHBACK (2019 - Current) A35 4Matic Premium 5dr Auto</b> <br />
<b>Vehicle name compared and found ok</b> <br />
<b></b> <br />
<b>Business Contract Hire = Business Contract Hire</b> <br />
<b>Contract type compared and found ok</b> <br />
<b></b> <br />
<b>36.0 = 36.0</b> <br />
<b>Terms compared and found ok</b> <br />
<b></b> <br />
<b>10000.0 = 10000.0</b> <br />
<b>Mileage compared and found ok</b> <br />
<b></b> <br />
<b>597.31 = 597.3151145203444</b> <br />
<b>Monthly Finance Rental compared and found ok</b> <br />
<b></b> <br />
<b>597.31 = 597.315114520344</b> <br />
<b>Initial Finance Rental found OK</b> <br />
<b></b> <br />
<b>35.0 = 35.0</b> <br />
<b>Followed By months - found OK</b> <br />
<b></b> <br />
<b>26.9 = 26.9316</b> <br />
<b>Pence per excess mile finance - found OK</b> <br />
<b></b> <br />
<b>199.99 = 199.99</b> <br />
<b>Document Fee - found OK</b> <br />
<b></b> <br />
<b>400.0 = 400.0</b> <br />
<b>Upsell - found OK</b> <br />
<b></b> <br />
<b>449.0 = 448.99992</b> <br />
<b>Default Finance Commission - found OK</b> <br />
<b></b> <br />
<b>400.0 = 400.0</b> <br />
<b>Upsell Commission - found OK</b> <br />
<b></b> <br />
<b>99.99 = 99.99000000000001</b> <br />
<b>Document Fee Commission - found OK</b> <br />
<b></b> <br />
<b>948.99 = 948.98992</b> <br />
<b>Total Commission - found OK</b> <br />
<b></b> <br />
<b>200.0 = 200.0</b> <br />
<b>Referrer Commission - found OK</b> <br />
<b></b> <br />
<b>7.0 = 7.0</b> <br />
<b>Base Interest Rate found OK</b> <br />
<b></b> <br />
<b>10000.0 = 10000.0</b> <br />
<b>Finance Margin found OK</b> <br />
<b></b> <br />
<b>449.0 = 448.99992</b> <br />
<b>Deductions found OK</b> <br />
<b></b> <br />
<b>339.99 = 339.99</b> <br />
<b>Additional Margin found OK</b> <br />
<b></b> <br />
<b>9890.99 = 9890.99008</b> <br />
<b>Total Margin found OK</b> <br />
<b></b> <br />
<b>2.0 = 2.0</b> <br />
<b>Default Broker Margin percentage found OK</b> <br />
<b></b> <br />
<b>0.1 = 0.1</b> <br />
<b>Broker Upsell Margin percentage found OK</b> <br />
<b></b> <br />
<b>40.0 = 40.0</b> <br />
<b>Broker Upsell Margin  found OK</b> <br />
<b></b> <br />
<b>99.99 = 99.99000000000001</b> <br />
<b>Document Fee Margin  found OK</b> <br />
<b></b> <br />
<b>200.0 = 200.00000000000003</b> <br />
<b>Refferer Margin  found OK</b> <br />
<b>Click on decision tab page</b> <br />]]>
  </system-out>
  <testcase classname="com.amt.test.LOU.LOU_used_car_ownbook_business_hire_accept_with_changes_Test" name="UW5_ownbook_underwriting_decision_accept_with_changes" time="34.954"/>
  <system-out>
    <![CDATA[<b>Click on decision Accept button</b> <br />
<b>Entering values to input field</b> <br />
<b>Now selecting the payment profile option </b> <br />
<b></b> <br />
<b></b> <br />
<b>Current Status of accept value is = Conditional acceptance</b> <br />]]>
  </system-out>
  <testcase classname="com.amt.test.LOU.LOU_used_car_ownbook_business_hire_accept_with_changes_Test" name="UW5_ownbook_underwriting_decision_accept_with_changes" time="33.937"/>
  <system-out>
    <![CDATA[<b>Click on decision Accept button</b> <br />
<b>Entering values to input field</b> <br />
<b>Now selecting the payment profile option </b> <br />
<b></b> <br />
<b></b> <br />
<b>Current Status of accept value is = Conditional acceptance</b> <br />]]>
  </system-out>
  <testcase classname="com.amt.test.LOU.LOU_used_car_ownbook_business_hire_accept_with_changes_Test" name="UW6_verify_ownbook_opportunity_search_text_box_accept_with_changes" time="16.651"/>
  <system-out>
    <![CDATA[<b>Clicked on Opportunity link from Menu </b> <br />
<b>Click on Search text box on Opportunity page</b> <br />
<b>Enter the opportunity ID in search text box =FY-7774</b> <br />]]>
  </system-out>
  <testcase classname="com.amt.test.LOU.LOU_used_car_ownbook_business_hire_accept_with_changes_Test" name="UW6_verify_ownbook_opportunity_search_text_box_accept_with_changes" time="25.188"/>
  <system-out>
    <![CDATA[<b>Clicked on Opportunity link from Menu </b> <br />
<b>Click on Search text box on Opportunity page</b> <br />
<b>Enter the opportunity ID in search text box =XK-2921</b> <br />]]>
  </system-out>
  <testcase classname="com.amt.test.LOU.LOU_used_car_ownbook_business_hire_accept_with_changes_Test" name="UW7_verify_ownbook_opportunity_accept_with_changes_underwriting_pop_up" time="43.903"/>
  <system-out>
    <![CDATA[<b> Underwriting icon is available </b> <br />
<b>click on underwriting_send_for_underwriting  button </b> <br />]]>
  </system-out>
  <testcase classname="com.amt.test.LOU.LOU_used_car_ownbook_business_hire_accept_with_changes_Test" name="UW7_verify_ownbook_opportunity_accept_with_changes_underwriting_pop_up" time="54.960"/>
  <system-out>
    <![CDATA[<b> Underwriting icon is available </b> <br />
<b>click on underwriting_send_for_underwriting  button </b> <br />]]>
  </system-out>
  <testcase classname="com.amt.test.LOU.LOU_used_car_ownbook_business_hire_accept_with_changes_Test" name="UW8_verify_ownbook_opportunity_underwriting_accept_with_changes_cancel_flow_verification" time="6.215"/>
  <system-out>
    <![CDATA[<b>Current Status of Proposal value is = Proposal Received</b> <br />
<b>Current Status of Channel value is =  Sent to customer</b> <br />
<b>Current Status of  Quote ref is = Sent to customer</b> <br />
<b>Current Status of  Quote ref is = Cancelled</b> <br />
<b>Status Verified : Sent to customer</b> <br />]]>
  </system-out>
  <testcase classname="com.amt.test.LOU.LOU_used_car_ownbook_business_hire_accept_with_changes_Test" name="UW8_verify_ownbook_opportunity_underwriting_accept_with_changes_cancel_flow_verification" time="6.179"/>
  <system-out>
    <![CDATA[<b>Current Status of Proposal value is = Proposal Received</b> <br />
<b>Current Status of Channel value is =  Sent to customer</b> <br />
<b>Current Status of  Quote ref is = Sent to customer</b> <br />
<b>Current Status of  Quote ref is = Cancelled</b> <br />
<b>Status Verified : Sent to customer</b> <br />]]>
  </system-out>
  <testcase classname="com.amt.test.LOU.LOU_used_car_ownbook_business_hire_accept_with_changes_Test" name="UW9_verify_ownbook_opportunity_underwriting_accept_with_changes_underwriting_pop_up" time="7.225"/>
  <system-out>
    <![CDATA[<b>Click on Search text box on Opportunity page</b> <br />
<b>Enter the opportunity ID in search text box =XK-2921</b> <br />]]>
  </system-out>
  <testcase classname="com.amt.test.LOU.LOU_used_car_ownbook_business_hire_accept_with_changes_Test" name="UW9_verify_ownbook_opportunity_underwriting_accept_with_changes_underwriting_pop_up" time="7.212"/>
  <system-out>
    <![CDATA[<b>Click on Search text box on Opportunity page</b> <br />
<b>Enter the opportunity ID in search text box =FY-7774</b> <br />]]>
  </system-out>
  <testcase classname="com.amt.test.LOU.LOU_used_car_ownbook_business_hire_accept_with_changes_Test" name="UW10_ownbook_after_opportunity_underwriting_accept_with_changes_signed_contract_status_with_api_call" time="41.713"/>
  <system-out>
    <![CDATA[<b>Status code 200 received </b> <br />
<b>Enter the Opportunity id in Search Text box</b> <br />]]>
  </system-out>
  <testcase classname="com.amt.test.LOU.LOU_used_car_ownbook_business_hire_accept_with_changes_Test" name="UW10_ownbook_after_opportunity_underwriting_accept_with_changes_signed_contract_status_with_api_call" time="64.926"/>
  <system-out>
    <![CDATA[<b>Status code 200 received </b> <br />
<b>Enter the Opportunity id in Search Text box</b> <br />]]>
  </system-out>
  <testcase classname="com.amt.test.LOU.LOU_used_car_ownbook_business_hire_accept_with_changes_Test" name="OP1_ownbook_after_Underwriting_accepted_mothlty_payment_price" time="2.656"/>
  <system-out>
    <![CDATA[<b>New Quote ref in Opportunity DQL41258</b> <br />
<b>New Quote Monthly Payment is  = £ 1,834.38 ex. VAT</b> <br />
<b>Cancelled Quote ref in Opportunity is = null</b> <br />
<b>Cancelled Monthly Payment value is = £ 597.31 ex. VAT</b> <br />
<b>[32mMonthly Payment verified (found ok) after accepting new quote, Actual value is 1834.38 and Expected value is 1834.3812606494928[0m</b> <br />]]>
  </system-out>
  <testcase classname="com.amt.test.LOU.LOU_used_car_ownbook_business_hire_accept_with_changes_Test" name="OP1_ownbook_after_Underwriting_accepted_mothlty_payment_price" time="2.652"/>
  <system-out>
    <![CDATA[<b>New Quote ref in Opportunity MSC58236</b> <br />
<b>New Quote Monthly Payment is  = £ 2,189.73 ex. VAT</b> <br />
<b>Cancelled Quote ref in Opportunity is = null</b> <br />
<b>Cancelled Monthly Payment value is = £ 941.46 ex. VAT</b> <br />
<b>[32mMonthly Payment verified (found ok) after accepting new quote, Actual value is 2189.73 and Expected value is 2189.7311369669687[0m</b> <br />]]>
  </system-out>
</testsuite> <!-- com.amt.test.LOU.LOU_used_car_ownbook_business_hire_accept_with_changes_Test -->
