<?xml version="1.0" encoding="UTF-8"?>
<!-- Generated by org.testng.reporters.JUnitReportReporter -->
<testsuite hostname="DSK-951" failures="0" tests="3" name="com.amt.test.LoginTest" time="8.220" errors="0" timestamp="2022-11-18T11:19:05 IST" skipped="0">
  <testcase classname="com.amt.test.LoginTest" name="login_Test" time="3.152"/>
  <system-out>
    <![CDATA[<b>Login screen is being displayed</b> <br />
<b>User has entered Username </b> <br />
<b>User has entered Password </b> <br />]]>
  </system-out>
  <testcase classname="com.amt.test.LoginTest" name="pageTitle_Test" time="5.022"/>
  <system-out>
    <![CDATA[<b>Page Title After login is AMT</b> <br />]]>
  </system-out>
  <testcase classname="com.amt.test.LoginTest" name="amt_Logo_display_Test" time="0.046"/>
  <system-out>
    <![CDATA[<b>AMT-Logo is displayed</b> <br />]]>
  </system-out>
</testsuite> <!-- com.amt.test.LoginTest -->
