<?xml version="1.0" encoding="UTF-8"?>
<!-- Generated by org.testng.reporters.JUnitReportReporter -->
<testsuite hostname="DSK-969" failures="0" tests="15" name="com.amt.test.LOU.Lead_ownbook_purchase_business_decline_any_flow_Test2" time="354.565" errors="0" timestamp="2023-02-18T18:52:44 IST" skipped="0">
  <testcase classname="com.amt.test.LOU.Lead_ownbook_purchase_business_decline_any_flow_Test2" name="L1_ownbook_create_lead_business" time="83.279"/>
  <system-out>
    <![CDATA[<b>Clicked on Leads on Side Menu</b> <br />
<b>Clicked on add lead</b> <br />
<b>Lead is assigned</b> <br />
<b>Added data in General Notes</b> <br />
<b>Customer type - Business selected</b> <br />
<b>Clicked on Add new vehicle request</b> <br />
<b>Clicked on ownbook channel</b> <br />
<b>Vehicle request for broker has been saved</b> <br />
<b>Click on Map New Quote icon</b> <br />
<b>Click on acquisition contract type icon</b> <br />
<b>Click on customer contract type icon</b> <br />
<b>Click on search button</b> <br />
<b>Click on created date button 1st </b> <br />
<b>Click on created date button 2nd</b> <br />
<b>click ok button on Map  new quote </b> <br />
<b>click on OK button for copy quote </b> <br />
<b>Click on Lead save and Convert button</b> <br />]]>
  </system-out>
  <testcase classname="com.amt.test.LOU.Lead_ownbook_purchase_business_decline_any_flow_Test2" name="L2_ownbook_create_opportunity_business" time="24.546"/>
  <system-out>
    <![CDATA[<b>In Lead created Opportunity Id is =XV-6719</b> <br />
<b>Clicked on Opportunity link from Menu </b> <br />
<b>listing_proposal_status is = Proposal Required</b> <br />
<b>Enter the Opportunity id in Search Text box</b> <br />]]>
  </system-out>
  <testcase classname="com.amt.test.LOU.Lead_ownbook_purchase_business_decline_any_flow_Test2" name="L3_Ownbook_create_opportunity_business_currentstatus_before_sending_to_proposal" time="0.252"/>
  <system-out>
    <![CDATA[<b>Current Status of Opportunity Status value is = Open</b> <br />
<b>Current Status of Proposal value is = Proposal Required</b> <br />
<b>Current Status of Channel value is =  Draft</b> <br />
<b>Current Status of  Quote ref is = Draft</b> <br />
<b>Status Verified : Before sending the proposa</b> <br />]]>
  </system-out>
  <testcase classname="com.amt.test.LOU.Lead_ownbook_purchase_business_decline_any_flow_Test2" name="L4_ownbook_create_opportunity_business_adding_proposal" time="76.684"/>
  <system-out>
    <![CDATA[<b>click on Proposal icon</b> <br />
<b>Proposal page will display </b> <br />
<b>Send proposal to customer pop up  will open</b> <br />
<b>Click on Manual fill radio button - Yes</b> <br />
<b>Click on manually submit behalf of customer link</b> <br />]]>
  </system-out>
  <testcase classname="com.amt.test.LOU.Lead_ownbook_purchase_business_decline_any_flow_Test2" name="L5_ownbook_create_opportunity_business_currentstatus_after_sending_to_proposal" time="0.304"/>
  <system-out>
    <![CDATA[<b>Current Status of Opportunity Status value is = Open</b> <br />
<b>Current Status of Proposal value is = Proposal Received</b> <br />
<b>Current Status of Channel value is =  Draft</b> <br />
<b>Current Status of  Quote ref is = Draft</b> <br />
<b>Status Verified : After sending the proposal</b> <br />]]>
  </system-out>
  <testcase classname="com.amt.test.LOU.Lead_ownbook_purchase_business_decline_any_flow_Test2" name="L6_ownbook_create_opportunity_business_sending_to_contract" time="28.057"/>
  <system-out>
    <![CDATA[<b>click on Send_Contract icon</b> <br />]]>
  </system-out>
  <testcase classname="com.amt.test.LOU.Lead_ownbook_purchase_business_decline_any_flow_Test2" name="L7_ownbook_create_opportunity_business_currentstatus_after_sending_to_contract" time="1.272"/>
  <system-out>
    <![CDATA[<b>Current Status of Proposal value is = Proposal Received</b> <br />
<b>Current Status of Channel value is =  Sent to customer</b> <br />
<b>Current Status of  Quote ref is = Sent to customer</b> <br />
<b>Status Verified : Status Verified : Sent to customer</b> <br />]]>
  </system-out>
  <testcase classname="com.amt.test.LOU.Lead_ownbook_purchase_business_decline_any_flow_Test2" name="L8_ownbook_signed_contract_status_with_api_call" time="24.977"/>
  <system-out>
    <![CDATA[<b>Enter the Opportunity id in Search Text box</b> <br />]]>
  </system-out>
  <testcase classname="com.amt.test.LOU.Lead_ownbook_purchase_business_decline_any_flow_Test2" name="UW1_verify_underwriting_flow_ownbook_with_status" time="27.409"/>
  <system-out>
    <![CDATA[<b> Underwriting icon is available </b> <br />
<b>Underwriting Popup Proposal Id is =HRV4121</b> <br />
<b>Underwriting pop up -quote ref no => Quote reference no.:
YQQ99565</b> <br />
<b>click on underwriting_send_for_underwriting  button </b> <br />]]>
  </system-out>
  <testcase classname="com.amt.test.LOU.Lead_ownbook_purchase_business_decline_any_flow_Test2" name="UW2_verify_status_after_sending_to_underwriting" time="1.211"/>
  <system-out>
    <![CDATA[<b>Current Status of Proposal value is = Proposal Received</b> <br />
<b>Current Status of Channel value is =  Awaiting underwriting</b> <br />
<b>Current Status of  Quote ref is = Awaiting underwriting</b> <br />]]>
  </system-out>
  <testcase classname="com.amt.test.LOU.Lead_ownbook_purchase_business_decline_any_flow_Test2" name="UW3_verify_underwriting_lisitig_page" time="13.288"/>
  <system-out>
    <![CDATA[<b>Click on Underwriting menu_link </b> <br />
<b>Click on Underwriting - ownbook ta </b> <br />
<b>Click on Search text box - broker tab</b> <br />
<b>Getting the  proposal id from excel sheet =HRV4121</b> <br />
<b>Enter the proposal in search text box =HRV4121</b> <br />]]>
  </system-out>
  <testcase classname="com.amt.test.LOU.Lead_ownbook_purchase_business_decline_any_flow_Test2" name="UW4_verify_ownbook_underwriting_proposal_page_flow" time="27.027"/>
  <system-out>
    <![CDATA[<b>Click on Underwriting detail page for proposal</b> <br />
<b>Click on Underwriting quote page</b> <br />
<b>Click on decision tab page</b> <br />]]>
  </system-out>
  <testcase classname="com.amt.test.LOU.Lead_ownbook_purchase_business_decline_any_flow_Test2" name="UW6_verify_ownbook_underwriting_proposal_decision_with_declined" time="13.721"/>
  <system-out>
    <![CDATA[<b>Click on decision tab page</b> <br />
<b>Current Status of decline value is = Declined</b> <br />]]>
  </system-out>
  <testcase classname="com.amt.test.LOU.Lead_ownbook_purchase_business_decline_any_flow_Test2" name="UW6_verify_ownbook_oppoortunity_search_text_box_accept_with_changes" time="24.306"/>
  <system-out>
    <![CDATA[<b>Clicked on Opportunity link from Menu </b> <br />
<b>Click on Search text box on Opportunity page</b> <br />
<b>Getting the  quote id from excel sheet =UOH37416</b> <br />
<b>Enter the proposal in search text box =UOH37416</b> <br />]]>
  </system-out>
  <testcase classname="com.amt.test.LOU.Lead_ownbook_purchase_business_decline_any_flow_Test2" name="UW7_verify_ownbook_oppoortunity_accept_with_changes_underwriting_pop_up" time="8.232"/>
  <system-out>
    <![CDATA[<b> Underwriting icon is available </b> <br />]]>
  </system-out>
</testsuite> <!-- com.amt.test.LOU.Lead_ownbook_purchase_business_decline_any_flow_Test2 -->
