<?xml version="1.0" encoding="UTF-8"?>
<!-- Generated by org.testng.reporters.JUnitReportReporter -->
<testsuite hostname="DSK-969" failures="0" tests="4" name="com.amt.test.Acquisition_Quotes_Broker_BCH_with_maintenance_Test" time="147.647" errors="0" timestamp="2023-01-18T16:15:21 IST" skipped="0">
  <testcase classname="com.amt.test.Acquisition_Quotes_Broker_BCH_with_maintenance_Test" name="aquisition_quotes_user_flow_broker_bch_OTR_calculation_with_maintenance_test" time="55.588"/>
  <system-out>
    <![CDATA[<b>Clicked on Quote button </b> <br />
<b>Manufacture =AUDI has been selected</b> <br />
<b>Model range =A7 has been selected</b> <br />
<b>Vehicle has been selected</b> <br />
<b>Paint option has been selected</b> <br />
<b>Interior option has been selected</b> <br />
<b>Acquisition Contract type option selected = Broker </b> <br />
<b>Customer Contract type option selected = Business Contract Hire(BCH)</b> <br />
<b>Getting Basic Price- Vehicle value is  =46854.17</b> <br />
<b>Getting Basic Price - Paint  value is  =0.00</b> <br />
<b>Getting  Basic Price - Options value is   =833.33</b> <br />
<b>Getting Discount- Vehicle value is  =0.00</b> <br />
<b>Getting   Discount - Paint value is   =0.00</b> <br />
<b>Getting  Discount- Options value is   =0.00</b> <br />
<b>Getting Additional Discount- Vehicle value is  =0.00</b> <br />
<b>Getting  Additional Discount - paint value is  =0.00</b> <br />
<b>Getting  Additional Discount - Options value is  =0.00</b> <br />
<b>Writing OTR table values to excel sheet -Started </b> <br />
<b>Writing OTR table values to excel sheet -Completed </b> <br />
<b>Reading Subtotal After Discount from excel sheet -Started </b> <br />
<b>Reading Subtotal After Discount from excel sheet -Started </b> <br />
<b>Subtotal After Discount from excel sheet is =47687.5</b> <br />
<b>Subtotal after discount actual value from screen =Â£ 47,687.50</b> <br />]]>
  </system-out>
  <testcase classname="com.amt.test.Acquisition_Quotes_Broker_BCH_with_maintenance_Test" name="aquisition_quotes_user_flow_broker_bch_after_discount_calculations_with_maintenance_test" time="1.940"/>
  <system-out>
    <![CDATA[<b>*********Calculations for On Road Price has been started***********</b> <br />
<b>Started getting On screen values from after discount table </b> <br />
<b>Manufacture_delivery_charges =550.00</b> <br />
<b>Road_tax_first_year =585.00</b> <br />
<b>First_registration_fee =55.00</b> <br />
<b>Rebate =0.00</b> <br />
<b>Writing After discount values to excel has been started</b> <br />
<b>Writing After discount values to excel has been completed</b> <br />
<b>Reading On Road Price for invoice from excel has been Started</b> <br />
<b>Reading On Road Price for invoice from excel has been completed</b> <br />
<b>Expected on the road price from excel is =58525.0</b> <br />
<b>Actual on the road price from screen is =58525.00</b> <br />]]>
  </system-out>
  <testcase classname="com.amt.test.Acquisition_Quotes_Broker_BCH_with_maintenance_Test" name="aquisition_quotes_user_flow_broker_bch_funder_quote_addition_with_maintenance_test" time="41.680"/>
  <system-out>
    <![CDATA[<b>Funder quote added successfully</b> <br />]]>
  </system-out>
  <testcase classname="com.amt.test.Acquisition_Quotes_Broker_BCH_with_maintenance_Test" name="aquisition_quotes_user_flow_broker_bch_quote_summary_values_verification_with_maintenance_test" time="48.439"/>
  <system-out>
    <![CDATA[<b>*************Calculations for Quote Summary page gas been started************</b> <br />
<b>Reading values from sceen -Quote Summary Page</b> <br />
<b>Getting values from screen</b> <br />
<b>Quote_summary_cost_otr_price =58,525.00</b> <br />
<b>Customer contract_type =Business Contract Hire</b> <br />
<b>Customer Quote generated successfully and Quote_ref_no =LZJ70442</b> <br />
<b>Reading values from excel sheet to compare it with quote summary on screen values</b> <br />
<b>Comparing excel values with actual values on screen</b> <br />
<b>OTR price compared</b> <br />]]>
  </system-out>
</testsuite> <!-- com.amt.test.Acquisition_Quotes_Broker_BCH_with_maintenance_Test -->
