<?xml version="1.0" encoding="UTF-8"?>
<!-- Generated by org.testng.reporters.JUnitReportReporter -->
<testsuite hostname="DSK-951" failures="0" tests="4" name="com.amt.test.Acquisition_Quotes_Broker_PCH_with_maintenance_edited_Test" time="122.803" errors="0" timestamp="2022-12-21T17:46:32 IST" skipped="0">
  <testcase classname="com.amt.test.Acquisition_Quotes_Broker_PCH_with_maintenance_edited_Test" name="aquisition_quotes_user_flow_broker_pch_vehicle_price_edited_with_maintenance_test" time="66.446"/>
  <system-out>
    <![CDATA[<b>Clicked on Quote button </b> <br />
<b>Manufacture =AUDI has been selected</b> <br />
<b>Model range =A7 has been selected</b> <br />
<b>Vehicle has been selected</b> <br />
<b>Paint option has been selected</b> <br />
<b>Interior option has been selected</b> <br />
<b>Contract type option has been selected</b> <br />
<b>Getting Basic Price- Vehicle value is  =50000</b> <br />
<b>Getting Basic Price - Paint  value is  =0.00</b> <br />
<b>Getting  Basic Price - Options value is   =833.33</b> <br />
<b>Getting Discount- Vehicle value is  =0.00</b> <br />
<b>Getting   Discount - Paint value is   =0.00</b> <br />
<b>Getting  Discount- Options value is   =0.00</b> <br />
<b>Getting Additional Discount- Vehicle value is  =0.00</b> <br />
<b>Getting  Additional Discount - paint value is  =0.00</b> <br />
<b>Getting  Additional Discount - Options value is  =0.00</b> <br />
<b>Writing OTR table values to excel sheet -Started </b> <br />
<b>Writing OTR table values to excel sheet -Completed </b> <br />
<b>Reading Subtotal After Discount from excel sheet -Started </b> <br />
<b>Reading Subtotal After Discount from excel sheet -Started </b> <br />
<b>Subtotal After Discount from excel sheet is =50833.33</b> <br />
<b>Subtotal after discount actual value from screen =Â£ 50,833.33</b> <br />]]>
  </system-out>
  <testcase classname="com.amt.test.Acquisition_Quotes_Broker_PCH_with_maintenance_edited_Test" name="aquisition_quotes_user_flow_broker_pch_road_tax_for_first_year_edited_with_maintenance_test" time="2.627"/>
  <system-out>
    <![CDATA[<b>*********Calculations for On Road Price has been started***********</b> <br />
<b>Started getting On screen values from after discount table </b> <br />
<b>Manufacture_delivery_charges =550.00</b> <br />
<b>Road_tax_first_year_from_test_data =600</b> <br />
<b>First_registration_fee =55.00</b> <br />
<b>Rebate =0.00</b> <br />
<b>Writing After discount values to excel has been started</b> <br />
<b>Writing After discount values to excel has been completed</b> <br />
<b>Reading On Road Price for invoice from excel has been Started</b> <br />
<b>Reading On Road Price for invoice from excel has been completed</b> <br />
<b>Expected on the road price from excel is =62315.0</b> <br />
<b>Actual on the road price from screen is =62315.00</b> <br />]]>
  </system-out>
  <testcase classname="com.amt.test.Acquisition_Quotes_Broker_PCH_with_maintenance_edited_Test" name="aquisition_quotes_user_flow_broker_pch_customer_quote_funder_quote_addition_with_maintenance_test" time="36.221"/>
  <system-out>
    <![CDATA[<b>Funder quote added successfully</b> <br />]]>
  </system-out>
  <testcase classname="com.amt.test.Acquisition_Quotes_Broker_PCH_with_maintenance_edited_Test" name="aquisition_quotes_user_flow_broker_pch_with_maintenance_quote_summary_page_value_verification_test" time="17.509"/>
  <system-out>
    <![CDATA[<b>*************Calculations for Quote Summary page gas been started************</b> <br />
<b>Reading values from sceen -Quote Summary Page</b> <br />
<b>Getting values from screen</b> <br />
<b>Quote_summary_cost_otr_price =62,315.00</b> <br />
<b>Customer contract_type =Personal Contract Hire</b> <br />
<b>Customer Quote generated successfully and Quote_ref_no =XBP85319</b> <br />
<b>Reading values from excel sheet to compare it with quote summary on screen values</b> <br />
<b>Comparing excel values with actual values on screen</b> <br />
<b>OTR price compared</b> <br />]]>
  </system-out>
</testsuite> <!-- com.amt.test.Acquisition_Quotes_Broker_PCH_with_maintenance_edited_Test -->
