<?xml version="1.0" encoding="UTF-8"?>
<!-- Generated by org.testng.reporters.JUnitReportReporter -->
<testsuite hostname="DSK-4052" failures="0" tests="5" name="com.amt.test.broker.Acquisition_Quotes_Broker_PCP_without_maintenance_Test" time="122.223" errors="0" timestamp="2023-06-22T18:17:54 IST" skipped="0">
  <testcase classname="com.amt.test.broker.Acquisition_Quotes_Broker_PCP_without_maintenance_Test" name="aquisition_quotes_user_flow_broker_PCP_OTR_calculation_without_maintenance_test" time="58.973"/>
  <system-out>
    <![CDATA[<b>Clicked on Quote button </b> <br />
<b>Manufacture =AUDI has been selected</b> <br />
<b>Model range =A7 has been selected</b> <br />
<b>Vehicle has been selected</b> <br />
<b>Paint option has been selected</b> <br />
<b>Interior option has been selected</b> <br />
<b>Acquisition Contract type option selected = Broker </b> <br />
<b>Customer Contract type option selected = Personal Contract Purchase(PCP)</b> <br />
<b>Getting Basic Price- Vehicle value is  =44854.17</b> <br />
<b>Getting Basic Price - Paint  value is  =0.00</b> <br />
<b>Getting  Basic Price - Options value is   =833.33</b> <br />
<b>Getting Discount- Vehicle value is  =0.00</b> <br />
<b>Getting   Discount - Paint value is   =0.00</b> <br />
<b>Getting  Discount- Options value is   =0.00</b> <br />
<b>Getting Additional Discount- Vehicle value is  =0.00</b> <br />
<b>Getting  Additional Discount - paint value is  =0.00</b> <br />
<b>Getting  Additional Discount - Options value is  =0.00</b> <br />
<b>Writing OTR table values to excel sheet -Started </b> <br />
<b>Writing OTR table values to excel sheet -Completed </b> <br />
<b>Reading Subtotal After Discount from excel sheet -Started </b> <br />
<b>Reading Subtotal After Discount from excel sheet -Started </b> <br />
<b>Subtotal After Discount from excel sheet is =45687.5</b> <br />
<b>Subtotal after discount actual value from screen =Â£ 45,687.50</b> <br />]]>
  </system-out>
  <testcase classname="com.amt.test.broker.Acquisition_Quotes_Broker_PCP_without_maintenance_Test" name="aquisition_quotes_user_flow_broker_PCP_after_discount_calculations_without_maintenance_test" time="1.542"/>
  <system-out>
    <![CDATA[<b>*********Calculations for On Road Price has been started***********</b> <br />
<b>Started getting On screen values from after discount table </b> <br />
<b>Manufacture_delivery_charges =550.0</b> <br />
<b>Road_tax_first_year =585.0</b> <br />
<b>First_registration_fee =55.0</b> <br />
<b>Rebate =0.0</b> <br />
<b>Writing After discount values to excel has been started</b> <br />
<b>Writing After discount values to excel has been completed</b> <br />
<b>Reading On Road Price for invoice from excel has been Started</b> <br />
<b>Reading On Road Price for invoice from excel has been completed</b> <br />
<b>Expected on the road price from excel is =56125.0</b> <br />
<b>Actual on the road price from screen is =56125.00</b> <br />]]>
  </system-out>
  <testcase classname="com.amt.test.broker.Acquisition_Quotes_Broker_PCP_without_maintenance_Test" name="aquisition_quotes_user_flow_broker_PCP_vehicle_profit_check_without_maintenance_test" time="5.034"/>
  <system-out>
    <![CDATA[<b>Vehicle profit from test data 1200.0 added to otr cost price 56125.0</b> <br />
<b>After adding profit to cost price 56125.0 sales price is shown as (considering VAT%) 57565.0</b> <br />
<b>Vehicle profit verified</b> <br />]]>
  </system-out>
  <testcase classname="com.amt.test.broker.Acquisition_Quotes_Broker_PCP_without_maintenance_Test" name="aquisition_quotes_user_flow_broker_PCP_balance_to_finance_check_without_maintenance_test" time="30.549"/>
  <system-out>
    <![CDATA[<b></b> <br />
<b>Adding Funder Quote Values to Screen</b> <br />
<b>Funder Quote Added Successfully</b> <br />
<b></b> <br />
<b>Entering Part Exchange Values to screen</b> <br />
<b></b> <br />
<b>Entering Part Exchange Values to screen</b> <br />
<b>Clicked on Part Exchange panel</b> <br />
<b></b> <br />
<b>Started verifying Balance To Finance</b> <br />
<b>Funder quote added successfully</b> <br />
<b>Balance To Finance Expected is =57165.0</b> <br />
<b>Balance To Finance Actual From Screen is =57165.0</b> <br />
<b>Balance to finance value from customer quote summary - verified</b> <br />]]>
  </system-out>
  <testcase classname="com.amt.test.broker.Acquisition_Quotes_Broker_PCP_without_maintenance_Test" name="aquisition_quotes_user_flow_broker_PCP_quote_summary_values_verification_without_maintenance_test" time="26.125"/>
  <system-out>
    <![CDATA[<b>*************Calculations for Quote Summary page gas been started************</b> <br />
<b>Quote Summary Data collected and sent to Quote save Excel</b> <br />]]>
  </system-out>
</testsuite> <!-- com.amt.test.broker.Acquisition_Quotes_Broker_PCP_without_maintenance_Test -->
