<?xml version="1.0" encoding="UTF-8"?>
<!-- Generated by org.testng.reporters.JUnitReportReporter -->
<testsuite hostname="DSK-4052" failures="0" tests="19" name="com.amt.test.LOU.LOU_ownbook_business_purchase_funder_accept_with_changes_Test" time="771.733" errors="1" timestamp="2024-01-24T15:15:51 IST" skipped="2">
  <testcase classname="com.amt.test.LOU.LOU_ownbook_business_purchase_funder_accept_with_changes_Test" name="L1_create_lead_convert_to_lead_for_ownbook_business_flow" time="174.038"/>
  <system-out>
    <![CDATA[<b>Clicked on Leads on Side Menu</b> <br />
<b>Clicked on add lead</b> <br />
<b>Lead is assigned</b> <br />
<b>Added data in General Notes</b> <br />
<b>Customer type - Business selected</b> <br />
<b>Clicked on Add new vehicle request</b> <br />
<b>Clicked on ownbook channel</b> <br />
<b>Vehicle request for broker has been saved</b> <br />
<b>Click on Map New Quote icon</b> <br />
<b>Click on acquisition contract type icon</b> <br />
<b>Click on customer contract type icon</b> <br />
<b>Click on search button</b> <br />
<b>Click on created date button 1st </b> <br />
<b>Click on created date button 2nd</b> <br />
<b>New Quote has been mapped with lead</b> <br />
<b>click ok button on Map  new quote </b> <br />
<b></b> <br />
<b>Started Verifying Table values</b> <br />
<b></b> <br />
<b>PRS41861 = PRS41861</b> <br />
<b>Quote no. compared and found ok</b> <br />
<b></b> <br />
<b>AUDI A1 SPORTBACK (2018 - Current) 25 TFSI Black Edition 5dr = AUDI A1 SPORTBACK (2018 - Current) 25 TFSI Black Edition 5dr</b> <br />
<b>Vehicle name compared and found ok</b> <br />
<b></b> <br />
<b>Hire Purchase Non-Regulated = Hire Purchase Non-Regulated</b> <br />
<b>Contract type compared and found ok</b> <br />
<b></b> <br />
<b>754.11 = 754.11</b> <br />
<b>Monthly finance rental compared and found ok</b> <br />
<b></b> <br />
<b>5000.0 = 5000.0</b> <br />
<b>Mileage compared and found ok</b> <br />
<b></b> <br />
<b>33.0 = 33.0</b> <br />
<b>Terms compared and found ok</b> <br />
<b></b> <br />
<b>05/12/2024 != 05/12/24</b> <br />
<b>Expiry date compared but found not ok</b> <br />
<b>Click on Lead save and Convert button</b> <br />
<b></b> <br />
<b>Started Verifying Table values</b> <br />
<b></b> <br />
<b>PRS41861 = PRS41861</b> <br />
<b>Quote no. compared and found ok</b> <br />
<b></b> <br />
<b>AUDI A1 SPORTBACK (2018 - Current) 25 TFSI Black Edition 5dr = AUDI A1 SPORTBACK (2018 - Current) 25 TFSI Black Edition 5dr</b> <br />
<b>Vehicle name compared and found ok</b> <br />
<b></b> <br />
<b>Hire Purchase Non-Regulated = Hire Purchase Non-Regulated</b> <br />
<b>Contract type compared and found ok</b> <br />
<b></b> <br />
<b>754.11 = 754.11</b> <br />
<b>Monthly finance rental compared and found ok</b> <br />
<b></b> <br />
<b>5000.0 = 5000.0</b> <br />
<b>Mileage compared and found ok</b> <br />
<b></b> <br />
<b>33.0 = 33.0</b> <br />
<b>Terms compared and found ok</b> <br />
<b></b> <br />
<b>05/12/2024 != 05/12/24</b> <br />
<b>Expiry date compared but found not ok</b> <br />
<b></b> <br />
<b>In Lead created Opportunity Id is =ED-0564</b> <br />
<b></b> <br />]]>
  </system-out>
  <testcase classname="com.amt.test.LOU.LOU_ownbook_business_purchase_funder_accept_with_changes_Test" name="L2_ownbook_business_current_status_before_sending_to_proposal" time="13.522"/>
  <system-out>
    <![CDATA[<b>Clicked on Opportunity link from Menu </b> <br />
<b>listing_proposal_status is = Proposal Required</b> <br />
<b>Enter the Opportunity id in Search Text box</b> <br />
<b>Current Status of Opportunity Status value is = Open</b> <br />
<b>Current Status of Proposal value is = Proposal Required</b> <br />
<b>Current Status of Channel value is =  Draft</b> <br />
<b>Current Status of  Quote ref is = Draft</b> <br />
<b>Status Verified : Before sending the proposal</b> <br />]]>
  </system-out>
  <testcase classname="com.amt.test.LOU.LOU_ownbook_business_purchase_funder_accept_with_changes_Test" name="L3_verify_table_values_on_opportunity_page_before_sending_proposal" time="3.982"/>
  <system-out>
    <![CDATA[<b></b> <br />
<b>Started Verifying Table values</b> <br />
<b></b> <br />
<b>PRS41861 = PRS41861</b> <br />
<b>Quote no. compared and found ok</b> <br />
<b></b> <br />
<b>AUDI A1 SPORTBACK (2018 - Current) 25 TFSI Black Edition 5dr = AUDI A1 SPORTBACK (2018 - Current) 25 TFSI Black Edition 5dr</b> <br />
<b>Vehicle name compared and found ok</b> <br />
<b></b> <br />
<b>Hire Purchase Non-Regulated = Hire Purchase Non-Regulated</b> <br />
<b>Contract type compared and found ok</b> <br />
<b></b> <br />
<b>754.11 = 754.11</b> <br />
<b>Monthly finance rental compared and found ok</b> <br />
<b></b> <br />
<b>5000.0 = 5000.0</b> <br />
<b>Mileage compared and found ok</b> <br />
<b></b> <br />
<b>33.0 = 33.0</b> <br />
<b>Terms compared and found ok</b> <br />
<b></b> <br />
<b>05/12/2024 != 05/12/24</b> <br />
<b>Expiry date compared but found not ok</b> <br />
<b></b> <br />
<b>Table values verified Successfully</b> <br />]]>
  </system-out>
  <testcase classname="com.amt.test.LOU.LOU_ownbook_business_purchase_funder_accept_with_changes_Test" name="L4_fill_up_the_required_fields_for_sending_a_proposal" time="99.782"/>
  <system-out>
    <![CDATA[<b>click on Proposal icon</b> <br />
<b>click on Proposal icon</b> <br />
<b>Proposal page will display </b> <br />
<b>Send proposal to customer pop up  will open</b> <br />
<b>Click on Manual fill radio button - Yes</b> <br />
<b>Click on manually submit behalf of customer link</b> <br />]]>
  </system-out>
  <testcase classname="com.amt.test.LOU.LOU_ownbook_business_purchase_funder_accept_with_changes_Test" name="L5_ownbook_create_opportunity_business_currentstatus_after_sending_to_proposal" time="0.186"/>
  <system-out>
    <![CDATA[<b>Current Status of Opportunity Status value is = Open</b> <br />
<b>Current Status of Proposal value is = Proposal Received</b> <br />
<b>Current Status of Channel value is =  Draft</b> <br />
<b>Current Status of  Quote ref is = Draft</b> <br />
<b>Status Verified : After sending the proposal</b> <br />]]>
  </system-out>
  <testcase classname="com.amt.test.LOU.LOU_ownbook_business_purchase_funder_accept_with_changes_Test" name="L6_ownbook_sending_contract" time="17.709"/>
  <system-out>
    <![CDATA[<b>click on Send_Contract icon</b> <br />
<b>Contract Sent Successfully</b> <br />]]>
  </system-out>
  <testcase classname="com.amt.test.LOU.LOU_ownbook_business_purchase_funder_accept_with_changes_Test" name="L7_verify_current_status_on_opportunity_page_after_sending_contract_for_ownbook_business_flow" time="4.167"/>
  <system-out>
    <![CDATA[<b>Current Status of Proposal value is = Proposal Received</b> <br />
<b>Current Status of Channel value is =  Sent to customer</b> <br />
<b>Current Status of  Quote ref is = Sent to customer</b> <br />
<b>Status Verified : Sent to customer</b> <br />]]>
  </system-out>
  <testcase classname="com.amt.test.LOU.LOU_ownbook_business_purchase_funder_accept_with_changes_Test" name="L8_ownbook_signed_contract_status_with_api_call" time="30.471"/>
  <system-out>
    <![CDATA[<b>Status code 200 received </b> <br />
<b>Enter the Opportunity id in Search Text box</b> <br />]]>
  </system-out>
  <testcase classname="com.amt.test.LOU.LOU_ownbook_business_purchase_funder_accept_with_changes_Test" name="L9_ownbook_status_after_contract_signed" time="10.118"/>
  <system-out>
    <![CDATA[<b>Current Status of Proposal value is = Proposal Received</b> <br />
<b>Current Status of Channel value is =  Contract signed</b> <br />
<b>Current Status of  Quote ref is = Contract signed</b> <br />
<b>Status Verified : Contract Signed </b> <br />]]>
  </system-out>
  <testcase classname="com.amt.test.LOU.LOU_ownbook_business_purchase_funder_accept_with_changes_Test" name="UW1_verify_underwriting_flow_ownbook_with_status" time="90.089"/>
  <system-out>
    <![CDATA[<b> Underwriting icon is available </b> <br />
<b>Underwriting pop up -quote ref no => Quote reference no.:
PRS41861</b> <br />
<b>Underwriting Popup Proposal Id is =RTY5109</b> <br />
<b></b> <br />
<b>Started Verifying Summary values</b> <br />
<b></b> <br />
<b>Quote reference no.:
PRS41861 != PRS41861</b> <br />
<b>Quote no. compared but found not ok</b> <br />
<b></b> <br />
<b>AUDI A1 SPORTBACK (2018 - Current) 25 TFSI Black Edition 5dr = AUDI A1 SPORTBACK (2018 - Current) 25 TFSI Black Edition 5dr</b> <br />
<b>Vehicle name compared and found ok</b> <br />
<b></b> <br />
<b>Hire Purchase Non-Regulated = Hire Purchase Non-Regulated</b> <br />
<b>Contract type compared and found ok</b> <br />
<b></b> <br />
<b>33.0 = 33.0</b> <br />
<b>Terms compared and found ok</b> <br />
<b></b> <br />
<b>5000.0 = 5000.0</b> <br />
<b>Mileage compared and found ok</b> <br />
<b></b> <br />
<b>21366.67 = 21366.67</b> <br />
<b>Basic Cash Price found OK</b> <br />
<b></b> <br />
<b>4273.33 = 4273.334</b> <br />
<b>VAT found OK</b> <br />
<b></b> <br />
<b>245.0 = 245.0</b> <br />
<b>Non VAT Items Value found OK</b> <br />
<b></b> <br />
<b>25885.0 = 25885.003999999997</b> <br />
<b>Total Cash Price found OK</b> <br />
<b></b> <br />
<b>0.0 = 0.0</b> <br />
<b>Order Deposit found OK</b> <br />
<b></b> <br />
<b>0.0 = 0.0</b> <br />
<b>Finance Deposit found OK</b> <br />
<b></b> <br />
<b>0.0 = 0.0</b> <br />
<b>Total Deposit found OK</b> <br />
<b></b> <br />
<b>25885.0 = 25885.003999999997</b> <br />
<b>Balance to Finance found OK</b> <br />
<b></b> <br />
<b>4246.52 = 4246.646765971618</b> <br />
<b>Finance Charges - found OK</b> <br />
<b></b> <br />
<b>199.99 = 199.99</b> <br />
<b>Document Fee - found OK</b> <br />
<b></b> <br />
<b>30381.51 = 30381.638765971617</b> <br />
<b>Balance Payable - found OK</b> <br />
<b></b> <br />
<b>10.0 = 10.0</b> <br />
<b>Option To Purchase Fee - found OK</b> <br />
<b></b> <br />
<b>239.99 = 239.988</b> <br />
<b>Initial Cash Payment - found OK</b> <br />
<b></b> <br />
<b>32.0 = 32.0</b> <br />
<b>Followed By months - found OK</b> <br />
<b></b> <br />
<b>754.11 = 754.1140864366125</b> <br />
<b>Monthly Finance Payment - found OK</b> <br />
<b></b> <br />
<b>6000.0 = 6000.0</b> <br />
<b>Balloon Value - found OK</b> <br />
<b></b> <br />
<b>6010.0 = 6010.0</b> <br />
<b>Final Payment - found OK</b> <br />
<b></b> <br />
<b>0.0 = 0.0</b> <br />
<b>Vehicle Commission - found OK</b> <br />
<b></b> <br />
<b>202.23 = 202.22659375</b> <br />
<b>Default Finance Commission - found OK</b> <br />
<b></b> <br />
<b>99.99 = 99.99000000000001</b> <br />
<b>Document Fee Commission - found OK</b> <br />
<b></b> <br />
<b>302.22 = 302.21659375</b> <br />
<b>Total Commission - found OK</b> <br />
<b></b> <br />
<b>One or More than One values on underwriting pop up may be wrong , please check all above values printed on console</b> <br />
<b></b> <br />
<b>click on underwriting_send_for_underwriting  button </b> <br />
<b>Values on Underwriting pop up are verified succcessfully and opportunity sent for underwriting</b> <br />]]>
  </system-out>
  <testcase classname="com.amt.test.LOU.LOU_ownbook_business_purchase_funder_accept_with_changes_Test" name="UW2_verify_status_after_sending_to_underwriting" time="1.127"/>
  <system-out>
    <![CDATA[<b>Current Status of Proposal value is = Proposal Received</b> <br />
<b>Current Status of Channel value is =  Awaiting underwriting</b> <br />
<b>Current Status of  Quote ref is = Awaiting underwriting</b> <br />
<b>Status Verified : Awaiting Underwriting </b> <br />]]>
  </system-out>
  <testcase classname="com.amt.test.LOU.LOU_ownbook_business_purchase_funder_accept_with_changes_Test" name="UW3_verify_underwriting_lisitig_page" time="13.041"/>
  <system-out>
    <![CDATA[<b>Click on Underwriting menu_link </b> <br />
<b>Click on Underwriting - ownbook tab </b> <br />
<b>Click on Search text box - broker tab</b> <br />
<b>Getting the  proposal id from excel sheet =RTY5109</b> <br />
<b>Enter the proposal in search text box =RTY5109</b> <br />]]>
  </system-out>
  <testcase classname="com.amt.test.LOU.LOU_ownbook_business_purchase_funder_accept_with_changes_Test" name="UW4_verify_ownbook_underwriting_proposal_page_flow" time="124.939"/>
  <system-out>
    <![CDATA[<b>Click on Underwriting detail page for proposal</b> <br />
<b>Clicked on Underwriting quote page</b> <br />
<b></b> <br />
<b>25885.0 != 25885.003999999997</b> <br />
<b>Cost Otr Price compared but found not ok</b> <br />
<b></b> <br />
<b>21366.67 = 21366.67</b> <br />
<b>Cost Otr Price compared and found ok</b> <br />
<b></b> <br />
<b>4273.33 != 4273.334</b> <br />
<b>Otr Vat compared but found not ok</b> <br />
<b></b> <br />
<b>245.0 = 245.0</b> <br />
<b>Otr Rfl And Frf compared and found ok</b> <br />
<b></b> <br />
<b>PRS41861 = PRS41861</b> <br />
<b>Quote no. compared and found ok</b> <br />
<b></b> <br />
<b>AUDI A1 SPORTBACK (2018 - Current) 25 TFSI Black Edition 5dr = AUDI A1 SPORTBACK (2018 - Current) 25 TFSI Black Edition 5dr</b> <br />
<b>Vehicle name compared and found ok</b> <br />
<b></b> <br />
<b>Hire Purchase Non-Regulated = Hire Purchase Non-Regulated</b> <br />
<b>Contract type compared and found ok</b> <br />
<b></b> <br />
<b>33.0 = 33.0</b> <br />
<b>Terms compared and found ok</b> <br />
<b></b> <br />
<b>5000.0 = 5000.0</b> <br />
<b>Mileage compared and found ok</b> <br />
<b></b> <br />
<b>21366.67 = 21366.67</b> <br />
<b>Basic Cash Price found OK</b> <br />
<b></b> <br />
<b>4273.33 = 4273.334</b> <br />
<b>VAT found OK</b> <br />
<b></b> <br />
<b>245.0 = 245.0</b> <br />
<b>Non VAT Items Value found OK</b> <br />
<b></b> <br />
<b>25885.0 = 25885.003999999997</b> <br />
<b>Total Cash Price found OK</b> <br />
<b></b> <br />
<b>0.0 = 0.0</b> <br />
<b>Order Deposit found OK</b> <br />
<b></b> <br />
<b>0.0 = 0.0</b> <br />
<b>Finance Deposit found OK</b> <br />
<b></b> <br />
<b>0.0 = 0.0</b> <br />
<b>Total Deposit found OK</b> <br />
<b></b> <br />
<b>25885.0 = 25885.003999999997</b> <br />
<b>Balance to Finance found OK</b> <br />
<b></b> <br />
<b>4246.52 = 4246.646765971618</b> <br />
<b>Finance Charges - found OK</b> <br />
<b></b> <br />
<b>199.99 = 199.99</b> <br />
<b>Document Fee - found OK</b> <br />
<b></b> <br />
<b>30381.51 = 30381.638765971617</b> <br />
<b>Balance Payable - found OK</b> <br />
<b></b> <br />
<b>10.0 = 10.0</b> <br />
<b>Option To Purchase Fee - found OK</b> <br />
<b></b> <br />
<b>239.99 = 239.988</b> <br />
<b>Initial Cash Payment - found OK</b> <br />
<b></b> <br />
<b>32.0 = 32.0</b> <br />
<b>Followed By months - found OK</b> <br />
<b></b> <br />
<b>754.11 = 754.1140864366125</b> <br />
<b>Monthly Finance Payment - found OK</b> <br />
<b></b> <br />
<b>6000.0 = 6000.0</b> <br />
<b>Balloon Value - found OK</b> <br />
<b></b> <br />
<b>6010.0 = 6010.0</b> <br />
<b>Final Payment - found OK</b> <br />
<b></b> <br />
<b>0.0 = 0.0</b> <br />
<b>Vehicle Commission - found OK</b> <br />
<b></b> <br />
<b>202.23 = 202.22659375</b> <br />
<b>Default Finance Commission - found OK</b> <br />
<b></b> <br />
<b>99.99 = 99.99000000000001</b> <br />
<b>Document Fee Commission - found OK</b> <br />
<b></b> <br />
<b>302.22 = 302.21659375</b> <br />
<b>Total Commission - found OK</b> <br />
<b></b> <br />
<b>7.0 = 7.0</b> <br />
<b>Base Interest Rate found OK</b> <br />
<b></b> <br />
<b>2232.4 = 2232.5307659716163</b> <br />
<b>Finance Margin found OK</b> <br />
<b></b> <br />
<b>242.67 = 242.6719125</b> <br />
<b>Deductions found OK</b> <br />
<b></b> <br />
<b>99.99 = 99.99000000000001</b> <br />
<b>Additional Margin found OK</b> <br />
<b></b> <br />
<b>2089.72 = 2089.848853471616</b> <br />
<b>Total Margin found OK</b> <br />
<b></b> <br />
<b>0.94 = 0.9375000000000001</b> <br />
<b>Default Broker Margin percentage found OK</b> <br />
<b></b> <br />
<b>12.0 = 12.000000000000002</b> <br />
<b>Customer Interest Rate found OK</b> <br />
<b></b> <br />
<b>99.99 = 99.99000000000001</b> <br />
<b>Document Fee Margin found OK</b> <br />
<b></b> <br />
<b>242.67 = 242.6719125</b> <br />
<b>Default Broker Margin found OK</b> <br />
<b></b> <br />
<b>One or More than One values on underwriting quote tab may be wrong , please check all above values printed on console</b> <br />
<b></b> <br />
<b>Click on decision tab page</b> <br />]]>
  </system-out>
  <testcase classname="com.amt.test.LOU.LOU_ownbook_business_purchase_funder_accept_with_changes_Test" name="UW5_verify_ownbook_underwriting_proposal_decision_with_accept" time="46.292"/>
  <system-out>
    <![CDATA[<b>Click on decision Accept button</b> <br />
<b>Entering values to input field</b> <br />
<b>Current Status of accept value is = Conditional acceptance</b> <br />]]>
  </system-out>
  <testcase classname="com.amt.test.LOU.LOU_ownbook_business_purchase_funder_accept_with_changes_Test" name="UW6_verify_ownbook_opportunity_search_text_box_accept_with_changes" time="24.462"/>
  <system-out>
    <![CDATA[<b>Clicked on Opportunity link from Menu </b> <br />
<b>Click on Search text box on Opportunity page</b> <br />
<b>Enter the opportunity ID in search text box =ED-0564</b> <br />]]>
  </system-out>
  <testcase classname="com.amt.test.LOU.LOU_ownbook_business_purchase_funder_accept_with_changes_Test" name="UW7_verify_ownbook_opportunity_accept_with_changes_underwriting_pop_up" time="66.691"/>
  <system-out>
    <![CDATA[<b> Underwriting icon is available </b> <br />
<b>click on underwriting_send_for_underwriting  button </b> <br />]]>
  </system-out>
  <testcase classname="com.amt.test.LOU.LOU_ownbook_business_purchase_funder_accept_with_changes_Test" name="UW8_verify_ownbook_opportunity_underwriting_accept_with_changes_cancel_flow_verification" time="51.117">
    <error message="Expected condition failed: waiting for visibility of Proxy element for: DefaultElementLocator &#039;By.xpath: //input[@placeholder=&#039;Search something here&#039;]&#039; (tried for 50 second(s) with 500 milliseconds interval)" type="org.openqa.selenium.TimeoutException">
      <![CDATA[org.openqa.selenium.TimeoutException: Expected condition failed: waiting for visibility of Proxy element for: DefaultElementLocator 'By.xpath: //input[@placeholder='Search something here']' (tried for 50 second(s) with 500 milliseconds interval)
at org.openqa.selenium.support.ui.WebDriverWait.timeoutException(WebDriverWait.java:138)
at org.openqa.selenium.support.ui.FluentWait.until(FluentWait.java:231)
at com.amt.testUtil.ExplicitWait.visibleElement(ExplicitWait.java:24)
at com.amt.pages.Opportunities.verify_opportunity_ownbook_quote_search_text_box(Opportunities.java:2076)
at com.amt.test.LOU.LOU_ownbook_business_purchase_funder_accept_with_changes_Test.UW8_verify_ownbook_opportunity_underwriting_accept_with_changes_cancel_flow_verification(LOU_ownbook_business_purchase_funder_accept_with_changes_Test.java:399)
at java.base/jdk.internal.reflect.DirectMethodHandleAccessor.invoke(DirectMethodHandleAccessor.java:104)
at java.base/java.lang.reflect.Method.invoke(Method.java:578)
at org.testng.internal.MethodInvocationHelper.invokeMethod(MethodInvocationHelper.java:133)
at org.testng.internal.TestInvoker.invokeMethod(TestInvoker.java:598)
at org.testng.internal.TestInvoker.invokeTestMethod(TestInvoker.java:173)
at org.testng.internal.MethodRunner.runInSequence(MethodRunner.java:46)
at org.testng.internal.TestInvoker$MethodInvocationAgent.invoke(TestInvoker.java:824)
at org.testng.internal.TestInvoker.invokeTestMethods(TestInvoker.java:146)
at org.testng.internal.TestMethodWorker.invokeTestMethods(TestMethodWorker.java:146)
at org.testng.internal.TestMethodWorker.run(TestMethodWorker.java:128)
at java.base/java.util.ArrayList.forEach(ArrayList.java:1511)
at org.testng.TestRunner.privateRun(TestRunner.java:794)
at org.testng.TestRunner.run(TestRunner.java:596)
at org.testng.SuiteRunner.runTest(SuiteRunner.java:377)
at org.testng.SuiteRunner.runSequentially(SuiteRunner.java:371)
at org.testng.SuiteRunner.privateRun(SuiteRunner.java:332)
at org.testng.SuiteRunner.run(SuiteRunner.java:276)
at org.testng.SuiteRunnerWorker.runSuite(SuiteRunnerWorker.java:53)
at org.testng.SuiteRunnerWorker.run(SuiteRunnerWorker.java:96)
at org.testng.TestNG.runSuitesSequentially(TestNG.java:1212)
at org.testng.TestNG.runSuitesLocally(TestNG.java:1134)
at org.testng.TestNG.runSuites(TestNG.java:1063)
at org.testng.TestNG.run(TestNG.java:1031)
at org.testng.remote.AbstractRemoteTestNG.run(AbstractRemoteTestNG.java:115)
at org.testng.remote.RemoteTestNG.initAndRun(RemoteTestNG.java:251)
at org.testng.remote.RemoteTestNG.main(RemoteTestNG.java:77)
Caused by: org.openqa.selenium.NoSuchElementException: no such element: Unable to locate element: {"method":"xpath","selector":"//input[@placeholder='Search something here']"}
  (Session info: chrome=120.0.6099.225)
For documentation on this error, please visit: https://www.selenium.dev/documentation/webdriver/troubleshooting/errors#no-such-element-exception
Build info: version: '4.10.0', revision: 'c14d967899'
System info: os.name: 'Windows 10', os.arch: 'amd64', os.version: '10.0', java.version: '19.0.1'
Driver info: org.openqa.selenium.chrome.ChromeDriver
Command: [ae663d33ea78913d2568ed2e5427174f, findElement {using=xpath, value=//input[@placeholder='Search something here']}]
Capabilities {acceptInsecureCerts: false, browserName: chrome, browserVersion: 120.0.6099.225, chrome: {chromedriverVersion: 119.0.6045.105 (38c72552c5e..., userDataDir: C:\Users\NITEIN~1.KUR\AppDa...}, fedcm:accounts: true, goog:chromeOptions: {debuggerAddress: localhost:64398}, javascriptEnabled: true, networkConnectionEnabled: false, pageLoadStrategy: normal, platform: windows, platformName: windows, proxy: Proxy(), se:cdp: ws://localhost:64398/devtoo..., se:cdpVersion: 120.0.6099.225, setWindowRect: true, strictFileInteractability: false, timeouts: {implicit: 0, pageLoad: 300000, script: 30000}, unhandledPromptBehavior: dismiss and notify, webauthn:extension:credBlob: true, webauthn:extension:largeBlob: true, webauthn:extension:minPinLength: true, webauthn:extension:prf: true, webauthn:virtualAuthenticators: true}
Session ID: ae663d33ea78913d2568ed2e5427174f
at java.base/jdk.internal.reflect.DirectConstructorHandleAccessor.newInstance(DirectConstructorHandleAccessor.java:67)
at java.base/java.lang.reflect.Constructor.newInstanceWithCaller(Constructor.java:500)
at java.base/java.lang.reflect.Constructor.newInstance(Constructor.java:484)
at org.openqa.selenium.remote.codec.w3c.W3CHttpResponseCodec.createException(W3CHttpResponseCodec.java:200)
at org.openqa.selenium.remote.codec.w3c.W3CHttpResponseCodec.decode(W3CHttpResponseCodec.java:133)
at org.openqa.selenium.remote.codec.w3c.W3CHttpResponseCodec.decode(W3CHttpResponseCodec.java:53)
at org.openqa.selenium.remote.HttpCommandExecutor.execute(HttpCommandExecutor.java:184)
at org.openqa.selenium.remote.service.DriverCommandExecutor.invokeExecute(DriverCommandExecutor.java:164)
at org.openqa.selenium.remote.service.DriverCommandExecutor.execute(DriverCommandExecutor.java:139)
at org.openqa.selenium.remote.RemoteWebDriver.execute(RemoteWebDriver.java:559)
at org.openqa.selenium.remote.ElementLocation$ElementFinder$2.findElement(ElementLocation.java:162)
at org.openqa.selenium.remote.ElementLocation.findElement(ElementLocation.java:60)
at org.openqa.selenium.remote.RemoteWebDriver.findElement(RemoteWebDriver.java:383)
at org.openqa.selenium.remote.RemoteWebDriver.findElement(RemoteWebDriver.java:375)
at org.openqa.selenium.support.pagefactory.DefaultElementLocator.findElement(DefaultElementLocator.java:70)
at org.openqa.selenium.support.pagefactory.internal.LocatingElementHandler.invoke(LocatingElementHandler.java:39)
at jdk.proxy2/jdk.proxy2.$Proxy18.isDisplayed(Unknown Source)
at org.openqa.selenium.support.ui.ExpectedConditions.elementIfVisible(ExpectedConditions.java:307)
at org.openqa.selenium.support.ui.ExpectedConditions.access$000(ExpectedConditions.java:40)
at org.openqa.selenium.support.ui.ExpectedConditions$10.apply(ExpectedConditions.java:293)
at org.openqa.selenium.support.ui.ExpectedConditions$10.apply(ExpectedConditions.java:290)
at org.openqa.selenium.support.ui.FluentWait.until(FluentWait.java:208)
... 29 more
]]>
    </error>
  </testcase> <!-- UW8_verify_ownbook_opportunity_underwriting_accept_with_changes_cancel_flow_verification -->
  <system-out>
    <![CDATA[<br>----------Screenshot---------<br>
<img src="D:\LOU\AMT_LOU\target\surefire-reports\html\failure_screenshots\UW8_verify_ownbook_opportunity_underwriting_accept_with_changes_cancel_flow_verification_24_01_2024_03_15_51.png" height="800" width="1000">]]>
  </system-out>
  <testcase classname="com.amt.test.LOU.LOU_ownbook_business_purchase_funder_accept_with_changes_Test" name="UW9_ownbook_after_opportunity_underwriting_accept_with_changes_signed_contract_status_with_api_call" time="0.000">
    <skipped/>
  </testcase> <!-- UW9_ownbook_after_opportunity_underwriting_accept_with_changes_signed_contract_status_with_api_call -->
  <system-out/>
  <testcase classname="com.amt.test.LOU.LOU_ownbook_business_purchase_funder_accept_with_changes_Test" name="OP1_ownbook_after_Underwriting_accepted_mothlty_payment_price" time="0.000">
    <skipped/>
  </testcase> <!-- OP1_ownbook_after_Underwriting_accepted_mothlty_payment_price -->
  <system-out/>
</testsuite> <!-- com.amt.test.LOU.LOU_ownbook_business_purchase_funder_accept_with_changes_Test -->
