<?xml version="1.0" encoding="UTF-8"?>
<!-- Generated by org.testng.reporters.JUnitReportReporter -->
<testsuite hostname="DSK-4052" failures="0" tests="14" name="com.amt.test.LOU.LOU_ownbook_business_purchase_accept_without_any_changes_Test" time="484.300" errors="0" timestamp="2024-02-07T15:50:34 IST" skipped="0">
  <testcase classname="com.amt.test.LOU.LOU_ownbook_business_purchase_accept_without_any_changes_Test" name="L1_create_lead_convert_to_lead_for_ownbook_business_flow" time="93.149"/>
  <system-out>
    <![CDATA[<b>Clicked on Leads on Side Menu</b> <br />
<b>Clicked on add lead</b> <br />
<b>Lead is assigned</b> <br />
<b>Added data in General Notes</b> <br />
<b>Customer type - Business selected</b> <br />
<b>Clicked on Add new vehicle request</b> <br />
<b>Clicked on ownbook channel</b> <br />
<b>Vehicle request for broker has been saved</b> <br />
<b>Click on Map New Quote icon</b> <br />
<b>Click on acquisition contract type icon</b> <br />
<b>Click on customer contract type icon</b> <br />
<b>Click on search button</b> <br />
<b>Click on created date button 1st </b> <br />
<b>Click on created date button 2nd</b> <br />
<b>New Quote has been mapped with lead</b> <br />
<b>click ok button on Map  new quote </b> <br />
<b></b> <br />
<b>Started Verifying Table values</b> <br />
<b></b> <br />
<b>WUF57176 = WUF57176</b> <br />
<b>Quote no. compared and found ok</b> <br />
<b></b> <br />
<b>AUDI A7 DIESEL SPORTBACK (2023 - Current) 40 TDI Quattro Black Ed 5dr S Tronic [Tech pro] = AUDI A7 DIESEL SPORTBACK (2023 - Current) 40 TDI Quattro Black Ed 5dr S Tronic [Tech pro]</b> <br />
<b>Vehicle name compared and found ok</b> <br />
<b></b> <br />
<b>Hire Purchase Non-Regulated = Hire Purchase Non-Regulated</b> <br />
<b>Contract type compared and found ok</b> <br />
<b></b> <br />
<b>2739.0 = 2739.0</b> <br />
<b>Monthly finance rental compared and found ok</b> <br />
<b></b> <br />
<b>12000.0 = 12000.0</b> <br />
<b>Mileage compared and found ok</b> <br />
<b></b> <br />
<b>24.0 = 24.0</b> <br />
<b>Terms compared and found ok</b> <br />
<b></b> <br />
<b>08/03/2024 != 06/03/2024</b> <br />
<b>Expiry date compared but found not ok</b> <br />
<b>Click on Lead save and Convert button</b> <br />
<b></b> <br />
<b>Started Verifying Table values</b> <br />
<b></b> <br />
<b>WUF57176 = WUF57176</b> <br />
<b>Quote no. compared and found ok</b> <br />
<b></b> <br />
<b>AUDI A7 DIESEL SPORTBACK (2023 - Current) 40 TDI Quattro Black Ed 5dr S Tronic [Tech pro] = AUDI A7 DIESEL SPORTBACK (2023 - Current) 40 TDI Quattro Black Ed 5dr S Tronic [Tech pro]</b> <br />
<b>Vehicle name compared and found ok</b> <br />
<b></b> <br />
<b>Hire Purchase Non-Regulated = Hire Purchase Non-Regulated</b> <br />
<b>Contract type compared and found ok</b> <br />
<b></b> <br />
<b>2739.0 = 2739.0</b> <br />
<b>Monthly finance rental compared and found ok</b> <br />
<b></b> <br />
<b>12000.0 = 12000.0</b> <br />
<b>Mileage compared and found ok</b> <br />
<b></b> <br />
<b>24.0 = 24.0</b> <br />
<b>Terms compared and found ok</b> <br />
<b></b> <br />
<b>08/03/2024 != 06/03/2024</b> <br />
<b>Expiry date compared but found not ok</b> <br />
<b></b> <br />
<b>In Lead created Opportunity Id is =TR-4039</b> <br />
<b></b> <br />]]>
  </system-out>
  <testcase classname="com.amt.test.LOU.LOU_ownbook_business_purchase_accept_without_any_changes_Test" name="L2_ownbook_business_current_status_before_sending_to_proposal" time="18.226"/>
  <system-out>
    <![CDATA[<b>Clicked on Opportunity link from Menu </b> <br />
<b>listing_proposal_status is = Proposal Required</b> <br />
<b>Enter the Opportunity id in Search Text box</b> <br />
<b>Current Status of Opportunity Status value is = Open</b> <br />
<b>Current Status of Proposal value is = Proposal Required</b> <br />
<b>Current Status of Channel value is =  Draft</b> <br />
<b>Current Status of  Quote ref is = Draft</b> <br />
<b>Status Verified : Before sending the proposal</b> <br />]]>
  </system-out>
  <testcase classname="com.amt.test.LOU.LOU_ownbook_business_purchase_accept_without_any_changes_Test" name="L3_verify_table_values_on_opportunity_page_before_sending_proposal" time="4.115"/>
  <system-out>
    <![CDATA[<b></b> <br />
<b>Started Verifying Table values</b> <br />
<b></b> <br />
<b>WUF57176 = WUF57176</b> <br />
<b>Quote no. compared and found ok</b> <br />
<b></b> <br />
<b>AUDI A7 DIESEL SPORTBACK (2023 - Current) 40 TDI Quattro Black Ed 5dr S Tronic [Tech pro] = AUDI A7 DIESEL SPORTBACK (2023 - Current) 40 TDI Quattro Black Ed 5dr S Tronic [Tech pro]</b> <br />
<b>Vehicle name compared and found ok</b> <br />
<b></b> <br />
<b>Hire Purchase Non-Regulated = Hire Purchase Non-Regulated</b> <br />
<b>Contract type compared and found ok</b> <br />
<b></b> <br />
<b>2739.0 = 2739.0</b> <br />
<b>Monthly finance rental compared and found ok</b> <br />
<b></b> <br />
<b>12000.0 = 12000.0</b> <br />
<b>Mileage compared and found ok</b> <br />
<b></b> <br />
<b>24.0 = 24.0</b> <br />
<b>Terms compared and found ok</b> <br />
<b></b> <br />
<b>08/03/2024 != 06/03/2024</b> <br />
<b>Expiry date compared but found not ok</b> <br />
<b></b> <br />
<b>Table values verified Successfully</b> <br />]]>
  </system-out>
  <testcase classname="com.amt.test.LOU.LOU_ownbook_business_purchase_accept_without_any_changes_Test" name="L4_fill_up_the_required_fields_for_sending_a_proposal" time="83.673"/>
  <system-out>
    <![CDATA[<b>click on Proposal icon</b> <br />
<b>click on Proposal icon</b> <br />
<b>Proposal page will display </b> <br />
<b>Send proposal to customer pop up  will open</b> <br />
<b>Click on Manual fill radio button - Yes</b> <br />
<b>Click on manually submit behalf of customer link</b> <br />]]>
  </system-out>
  <testcase classname="com.amt.test.LOU.LOU_ownbook_business_purchase_accept_without_any_changes_Test" name="L5_ownbook_create_opportunity_business_currentstatus_after_sending_to_proposal" time="6.460"/>
  <system-out>
    <![CDATA[<b>Current Status of Opportunity Status value is = Open</b> <br />
<b>Current Status of Proposal value is = Proposal Received</b> <br />
<b>Current Status of Channel value is =  Draft</b> <br />
<b>Current Status of  Quote ref is = Draft</b> <br />
<b>Status Verified : After sending the proposal</b> <br />]]>
  </system-out>
  <testcase classname="com.amt.test.LOU.LOU_ownbook_business_purchase_accept_without_any_changes_Test" name="L6_ownbook_sending_contract" time="28.206"/>
  <system-out>
    <![CDATA[<b>click on Send_Contract icon</b> <br />
<b>Contract Sent Successfully</b> <br />]]>
  </system-out>
  <testcase classname="com.amt.test.LOU.LOU_ownbook_business_purchase_accept_without_any_changes_Test" name="L7_verify_current_status_on_opportunity_page_after_sending_contract_for_ownbook_business_flow" time="4.244"/>
  <system-out>
    <![CDATA[<b>Current Status of Proposal value is = Proposal Received</b> <br />
<b>Current Status of Channel value is =  Sent to customer</b> <br />
<b>Current Status of  Quote ref is = Sent to customer</b> <br />
<b>Status Verified : Sent to customer</b> <br />]]>
  </system-out>
  <testcase classname="com.amt.test.LOU.LOU_ownbook_business_purchase_accept_without_any_changes_Test" name="L8_ownbook_signed_contract_status_with_api_call" time="33.280"/>
  <system-out>
    <![CDATA[<b>Status code 200 received </b> <br />
<b>Enter the Opportunity id in Search Text box</b> <br />]]>
  </system-out>
  <testcase classname="com.amt.test.LOU.LOU_ownbook_business_purchase_accept_without_any_changes_Test" name="L9_ownbook_status_after_contract_signed" time="10.152"/>
  <system-out>
    <![CDATA[<b>Current Status of Proposal value is = Proposal Received</b> <br />
<b>Current Status of Channel value is =  Contract signed</b> <br />
<b>Current Status of  Quote ref is = Contract signed</b> <br />
<b>Status Verified : Contract Signed </b> <br />]]>
  </system-out>
  <testcase classname="com.amt.test.LOU.LOU_ownbook_business_purchase_accept_without_any_changes_Test" name="UW1_verify_underwriting_flow_ownbook_with_status" time="62.536"/>
  <system-out>
    <![CDATA[<b> Underwriting icon is available </b> <br />
<b>Underwriting pop up -quote ref no => Quote reference no.:
WUF57176</b> <br />
<b>Underwriting Popup Proposal Id is =KZY2069</b> <br />
<b></b> <br />
<b>Started Verifying Summary values</b> <br />
<b></b> <br />
<b>Quote reference no.:
WUF57176 != WUF57176</b> <br />
<b>Quote no. compared but found not ok</b> <br />
<b></b> <br />
<b>AUDI A7 DIESEL SPORTBACK (2023 - Current) 40 TDI Quattro Black Ed 5dr S Tronic [Tech pro] = AUDI A7 DIESEL SPORTBACK (2023 - Current) 40 TDI Quattro Black Ed 5dr S Tronic [Tech pro]</b> <br />
<b>Vehicle name compared and found ok</b> <br />
<b></b> <br />
<b>Hire Purchase Non-Regulated = Hire Purchase Non-Regulated</b> <br />
<b>Contract type compared and found ok</b> <br />
<b></b> <br />
<b>24.0 = 24.0</b> <br />
<b>Terms compared and found ok</b> <br />
<b></b> <br />
<b>12000.0 = 12000.0</b> <br />
<b>Mileage compared and found ok</b> <br />
<b></b> <br />
<b>68486.67 = 68486.67000000001</b> <br />
<b>Basic Cash Price found OK</b> <br />
<b></b> <br />
<b>13697.33 = 13697.334</b> <br />
<b>VAT found OK</b> <br />
<b></b> <br />
<b>700.0 = 700.0</b> <br />
<b>Non VAT Items Value found OK</b> <br />
<b></b> <br />
<b>82884.0 = 82884.00400000002</b> <br />
<b>Total Cash Price found OK</b> <br />
<b></b> <br />
<b>1000.0 = 1000.0</b> <br />
<b>Order Deposit found OK</b> <br />
<b></b> <br />
<b>1000.0 = 1000.0</b> <br />
<b>Finance Deposit found OK</b> <br />
<b></b> <br />
<b>2000.0 = 2000.0</b> <br />
<b>Total Deposit found OK</b> <br />
<b></b> <br />
<b>500.0 = 500.0</b> <br />
<b>Part Exchange Value - found OK</b> <br />
<b></b> <br />
<b>80384.0 = 80384.00400000002</b> <br />
<b>Balance to Finance found OK</b> <br />
<b></b> <br />
<b>13538.0 = 13538.026845851535</b> <br />
<b>Finance Charges - found OK</b> <br />
<b></b> <br />
<b>199.99 = 199.99</b> <br />
<b>Document Fee - found OK</b> <br />
<b></b> <br />
<b>94171.99 = 94172.01884585155</b> <br />
<b>Balance Payable - found OK</b> <br />
<b></b> <br />
<b>10.0 = 10.0</b> <br />
<b>Option To Purchase Fee - found OK</b> <br />
<b></b> <br />
<b>2239.99 = 2239.988</b> <br />
<b>Initial Cash Payment - found OK</b> <br />
<b></b> <br />
<b>23.0 = 23.0</b> <br />
<b>Followed By months - found OK</b> <br />
<b></b> <br />
<b>2739.0 = 2739.0013411239784</b> <br />
<b>Monthly Finance Payment - found OK</b> <br />
<b></b> <br />
<b>30925.0 = 30925.0</b> <br />
<b>Balloon Value - found OK</b> <br />
<b></b> <br />
<b>30935.0 = 30935.0</b> <br />
<b>Final Payment - found OK</b> <br />
<b></b> <br />
<b>11511.67 = 11511.680000000002</b> <br />
<b>Vehicle Commission - found OK</b> <br />
<b></b> <br />
<b>502.4 = 502.400025</b> <br />
<b>Default Finance Commission - found OK</b> <br />
<b></b> <br />
<b>99.99 = 99.99000000000001</b> <br />
<b>Document Fee Commission - found OK</b> <br />
<b></b> <br />
<b>12114.06 = 12114.070025000003</b> <br />
<b>Total Commission - found OK</b> <br />
<b></b> <br />
<b>One or More than One values on underwriting pop up may be wrong , please check all above values printed on console</b> <br />
<b></b> <br />
<b>click on underwriting_send_for_underwriting  button </b> <br />
<b>Values on Underwriting pop up are verified succcessfully and opportunity sent for underwriting</b> <br />]]>
  </system-out>
  <testcase classname="com.amt.test.LOU.LOU_ownbook_business_purchase_accept_without_any_changes_Test" name="UW2_verify_status_after_sending_to_underwriting" time="1.109"/>
  <system-out>
    <![CDATA[<b>Current Status of Proposal value is = Proposal Received</b> <br />
<b>Current Status of Channel value is =  Awaiting underwriting</b> <br />
<b>Current Status of  Quote ref is = Awaiting underwriting</b> <br />
<b>Status Verified : Awaiting Underwriting </b> <br />]]>
  </system-out>
  <testcase classname="com.amt.test.LOU.LOU_ownbook_business_purchase_accept_without_any_changes_Test" name="UW3_verify_underwriting_lisitig_page" time="14.558"/>
  <system-out>
    <![CDATA[<b>Click on Underwriting menu_link </b> <br />
<b>Click on Underwriting - ownbook tab </b> <br />
<b>Click on Search text box - broker tab</b> <br />
<b>Getting the  proposal id from excel sheet =KZY2069</b> <br />
<b>Enter the proposal in search text box =KZY2069</b> <br />]]>
  </system-out>
  <testcase classname="com.amt.test.LOU.LOU_ownbook_business_purchase_accept_without_any_changes_Test" name="UW4_verify_ownbook_underwriting_proposal_page_flow" time="112.116"/>
  <system-out>
    <![CDATA[<b>Click on Underwriting detail page for proposal</b> <br />
<b>Clicked on Underwriting quote page</b> <br />
<b></b> <br />
<b>69070.0 != 69069.98800000001</b> <br />
<b>Cost Otr Price compared but found not ok</b> <br />
<b></b> <br />
<b>56975.0 != 56974.99000000001</b> <br />
<b>Cost Price Ex Vat And Rfl compared but found not ok</b> <br />
<b></b> <br />
<b>11395.0 != 11394.998</b> <br />
<b>Otr Vat compared but found not ok</b> <br />
<b></b> <br />
<b>700.0 = 700.0</b> <br />
<b>Otr Rfl And Frf compared and found ok</b> <br />
<b></b> <br />
<b>WUF57176 = WUF57176</b> <br />
<b>Quote no. compared and found ok</b> <br />
<b></b> <br />
<b>AUDI A7 DIESEL SPORTBACK (2023 - Current) 40 TDI Quattro Black Ed 5dr S Tronic [Tech pro] = AUDI A7 DIESEL SPORTBACK (2023 - Current) 40 TDI Quattro Black Ed 5dr S Tronic [Tech pro]</b> <br />
<b>Vehicle name compared and found ok</b> <br />
<b></b> <br />
<b>Hire Purchase Non-Regulated = Hire Purchase Non-Regulated</b> <br />
<b>Contract type compared and found ok</b> <br />
<b></b> <br />
<b>24.0 = 24.0</b> <br />
<b>Terms compared and found ok</b> <br />
<b></b> <br />
<b>12000.0 = 12000.0</b> <br />
<b>Mileage compared and found ok</b> <br />
<b></b> <br />
<b>68486.67 = 68486.67000000001</b> <br />
<b>Basic Cash Price found OK</b> <br />
<b></b> <br />
<b>13697.33 = 13697.334</b> <br />
<b>VAT found OK</b> <br />
<b></b> <br />
<b>700.0 = 700.0</b> <br />
<b>Non VAT Items Value found OK</b> <br />
<b></b> <br />
<b>82884.0 = 82884.00400000002</b> <br />
<b>Total Cash Price found OK</b> <br />
<b></b> <br />
<b>1000.0 = 1000.0</b> <br />
<b>Order Deposit found OK</b> <br />
<b></b> <br />
<b>1000.0 = 1000.0</b> <br />
<b>Finance Deposit found OK</b> <br />
<b></b> <br />
<b>2000.0 = 2000.0</b> <br />
<b>Total Deposit found OK</b> <br />
<b></b> <br />
<b>500.0 = 500.0</b> <br />
<b>Part Exchange Value - found OK</b> <br />
<b></b> <br />
<b>80384.0 = 80384.00400000002</b> <br />
<b>Balance to Finance found OK</b> <br />
<b></b> <br />
<b>13538.0 = 13538.026845851535</b> <br />
<b>Finance Charges - found OK</b> <br />
<b></b> <br />
<b>199.99 = 199.99</b> <br />
<b>Document Fee - found OK</b> <br />
<b></b> <br />
<b>94171.99 = 94172.01884585155</b> <br />
<b>Balance Payable - found OK</b> <br />
<b></b> <br />
<b>10.0 = 10.0</b> <br />
<b>Option To Purchase Fee - found OK</b> <br />
<b></b> <br />
<b>2239.99 = 2239.988</b> <br />
<b>Initial Cash Payment - found OK</b> <br />
<b></b> <br />
<b>23.0 = 23.0</b> <br />
<b>Followed By months - found OK</b> <br />
<b></b> <br />
<b>2739.0 = 2739.0013411239784</b> <br />
<b>Monthly Finance Payment - found OK</b> <br />
<b></b> <br />
<b>30925.0 = 30925.0</b> <br />
<b>Balloon Value - found OK</b> <br />
<b></b> <br />
<b>30935.0 = 30935.0</b> <br />
<b>Final Payment - found OK</b> <br />
<b></b> <br />
<b>11511.67 = 11511.680000000002</b> <br />
<b>Vehicle Commission - found OK</b> <br />
<b></b> <br />
<b>502.4 = 502.400025</b> <br />
<b>Default Finance Commission - found OK</b> <br />
<b></b> <br />
<b>99.99 = 99.99000000000001</b> <br />
<b>Document Fee Commission - found OK</b> <br />
<b></b> <br />
<b>12114.06 = 12114.070025000003</b> <br />
<b>Total Commission - found OK</b> <br />
<b></b> <br />
<b>7.0 = 7.0</b> <br />
<b>Base Interest Rate found OK</b> <br />
<b></b> <br />
<b>5694.91 = 5694.940845851554</b> <br />
<b>Finance Margin found OK</b> <br />
<b></b> <br />
<b>602.88 = 602.88003</b> <br />
<b>Deductions found OK</b> <br />
<b></b> <br />
<b>99.99 = 99.99000000000001</b> <br />
<b>Additional Margin found OK</b> <br />
<b></b> <br />
<b>5192.02 = 5192.050815851553</b> <br />
<b>Total Margin found OK</b> <br />
<b></b> <br />
<b>0.75 = 0.75</b> <br />
<b>Default Broker Margin percentage found OK</b> <br />
<b></b> <br />
<b>12.0 = 12.000000000000002</b> <br />
<b>Customer Interest Rate found OK</b> <br />
<b></b> <br />
<b>99.99 = 99.99000000000001</b> <br />
<b>Document Fee Margin found OK</b> <br />
<b></b> <br />
<b>602.88 = 602.88003</b> <br />
<b>Default Broker Margin found OK</b> <br />
<b></b> <br />
<b>One or More than One values on underwriting quote tab may be wrong , please check all above values printed on console</b> <br />
<b></b> <br />
<b>Click on decision tab page</b> <br />]]>
  </system-out>
  <testcase classname="com.amt.test.LOU.LOU_ownbook_business_purchase_accept_without_any_changes_Test" name="UW5_verify_ownbook_underwriting_proposal_decision_with_accept" time="12.476"/>
  <system-out>
    <![CDATA[<b>Click on decision Accept button</b> <br />
<b>Current Status of accept value is = Accepted</b> <br />
<b>Status Verified : Accepted</b> <br />]]>
  </system-out>
</testsuite> <!-- com.amt.test.LOU.LOU_ownbook_business_purchase_accept_without_any_changes_Test -->
