<?xml version="1.0" encoding="UTF-8"?>
<!-- Generated by org.testng.reporters.JUnitReportReporter -->
<testsuite hostname="DSK-4052" failures="0" tests="14" name="com.amt.test.LOU.LOU_broker_business_purchase_accept_flow_Test" time="368.860" errors="0" timestamp="2023-11-20T17:59:27 IST" skipped="0">
  <testcase classname="com.amt.test.LOU.LOU_broker_business_purchase_accept_flow_Test" name="L1_broker_create_lead_business" time="88.717"/>
  <system-out>
    <![CDATA[<b>Clicked on Leads on Side Menu</b> <br />
<b>Clicked on add lead</b> <br />
<b>Lead is assigned</b> <br />
<b>Added data in General Notes</b> <br />
<b>Customer type - Business selected</b> <br />
<b>Clicked on Add new vehicle request</b> <br />
<b>Clicked on broker channel</b> <br />
<b>Vehicle request for broker has been saved</b> <br />
<b>Click on Map New Quote icon</b> <br />
<b>Click on acquisition contract type icon</b> <br />
<b>Click on customer contract type icon</b> <br />
<b>Click on search button</b> <br />
<b>Click on created date button 1st </b> <br />
<b>Click on created date button 2nd</b> <br />
<b>New Quote has been mapped with lead</b> <br />
<b>click ok button on Map  new quote </b> <br />
<b>Click on Lead save and Convert button</b> <br />
<b></b> <br />
<b>In Lead created Opportunity Id is =OC-8253</b> <br />
<b></b> <br />]]>
  </system-out>
  <testcase classname="com.amt.test.LOU.LOU_broker_business_purchase_accept_flow_Test" name="L2_broker_business_current_status_before_sending_to_proposal" time="29.960"/>
  <system-out>
    <![CDATA[<b>Clicked on Opportunity link from Menu </b> <br />
<b>Enter the Opportunity id in Search Text box</b> <br />
<b>Current Status of Opportunity Status value is = Open</b> <br />
<b>Current Status of Proposal value is = Proposal Required</b> <br />
<b>Current Status of Channel value is =  Draft</b> <br />
<b>Current Status of  Quote ref is = Draft</b> <br />
<b>Status Verified : Before sending the proposal</b> <br />]]>
  </system-out>
  <testcase classname="com.amt.test.LOU.LOU_broker_business_purchase_accept_flow_Test" name="L3_verify_table_values_on_opportunity_page_before_sending_proposal" time="4.224"/>
  <system-out>
    <![CDATA[<b></b> <br />
<b>Started Verifying Table values</b> <br />
<b></b> <br />
<b>SWD68251 = SWD68251</b> <br />
<b>Quote no. compared and found ok</b> <br />
<b></b> <br />
<b>AUDI A7 DIESEL SPORTBACK (2018 - Current) 40 TDI Quattro S Line 5dr S Tronic = AUDI A7 DIESEL SPORTBACK (2018 - Current) 40 TDI Quattro S Line 5dr S Tronic</b> <br />
<b>Vehicle name compared and found ok</b> <br />
<b></b> <br />
<b>Hire Purchase Non-Regulated = Hire Purchase Non-Regulated</b> <br />
<b>Contract type compared and found ok</b> <br />
<b></b> <br />
<b>2000.0 = 2000.0</b> <br />
<b>Monthly finance rental compared and found ok</b> <br />
<b></b> <br />
<b>5000.0 = 5000.0</b> <br />
<b>Mileage compared and found ok</b> <br />
<b></b> <br />
<b>12.0 = 12.0</b> <br />
<b>Terms compared and found ok</b> <br />
<b></b> <br />
<b>05/12/2024 != 04/12/2024</b> <br />
<b>Expiry date compared but found not ok</b> <br />
<b></b> <br />
<b>Table values verified Successfully</b> <br />]]>
  </system-out>
  <testcase classname="com.amt.test.LOU.LOU_broker_business_purchase_accept_flow_Test" name="L4_adding_proposal_on_opportunity_page_broker_business_flow" time="57.428"/>
  <system-out>
    <![CDATA[<b>click on Proposal icon</b> <br />
<b>Proposal page will display </b> <br />
<b>Send proposal to customer pop up  will open</b> <br />
<b>Click on Manual fill radio button - Yes</b> <br />
<b>Click on manually submit behalf of customer link</b> <br />
<b></b> <br />
<b>Proposal Received Successfully</b> <br />]]>
  </system-out>
  <testcase classname="com.amt.test.LOU.LOU_broker_business_purchase_accept_flow_Test" name="L5_verify_current_status_on_opportunity_page_after_sending_to_proposal_for_broker_business_flow" time="9.509"/>
  <system-out>
    <![CDATA[<b>Current Status of Opportunity Status value is = Open</b> <br />
<b>Current Status of Proposal value is = Proposal Received</b> <br />
<b>Current Status of Channel value is =  Draft</b> <br />
<b>Current Status of  Quote ref is = Draft</b> <br />
<b>Status Verified : After sending the proposal</b> <br />]]>
  </system-out>
  <testcase classname="com.amt.test.LOU.LOU_broker_business_purchase_accept_flow_Test" name="L6_broker_create_opportunity_business_sending_to_contract" time="37.264"/>
  <system-out>
    <![CDATA[<b>click on Send_Contract icon</b> <br />]]>
  </system-out>
  <testcase classname="com.amt.test.LOU.LOU_broker_business_purchase_accept_flow_Test" name="L7_verify_current_status_on_opportunity_page_after_sending_contract_for_broker_business_flow" time="4.199"/>
  <system-out>
    <![CDATA[<b>Current Status of Proposal value is = Proposal Received</b> <br />
<b>Current Status of Channel value is =  Sent to customer</b> <br />
<b>Current Status of  Quote ref is = Sent to customer</b> <br />
<b>Status Verified : Status Verified : Sent to customer</b> <br />]]>
  </system-out>
  <testcase classname="com.amt.test.LOU.LOU_broker_business_purchase_accept_flow_Test" name="L8_verify_signed_contract_status_with_api_call" time="26.540"/>
  <system-out>
    <![CDATA[<b>Status code 200 received </b> <br />
<b>Enter the Opportunity id in Search Text box</b> <br />]]>
  </system-out>
  <testcase classname="com.amt.test.LOU.LOU_broker_business_purchase_accept_flow_Test" name="L9_verify_status_after_contract_signed" time="8.112"/>
  <system-out>
    <![CDATA[<b>Current Status of Proposal value is = Proposal Received</b> <br />
<b>Current Status of Channel value is =  Contract signed</b> <br />
<b>Current Status of  Quote ref is = Contract signed</b> <br />
<b>Status Verified : Contract Signed </b> <br />]]>
  </system-out>
  <testcase classname="com.amt.test.LOU.LOU_broker_business_purchase_accept_flow_Test" name="UW1_verify_underwriting_flow_ownbook_with_status" time="21.061"/>
  <system-out>
    <![CDATA[<b> Underwriting icon is available </b> <br />
<b>Underwriting pop up - quote ref no  =>Quote reference no.:
SWD68251</b> <br />
<b>Underwriting Popup Proposal Id is =MGN0927</b> <br />
<b></b> <br />
<b>Started Verifying Summary values</b> <br />
<b></b> <br />
<b>Quote reference no.:
SWD68251 != SWD68251</b> <br />
<b>Quote no. compared but found not ok</b> <br />
<b></b> <br />
<b>AUDI A7 DIESEL SPORTBACK (2018 - Current) 40 TDI Quattro S Line 5dr S Tronic = AUDI A7 DIESEL SPORTBACK (2018 - Current) 40 TDI Quattro S Line 5dr S Tronic</b> <br />
<b>Vehicle name compared and found ok</b> <br />
<b></b> <br />
<b>Hire Purchase Non-Regulated = Hire Purchase Non-Regulated</b> <br />
<b>Contract type compared and found ok</b> <br />
<b></b> <br />
<b>2000.0 = 2000.0</b> <br />
<b>Monthly finance rental compared and found ok</b> <br />
<b></b> <br />
<b>5000.0 = 5000.0</b> <br />
<b>Mileage compared and found ok</b> <br />
<b></b> <br />
<b>12.0 = 12.0</b> <br />
<b>Terms compared and found ok</b> <br />
<b></b> <br />
<b>Popular Fiat = Popular Fiat</b> <br />
<b>Funder name compared and found ok</b> <br />
<b></b> <br />
<b>REF001 = REF001</b> <br />
<b>Funder quote ref no. compared and found ok</b> <br />
<b></b> <br />
<b>04/12/2024 = 04/12/2024</b> <br />
<b>Expiry Date compared and found ok</b> <br />
<b></b> <br />
<b>5000.0 = 5000.0</b> <br />
<b>Contract mileage compared and found ok</b> <br />
<b></b> <br />
<b>57575.0 = 57575.0</b> <br />
<b>Total Cash Price compared and found ok</b> <br />
<b></b> <br />
<b>900.0 = 900.0</b> <br />
<b>Cash Deposit compared and found ok</b> <br />
<b></b> <br />
<b>56275.0 = 56275.0</b> <br />
<b>Balance To Finance compared and found ok</b> <br />
<b></b> <br />
<b>20.0 = 20.0</b> <br />
<b>Finance Charges compared and found ok</b> <br />
<b></b> <br />
<b>56994.99 = 56994.99</b> <br />
<b>Balance Payable compared and found ok</b> <br />
<b></b> <br />
<b>1139.99 = 1139.99</b> <br />
<b>Initial Cash Payment Inc Document Fee compared and found ok</b> <br />
<b></b> <br />
<b>11.0 = 11.0</b> <br />
<b>No. of Monthly Payments compared and found ok</b> <br />
<b></b> <br />
<b>1000.0 = 1000.0</b> <br />
<b>Final Balloon Payment compared and found ok</b> <br />
<b></b> <br />
<b>100.0 = 100.0</b> <br />
<b>Option To Purchase Fee compared and found ok</b> <br />
<b></b> <br />
<b>Yes = Yes</b> <br />
<b>RFL included ? - compared and found ok</b> <br />
<b></b> <br />
<b>1.0 = 1.0</b> <br />
<b>APR compared and found ok</b> <br />
<b></b> <br />
<b>5.0 = 5.0</b> <br />
<b>commission compared and found ok</b> <br />
<b>click on underwriting_send_for_underwriting  button </b> <br />]]>
  </system-out>
  <testcase classname="com.amt.test.LOU.LOU_broker_business_purchase_accept_flow_Test" name="UW2_verify_status_after_sending_to_underwriting" time="1.122"/>
  <system-out>
    <![CDATA[<b>Current Status of Proposal value is = Proposal Received</b> <br />
<b>Current Status of Channel value is =  Awaiting underwriting</b> <br />
<b>Current Status of  Quote ref is = Awaiting underwriting</b> <br />
<b>Status Verified : Awaiting Underwriting </b> <br />]]>
  </system-out>
  <testcase classname="com.amt.test.LOU.LOU_broker_business_purchase_accept_flow_Test" name="UW3_verify_underwriting_lisitig_page" time="13.098"/>
  <system-out>
    <![CDATA[<b>Click on Underwriting menu_link </b> <br />
<b>Click on Underwriting - broker tab </b> <br />
<b>Click on Search text box - broker tab</b> <br />
<b>Getting the  proposal id from excel sheet =MGN0927</b> <br />
<b>Enter the proposal in search text box =MGN0927</b> <br />]]>
  </system-out>
  <testcase classname="com.amt.test.LOU.LOU_broker_business_purchase_accept_flow_Test" name="UW4_verify_underwriting_proposal_page_flow" time="26.439"/>
  <system-out>
    <![CDATA[<b>Click on Underwriting detail page for proposal</b> <br />
<b>Clicked on Underwriting quote page</b> <br />
<b></b> <br />
<b>SWD68251 = SWD68251</b> <br />
<b>Quote no. compared and found ok</b> <br />
<b></b> <br />
<b>AUDI A7 DIESEL SPORTBACK (2018 - Current) 40 TDI Quattro S Line 5dr S Tronic = AUDI A7 DIESEL SPORTBACK (2018 - Current) 40 TDI Quattro S Line 5dr S Tronic</b> <br />
<b>Vehicle name compared and found ok</b> <br />
<b></b> <br />
<b>Hire Purchase Non-Regulated = Hire Purchase Non-Regulated</b> <br />
<b>Contract type compared and found ok</b> <br />
<b></b> <br />
<b>2000.0 = 2000.0</b> <br />
<b>Monthly finance rental compared and found ok</b> <br />
<b></b> <br />
<b>5000.0 = 5000.0</b> <br />
<b>Mileage compared and found ok</b> <br />
<b></b> <br />
<b>12.0 = 12.0</b> <br />
<b>Terms compared and found ok</b> <br />
<b></b> <br />
<b>Popular Fiat = Popular Fiat</b> <br />
<b>Funder name compared and found ok</b> <br />
<b></b> <br />
<b>REF001 = REF001</b> <br />
<b>Funder quote ref no. compared and found ok</b> <br />
<b></b> <br />
<b>04/12/2024 = 04/12/2024</b> <br />
<b>Expiry Date compared and found ok</b> <br />
<b></b> <br />
<b>5000.0 = 5000.0</b> <br />
<b>Contract mileage compared and found ok</b> <br />
<b></b> <br />
<b>57575.0 = 57575.0</b> <br />
<b>Total Cash Price compared and found ok</b> <br />
<b></b> <br />
<b>900.0 = 900.0</b> <br />
<b>Cash Deposit compared and found ok</b> <br />
<b></b> <br />
<b>56275.0 = 56275.0</b> <br />
<b>Balance To Finance compared and found ok</b> <br />
<b></b> <br />
<b>20.0 = 20.0</b> <br />
<b>Finance Charges compared and found ok</b> <br />
<b></b> <br />
<b>56994.99 = 56994.99</b> <br />
<b>Balance Payable compared and found ok</b> <br />
<b></b> <br />
<b>1139.99 = 1139.99</b> <br />
<b>Initial Cash Payment Inc Document Fee compared and found ok</b> <br />
<b></b> <br />
<b>11.0 = 11.0</b> <br />
<b>No. of Monthly Payments compared and found ok</b> <br />
<b></b> <br />
<b>1000.0 = 1000.0</b> <br />
<b>Final Balloon Payment compared and found ok</b> <br />
<b></b> <br />
<b>100.0 = 100.0</b> <br />
<b>Option To Purchase Fee compared and found ok</b> <br />
<b></b> <br />
<b>Yes = Yes</b> <br />
<b>RFL included ? - compared and found ok</b> <br />
<b></b> <br />
<b>1.0 = 1.0</b> <br />
<b>APR compared and found ok</b> <br />
<b></b> <br />
<b>5.0 = 5.0</b> <br />
<b>commission compared and found ok</b> <br />
<b></b> <br />
<b>56135.0 = 56135.0</b> <br />
<b>Cost Otr Price compared and found ok</b> <br />
<b></b> <br />
<b>46237.5 = 46237.5</b> <br />
<b>Cost Otr Price compared and found ok</b> <br />
<b></b> <br />
<b>9247.5 = 9247.5</b> <br />
<b>Otr Vat compared and found ok</b> <br />
<b></b> <br />
<b>650.0 = 650.0</b> <br />
<b>Otr Rfl And Frf compared and found ok</b> <br />
<b>Click on decision tab page</b> <br />]]>
  </system-out>
  <testcase classname="com.amt.test.LOU.LOU_broker_business_purchase_accept_flow_Test" name="UW5_verify_underwriting_proposal_decision_with_accept" time="41.187"/>
  <system-out>
    <![CDATA[<b>Click on decision Accept button</b> <br />
<b>Click on Search text box - broker tab</b> <br />
<b>Getting the  proposal id from excel sheet =MGN0927</b> <br />
<b>Enter the proposal in search text box =MGN0927</b> <br />
<b>Current Status of accept value is = Accepted</b> <br />]]>
  </system-out>
</testsuite> <!-- com.amt.test.LOU.LOU_broker_business_purchase_accept_flow_Test -->
