<?xml version="1.0" encoding="UTF-8"?>
<!-- Generated by org.testng.reporters.JUnitReportReporter -->
<testsuite hostname="DSK-4052" failures="0" tests="1" name="com.amt.test.copyquote.Copy_Quote_Test" time="91.362" errors="0" timestamp="2023-06-30T15:10:31 IST" skipped="0">
  <testcase classname="com.amt.test.copyquote.Copy_Quote_Test" name="copy_Quote_for_ownbook_business_hire_Test" time="91.362"/>
  <system-out>
    <![CDATA[<b>New Quote generated after copy is XYX79601 and saved to Quote save Excel in sheet named HPNRBCHQuoteNo</b> <br />]]>
  </system-out>
</testsuite> <!-- com.amt.test.copyquote.Copy_Quote_Test -->
