<?xml version="1.0" encoding="UTF-8"?>
<!-- Generated by org.testng.reporters.JUnitReportReporter -->
<testsuite hostname="DSK-4052" failures="0" tests="20" name="com.amt.test.LOU.LOU_ownbook_FL_FL_business_hire_funder_accept_with_changes_Test" time="587.161" errors="0" timestamp="2024-06-24T20:07:10 IST" skipped="0">
  <testcase classname="com.amt.test.LOU.LOU_ownbook_FL_FL_business_hire_funder_accept_with_changes_Test" name="L1_create_lead_convert_to_lead_for_ownbook_business_flow" time="124.358"/>
  <system-out>
    <![CDATA[<b>Clicked on Leads on Side Menu</b> <br />
<b>Clicked on add lead</b> <br />
<b>Lead is assigned</b> <br />
<b>Added data in General Notes</b> <br />
<b>Customer type - Business selected</b> <br />
<b>Clicked on Add new vehicle request</b> <br />
<b>Clicked on ownbook channel</b> <br />
<b>Vehicle request for broker has been saved</b> <br />
<b>Click on Map New Quote icon</b> <br />
<b>Click on acquisition contract type icon</b> <br />
<b>Click on customer contract type icon</b> <br />
<b>Click on search button</b> <br />
<b>Click on created date button 1st </b> <br />
<b>Click on created date button 2nd</b> <br />
<b>New Quote has been mapped with lead</b> <br />
<b></b> <br />
<b>Started Verifying Table values</b> <br />
<b></b> <br />
<b>QID19263 = QID19263</b> <br />
<b>Quote no. compared and found ok</b> <br />
<b></b> <br />
<b>AUDI A7 DIESEL SPORTBACK (2023 - Current) 40 TDI Quattro Black Ed 5dr S Tronic [Tech pro] = AUDI A7 DIESEL SPORTBACK (2023 - Current) 40 TDI Quattro Black Ed 5dr S Tronic [Tech pro]</b> <br />
<b>Vehicle name compared and found ok</b> <br />
<b></b> <br />
<b>Finance Lease = Finance Lease</b> <br />
<b>Contract type compared and found ok</b> <br />
<b></b> <br />
<b>1457.13 = 1457.13</b> <br />
<b>Monthly finance rental compared and found ok</b> <br />
<b></b> <br />
<b>5000.0 = 5000.0</b> <br />
<b>Mileage compared and found ok</b> <br />
<b></b> <br />
<b>12.0 = 12.0</b> <br />
<b>Terms compared and found ok</b> <br />
<b></b> <br />
<b>04/12/2026 != 05/12/26</b> <br />
<b>Expiry date compared but found not ok</b> <br />
<b>Click on Lead save and Convert button</b> <br />
<b></b> <br />
<b>Started Verifying Table values</b> <br />
<b></b> <br />
<b>QID19263 = QID19263</b> <br />
<b>Quote no. compared and found ok</b> <br />
<b></b> <br />
<b>AUDI A7 DIESEL SPORTBACK (2023 - Current) 40 TDI Quattro Black Ed 5dr S Tronic [Tech pro] = AUDI A7 DIESEL SPORTBACK (2023 - Current) 40 TDI Quattro Black Ed 5dr S Tronic [Tech pro]</b> <br />
<b>Vehicle name compared and found ok</b> <br />
<b></b> <br />
<b>Finance Lease = Finance Lease</b> <br />
<b>Contract type compared and found ok</b> <br />
<b></b> <br />
<b>1457.13 = 1457.13</b> <br />
<b>Monthly finance rental compared and found ok</b> <br />
<b></b> <br />
<b>5000.0 = 5000.0</b> <br />
<b>Mileage compared and found ok</b> <br />
<b></b> <br />
<b>12.0 = 12.0</b> <br />
<b>Terms compared and found ok</b> <br />
<b></b> <br />
<b>04/12/2026 != 05/12/26</b> <br />
<b>Expiry date compared but found not ok</b> <br />
<b></b> <br />
<b>In Lead created Opportunity Id is =HT-5139</b> <br />
<b></b> <br />]]>
  </system-out>
  <testcase classname="com.amt.test.LOU.LOU_ownbook_FL_FL_business_hire_funder_accept_with_changes_Test" name="L2_ownbook_business_current_status_before_sending_to_proposal" time="14.176"/>
  <system-out>
    <![CDATA[<b>Clicked on Opportunity link from Menu </b> <br />
<b>listing_proposal_status is = Proposal Required</b> <br />
<b>Enter the Opportunity id in Search Text box</b> <br />
<b>Current Status of Opportunity Status value is = Open</b> <br />
<b>Current Status of Proposal value is = Proposal Required</b> <br />
<b>Current Status of Channel value is =  Draft</b> <br />
<b>Current Status of  Quote ref is = Draft</b> <br />
<b>Status Verified : Before sending the proposal</b> <br />]]>
  </system-out>
  <testcase classname="com.amt.test.LOU.LOU_ownbook_FL_FL_business_hire_funder_accept_with_changes_Test" name="L3_verify_table_values_on_opportunity_page_before_sending_proposal" time="0.483"/>
  <system-out>
    <![CDATA[<b></b> <br />
<b>Started Verifying Table values</b> <br />
<b></b> <br />
<b>QID19263 = QID19263</b> <br />
<b>Quote no. compared and found ok</b> <br />
<b></b> <br />
<b>AUDI A7 DIESEL SPORTBACK (2023 - Current) 40 TDI Quattro Black Ed 5dr S Tronic [Tech pro] = AUDI A7 DIESEL SPORTBACK (2023 - Current) 40 TDI Quattro Black Ed 5dr S Tronic [Tech pro]</b> <br />
<b>Vehicle name compared and found ok</b> <br />
<b></b> <br />
<b>Finance Lease = Finance Lease</b> <br />
<b>Contract type compared and found ok</b> <br />
<b></b> <br />
<b>1457.13 = 1457.13</b> <br />
<b>Monthly finance rental compared and found ok</b> <br />
<b></b> <br />
<b>5000.0 = 5000.0</b> <br />
<b>Mileage compared and found ok</b> <br />
<b></b> <br />
<b>12.0 = 12.0</b> <br />
<b>Terms compared and found ok</b> <br />
<b></b> <br />
<b>04/12/2026 != 05/12/26</b> <br />
<b>Expiry date compared but found not ok</b> <br />
<b></b> <br />
<b>Table values verified Successfully</b> <br />]]>
  </system-out>
  <testcase classname="com.amt.test.LOU.LOU_ownbook_FL_FL_business_hire_funder_accept_with_changes_Test" name="L4_fill_up_the_required_fields_for_sending_a_proposal" time="77.118"/>
  <system-out>
    <![CDATA[<b>click on Proposal icon</b> <br />
<b>Proposal page will display </b> <br />
<b>Send proposal to customer pop up  will open</b> <br />
<b>Click on Manual fill radio button - Yes</b> <br />
<b>Click on manually submit behalf of customer link</b> <br />]]>
  </system-out>
  <testcase classname="com.amt.test.LOU.LOU_ownbook_FL_FL_business_hire_funder_accept_with_changes_Test" name="L5_ownbook_create_opportunity_business_current_status_after_sending_to_proposal" time="3.646"/>
  <system-out>
    <![CDATA[<b>Current Status of Opportunity Status value is = Open</b> <br />
<b>Current Status of Proposal value is = Proposal Received</b> <br />
<b>Current Status of Channel value is =  Draft</b> <br />
<b>Current Status of  Quote ref is = Draft</b> <br />
<b>Status Verified : After sending the proposal</b> <br />]]>
  </system-out>
  <testcase classname="com.amt.test.LOU.LOU_ownbook_FL_FL_business_hire_funder_accept_with_changes_Test" name="L6_ownbook_sending_contract" time="30.104"/>
  <system-out>
    <![CDATA[<b>click on Send_Contract icon</b> <br />
<b>Contract Sent Successfully</b> <br />]]>
  </system-out>
  <testcase classname="com.amt.test.LOU.LOU_ownbook_FL_FL_business_hire_funder_accept_with_changes_Test" name="L7_verify_current_status_on_opportunity_page_after_sending_contract_for_ownbook_business_flow" time="4.300"/>
  <system-out>
    <![CDATA[<b>Current Status of Proposal value is = Proposal Received</b> <br />
<b>Current Status of Channel value is =  Sent to customer</b> <br />
<b>Current Status of  Quote ref is = Sent to customer</b> <br />
<b>Status Verified : Sent to customer</b> <br />]]>
  </system-out>
  <testcase classname="com.amt.test.LOU.LOU_ownbook_FL_FL_business_hire_funder_accept_with_changes_Test" name="L8_ownbook_signed_contract_status_with_api_call" time="20.916"/>
  <system-out>
    <![CDATA[<b>Status code 200 received </b> <br />
<b>Enter the Opportunity id in Search Text box</b> <br />]]>
  </system-out>
  <testcase classname="com.amt.test.LOU.LOU_ownbook_FL_FL_business_hire_funder_accept_with_changes_Test" name="UW1_verify_status_after_contract_signed" time="10.148"/>
  <system-out>
    <![CDATA[<b>Current Status of Proposal value is = Proposal Received</b> <br />
<b>Current Status of Channel value is =  Contract signed</b> <br />
<b>Current Status of  Quote ref is = Contract signed</b> <br />
<b>Status Verified : Contract Signed </b> <br />]]>
  </system-out>
  <testcase classname="com.amt.test.LOU.LOU_ownbook_FL_FL_business_hire_funder_accept_with_changes_Test" name="UW2_verify_underwriting_pop_up_summary_values_for_ownbook_business_flow" time="42.969"/>
  <system-out>
    <![CDATA[<b> Underwriting icon is available </b> <br />
<b>Underwriting pop up -quote ref no => Quote reference no.:
QID19263</b> <br />
<b>Underwriting Popup Proposal Id is =BOJ3849</b> <br />
<b></b> <br />
<b>Started Verifying Summary values</b> <br />
<b></b> <br />
<b>Quote reference no.:
QID19263 != QID19263</b> <br />
<b>Quote no. compared but found not ok</b> <br />
<b></b> <br />
<b>AUDI A7 DIESEL SPORTBACK (2023 - Current) 40 TDI Quattro Black Ed 5dr S Tronic [Tech pro] = AUDI A7 DIESEL SPORTBACK (2023 - Current) 40 TDI Quattro Black Ed 5dr S Tronic [Tech pro]</b> <br />
<b>Vehicle name compared and found ok</b> <br />
<b></b> <br />
<b>Finance Lease = Finance Lease</b> <br />
<b>Contract type compared and found ok</b> <br />
<b></b> <br />
<b>12.0 = 12.0</b> <br />
<b>Terms compared and found ok</b> <br />
<b></b> <br />
<b>5000.0 = 5000.0</b> <br />
<b>Mileage compared and found ok</b> <br />
<b></b> <br />
<b>1457.13 = 1457.1287705616082</b> <br />
<b>Monthly Finance Rental compared and found ok</b> <br />
<b></b> <br />
<b>1457.13 = 1457.12877056161</b> <br />
<b>Initial Finance Rental found OK</b> <br />
<b></b> <br />
<b>11.0 = 11.0</b> <br />
<b>Followed By months - found OK</b> <br />
<b></b> <br />
<b>41.0 = 41.0219928</b> <br />
<b>Pence per excess mile finance - found OK</b> <br />
<b></b> <br />
<b>199.99 = 199.99</b> <br />
<b>Document Fee - found OK</b> <br />
<b></b> <br />
<b>400.0 = 400.0</b> <br />
<b>Upsell - found OK</b> <br />
<b></b> <br />
<b>683.7 = 683.69988</b> <br />
<b>Default Finance Commission - found OK</b> <br />
<b></b> <br />
<b>400.0 = 400.0</b> <br />
<b>Upsell Commission - found OK</b> <br />
<b></b> <br />
<b>99.99 = 99.99000000000001</b> <br />
<b>Document Fee Commission - found OK</b> <br />
<b></b> <br />
<b>1183.69 = 1183.6898800000001</b> <br />
<b>Total Commission - found OK</b> <br />
<b></b> <br />
<b>200.0 = 200.0</b> <br />
<b>Referrer Commission - found OK</b> <br />
<b>click on underwriting_send_for_underwriting  button </b> <br />
<b>Values on Underwriting pop up are verified succcessfully and opportunity sent for underwriting</b> <br />]]>
  </system-out>
  <testcase classname="com.amt.test.LOU.LOU_ownbook_FL_FL_business_hire_funder_accept_with_changes_Test" name="UW2_verify_status_after_sending_to_underwriting" time="1.121"/>
  <system-out>
    <![CDATA[<b>Current Status of Proposal value is = Proposal Received</b> <br />
<b>Current Status of Channel value is =  Awaiting underwriting</b> <br />
<b>Current Status of  Quote ref is = Awaiting underwriting</b> <br />
<b>Status Verified : Awaiting Underwriting </b> <br />]]>
  </system-out>
  <testcase classname="com.amt.test.LOU.LOU_ownbook_FL_FL_business_hire_funder_accept_with_changes_Test" name="UW3_verify_underwriting_lisitig_page" time="11.690"/>
  <system-out>
    <![CDATA[<b>Click on Underwriting menu_link </b> <br />
<b>Click on Underwriting - ownbook tab </b> <br />
<b>Click on Search text box - broker tab</b> <br />
<b>Getting the  proposal id from excel sheet =BOJ3849</b> <br />
<b>Enter the proposal in search text box =BOJ3849</b> <br />]]>
  </system-out>
  <testcase classname="com.amt.test.LOU.LOU_ownbook_FL_FL_business_hire_funder_accept_with_changes_Test" name="UW4_verify_values_on_underwriting_quote_tab_for_ownbook_business_flow" time="91.631"/>
  <system-out>
    <![CDATA[<b>Click on Underwriting detail page for proposal</b> <br />
<b>Clicked on Underwriting quote page</b> <br />
<b></b> <br />
<b>69019.99 != 69019.98800000001</b> <br />
<b>Cost Otr Price compared but found not ok</b> <br />
<b></b> <br />
<b>56974.99 != 56974.99000000001</b> <br />
<b>Cost Price Ex Vat And Rfl compared but found not ok</b> <br />
<b></b> <br />
<b>11395.0 != 11394.998</b> <br />
<b>Otr Vat compared but found not ok</b> <br />
<b></b> <br />
<b>650.0 = 650.0</b> <br />
<b>Otr Rfl And Frf compared and found ok</b> <br />
<b></b> <br />
<b>QID19263 = QID19263</b> <br />
<b>Quote no. compared and found ok</b> <br />
<b></b> <br />
<b>AUDI A7 DIESEL SPORTBACK (2023 - Current) 40 TDI Quattro Black Ed 5dr S Tronic [Tech pro] = AUDI A7 DIESEL SPORTBACK (2023 - Current) 40 TDI Quattro Black Ed 5dr S Tronic [Tech pro]</b> <br />
<b>Vehicle name compared and found ok</b> <br />
<b></b> <br />
<b>Finance Lease = Finance Lease</b> <br />
<b>Contract type compared and found ok</b> <br />
<b></b> <br />
<b>12.0 = 12.0</b> <br />
<b>Terms compared and found ok</b> <br />
<b></b> <br />
<b>5000.0 = 5000.0</b> <br />
<b>Mileage compared and found ok</b> <br />
<b></b> <br />
<b>1457.13 = 1457.1287705616082</b> <br />
<b>Monthly Finance Rental compared and found ok</b> <br />
<b></b> <br />
<b>1457.13 = 1457.12877056161</b> <br />
<b>Initial Finance Rental found OK</b> <br />
<b></b> <br />
<b>11.0 = 11.0</b> <br />
<b>Followed By months - found OK</b> <br />
<b></b> <br />
<b>41.0 = 41.0219928</b> <br />
<b>Pence per excess mile finance - found OK</b> <br />
<b></b> <br />
<b>199.99 = 199.99</b> <br />
<b>Document Fee - found OK</b> <br />
<b></b> <br />
<b>400.0 = 400.0</b> <br />
<b>Upsell - found OK</b> <br />
<b></b> <br />
<b>683.7 = 683.69988</b> <br />
<b>Default Finance Commission - found OK</b> <br />
<b></b> <br />
<b>400.0 = 400.0</b> <br />
<b>Upsell Commission - found OK</b> <br />
<b></b> <br />
<b>99.99 = 99.99000000000001</b> <br />
<b>Document Fee Commission - found OK</b> <br />
<b></b> <br />
<b>1183.69 = 1183.6898800000001</b> <br />
<b>Total Commission - found OK</b> <br />
<b></b> <br />
<b>200.0 = 200.0</b> <br />
<b>Referrer Commission - found OK</b> <br />
<b></b> <br />
<b>10000.0 = 10000.0</b> <br />
<b>Finance Margin found OK</b> <br />
<b></b> <br />
<b>683.7 = 683.69988</b> <br />
<b>Deductions found OK</b> <br />
<b></b> <br />
<b>339.99 = 339.99</b> <br />
<b>Additional Margin found OK</b> <br />
<b></b> <br />
<b>9656.29 = 9656.29012</b> <br />
<b>Total Margin found OK</b> <br />
<b></b> <br />
<b>1.0 = 1.0</b> <br />
<b>Default Broker Margin percentage found OK</b> <br />
<b></b> <br />
<b>683.7 = 683.69988</b> <br />
<b>Default Broker Margin Value found OK</b> <br />
<b></b> <br />
<b>0.1 = 0.1</b> <br />
<b>Broker Upsell Margin percentage found OK</b> <br />
<b></b> <br />
<b>40.0 = 40.0</b> <br />
<b>Broker Upsell Margin  found OK</b> <br />
<b></b> <br />
<b>99.99 = 99.99000000000001</b> <br />
<b>Document Fee Margin  found OK</b> <br />
<b></b> <br />
<b>200.0 = 200.00000000000003</b> <br />
<b>Refferer Margin  found OK</b> <br />
<b>Click on decision tab page</b> <br />]]>
  </system-out>
  <testcase classname="com.amt.test.LOU.LOU_ownbook_FL_FL_business_hire_funder_accept_with_changes_Test" name="UW5_ownbook_underwriting_decision_accept_with_changes" time="45.955"/>
  <system-out>
    <![CDATA[<b>Click on decision Accept button</b> <br />
<b>Entering values to input field</b> <br />
<b>Now selecting the payment profile option </b> <br />
<b></b> <br />
<b></b> <br />
<b>Current Status of accept value is = Conditional acceptance</b> <br />]]>
  </system-out>
  <testcase classname="com.amt.test.LOU.LOU_ownbook_FL_FL_business_hire_funder_accept_with_changes_Test" name="UW6_verify_ownbook_opportunity_search_text_box_accept_with_changes" time="10.755"/>
  <system-out>
    <![CDATA[<b>Clicked on Opportunity link from Menu </b> <br />
<b>Click on Search text box on Opportunity page</b> <br />
<b>Enter the opportunity ID in search text box =HT-5139</b> <br />]]>
  </system-out>
  <testcase classname="com.amt.test.LOU.LOU_ownbook_FL_FL_business_hire_funder_accept_with_changes_Test" name="UW7_verify_ownbook_opportunity_accept_with_changes_underwriting_pop_up" time="41.948"/>
  <system-out>
    <![CDATA[<b> Underwriting icon is available </b> <br />
<b>click on underwriting_send_for_underwriting  button </b> <br />]]>
  </system-out>
  <testcase classname="com.amt.test.LOU.LOU_ownbook_FL_FL_business_hire_funder_accept_with_changes_Test" name="UW8_verify_ownbook_opportunity_underwriting_accept_with_changes_cancel_flow_verification" time="6.213"/>
  <system-out>
    <![CDATA[<b>Current Status of Proposal value is = Proposal Received</b> <br />
<b>Current Status of Channel value is =  Sent to customer</b> <br />
<b>Current Status of  Quote ref is = Cancelled</b> <br />
<b>Current Status of  Quote ref is = Sent to customer</b> <br />
<b>Status Verified : Sent to customer</b> <br />]]>
  </system-out>
  <testcase classname="com.amt.test.LOU.LOU_ownbook_FL_FL_business_hire_funder_accept_with_changes_Test" name="UW9_verify_ownbook_opportunity_underwriting_accept_with_changes_underwriting_pop_up" time="7.117"/>
  <system-out>
    <![CDATA[<b>Click on Search text box on Opportunity page</b> <br />
<b>Enter the opportunity ID in search text box =HT-5139</b> <br />]]>
  </system-out>
  <testcase classname="com.amt.test.LOU.LOU_ownbook_FL_FL_business_hire_funder_accept_with_changes_Test" name="UW10_ownbook_after_opportunity_underwriting_accept_with_changes_signed_contract_status_with_api_call" time="38.306"/>
  <system-out>
    <![CDATA[<b>Status code 200 received </b> <br />
<b>Enter the Opportunity id in Search Text box</b> <br />]]>
  </system-out>
  <testcase classname="com.amt.test.LOU.LOU_ownbook_FL_FL_business_hire_funder_accept_with_changes_Test" name="OP1_ownbook_after_Underwriting_accepted_mothlty_payment_price" time="4.207"/>
  <system-out>
    <![CDATA[<b>Cancelled Quote ref in Opportunity is = null</b> <br />
<b>Cancelled Monthly Payment value is = £ 1,457.13 ex. VAT</b> <br />
<b>New Quote ref in Opportunity MWD65704</b> <br />
<b>New Quote Monthly Payment is  = £ 1,560.32 ex. VAT</b> <br />
<b>[32mMonthly Payment verified (found ok) after accepting new quote, Actual value is 1560.32 and Expected value is 1560.3164769762998[0m</b> <br />]]>
  </system-out>
</testsuite> <!-- com.amt.test.LOU.LOU_ownbook_FL_FL_business_hire_funder_accept_with_changes_Test -->
