<?xml version="1.0" encoding="UTF-8"?>
<!-- Generated by org.testng.reporters.JUnitReportReporter -->
<testsuite hostname="DSK-951" failures="0" tests="1" name="com.amt.test.AquisitionQuotesBrokerHPRTest" time="91.008" errors="0" timestamp="2022-10-03T20:21:26 IST" skipped="0">
  <testcase classname="com.amt.test.AquisitionQuotesBrokerHPRTest" name="aquisition_quotes_user_flow_broker_hpr_test" time="91.008"/>
  <system-out>
    <![CDATA[<b>Login screen is being displayed</b> <br />
<b>User will enter Username </b> <br />
<b>User will enter Password </b> <br />
<b>User has been logged in</b> <br />
<b>Clicked on acquisition quote button</b> <br />
<b>Clicked on new quote button</b> <br />
<b>Vehicle manufacturer and model has been selected</b> <br />
<b>Exterior option has been selected</b> <br />
<b>Interior option has been selected</b> <br />
<b>Customer quote option has been selected</b> <br />]]>
  </system-out>
</testsuite> <!-- com.amt.test.AquisitionQuotesBrokerHPRTest -->
