<?xml version="1.0" encoding="UTF-8"?>
<!-- Generated by org.testng.reporters.JUnitReportReporter -->
<testsuite hostname="DSK-4052" failures="0" tests="1" name="com.amt.test.copyquote.Copy_Quote_Test" time="45.804" errors="0" timestamp="2023-07-10T19:54:00 IST" skipped="0">
  <testcase classname="com.amt.test.copyquote.Copy_Quote_Test" name="copy_Quote_for_ownbook_business_purchase_Test" time="45.804"/>
  <system-out>
    <![CDATA[<b>New Quote generated after copy is GKY12820 and saved to Quote save Excel in sheet named HPNRHPNRQuoteNo</b> <br />]]>
  </system-out>
</testsuite> <!-- com.amt.test.copyquote.Copy_Quote_Test -->
