<?xml version="1.0" encoding="UTF-8"?>
<!-- Generated by org.testng.reporters.JUnitReportReporter -->
<testsuite hostname="DSK-951" failures="1" tests="1" name="com.amt.test.Acquisition_Quotes_Outright_BCH_without_maintenance_edited_Test" time="91.796" errors="0" timestamp="2022-11-10T11:08:05 IST" skipped="0">
  <testcase classname="com.amt.test.Acquisition_Quotes_Outright_BCH_without_maintenance_edited_Test" name="aquisition_quotes_outright_BCH_without_maintenance_edited_Test" time="91.796">
    <failure message="expected [true] but found [false]" type="java.lang.AssertionError">
      <![CDATA[java.lang.AssertionError: expected [true] but found [false]
at org.testng.Assert.fail(Assert.java:99)
at org.testng.Assert.failNotEquals(Assert.java:1037)
at org.testng.Assert.assertTrue(Assert.java:45)
at org.testng.Assert.assertTrue(Assert.java:55)
at com.amt.test.Acquisition_Quotes_Outright_BCH_without_maintenance_edited_Test.aquisition_quotes_outright_BCH_without_maintenance_edited_Test(Acquisition_Quotes_Outright_BCH_without_maintenance_edited_Test.java:77)
at java.base/jdk.internal.reflect.NativeMethodAccessorImpl.invoke0(Native Method)
at java.base/jdk.internal.reflect.NativeMethodAccessorImpl.invoke(NativeMethodAccessorImpl.java:77)
at java.base/jdk.internal.reflect.DelegatingMethodAccessorImpl.invoke(DelegatingMethodAccessorImpl.java:43)
at java.base/java.lang.reflect.Method.invoke(Method.java:568)
at org.testng.internal.MethodInvocationHelper.invokeMethod(MethodInvocationHelper.java:133)
at org.testng.internal.TestInvoker.invokeMethod(TestInvoker.java:598)
at org.testng.internal.TestInvoker.invokeTestMethod(TestInvoker.java:173)
at org.testng.internal.MethodRunner.runInSequence(MethodRunner.java:46)
at org.testng.internal.TestInvoker$MethodInvocationAgent.invoke(TestInvoker.java:824)
at org.testng.internal.TestInvoker.invokeTestMethods(TestInvoker.java:146)
at org.testng.internal.TestMethodWorker.invokeTestMethods(TestMethodWorker.java:146)
at org.testng.internal.TestMethodWorker.run(TestMethodWorker.java:128)
at java.base/java.util.ArrayList.forEach(ArrayList.java:1511)
at org.testng.TestRunner.privateRun(TestRunner.java:794)
at org.testng.TestRunner.run(TestRunner.java:596)
at org.testng.SuiteRunner.runTest(SuiteRunner.java:377)
at org.testng.SuiteRunner.runSequentially(SuiteRunner.java:371)
at org.testng.SuiteRunner.privateRun(SuiteRunner.java:332)
at org.testng.SuiteRunner.run(SuiteRunner.java:276)
at org.testng.SuiteRunnerWorker.runSuite(SuiteRunnerWorker.java:53)
at org.testng.SuiteRunnerWorker.run(SuiteRunnerWorker.java:96)
at org.testng.TestNG.runSuitesSequentially(TestNG.java:1212)
at org.testng.TestNG.runSuitesLocally(TestNG.java:1134)
at org.testng.TestNG.runSuites(TestNG.java:1063)
at org.testng.TestNG.run(TestNG.java:1031)
at org.testng.remote.AbstractRemoteTestNG.run(AbstractRemoteTestNG.java:115)
at org.testng.remote.RemoteTestNG.initAndRun(RemoteTestNG.java:251)
at org.testng.remote.RemoteTestNG.main(RemoteTestNG.java:77)
]]>
    </failure>
  </testcase> <!-- aquisition_quotes_outright_BCH_without_maintenance_edited_Test -->
  <system-out>
    <![CDATA[<b>Clicked on Quote button </b> <br />
<b>Manufacture =AUDI has been selected</b> <br />
<b>Model range =A7 has been selected</b> <br />
<b>Vehicle has been selected</b> <br />
<b>Paint option has been selected</b> <br />
<b>Interior option has been selected</b> <br />
<b>Contract type option has been selected</b> <br />
<b>Getting Basic Price- Vehicle value is  =50000</b> <br />
<b>Getting Basic Price - Paint  value is  =0.00</b> <br />
<b>Getting  Basic Price - Options value is   =833.33</b> <br />
<b>Getting Discount- Vehicle value is  =5.00</b> <br />
<b>Getting   Discount - Paint value is   =0.00</b> <br />
<b>Getting  Discount- Options value is   =5.00</b> <br />
<b>Getting Additional Discount- Vehicle value is  =2.00</b> <br />
<b>Getting  Additional Discount - paint value is  =0.00</b> <br />
<b>Getting  Additional Discount - Options value is  =0.00</b> <br />
<b>Writing OTR table values to excel sheet -Started </b> <br />
<b>Writing OTR table values to excel sheet -Completed </b> <br />
<b>Reading Subtotal After Discount from excel sheet -Started </b> <br />
<b>Reading Subtotal After Discount from excel sheet -Started </b> <br />
<b>Subtotal After Discount from excel sheet is =48289.6635</b> <br />
<b>Subtotal after discount actual value from screen =Â£ 48,289.67</b> <br />
<b>*********Calculations for On Road Price has been started***********</b> <br />
<b>Started getting On screen values from after discount table </b> <br />
<b>Manufacture_delivery_charges =550.00</b> <br />
<b>Road_tax_first_year_from_test_data =600</b> <br />
<b>First_registration_fee =55.00</b> <br />
<b>Rebate =0.00</b> <br />
<b>Writing After discount values to excel has been started</b> <br />
<b>Writing After discount values to excel has been completed</b> <br />
<b>Reading On Road Price for invoice from excel has been Started</b> <br />
<b>Reading On Road Price for invoice from excel has been completed</b> <br />
<b>Expected on the road price from excel is =59262.6</b> <br />
<b>Actual on the road price from screen is =59262.60</b> <br />
<b>***********Entered in holding cost page ***********</b> <br />
<b>Clicked on holding cost summary</b> <br />
<b>***********Holding Cost Calculations has been Started*************</b> <br />
<b>Getting on screen values from Holding Cost Page</b> <br />
<b>Duration(Terms) =36.0</b> <br />
<b>Annual_mileage =10000.0</b> <br />
<b>Cap_residual_value =20000.0</b> <br />
<b>Writing Holding Cost Summary values to excel has been started</b> <br />
<b>Writing Holding Cost Summary values to excel has been completed</b> <br />
<b>Reading Monthly Holding Cost value from excel has been started</b> <br />
<b>Reading Monthly Holding Cost value from excel has been completed</b> <br />
<b>Total_monthly_holding_cost_from_screen =1,098.69</b> <br />
<b>Total_monthly_holding_cost_from_excel =1098.6887941393352</b> <br />
<b>Writing configuration values from property file to Excel for customer quote calculation -started</b> <br />
<b>Writing configuration values from property file to Excel for customer quote calculation -completed</b> <br />
<b>************Calculations for Customer Quote Page has been started***********</b> <br />
<b>Payment Profile Monthly in Advance option has been selected</b> <br />
<b>Clicked on Part Exchange panel</b> <br />
<b>Writing values to Excel for customer quote calculation -started</b> <br />
<b>Writing values to Excel for customer quote calculation -completed</b> <br />
<b>Reading  Monthly Finance Rental from  Excel   -started</b> <br />
<b>Reading  Monthly Finance Rental from  Excel   -completed</b> <br />
<b>Monthly Finance Rental from Excel is =1344.6402419868446</b> <br />
<br>----------Screenshot---------<br>
<img src="D:\newWorkspaceStaging\AutomationStaging\target\surefire-reports\html\failure_screenshots\aquisition_quotes_outright_BCH_without_maintenance_edited_Test_10_11_2022_11_08_05.png" height="800" width="1000">]]>
  </system-out>
</testsuite> <!-- com.amt.test.Acquisition_Quotes_Outright_BCH_without_maintenance_edited_Test -->
