<?xml version="1.0" encoding="UTF-8"?>
<!-- Generated by org.testng.reporters.JUnitReportReporter -->
<testsuite hostname="DSK-4052" failures="0" tests="20" name="com.amt.test.LOU.LOU_used_car_ownbook_business_hire_accept_with_changes_Test" time="584.866" errors="0" timestamp="2024-01-03T14:28:11 IST" skipped="0">
  <testcase classname="com.amt.test.LOU.LOU_used_car_ownbook_business_hire_accept_with_changes_Test" name="L1_create_lead_convert_to_lead_for_ownbook_business_flow" time="124.821"/>
  <system-out>
    <![CDATA[<b>Clicked on Leads on Side Menu</b> <br />
<b>Clicked on add lead</b> <br />
<b>Lead is assigned</b> <br />
<b>Added data in General Notes</b> <br />
<b>Customer type - Business selected</b> <br />
<b>Clicked on Add new vehicle request</b> <br />
<b>Clicked on ownbook channel</b> <br />
<b>Vehicle request for broker has been saved</b> <br />
<b>Click on Map New Quote icon</b> <br />
<b>Click on acquisition contract type icon</b> <br />
<b>Click on customer contract type icon</b> <br />
<b>Click on search button</b> <br />
<b>Click on created date button 1st </b> <br />
<b>Click on created date button 2nd</b> <br />
<b>New Quote has been mapped with lead</b> <br />
<b>click ok button on Map  new quote </b> <br />
<b></b> <br />
<b>Started Verifying Table values</b> <br />
<b></b> <br />
<b>EBP82320 = EBP82320</b> <br />
<b>Quote no. compared and found ok</b> <br />
<b></b> <br />
<b>MERCEDES-BENZ A CLASS AMG HATCHBACK (2019 - Current) A35 4Matic Premium 5dr Auto = MERCEDES-BENZ A CLASS AMG HATCHBACK (2019 - Current) A35 4Matic Premium 5dr Auto</b> <br />
<b>Vehicle name compared and found ok</b> <br />
<b></b> <br />
<b>Business Contract Hire = Business Contract Hire</b> <br />
<b>Contract type compared and found ok</b> <br />
<b></b> <br />
<b>930.81 = 930.81</b> <br />
<b>Monthly finance rental compared and found ok</b> <br />
<b></b> <br />
<b>35000.0 = 35000.0</b> <br />
<b>Mileage compared and found ok</b> <br />
<b></b> <br />
<b>35.0 = 35.0</b> <br />
<b>Terms compared and found ok</b> <br />
<b></b> <br />
<b>02/02/2024 = 02/02/2024</b> <br />
<b>Expiry date compared and found ok</b> <br />
<b>Click on Lead save and Convert button</b> <br />
<b></b> <br />
<b>Started Verifying Table values</b> <br />
<b></b> <br />
<b>EBP82320 = EBP82320</b> <br />
<b>Quote no. compared and found ok</b> <br />
<b></b> <br />
<b>MERCEDES-BENZ A CLASS AMG HATCHBACK (2019 - Current) A35 4Matic Premium 5dr Auto = MERCEDES-BENZ A CLASS AMG HATCHBACK (2019 - Current) A35 4Matic Premium 5dr Auto</b> <br />
<b>Vehicle name compared and found ok</b> <br />
<b></b> <br />
<b>Business Contract Hire = Business Contract Hire</b> <br />
<b>Contract type compared and found ok</b> <br />
<b></b> <br />
<b>930.81 = 930.81</b> <br />
<b>Monthly finance rental compared and found ok</b> <br />
<b></b> <br />
<b>35000.0 = 35000.0</b> <br />
<b>Mileage compared and found ok</b> <br />
<b></b> <br />
<b>35.0 = 35.0</b> <br />
<b>Terms compared and found ok</b> <br />
<b></b> <br />
<b>02/02/2024 = 02/02/2024</b> <br />
<b>Expiry date compared and found ok</b> <br />
<b></b> <br />
<b>In Lead created Opportunity Id is =NU-5523</b> <br />
<b></b> <br />]]>
  </system-out>
  <testcase classname="com.amt.test.LOU.LOU_used_car_ownbook_business_hire_accept_with_changes_Test" name="L2_ownbook_business_current_status_before_sending_to_proposal" time="22.007"/>
  <system-out>
    <![CDATA[<b>Clicked on Opportunity link from Menu </b> <br />
<b>listing_proposal_status is = Proposal Required</b> <br />
<b>Enter the Opportunity id in Search Text box</b> <br />
<b>Current Status of Opportunity Status value is = Open</b> <br />
<b>Current Status of Proposal value is = Proposal Required</b> <br />
<b>Current Status of Channel value is =  Draft</b> <br />
<b>Current Status of  Quote ref is = Draft</b> <br />
<b>Status Verified : Before sending the proposal</b> <br />]]>
  </system-out>
  <testcase classname="com.amt.test.LOU.LOU_used_car_ownbook_business_hire_accept_with_changes_Test" name="L3_verify_table_values_on_opportunity_page_before_sending_proposal" time="4.098"/>
  <system-out>
    <![CDATA[<b></b> <br />
<b>Started Verifying Table values</b> <br />
<b></b> <br />
<b>EBP82320 = EBP82320</b> <br />
<b>Quote no. compared and found ok</b> <br />
<b></b> <br />
<b>MERCEDES-BENZ A CLASS AMG HATCHBACK (2019 - Current) A35 4Matic Premium 5dr Auto = MERCEDES-BENZ A CLASS AMG HATCHBACK (2019 - Current) A35 4Matic Premium 5dr Auto</b> <br />
<b>Vehicle name compared and found ok</b> <br />
<b></b> <br />
<b>Business Contract Hire = Business Contract Hire</b> <br />
<b>Contract type compared and found ok</b> <br />
<b></b> <br />
<b>930.81 = 930.81</b> <br />
<b>Monthly finance rental compared and found ok</b> <br />
<b></b> <br />
<b>35000.0 = 35000.0</b> <br />
<b>Mileage compared and found ok</b> <br />
<b></b> <br />
<b>35.0 = 35.0</b> <br />
<b>Terms compared and found ok</b> <br />
<b></b> <br />
<b>02/02/2024 = 02/02/2024</b> <br />
<b>Expiry date compared and found ok</b> <br />
<b></b> <br />
<b>Table values verified Successfully</b> <br />]]>
  </system-out>
  <testcase classname="com.amt.test.LOU.LOU_used_car_ownbook_business_hire_accept_with_changes_Test" name="L4_fill_up_the_required_fields_for_sending_a_proposal" time="54.236"/>
  <system-out>
    <![CDATA[<b>click on Proposal icon</b> <br />
<b>click on Proposal icon</b> <br />
<b>Proposal page will display </b> <br />
<b>Send proposal to customer pop up  will open</b> <br />
<b>Click on Manual fill radio button - Yes</b> <br />
<b>Click on manually submit behalf of customer link</b> <br />]]>
  </system-out>
  <testcase classname="com.amt.test.LOU.LOU_used_car_ownbook_business_hire_accept_with_changes_Test" name="L5_ownbook_create_opportunity_business_current_status_after_sending_to_proposal" time="3.813"/>
  <system-out>
    <![CDATA[<b>Enter the Opportunity id in Search Text box</b> <br />
<b>Current Status of Opportunity Status value is = Open</b> <br />
<b>Current Status of Proposal value is = Proposal Received</b> <br />
<b>Current Status of Channel value is =  Draft</b> <br />
<b>Current Status of  Quote ref is = Draft</b> <br />
<b>Status Verified : After sending the proposal</b> <br />]]>
  </system-out>
  <testcase classname="com.amt.test.LOU.LOU_used_car_ownbook_business_hire_accept_with_changes_Test" name="L6_ownbook_sending_contract" time="20.664"/>
  <system-out>
    <![CDATA[<b>click on Send_Contract icon</b> <br />
<b>Contract Sent Successfully</b> <br />]]>
  </system-out>
  <testcase classname="com.amt.test.LOU.LOU_used_car_ownbook_business_hire_accept_with_changes_Test" name="L7_verify_current_status_on_opportunity_page_after_sending_contract_for_ownbook_business_flow" time="4.118"/>
  <system-out>
    <![CDATA[<b>Current Status of Proposal value is = Proposal Received</b> <br />
<b>Current Status of Channel value is =  Sent to customer</b> <br />
<b>Current Status of  Quote ref is = Sent to customer</b> <br />
<b>Status Verified : Sent to customer</b> <br />]]>
  </system-out>
  <testcase classname="com.amt.test.LOU.LOU_used_car_ownbook_business_hire_accept_with_changes_Test" name="L8_ownbook_signed_contract_status_with_api_call" time="23.216"/>
  <system-out>
    <![CDATA[<b>Status code 200 received </b> <br />
<b>Enter the Opportunity id in Search Text box</b> <br />]]>
  </system-out>
  <testcase classname="com.amt.test.LOU.LOU_used_car_ownbook_business_hire_accept_with_changes_Test" name="UW1_verify_status_after_contract_signed" time="8.109"/>
  <system-out>
    <![CDATA[<b>Current Status of Proposal value is = Proposal Received</b> <br />
<b>Current Status of Channel value is =  Contract signed</b> <br />
<b>Current Status of  Quote ref is = Contract signed</b> <br />
<b>Status Verified : Contract Signed </b> <br />]]>
  </system-out>
  <testcase classname="com.amt.test.LOU.LOU_used_car_ownbook_business_hire_accept_with_changes_Test" name="UW2_verify_underwriting_pop_up_summary_values_for_ownbook_business_flow" time="45.296"/>
  <system-out>
    <![CDATA[<b> Underwriting icon is available </b> <br />
<b>Underwriting pop up -quote ref no => Quote reference no.:
EBP82320</b> <br />
<b>Underwriting Popup Proposal Id is =MYL7979</b> <br />
<b></b> <br />
<b>Started Verifying Summary values</b> <br />
<b></b> <br />
<b>Quote reference no.:
EBP82320 != EBP82320</b> <br />
<b>Quote no. compared but found not ok</b> <br />
<b></b> <br />
<b>MERCEDES-BENZ A CLASS AMG HATCHBACK (2019 - Current) A35 4Matic Premium 5dr Auto = MERCEDES-BENZ A CLASS AMG HATCHBACK (2019 - Current) A35 4Matic Premium 5dr Auto</b> <br />
<b>Vehicle name compared and found ok</b> <br />
<b></b> <br />
<b>Business Contract Hire = Business Contract Hire</b> <br />
<b>Contract type compared and found ok</b> <br />
<b></b> <br />
<b>35.0 = 35.0</b> <br />
<b>Terms compared and found ok</b> <br />
<b></b> <br />
<b>35000.0 = 35000.0</b> <br />
<b>Mileage compared and found ok</b> <br />
<b></b> <br />
<b>930.81 = 930.8070368018685</b> <br />
<b>Monthly Finance Rental compared and found ok</b> <br />
<b></b> <br />
<b>930.81 = 930.807036801869</b> <br />
<b>Initial Finance Rental found OK</b> <br />
<b></b> <br />
<b>34.0 = 34.0</b> <br />
<b>Followed By months - found OK</b> <br />
<b></b> <br />
<b>26.9 = 26.9316</b> <br />
<b>Pence per excess mile finance - found OK</b> <br />
<b></b> <br />
<b>199.99 = 199.99</b> <br />
<b>Document Fee - found OK</b> <br />
<b></b> <br />
<b>400.0 = 400.0</b> <br />
<b>Upsell - found OK</b> <br />
<b></b> <br />
<b>431.81 = 431.81249999999926</b> <br />
<b>Default Finance Commission - found OK</b> <br />
<b></b> <br />
<b>400.0 = 400.0</b> <br />
<b>Upsell Commission - found OK</b> <br />
<b></b> <br />
<b>99.99 = 99.99000000000001</b> <br />
<b>Document Fee Commission - found OK</b> <br />
<b></b> <br />
<b>931.8 = 931.8024999999993</b> <br />
<b>Total Commission - found OK</b> <br />
<b></b> <br />
<b>200.0 = 200.0</b> <br />
<b>Referrer Commission - found OK</b> <br />
<b>click on underwriting_send_for_underwriting  button </b> <br />
<b>Values on Underwriting pop up are verified succcessfully and opportunity sent for underwriting</b> <br />]]>
  </system-out>
  <testcase classname="com.amt.test.LOU.LOU_used_car_ownbook_business_hire_accept_with_changes_Test" name="UW2_verify_status_after_sending_to_underwriting" time="1.146"/>
  <system-out>
    <![CDATA[<b>Current Status of Proposal value is = Proposal Received</b> <br />
<b>Current Status of Channel value is =  Awaiting underwriting</b> <br />
<b>Current Status of  Quote ref is = Awaiting underwriting</b> <br />
<b>Status Verified : Awaiting Underwriting </b> <br />]]>
  </system-out>
  <testcase classname="com.amt.test.LOU.LOU_used_car_ownbook_business_hire_accept_with_changes_Test" name="UW3_verify_underwriting_lisitig_page" time="12.730"/>
  <system-out>
    <![CDATA[<b>Click on Underwriting menu_link </b> <br />
<b>Click on Underwriting - ownbook tab </b> <br />
<b>Click on Search text box - broker tab</b> <br />
<b>Getting the  proposal id from excel sheet =MYL7979</b> <br />
<b>Enter the proposal in search text box =MYL7979</b> <br />]]>
  </system-out>
  <testcase classname="com.amt.test.LOU.LOU_used_car_ownbook_business_hire_accept_with_changes_Test" name="UW4_verify_values_on_underwriting_quote_tab_for_ownbook_business_flow" time="86.795"/>
  <system-out>
    <![CDATA[<b>Click on Underwriting detail page for proposal</b> <br />
<b>Clicked on Underwriting quote page</b> <br />
<b></b> <br />
<b>22050.0 = 22050.0</b> <br />
<b>Cost Otr Price compared and found ok</b> <br />
<b></b> <br />
<b>18375.0 = 18375.0</b> <br />
<b>Cost Otr Price compared and found ok</b> <br />
<b></b> <br />
<b>3675.0 = 3675.0</b> <br />
<b>Otr Vat compared and found ok</b> <br />
<b></b> <br />
<b>0.0 = 0.0</b> <br />
<b>Otr Rfl And Frf compared and found ok</b> <br />
<b></b> <br />
<b>EBP82320 = EBP82320</b> <br />
<b>Quote no. compared and found ok</b> <br />
<b></b> <br />
<b>MERCEDES-BENZ A CLASS AMG HATCHBACK (2019 - Current) A35 4Matic Premium 5dr Auto = MERCEDES-BENZ A CLASS AMG HATCHBACK (2019 - Current) A35 4Matic Premium 5dr Auto</b> <br />
<b>Vehicle name compared and found ok</b> <br />
<b></b> <br />
<b>Business Contract Hire = Business Contract Hire</b> <br />
<b>Contract type compared and found ok</b> <br />
<b></b> <br />
<b>35.0 = 35.0</b> <br />
<b>Terms compared and found ok</b> <br />
<b></b> <br />
<b>35000.0 = 35000.0</b> <br />
<b>Mileage compared and found ok</b> <br />
<b></b> <br />
<b>930.81 = 930.8070368018685</b> <br />
<b>Monthly Finance Rental compared and found ok</b> <br />
<b></b> <br />
<b>930.81 = 930.807036801869</b> <br />
<b>Initial Finance Rental found OK</b> <br />
<b></b> <br />
<b>34.0 = 34.0</b> <br />
<b>Followed By months - found OK</b> <br />
<b></b> <br />
<b>26.9 = 26.9316</b> <br />
<b>Pence per excess mile finance - found OK</b> <br />
<b></b> <br />
<b>199.99 = 199.99</b> <br />
<b>Document Fee - found OK</b> <br />
<b></b> <br />
<b>400.0 = 400.0</b> <br />
<b>Upsell - found OK</b> <br />
<b></b> <br />
<b>431.81 = 431.81249999999926</b> <br />
<b>Default Finance Commission - found OK</b> <br />
<b></b> <br />
<b>400.0 = 400.0</b> <br />
<b>Upsell Commission - found OK</b> <br />
<b></b> <br />
<b>99.99 = 99.99000000000001</b> <br />
<b>Document Fee Commission - found OK</b> <br />
<b></b> <br />
<b>931.8 = 931.8024999999993</b> <br />
<b>Total Commission - found OK</b> <br />
<b></b> <br />
<b>200.0 = 200.0</b> <br />
<b>Referrer Commission - found OK</b> <br />
<b></b> <br />
<b>7.0 = 7.0</b> <br />
<b>Base Interest Rate found OK</b> <br />
<b></b> <br />
<b>10000.0 = 10000.0</b> <br />
<b>Finance Margin found OK</b> <br />
<b></b> <br />
<b>431.81 = 431.81249999999926</b> <br />
<b>Deductions found OK</b> <br />
<b></b> <br />
<b>339.99 = 339.99</b> <br />
<b>Additional Margin found OK</b> <br />
<b></b> <br />
<b>9908.18 = 9908.1775</b> <br />
<b>Total Margin found OK</b> <br />
<b></b> <br />
<b>1.96 = 1.9583333333333348</b> <br />
<b>Default Broker Margin percentage found OK</b> <br />
<b></b> <br />
<b>0.1 = 0.1</b> <br />
<b>Broker Upsell Margin percentage found OK</b> <br />
<b></b> <br />
<b>40.0 = 40.0</b> <br />
<b>Broker Upsell Margin  found OK</b> <br />
<b></b> <br />
<b>99.99 = 99.99000000000001</b> <br />
<b>Document Fee Margin  found OK</b> <br />
<b></b> <br />
<b>200.0 = 200.00000000000003</b> <br />
<b>Refferer Margin  found OK</b> <br />
<b>Click on decision tab page</b> <br />]]>
  </system-out>
  <testcase classname="com.amt.test.LOU.LOU_used_car_ownbook_business_hire_accept_with_changes_Test" name="UW5_ownbook_underwriting_decision_accept_with_changes" time="35.242"/>
  <system-out>
    <![CDATA[<b>Click on decision Accept button</b> <br />
<b>Entering values to input field</b> <br />
<b>Now selecting the payment profile option </b> <br />
<b></b> <br />
<b></b> <br />
<b>Current Status of accept value is = Conditional acceptance</b> <br />]]>
  </system-out>
  <testcase classname="com.amt.test.LOU.LOU_used_car_ownbook_business_hire_accept_with_changes_Test" name="UW6_verify_ownbook_opportunity_search_text_box_accept_with_changes" time="18.668"/>
  <system-out>
    <![CDATA[<b>Clicked on Opportunity link from Menu </b> <br />
<b>Click on Search text box on Opportunity page</b> <br />
<b>Enter the opportunity ID in search text box =NU-5523</b> <br />]]>
  </system-out>
  <testcase classname="com.amt.test.LOU.LOU_used_car_ownbook_business_hire_accept_with_changes_Test" name="UW7_verify_ownbook_opportunity_accept_with_changes_underwriting_pop_up" time="53.072"/>
  <system-out>
    <![CDATA[<b> Underwriting icon is available </b> <br />
<b>click on underwriting_send_for_underwriting  button </b> <br />]]>
  </system-out>
  <testcase classname="com.amt.test.LOU.LOU_used_car_ownbook_business_hire_accept_with_changes_Test" name="UW8_verify_ownbook_opportunity_underwriting_accept_with_changes_cancel_flow_verification" time="6.225"/>
  <system-out>
    <![CDATA[<b>Current Status of Proposal value is = Proposal Received</b> <br />
<b>Current Status of Channel value is =  Sent to customer</b> <br />
<b>Current Status of  Quote ref is = Cancelled</b> <br />
<b>Current Status of  Quote ref is = Sent to customer</b> <br />
<b>Status Verified : Sent to customer</b> <br />]]>
  </system-out>
  <testcase classname="com.amt.test.LOU.LOU_used_car_ownbook_business_hire_accept_with_changes_Test" name="UW9_verify_ownbook_opportunity_underwriting_accept_with_changes_underwriting_pop_up" time="7.207"/>
  <system-out>
    <![CDATA[<b>Click on Search text box on Opportunity page</b> <br />
<b>Enter the opportunity ID in search text box =NU-5523</b> <br />]]>
  </system-out>
  <testcase classname="com.amt.test.LOU.LOU_used_car_ownbook_business_hire_accept_with_changes_Test" name="UW10_ownbook_after_opportunity_underwriting_accept_with_changes_signed_contract_status_with_api_call" time="50.498"/>
  <system-out>
    <![CDATA[<b>Status code 200 received </b> <br />
<b>Enter the Opportunity id in Search Text box</b> <br />]]>
  </system-out>
  <testcase classname="com.amt.test.LOU.LOU_used_car_ownbook_business_hire_accept_with_changes_Test" name="OP1_ownbook_after_Underwriting_accepted_mothlty_payment_price" time="2.905"/>
  <system-out>
    <![CDATA[<b>New Quote ref in Opportunity TLT29173</b> <br />
<b>New Quote Monthly Payment is  = £ 2,178.77 ex. VAT</b> <br />
<b>Cancelled Quote ref in Opportunity is = null</b> <br />
<b>Cancelled Monthly Payment value is = £ 930.81 ex. VAT</b> <br />
<b>[32mMonthly Payment verified (found ok) after accepting new quote, Actual value is 2178.77 and Expected value is 2178.7719496489835[0m</b> <br />]]>
  </system-out>
</testsuite> <!-- com.amt.test.LOU.LOU_used_car_ownbook_business_hire_accept_with_changes_Test -->
