<?xml version="1.0" encoding="UTF-8"?>
<!-- Generated by org.testng.reporters.JUnitReportReporter -->
<testsuite hostname="DSK-951" failures="0" tests="7" name="com.amt.test.Acquisition_Quotes_Outright_CP_with_maintenance_Test" time="225.992" errors="0" timestamp="2022-11-18T15:59:10 IST" skipped="0">
  <testcase classname="com.amt.test.Acquisition_Quotes_Outright_CP_with_maintenance_Test" name="aquisition_quotes_outright_CP_OTR_calculation_with_maintenance_test" time="67.380"/>
  <system-out>
    <![CDATA[<b>Clicked on Quote button </b> <br />
<b>Manufacture =AUDI has been selected</b> <br />
<b>Model range =A7 has been selected</b> <br />
<b>Vehicle has been selected</b> <br />
<b>Paint option has been selected</b> <br />
<b>Interior option has been selected</b> <br />
<b> Acquisition Contract type option = Outright has been selected</b> <br />
<b> Customer Contract type option = Contract Purchase (CP) has been selected</b> <br />
<b>Getting Basic Price- Vehicle value is  =46854.17</b> <br />
<b>Getting Basic Price - Paint  value is  =0.00</b> <br />
<b>Getting  Basic Price - Options value is   =833.33</b> <br />
<b>Getting Discount- Vehicle value is  =15.00</b> <br />
<b>Getting   Discount - Paint value is   =0.00</b> <br />
<b>Getting  Discount- Options value is   =9.00</b> <br />
<b>Getting Additional Discount- Vehicle value is  =52.00</b> <br />
<b>Getting  Additional Discount - paint value is  =0.00</b> <br />
<b>Getting  Additional Discount - Options value is  =15.00</b> <br />
<b>Writing OTR table values to excel sheet -Started </b> <br />
<b>Writing OTR table values to excel sheet -Completed </b> <br />
<b>Reading Subtotal After Discount from excel sheet -Started </b> <br />
<b>Reading Subtotal After Discount from excel sheet -Started </b> <br />
<b>Subtotal After Discount from excel sheet is =40517.3748</b> <br />
<b>Subtotal after discount actual value from screen =Â£ 40,517.38</b> <br />]]>
  </system-out>
  <testcase classname="com.amt.test.Acquisition_Quotes_Outright_CP_with_maintenance_Test" name="aquisition_quotes_outright_CP_after_discount_calculations_with_maintenance_test" time="1.675"/>
  <system-out>
    <![CDATA[<b>*********Calculations for On Road Price has been started***********</b> <br />
<b>Started getting On screen values from after discount table </b> <br />
<b>Manufacture_delivery_charges =50.00</b> <br />
<b>Road_tax_first_year =585.00</b> <br />
<b>First_registration_fee =55.00</b> <br />
<b>Rebate =120.00</b> <br />
<b>Writing After discount values to excel has been started</b> <br />
<b>Writing After discount values to excel has been completed</b> <br />
<b>Reading On Road Price for invoice from excel has been Started</b> <br />
<b>Reading On Road Price for invoice from excel has been completed</b> <br />
<b>Expected on the road price from excel is =49320.85</b> <br />
<b>Actual on the road price from screen is =49320.86</b> <br />]]>
  </system-out>
  <testcase classname="com.amt.test.Acquisition_Quotes_Outright_CP_with_maintenance_Test" name="aquisition_quotes_outright_CP_holding_cost_calculations_with_maintenance_test" time="8.259"/>
  <system-out>
    <![CDATA[<b>***********Entered in holding cost page ***********</b> <br />
<b>Clicked on holding cost summary</b> <br />
<b>Clicked on holding_cost_maintenance_toggle_button</b> <br />
<b>***********Holding Cost Calculations has been Started*************</b> <br />
<b>Getting on screen values from Holding Cost Page</b> <br />
<b>Duration(Terms) =36.0</b> <br />
<b>Annual_mileage =10000.0</b> <br />
<b>Cap_residual_value =27500.0</b> <br />
<b>Writing Holding Cost Summary values to excel has been started</b> <br />
<b>Writing Holding Cost Summary values to excel has been completed</b> <br />
<b>Reading Monthly Holding Cost value from excel has been started</b> <br />
<b>Reading Monthly Holding Cost value from excel has been completed</b> <br />
<b>Total_monthly_holding_cost_from_screen =712.77</b> <br />
<b>Total_monthly_holding_cost_from_excel =712.772406008968</b> <br />]]>
  </system-out>
  <testcase classname="com.amt.test.Acquisition_Quotes_Outright_CP_with_maintenance_Test" name="aquisition_quotes_outright_CP_customer_quote_calculations_check_monthly_finance_payment_with_maintenance_test" time="48.664"/>
  <system-out>
    <![CDATA[<b>***********Entered in Customer Quote page ***********</b> <br />
<b>Matrix credit type A1 Credit has been selected</b> <br />
<b>Writing configuration values from property file to Excel for customer quote calculation -started</b> <br />
<b>Writing configuration values from property file to Excel for customer quote calculation -completed</b> <br />
<b>Actual Monthly total Payment from screen is 949.84</b> <br />
<b>Writing screen values to Excel for customer quote calculation -started</b> <br />
<b>Writing screen values to Excel for customer quote calculation -completed</b> <br />
<b>Expected Monthly Total Rental from excel is 949.8385828908314</b> <br />]]>
  </system-out>
  <testcase classname="com.amt.test.Acquisition_Quotes_Outright_CP_with_maintenance_Test" name="aquisition_quotes_outright_CP_customer_quote_vehicle_profit_edit_check_with_maintenance_test" time="13.566"/>
  <system-out>
    <![CDATA[<b>Monthly Total Payment verified after editing vehicle profit</b> <br />]]>
  </system-out>
  <testcase classname="com.amt.test.Acquisition_Quotes_Outright_CP_with_maintenance_Test" name="aquisition_quotes_outright_CP_customer_quote_part_exchange_value_edit_check_with_maintenance_test" time="63.420"/>
  <system-out>
    <![CDATA[<b>Monthly total Payment verified after editing part exchange values and deposit values</b> <br />]]>
  </system-out>
  <testcase classname="com.amt.test.Acquisition_Quotes_Outright_CP_with_maintenance_Test" name="aquisition_quotes_outright_CP_quote_summary_values_verification_with_maintenance_test" time="23.028"/>
  <system-out>
    <![CDATA[<b>*************Calculations for Quote Summary page gas been started************</b> <br />
<b>Reading values from sceen -Quote Summary Page</b> <br />
<b>Getting values from screen</b> <br />
<b>Quote_summary_cost_otr_price =49,320.86</b> <br />
<b>Quote_summary_total_monthly_holding_cost =712.77</b> <br />
<b>Quote_summary_monthly_finance_rental =872.22</b> <br />
<b>Quote_summary_monthly_finance_rental =35.31</b> <br />
<b>Quote_summary_monthly_finance_rental =907.53</b> <br />
<b>Acquisition contract_type =Outright Purchase</b> <br />
<b>Customer contract_type =Contract Purchase</b> <br />
<b>Reading values from excel sheet to compare it with quote summary on screen values</b> <br />
<b>Comparing excel values with actual values on screen</b> <br />
<b>OTR price compared</b> <br />
<b>Total monthly holding cost compared</b> <br />
<b>Finance Rental compared</b> <br />
<b>Maintenance Rental compared</b> <br />
<b>total Rental compared</b> <br />]]>
  </system-out>
</testsuite> <!-- com.amt.test.Acquisition_Quotes_Outright_CP_with_maintenance_Test -->
