<?xml version="1.0" encoding="UTF-8"?>
<!-- Generated by org.testng.reporters.JUnitReportReporter -->
<testsuite hostname="DSK-4052" failures="1" tests="20" name="com.amt.test.LOU.LOU_used_car_ownbook_business_hire_accept_with_changes_Test" time="845.391" errors="0" timestamp="2024-01-09T14:22:29 IST" skipped="0">
  <testcase classname="com.amt.test.LOU.LOU_used_car_ownbook_business_hire_accept_with_changes_Test" name="L1_create_lead_convert_to_lead_for_ownbook_business_flow" time="176.124"/>
  <system-out>
    <![CDATA[<b>Clicked on Leads on Side Menu</b> <br />
<b>Clicked on add lead</b> <br />
<b>Lead is assigned</b> <br />
<b>Added data in General Notes</b> <br />
<b>Customer type - Business selected</b> <br />
<b>Clicked on Add new vehicle request</b> <br />
<b>Clicked on ownbook channel</b> <br />
<b>Vehicle request for broker has been saved</b> <br />
<b>Click on Map New Quote icon</b> <br />
<b>Click on acquisition contract type icon</b> <br />
<b>Click on customer contract type icon</b> <br />
<b>Click on search button</b> <br />
<b>Click on created date button 1st </b> <br />
<b>Click on created date button 2nd</b> <br />
<b>New Quote has been mapped with lead</b> <br />
<b>click ok button on Map  new quote </b> <br />
<b></b> <br />
<b>Started Verifying Table values</b> <br />
<b></b> <br />
<b>NAM85706 = NAM85706</b> <br />
<b>Quote no. compared and found ok</b> <br />
<b></b> <br />
<b>MERCEDES-BENZ A CLASS AMG HATCHBACK (2019 - Current) A35 4Matic Premium 5dr Auto = MERCEDES-BENZ A CLASS AMG HATCHBACK (2019 - Current) A35 4Matic Premium 5dr Auto</b> <br />
<b>Vehicle name compared and found ok</b> <br />
<b></b> <br />
<b>Business Contract Hire = Business Contract Hire</b> <br />
<b>Contract type compared and found ok</b> <br />
<b></b> <br />
<b>488.59 = 488.59</b> <br />
<b>Monthly finance rental compared and found ok</b> <br />
<b></b> <br />
<b>10000.0 = 10000.0</b> <br />
<b>Mileage compared and found ok</b> <br />
<b></b> <br />
<b>36.0 = 36.0</b> <br />
<b>Terms compared and found ok</b> <br />
<b></b> <br />
<b>08/02/2024 = 08/02/2024</b> <br />
<b>Expiry date compared and found ok</b> <br />
<b>Click on Lead save and Convert button</b> <br />
<b></b> <br />
<b>Started Verifying Table values</b> <br />
<b></b> <br />
<b>NAM85706 = NAM85706</b> <br />
<b>Quote no. compared and found ok</b> <br />
<b></b> <br />
<b>MERCEDES-BENZ A CLASS AMG HATCHBACK (2019 - Current) A35 4Matic Premium 5dr Auto = MERCEDES-BENZ A CLASS AMG HATCHBACK (2019 - Current) A35 4Matic Premium 5dr Auto</b> <br />
<b>Vehicle name compared and found ok</b> <br />
<b></b> <br />
<b>Business Contract Hire = Business Contract Hire</b> <br />
<b>Contract type compared and found ok</b> <br />
<b></b> <br />
<b>488.59 = 488.59</b> <br />
<b>Monthly finance rental compared and found ok</b> <br />
<b></b> <br />
<b>10000.0 = 10000.0</b> <br />
<b>Mileage compared and found ok</b> <br />
<b></b> <br />
<b>36.0 = 36.0</b> <br />
<b>Terms compared and found ok</b> <br />
<b></b> <br />
<b>08/02/2024 = 08/02/2024</b> <br />
<b>Expiry date compared and found ok</b> <br />
<b></b> <br />
<b>In Lead created Opportunity Id is =AO-3384</b> <br />
<b></b> <br />]]>
  </system-out>
  <testcase classname="com.amt.test.LOU.LOU_used_car_ownbook_business_hire_accept_with_changes_Test" name="L2_ownbook_business_current_status_before_sending_to_proposal" time="15.404"/>
  <system-out>
    <![CDATA[<b>Clicked on Opportunity link from Menu </b> <br />
<b>listing_proposal_status is = Proposal Required</b> <br />
<b>Enter the Opportunity id in Search Text box</b> <br />
<b>Current Status of Opportunity Status value is = Open</b> <br />
<b>Current Status of Proposal value is = Proposal Required</b> <br />
<b>Current Status of Channel value is =  Draft</b> <br />
<b>Current Status of  Quote ref is = Draft</b> <br />
<b>Status Verified : Before sending the proposal</b> <br />]]>
  </system-out>
  <testcase classname="com.amt.test.LOU.LOU_used_car_ownbook_business_hire_accept_with_changes_Test" name="L3_verify_table_values_on_opportunity_page_before_sending_proposal" time="4.050"/>
  <system-out>
    <![CDATA[<b></b> <br />
<b>Started Verifying Table values</b> <br />
<b></b> <br />
<b>NAM85706 = NAM85706</b> <br />
<b>Quote no. compared and found ok</b> <br />
<b></b> <br />
<b>MERCEDES-BENZ A CLASS AMG HATCHBACK (2019 - Current) A35 4Matic Premium 5dr Auto = MERCEDES-BENZ A CLASS AMG HATCHBACK (2019 - Current) A35 4Matic Premium 5dr Auto</b> <br />
<b>Vehicle name compared and found ok</b> <br />
<b></b> <br />
<b>Business Contract Hire = Business Contract Hire</b> <br />
<b>Contract type compared and found ok</b> <br />
<b></b> <br />
<b>488.59 = 488.59</b> <br />
<b>Monthly finance rental compared and found ok</b> <br />
<b></b> <br />
<b>10000.0 = 10000.0</b> <br />
<b>Mileage compared and found ok</b> <br />
<b></b> <br />
<b>36.0 = 36.0</b> <br />
<b>Terms compared and found ok</b> <br />
<b></b> <br />
<b>08/02/2024 = 08/02/2024</b> <br />
<b>Expiry date compared and found ok</b> <br />
<b></b> <br />
<b>Table values verified Successfully</b> <br />]]>
  </system-out>
  <testcase classname="com.amt.test.LOU.LOU_used_car_ownbook_business_hire_accept_with_changes_Test" name="L4_fill_up_the_required_fields_for_sending_a_proposal" time="69.394"/>
  <system-out>
    <![CDATA[<b>click on Proposal icon</b> <br />
<b>click on Proposal icon</b> <br />
<b>Proposal page will display </b> <br />
<b>Send proposal to customer pop up  will open</b> <br />
<b>Click on Manual fill radio button - Yes</b> <br />
<b>Click on manually submit behalf of customer link</b> <br />]]>
  </system-out>
  <testcase classname="com.amt.test.LOU.LOU_used_car_ownbook_business_hire_accept_with_changes_Test" name="L5_ownbook_create_opportunity_business_current_status_after_sending_to_proposal" time="3.750"/>
  <system-out>
    <![CDATA[<b>Enter the Opportunity id in Search Text box</b> <br />
<b>Current Status of Opportunity Status value is = Open</b> <br />
<b>Current Status of Proposal value is = Proposal Received</b> <br />
<b>Current Status of Channel value is =  Draft</b> <br />
<b>Current Status of  Quote ref is = Draft</b> <br />
<b>Status Verified : After sending the proposal</b> <br />]]>
  </system-out>
  <testcase classname="com.amt.test.LOU.LOU_used_car_ownbook_business_hire_accept_with_changes_Test" name="L6_ownbook_sending_contract" time="31.996"/>
  <system-out>
    <![CDATA[<b>click on Send_Contract icon</b> <br />
<b>Contract Sent Successfully</b> <br />]]>
  </system-out>
  <testcase classname="com.amt.test.LOU.LOU_used_car_ownbook_business_hire_accept_with_changes_Test" name="L7_verify_current_status_on_opportunity_page_after_sending_contract_for_ownbook_business_flow" time="4.126"/>
  <system-out>
    <![CDATA[<b>Current Status of Proposal value is = Proposal Received</b> <br />
<b>Current Status of Channel value is =  Sent to customer</b> <br />
<b>Current Status of  Quote ref is = Sent to customer</b> <br />
<b>Status Verified : Sent to customer</b> <br />]]>
  </system-out>
  <testcase classname="com.amt.test.LOU.LOU_used_car_ownbook_business_hire_accept_with_changes_Test" name="L8_ownbook_signed_contract_status_with_api_call" time="30.317"/>
  <system-out>
    <![CDATA[<b>Status code 200 received </b> <br />
<b>Enter the Opportunity id in Search Text box</b> <br />]]>
  </system-out>
  <testcase classname="com.amt.test.LOU.LOU_used_car_ownbook_business_hire_accept_with_changes_Test" name="UW1_verify_status_after_contract_signed" time="10.136"/>
  <system-out>
    <![CDATA[<b>Current Status of Proposal value is = Proposal Received</b> <br />
<b>Current Status of Channel value is =  Contract signed</b> <br />
<b>Current Status of  Quote ref is = Contract signed</b> <br />
<b>Status Verified : Contract Signed </b> <br />]]>
  </system-out>
  <testcase classname="com.amt.test.LOU.LOU_used_car_ownbook_business_hire_accept_with_changes_Test" name="UW2_verify_underwriting_pop_up_summary_values_for_ownbook_business_flow" time="44.439"/>
  <system-out>
    <![CDATA[<b> Underwriting icon is available </b> <br />
<b>Underwriting pop up -quote ref no => Quote reference no.:
NAM85706</b> <br />
<b>Underwriting Popup Proposal Id is =XQW4169</b> <br />
<b></b> <br />
<b>Started Verifying Summary values</b> <br />
<b></b> <br />
<b>Quote reference no.:
NAM85706 != NAM85706</b> <br />
<b>Quote no. compared but found not ok</b> <br />
<b></b> <br />
<b>MERCEDES-BENZ A CLASS AMG HATCHBACK (2019 - Current) A35 4Matic Premium 5dr Auto = MERCEDES-BENZ A CLASS AMG HATCHBACK (2019 - Current) A35 4Matic Premium 5dr Auto</b> <br />
<b>Vehicle name compared and found ok</b> <br />
<b></b> <br />
<b>Business Contract Hire = Business Contract Hire</b> <br />
<b>Contract type compared and found ok</b> <br />
<b></b> <br />
<b>36.0 = 36.0</b> <br />
<b>Terms compared and found ok</b> <br />
<b></b> <br />
<b>10000.0 = 10000.0</b> <br />
<b>Mileage compared and found ok</b> <br />
<b></b> <br />
<b>488.59 = 488.5903520522917</b> <br />
<b>Monthly Finance Rental compared and found ok</b> <br />
<b></b> <br />
<b>488.59 = 488.590352052292</b> <br />
<b>Initial Finance Rental found OK</b> <br />
<b></b> <br />
<b>35.0 = 35.0</b> <br />
<b>Followed By months - found OK</b> <br />
<b></b> <br />
<b>26.9 = 26.9316</b> <br />
<b>Pence per excess mile finance - found OK</b> <br />
<b></b> <br />
<b>199.99 = 199.99</b> <br />
<b>Document Fee - found OK</b> <br />
<b></b> <br />
<b>400.0 = 400.0</b> <br />
<b>Upsell - found OK</b> <br />
<b></b> <br />
<b>441.0 = 441.0</b> <br />
<b>Default Finance Commission - found OK</b> <br />
<b></b> <br />
<b>400.0 = 400.0</b> <br />
<b>Upsell Commission - found OK</b> <br />
<b></b> <br />
<b>99.99 = 99.99000000000001</b> <br />
<b>Document Fee Commission - found OK</b> <br />
<b></b> <br />
<b>940.99 = 940.99</b> <br />
<b>Total Commission - found OK</b> <br />
<b></b> <br />
<b>200.0 = 200.0</b> <br />
<b>Referrer Commission - found OK</b> <br />
<b>click on underwriting_send_for_underwriting  button </b> <br />
<b>Values on Underwriting pop up are verified succcessfully and opportunity sent for underwriting</b> <br />]]>
  </system-out>
  <testcase classname="com.amt.test.LOU.LOU_used_car_ownbook_business_hire_accept_with_changes_Test" name="UW2_verify_status_after_sending_to_underwriting" time="1.141"/>
  <system-out>
    <![CDATA[<b>Current Status of Proposal value is = Proposal Received</b> <br />
<b>Current Status of Channel value is =  Awaiting underwriting</b> <br />
<b>Current Status of  Quote ref is = Awaiting underwriting</b> <br />
<b>Status Verified : Awaiting Underwriting </b> <br />]]>
  </system-out>
  <testcase classname="com.amt.test.LOU.LOU_used_car_ownbook_business_hire_accept_with_changes_Test" name="UW3_verify_underwriting_lisitig_page" time="21.000"/>
  <system-out>
    <![CDATA[<b>Click on Underwriting menu_link </b> <br />
<b>Click on Underwriting - ownbook tab </b> <br />
<b>Click on Search text box - broker tab</b> <br />
<b>Getting the  proposal id from excel sheet =XQW4169</b> <br />
<b>Enter the proposal in search text box =XQW4169</b> <br />]]>
  </system-out>
  <testcase classname="com.amt.test.LOU.LOU_used_car_ownbook_business_hire_accept_with_changes_Test" name="UW4_verify_values_on_underwriting_quote_tab_for_ownbook_business_flow" time="90.987"/>
  <system-out>
    <![CDATA[<b>Click on Underwriting detail page for proposal</b> <br />
<b>Clicked on Underwriting quote page</b> <br />
<b></b> <br />
<b>22050.0 = 22050.0</b> <br />
<b>Cost Otr Price compared and found ok</b> <br />
<b></b> <br />
<b>18375.0 = 18375.0</b> <br />
<b>Cost Otr Price compared and found ok</b> <br />
<b></b> <br />
<b>3675.0 = 3675.0</b> <br />
<b>Otr Vat compared and found ok</b> <br />
<b></b> <br />
<b>0.0 = 0.0</b> <br />
<b>Otr Rfl And Frf compared and found ok</b> <br />
<b></b> <br />
<b>NAM85706 = NAM85706</b> <br />
<b>Quote no. compared and found ok</b> <br />
<b></b> <br />
<b>MERCEDES-BENZ A CLASS AMG HATCHBACK (2019 - Current) A35 4Matic Premium 5dr Auto = MERCEDES-BENZ A CLASS AMG HATCHBACK (2019 - Current) A35 4Matic Premium 5dr Auto</b> <br />
<b>Vehicle name compared and found ok</b> <br />
<b></b> <br />
<b>Business Contract Hire = Business Contract Hire</b> <br />
<b>Contract type compared and found ok</b> <br />
<b></b> <br />
<b>36.0 = 36.0</b> <br />
<b>Terms compared and found ok</b> <br />
<b></b> <br />
<b>10000.0 = 10000.0</b> <br />
<b>Mileage compared and found ok</b> <br />
<b></b> <br />
<b>488.59 = 488.5903520522917</b> <br />
<b>Monthly Finance Rental compared and found ok</b> <br />
<b></b> <br />
<b>488.59 = 488.590352052292</b> <br />
<b>Initial Finance Rental found OK</b> <br />
<b></b> <br />
<b>35.0 = 35.0</b> <br />
<b>Followed By months - found OK</b> <br />
<b></b> <br />
<b>26.9 = 26.9316</b> <br />
<b>Pence per excess mile finance - found OK</b> <br />
<b></b> <br />
<b>199.99 = 199.99</b> <br />
<b>Document Fee - found OK</b> <br />
<b></b> <br />
<b>400.0 = 400.0</b> <br />
<b>Upsell - found OK</b> <br />
<b></b> <br />
<b>441.0 = 441.0</b> <br />
<b>Default Finance Commission - found OK</b> <br />
<b></b> <br />
<b>400.0 = 400.0</b> <br />
<b>Upsell Commission - found OK</b> <br />
<b></b> <br />
<b>99.99 = 99.99000000000001</b> <br />
<b>Document Fee Commission - found OK</b> <br />
<b></b> <br />
<b>940.99 = 940.99</b> <br />
<b>Total Commission - found OK</b> <br />
<b></b> <br />
<b>200.0 = 200.0</b> <br />
<b>Referrer Commission - found OK</b> <br />
<b></b> <br />
<b>7.0 = 7.0</b> <br />
<b>Base Interest Rate found OK</b> <br />
<b></b> <br />
<b>10000.0 = 10000.0</b> <br />
<b>Finance Margin found OK</b> <br />
<b></b> <br />
<b>441.0 = 441.0</b> <br />
<b>Deductions found OK</b> <br />
<b></b> <br />
<b>339.99 = 339.99</b> <br />
<b>Additional Margin found OK</b> <br />
<b></b> <br />
<b>9898.99 = 9898.99</b> <br />
<b>Total Margin found OK</b> <br />
<b></b> <br />
<b>2.0 = 2.0</b> <br />
<b>Default Broker Margin percentage found OK</b> <br />
<b></b> <br />
<b>0.1 = 0.1</b> <br />
<b>Broker Upsell Margin percentage found OK</b> <br />
<b></b> <br />
<b>40.0 = 40.0</b> <br />
<b>Broker Upsell Margin  found OK</b> <br />
<b></b> <br />
<b>99.99 = 99.99000000000001</b> <br />
<b>Document Fee Margin  found OK</b> <br />
<b></b> <br />
<b>200.0 = 200.00000000000003</b> <br />
<b>Refferer Margin  found OK</b> <br />
<b>Click on decision tab page</b> <br />]]>
  </system-out>
  <testcase classname="com.amt.test.LOU.LOU_used_car_ownbook_business_hire_accept_with_changes_Test" name="UW5_ownbook_underwriting_decision_accept_with_changes" time="35.055"/>
  <system-out>
    <![CDATA[<b>Click on decision Accept button</b> <br />
<b>Entering values to input field</b> <br />
<b>Now selecting the payment profile option </b> <br />
<b></b> <br />
<b></b> <br />
<b>Current Status of accept value is = Conditional acceptance</b> <br />]]>
  </system-out>
  <testcase classname="com.amt.test.LOU.LOU_used_car_ownbook_business_hire_accept_with_changes_Test" name="UW6_verify_ownbook_opportunity_search_text_box_accept_with_changes" time="20.882"/>
  <system-out>
    <![CDATA[<b>Clicked on Opportunity link from Menu </b> <br />
<b>Click on Search text box on Opportunity page</b> <br />
<b>Enter the opportunity ID in search text box =AO-3384</b> <br />]]>
  </system-out>
  <testcase classname="com.amt.test.LOU.LOU_used_car_ownbook_business_hire_accept_with_changes_Test" name="UW7_verify_ownbook_opportunity_accept_with_changes_underwriting_pop_up" time="169.219"/>
  <system-out>
    <![CDATA[<b> Underwriting icon is available </b> <br />
<b>click on underwriting_send_for_underwriting  button </b> <br />]]>
  </system-out>
  <testcase classname="com.amt.test.LOU.LOU_used_car_ownbook_business_hire_accept_with_changes_Test" name="UW8_verify_ownbook_opportunity_underwriting_accept_with_changes_cancel_flow_verification" time="36.652"/>
  <system-out>
    <![CDATA[<b>Current Status of Proposal value is = Proposal Received</b> <br />
<b>Current Status of Channel value is =  Sent to customer</b> <br />
<b>Current Status of  Quote ref is = Cancelled</b> <br />
<b>Current Status of  Quote ref is = Sent to customer</b> <br />
<b>Status Verified : Sent to customer</b> <br />]]>
  </system-out>
  <testcase classname="com.amt.test.LOU.LOU_used_car_ownbook_business_hire_accept_with_changes_Test" name="UW9_verify_ownbook_opportunity_underwriting_accept_with_changes_underwriting_pop_up" time="7.219"/>
  <system-out>
    <![CDATA[<b>Click on Search text box on Opportunity page</b> <br />
<b>Enter the opportunity ID in search text box =AO-3384</b> <br />]]>
  </system-out>
  <testcase classname="com.amt.test.LOU.LOU_used_car_ownbook_business_hire_accept_with_changes_Test" name="UW10_ownbook_after_opportunity_underwriting_accept_with_changes_signed_contract_status_with_api_call" time="70.656"/>
  <system-out>
    <![CDATA[<b>Status code 200 received </b> <br />
<b>Enter the Opportunity id in Search Text box</b> <br />]]>
  </system-out>
  <testcase classname="com.amt.test.LOU.LOU_used_car_ownbook_business_hire_accept_with_changes_Test" name="OP1_ownbook_after_Underwriting_accepted_mothlty_payment_price" time="2.844">
    <failure message="expected [true] but found [false]" type="java.lang.AssertionError">
      <![CDATA[java.lang.AssertionError: expected [true] but found [false]
at org.testng.Assert.fail(Assert.java:99)
at org.testng.Assert.failNotEquals(Assert.java:1037)
at org.testng.Assert.assertTrue(Assert.java:45)
at org.testng.Assert.assertTrue(Assert.java:55)
at com.amt.test.LOU.LOU_used_car_ownbook_business_hire_accept_with_changes_Test.OP1_ownbook_after_Underwriting_accepted_mothlty_payment_price(LOU_used_car_ownbook_business_hire_accept_with_changes_Test.java:481)
at java.base/jdk.internal.reflect.DirectMethodHandleAccessor.invoke(DirectMethodHandleAccessor.java:104)
at java.base/java.lang.reflect.Method.invoke(Method.java:578)
at org.testng.internal.MethodInvocationHelper.invokeMethod(MethodInvocationHelper.java:133)
at org.testng.internal.TestInvoker.invokeMethod(TestInvoker.java:598)
at org.testng.internal.TestInvoker.invokeTestMethod(TestInvoker.java:173)
at org.testng.internal.MethodRunner.runInSequence(MethodRunner.java:46)
at org.testng.internal.TestInvoker$MethodInvocationAgent.invoke(TestInvoker.java:824)
at org.testng.internal.TestInvoker.invokeTestMethods(TestInvoker.java:146)
at org.testng.internal.TestMethodWorker.invokeTestMethods(TestMethodWorker.java:146)
at org.testng.internal.TestMethodWorker.run(TestMethodWorker.java:128)
at java.base/java.util.ArrayList.forEach(ArrayList.java:1511)
at org.testng.TestRunner.privateRun(TestRunner.java:794)
at org.testng.TestRunner.run(TestRunner.java:596)
at org.testng.SuiteRunner.runTest(SuiteRunner.java:377)
at org.testng.SuiteRunner.runSequentially(SuiteRunner.java:371)
at org.testng.SuiteRunner.privateRun(SuiteRunner.java:332)
at org.testng.SuiteRunner.run(SuiteRunner.java:276)
at org.testng.SuiteRunnerWorker.runSuite(SuiteRunnerWorker.java:53)
at org.testng.SuiteRunnerWorker.run(SuiteRunnerWorker.java:96)
at org.testng.TestNG.runSuitesSequentially(TestNG.java:1212)
at org.testng.TestNG.runSuitesLocally(TestNG.java:1134)
at org.testng.TestNG.runSuites(TestNG.java:1063)
at org.testng.TestNG.run(TestNG.java:1031)
at org.testng.remote.AbstractRemoteTestNG.run(AbstractRemoteTestNG.java:115)
at org.testng.remote.RemoteTestNG.initAndRun(RemoteTestNG.java:251)
at org.testng.remote.RemoteTestNG.main(RemoteTestNG.java:77)
]]>
    </failure>
  </testcase> <!-- OP1_ownbook_after_Underwriting_accepted_mothlty_payment_price -->
  <system-out>
    <![CDATA[<b>Cancelled Quote ref in Opportunity is = null</b> <br />
<b>Cancelled Monthly Payment value is = £ 488.59 ex. VAT</b> <br />
<b>New Quote ref in Opportunity XEP90298</b> <br />
<b>New Quote Monthly Payment is  = £ 488.26 ex. VAT</b> <br />
<b>Monthly Payment verified (found wrong) after accepting new quote, Actual value is 488.26 and Expected value is 1722.5500763966384</b> <br />
<br>----------Screenshot---------<br>
<img src="D:\LOU\AMT_LOU\target\surefire-reports\html\failure_screenshots\OP1_ownbook_after_Underwriting_accepted_mothlty_payment_price_09_01_2024_02_22_29.png" height="800" width="1000">]]>
  </system-out>
</testsuite> <!-- com.amt.test.LOU.LOU_used_car_ownbook_business_hire_accept_with_changes_Test -->
