<?xml version="1.0" encoding="UTF-8"?>
<!-- Generated by org.testng.reporters.JUnitReportReporter -->
<testsuite hostname="DSK-951" failures="0" tests="3" name="com.qa.test.LoginTest" time="109.179" errors="0" timestamp="2022-09-28T12:02:01 IST" skipped="0">
  <testcase classname="com.qa.test.LoginTest" name="login" time="36.946"/>
  <system-out/>
  <testcase classname="com.qa.test.LoginTest" name="pageTitleTest" time="43.147"/>
  <system-out/>
  <testcase classname="com.qa.test.LoginTest" name="verify_Logo_isDisplayed" time="29.086"/>
  <system-out/>
</testsuite> <!-- com.qa.test.LoginTest -->
