<?xml version="1.0" encoding="UTF-8"?>
<!-- Generated by org.testng.reporters.JUnitReportReporter -->
<testsuite hostname="DSK-969" failures="0" tests="1" name="com.amt.test.LOU.Lead_ownbook_business_flow" time="272.054" errors="0" timestamp="2023-01-30T15:12:09 IST" skipped="0">
  <testcase classname="com.amt.test.LOU.Lead_ownbook_business_flow" name="ownbook_create_lead_business" time="272.054"/>
  <system-out>
    <![CDATA[<b>Clicked on Leads on Side Menu</b> <br />
<b>Clicked on add lead</b> <br />
<b>Lead is assigned</b> <br />
<b>Added data in General Notes</b> <br />
<b>Customer type - Business selected</b> <br />
<b>Clicked on Add new vehicle request</b> <br />
<b>Clicked on ownbook channel</b> <br />
<b>Vehicle request for broker has been saved</b> <br />
<b>Click on Map New Quote icon</b> <br />
<b>Click on acquisition contract type icon</b> <br />
<b>Click on customer contract type icon</b> <br />
<b>Click on search button</b> <br />
<b>Click on created date button 1st </b> <br />
<b>Click on created date button 2nd</b> <br />
<b>click ok button on Map  new quote </b> <br />
<b>Click on Lead save and Convert button</b> <br />
<b>In Lead created Opportunity Id is =VG-0147</b> <br />
<b>Clicked on Opportunity link from Menu </b> <br />
<b>listing_proposal_status is = Proposal Required</b> <br />
<b>Enter the Opportunity id in Search Text box</b> <br />
<b>click on Proposal icon</b> <br />
<b>Proposal page will display </b> <br />
<b>Send proposal to customer pop up  will open</b> <br />
<b>Click on Manual fill radio button - Yes</b> <br />
<b>Click on manually submit behalf of customer link</b> <br />
<b>listing_proposal_status is = Proposal Received</b> <br />
<b>Channel_Status =Underwriting accepted</b> <br />
<b>click on Send_Contract icon</b> <br />
<b>Channel_Status =Underwriting accepted</b> <br />]]>
  </system-out>
</testsuite> <!-- com.amt.test.LOU.Lead_ownbook_business_flow -->
