<?xml version="1.0" encoding="UTF-8"?>
<!-- Generated by org.testng.reporters.JUnitReportReporter -->
<testsuite hostname="DSK-4052" failures="0" tests="14" name="com.amt.test.LOU.LOU_ownbook_individual_hire_accept_without_any_changes_Test" time="439.733" errors="0" timestamp="2023-06-27T18:23:50 IST" skipped="0">
  <testcase classname="com.amt.test.LOU.LOU_ownbook_individual_hire_accept_without_any_changes_Test" name="L1_create_lead_convert_to_lead_for_ownbook_individual_flow" time="82.195"/>
  <system-out>
    <![CDATA[<b>Clicked on Leads on Side Menu</b> <br />
<b>Clicked on add lead</b> <br />
<b>Lead is assigned</b> <br />
<b>Added data in General Notes</b> <br />
<b>Customer type - Individual selected</b> <br />
<b>Clicked on Add new vehicle request</b> <br />
<b>Clicked on ownbook channel</b> <br />
<b>Vehicle request for broker has been saved</b> <br />
<b>Click on Map New Quote icon</b> <br />
<b>Click on acquisition contract type icon</b> <br />
<b>Click on customer contract type icon</b> <br />
<b>Click on search button</b> <br />
<b>Click on created date button 1st </b> <br />
<b>Click on created date button 2nd</b> <br />
<b>New Quote has been mapped with lead</b> <br />
<b>click ok button on Map  new quote </b> <br />
<b></b> <br />
<b>Started Verifying Table values</b> <br />
<b></b> <br />
<b>GZO79069 = GZO79069</b> <br />
<b>Quote no. compared and found ok</b> <br />
<b></b> <br />
<b>AUDI A7 DIESEL SPORTBACK (2018 - Current) 40 TDI Quattro S Line 5dr S Tronic = AUDI A7 DIESEL SPORTBACK (2018 - Current) 40 TDI Quattro S Line 5dr S Tronic</b> <br />
<b>Vehicle name compared and found ok</b> <br />
<b></b> <br />
<b>Personal Contract Hire = Personal Contract Hire</b> <br />
<b>Contract type compared and found ok</b> <br />
<b></b> <br />
<b>1572.94 = 1572.94</b> <br />
<b>Monthly finance rental compared and found ok</b> <br />
<b></b> <br />
<b>35000.0 = 35000.0</b> <br />
<b>Mileage compared and found ok</b> <br />
<b></b> <br />
<b>35.0 = 35.0</b> <br />
<b>Terms compared and found ok</b> <br />
<b></b> <br />
<b>27/07/2023 = 27/07/2023</b> <br />
<b>Expiry date compared and found ok</b> <br />
<b>Click on Lead save and Convert button</b> <br />
<b></b> <br />
<b>Started Verifying Table values</b> <br />
<b></b> <br />
<b>GZO79069 = GZO79069</b> <br />
<b>Quote no. compared and found ok</b> <br />
<b></b> <br />
<b>AUDI A7 DIESEL SPORTBACK (2018 - Current) 40 TDI Quattro S Line 5dr S Tronic = AUDI A7 DIESEL SPORTBACK (2018 - Current) 40 TDI Quattro S Line 5dr S Tronic</b> <br />
<b>Vehicle name compared and found ok</b> <br />
<b></b> <br />
<b>Personal Contract Hire = Personal Contract Hire</b> <br />
<b>Contract type compared and found ok</b> <br />
<b></b> <br />
<b>1572.94 = 1572.94</b> <br />
<b>Monthly finance rental compared and found ok</b> <br />
<b></b> <br />
<b>35000.0 = 35000.0</b> <br />
<b>Mileage compared and found ok</b> <br />
<b></b> <br />
<b>35.0 = 35.0</b> <br />
<b>Terms compared and found ok</b> <br />
<b></b> <br />
<b>27/07/2023 = 27/07/2023</b> <br />
<b>Expiry date compared and found ok</b> <br />
<b></b> <br />
<b>In Lead created Opportunity Id is =TZ-7428</b> <br />
<b></b> <br />]]>
  </system-out>
  <testcase classname="com.amt.test.LOU.LOU_ownbook_individual_hire_accept_without_any_changes_Test" name="L2_ownbook_individual_current_status_before_sending_to_proposal" time="11.425"/>
  <system-out>
    <![CDATA[<b>Clicked on Opportunity link from Menu </b> <br />
<b>listing_proposal_status is = Proposal Required</b> <br />
<b>Enter the Opportunity id in Search Text box</b> <br />
<b>Current Status of Opportunity Status value is = Open</b> <br />
<b>Current Status of Proposal value is = Proposal Required</b> <br />
<b>Current Status of Channel value is =  Draft</b> <br />
<b>Current Status of  Quote ref is = Draft</b> <br />
<b>Status Verified : Before sending the proposal</b> <br />]]>
  </system-out>
  <testcase classname="com.amt.test.LOU.LOU_ownbook_individual_hire_accept_without_any_changes_Test" name="L3_verify_table_values_on_opportunity_page_before_sending_proposal" time="4.114"/>
  <system-out>
    <![CDATA[<b></b> <br />
<b>Started Verifying Table values</b> <br />
<b></b> <br />
<b>GZO79069 = GZO79069</b> <br />
<b>Quote no. compared and found ok</b> <br />
<b></b> <br />
<b>AUDI A7 DIESEL SPORTBACK (2018 - Current) 40 TDI Quattro S Line 5dr S Tronic = AUDI A7 DIESEL SPORTBACK (2018 - Current) 40 TDI Quattro S Line 5dr S Tronic</b> <br />
<b>Vehicle name compared and found ok</b> <br />
<b></b> <br />
<b>Personal Contract Hire = Personal Contract Hire</b> <br />
<b>Contract type compared and found ok</b> <br />
<b></b> <br />
<b>1572.94 = 1572.94</b> <br />
<b>Monthly finance rental compared and found ok</b> <br />
<b></b> <br />
<b>35000.0 = 35000.0</b> <br />
<b>Mileage compared and found ok</b> <br />
<b></b> <br />
<b>35.0 = 35.0</b> <br />
<b>Terms compared and found ok</b> <br />
<b></b> <br />
<b>27/07/2023 = 27/07/2023</b> <br />
<b>Expiry date compared and found ok</b> <br />
<b></b> <br />
<b>Table values verified Successfully</b> <br />]]>
  </system-out>
  <testcase classname="com.amt.test.LOU.LOU_ownbook_individual_hire_accept_without_any_changes_Test" name="L4_verify_current_status_on_opportunity_page_before_sending_to_proposal_for_ownbook_individual_flow" time="35.824"/>
  <system-out>
    <![CDATA[<b>click on Proposal icon</b> <br />
<b>Send proposal to customer pop up  will open</b> <br />
<b>Click on Manual fill radio button - Yes</b> <br />
<b>Click on manually submit behalf of customer link</b> <br />
<b></b> <br />
<b>Proposal Received Successfully</b> <br />]]>
  </system-out>
  <testcase classname="com.amt.test.LOU.LOU_ownbook_individual_hire_accept_without_any_changes_Test" name="L5_ownbook_create_opportunity_individual_current_status_after_sending_to_proposal" time="0.156"/>
  <system-out>
    <![CDATA[<b>Current Status of Opportunity Status value is = Open</b> <br />
<b>Current Status of Proposal value is = Proposal Received</b> <br />
<b>Current Status of Channel value is =  Draft</b> <br />
<b>Current Status of  Quote ref is = Draft</b> <br />
<b>Status Verified : After sending the proposal</b> <br />]]>
  </system-out>
  <testcase classname="com.amt.test.LOU.LOU_ownbook_individual_hire_accept_without_any_changes_Test" name="L6_ownbook_sending_contract" time="103.166"/>
  <system-out>
    <![CDATA[<b>click on Send_Contract icon</b> <br />
<b>Contract Sent Successfully</b> <br />]]>
  </system-out>
  <testcase classname="com.amt.test.LOU.LOU_ownbook_individual_hire_accept_without_any_changes_Test" name="L7_verify_current_status_on_opportunity_page_after_sending_contract_for_ownbook_individual_flow" time="4.237"/>
  <system-out>
    <![CDATA[<b>Current Status of Proposal value is = Proposal Received</b> <br />
<b>Current Status of Channel value is =  Sent to customer</b> <br />
<b>Current Status of  Quote ref is = Sent to customer</b> <br />
<b>Status Verified : Sent to customer</b> <br />]]>
  </system-out>
  <testcase classname="com.amt.test.LOU.LOU_ownbook_individual_hire_accept_without_any_changes_Test" name="L8_ownbook_signed_contract_status_with_api_call" time="36.887"/>
  <system-out>
    <![CDATA[<b>Status code 200 received </b> <br />
<b>Enter the Opportunity id in Search Text box</b> <br />]]>
  </system-out>
  <testcase classname="com.amt.test.LOU.LOU_ownbook_individual_hire_accept_without_any_changes_Test" name="UW1_verify_status_after_contract_signed" time="4.093"/>
  <system-out>
    <![CDATA[<b>Current Status of Proposal value is = Proposal Received</b> <br />
<b>Current Status of Channel value is =  Contract signed</b> <br />
<b>Current Status of  Quote ref is = Contract signed</b> <br />
<b>Status Verified : Contract Signed </b> <br />]]>
  </system-out>
  <testcase classname="com.amt.test.LOU.LOU_ownbook_individual_hire_accept_without_any_changes_Test" name="UW2_verify_underwriting_pop_up_summary_values_for_ownbook_individual_flow" time="59.153"/>
  <system-out>
    <![CDATA[<b> Underwriting icon is available </b> <br />
<b>Underwriting pop up -quote ref no => Quote reference no.:
GZO79069</b> <br />
<b>Underwriting Popup Proposal Id is =HZQ7701</b> <br />
<b></b> <br />
<b>Started Verifying Summary values</b> <br />
<b></b> <br />
<b>Quote reference no.:
GZO79069 != GZO79069</b> <br />
<b>Quote no. compared but found not ok</b> <br />
<b></b> <br />
<b>AUDI A7 DIESEL SPORTBACK (2018 - Current) 40 TDI Quattro S Line 5dr S Tronic = AUDI A7 DIESEL SPORTBACK (2018 - Current) 40 TDI Quattro S Line 5dr S Tronic</b> <br />
<b>Vehicle name compared and found ok</b> <br />
<b></b> <br />
<b>Personal Contract Hire = Personal Contract Hire</b> <br />
<b>Contract type compared and found ok</b> <br />
<b></b> <br />
<b>35.0 = 35.0</b> <br />
<b>Terms compared and found ok</b> <br />
<b></b> <br />
<b>35000.0 = 35000.0</b> <br />
<b>Mileage compared and found ok</b> <br />
<b></b> <br />
<b>1572.94 = 1572.9413378358115</b> <br />
<b>Monthly Finance Rental compared and found ok</b> <br />
<b></b> <br />
<b>1572.94 = 1572.94133783581</b> <br />
<b>Initial Finance Rental found OK</b> <br />
<b></b> <br />
<b>34.0 = 34.0</b> <br />
<b>Followed By months - found OK</b> <br />
<b></b> <br />
<b>39.9 = 39.9492</b> <br />
<b>Pence per excess mile finance - found OK</b> <br />
<b></b> <br />
<b>239.99 = 239.99</b> <br />
<b>Document Fee - found OK</b> <br />
<b></b> <br />
<b>200.0 = 200.0</b> <br />
<b>Upsell - found OK</b> <br />
<b></b> <br />
<b>1086.58 = 1086.5812499999981</b> <br />
<b>Default Finance Commission - found OK</b> <br />
<b></b> <br />
<b>200.0 = 200.0</b> <br />
<b>Upsell Commission - found OK</b> <br />
<b></b> <br />
<b>99.99 = 99.99166666666667</b> <br />
<b>Document Fee Commission - found OK</b> <br />
<b></b> <br />
<b>1386.57 = 1386.5729166666647</b> <br />
<b>Total Commission - found OK</b> <br />
<b></b> <br />
<b>200.0 = 200.0</b> <br />
<b>Referrer Commission - found OK</b> <br />
<b>click on underwriting_send_for_underwriting  button </b> <br />]]>
  </system-out>
  <testcase classname="com.amt.test.LOU.LOU_ownbook_individual_hire_accept_without_any_changes_Test" name="UW2_verify_status_after_sending_to_underwriting" time="1.094"/>
  <system-out>
    <![CDATA[<b>Current Status of Proposal value is = Proposal Received</b> <br />
<b>Current Status of Channel value is =  Awaiting underwriting</b> <br />
<b>Current Status of  Quote ref is = Awaiting underwriting</b> <br />
<b>Status Verified : Awaiting Underwriting </b> <br />]]>
  </system-out>
  <testcase classname="com.amt.test.LOU.LOU_ownbook_individual_hire_accept_without_any_changes_Test" name="UW3_verify_underwriting_lisitig_page" time="10.018"/>
  <system-out>
    <![CDATA[<b>Click on Underwriting menu_link </b> <br />
<b>Click on Underwriting - ownbook tab </b> <br />
<b>Click on Search text box - broker tab</b> <br />
<b>Getting the  proposal id from excel sheet =HZQ7701</b> <br />
<b>Enter the proposal in search text box =HZQ7701</b> <br />]]>
  </system-out>
  <testcase classname="com.amt.test.LOU.LOU_ownbook_individual_hire_accept_without_any_changes_Test" name="UW4_verify_values_on_underwriting_quote_tab_for_ownbook_individual_flow" time="73.250"/>
  <system-out>
    <![CDATA[<b>Click on Underwriting detail page for proposal</b> <br />
<b>Clicked on Underwriting quote page</b> <br />
<b></b> <br />
<b>56125.0 = 56125.0</b> <br />
<b>Cost Otr Price compared and found ok</b> <br />
<b></b> <br />
<b>46237.5 = 46237.5</b> <br />
<b>Cost Otr Price compared and found ok</b> <br />
<b></b> <br />
<b>9247.5 = 9247.5</b> <br />
<b>Otr Vat compared and found ok</b> <br />
<b></b> <br />
<b>640.0 = 640.0</b> <br />
<b>Otr Rfl And Frf compared and found ok</b> <br />
<b></b> <br />
<b>Quote reference no.:
GZO79069 != GZO79069</b> <br />
<b>Quote no. compared but found not ok</b> <br />
<b></b> <br />
<b>AUDI A7 DIESEL SPORTBACK (2018 - Current) 40 TDI Quattro S Line 5dr S Tronic = AUDI A7 DIESEL SPORTBACK (2018 - Current) 40 TDI Quattro S Line 5dr S Tronic</b> <br />
<b>Vehicle name compared and found ok</b> <br />
<b></b> <br />
<b>Personal Contract Hire = Personal Contract Hire</b> <br />
<b>Contract type compared and found ok</b> <br />
<b></b> <br />
<b>35.0 = 35.0</b> <br />
<b>Terms compared and found ok</b> <br />
<b></b> <br />
<b>35000.0 = 35000.0</b> <br />
<b>Mileage compared and found ok</b> <br />
<b></b> <br />
<b>1572.94 = 1572.9413378358115</b> <br />
<b>Monthly Finance Rental compared and found ok</b> <br />
<b></b> <br />
<b>1572.94 = 1572.94133783581</b> <br />
<b>Initial Finance Rental found OK</b> <br />
<b></b> <br />
<b>34.0 = 34.0</b> <br />
<b>Followed By months - found OK</b> <br />
<b></b> <br />
<b>39.9 = 39.9492</b> <br />
<b>Pence per excess mile finance - found OK</b> <br />
<b></b> <br />
<b>239.99 = 239.99</b> <br />
<b>Document Fee - found OK</b> <br />
<b></b> <br />
<b>200.0 = 200.0</b> <br />
<b>Upsell - found OK</b> <br />
<b></b> <br />
<b>1086.58 = 1086.5812499999981</b> <br />
<b>Default Finance Commission - found OK</b> <br />
<b></b> <br />
<b>200.0 = 200.0</b> <br />
<b>Upsell Commission - found OK</b> <br />
<b></b> <br />
<b>99.99 = 99.99166666666667</b> <br />
<b>Document Fee Commission - found OK</b> <br />
<b></b> <br />
<b>1386.57 = 1386.5729166666647</b> <br />
<b>Total Commission - found OK</b> <br />
<b></b> <br />
<b>200.0 = 200.0</b> <br />
<b>Referrer Commission - found OK</b> <br />
<b></b> <br />
<b>6.5 = 6.5</b> <br />
<b>Base Interest Rate found OK</b> <br />
<b></b> <br />
<b>5745.01 = 5745.009375000019</b> <br />
<b>Finance Margin found OK</b> <br />
<b></b> <br />
<b>1086.58 = 1086.5812499999981</b> <br />
<b>Deductions found OK</b> <br />
<b></b> <br />
<b>319.99 = 319.9916666666667</b> <br />
<b>Additional Margin found OK</b> <br />
<b></b> <br />
<b>4978.42 = 4978.419791666687</b> <br />
<b>Total Margin found OK</b> <br />
<b></b> <br />
<b>1.96 = 1.9583333333333348</b> <br />
<b>Default Broker Margin percentage found OK</b> <br />
<b></b> <br />
<b>0.1 = 0.1</b> <br />
<b>Broker Upsell Margin percentage found OK</b> <br />
<b></b> <br />
<b>20.0 = 20.0</b> <br />
<b>Broker Upsell Margin  found OK</b> <br />
<b></b> <br />
<b>99.99 = 99.99166666666667</b> <br />
<b>Document Fee Margin  found OK</b> <br />
<b></b> <br />
<b>200.0 = 200.00000000000003</b> <br />
<b>Refferer Margin  found OK</b> <br />
<b>Click on decision tab page</b> <br />]]>
  </system-out>
  <testcase classname="com.amt.test.LOU.LOU_ownbook_individual_hire_accept_without_any_changes_Test" name="UW5_verify_ownbook_underwriting_proposal_decision_with_accept" time="14.121"/>
  <system-out>
    <![CDATA[<b>Click on decision Accept button</b> <br />
<b>Current Status of accept value is = Accepted</b> <br />
<b>Underwriting Status Verified : Accepted</b> <br />]]>
  </system-out>
</testsuite> <!-- com.amt.test.LOU.LOU_ownbook_individual_hire_accept_without_any_changes_Test -->
