<?xml version="1.0" encoding="UTF-8"?>
<!-- Generated by org.testng.reporters.JUnitReportReporter -->
<testsuite hostname="DSK-969" failures="0" tests="1" name="com.amt.test.lou.Underwrting_flow" time="0.341" errors="0" timestamp="2023-01-16T08:08:41 IST" skipped="0">
  <testcase classname="com.amt.test.lou.Underwrting_flow" name="underwriting_find_menu_link" time="0.341"/>
  <system-out/>
</testsuite> <!-- com.amt.test.lou.Underwrting_flow -->
