<?xml version="1.0" encoding="UTF-8"?>
<!-- Generated by org.testng.reporters.JUnitReportReporter -->
<testsuite hostname="DSK-4052" failures="1" tests="14" name="com.amt.test.LOU.LOU_broker_business_purchase_accept_flow_Test" time="296.042" errors="0" timestamp="2024-03-05T23:10:10 IST" skipped="5">
  <testcase classname="com.amt.test.LOU.LOU_broker_business_purchase_accept_flow_Test" name="L1_broker_create_lead_business" time="132.516"/>
  <system-out>
    <![CDATA[<b>Clicked on Leads on Side Menu</b> <br />
<b>Clicked on add lead</b> <br />
<b>Lead is assigned</b> <br />
<b>Added data in General Notes</b> <br />
<b>Customer type - Business selected</b> <br />
<b>Clicked on Add new vehicle request</b> <br />
<b>Clicked on broker channel</b> <br />
<b>Vehicle request for broker has been saved</b> <br />
<b>Click on Map New Quote icon</b> <br />
<b>Click on acquisition contract type icon</b> <br />
<b>Click on customer contract type icon</b> <br />
<b>Click on search button</b> <br />
<b>Click on created date button 1st </b> <br />
<b>Click on created date button 2nd</b> <br />
<b>New Quote has been mapped with lead</b> <br />
<b>click ok button on Map  new quote </b> <br />
<b>Click on Lead save and Convert button</b> <br />
<b></b> <br />
<b>In Lead created Opportunity Id is =AG-0493</b> <br />
<b></b> <br />]]>
  </system-out>
  <testcase classname="com.amt.test.LOU.LOU_broker_business_purchase_accept_flow_Test" name="L2_broker_business_current_status_before_sending_to_proposal" time="18.121"/>
  <system-out>
    <![CDATA[<b>Clicked on Opportunity link from Menu </b> <br />
<b>Enter the Opportunity id in Search Text box</b> <br />
<b>Current Status of Opportunity Status value is = Open</b> <br />
<b>Current Status of Proposal value is = Proposal Required</b> <br />
<b>Current Status of Channel value is =  Draft</b> <br />
<b>Current Status of  Quote ref is = Draft</b> <br />
<b>Status Verified : Before sending the proposal</b> <br />]]>
  </system-out>
  <testcase classname="com.amt.test.LOU.LOU_broker_business_purchase_accept_flow_Test" name="L3_verify_table_values_on_opportunity_page_before_sending_proposal" time="4.058"/>
  <system-out>
    <![CDATA[<b></b> <br />
<b>Started Verifying Table values</b> <br />
<b></b> <br />
<b>KWR66663 = KWR66663</b> <br />
<b>Quote no. compared and found ok</b> <br />
<b></b> <br />
<b>AUDI A7 DIESEL SPORTBACK (2018 - Current) 40 TDI Quattro Black Edition 5dr S Tronic = AUDI A7 DIESEL SPORTBACK (2018 - Current) 40 TDI Quattro Black Edition 5dr S Tronic</b> <br />
<b>Vehicle name compared and found ok</b> <br />
<b></b> <br />
<b>Hire Purchase Non-Regulated = Hire Purchase Non-Regulated</b> <br />
<b>Contract type compared and found ok</b> <br />
<b></b> <br />
<b>2000.0 = 2000.0</b> <br />
<b>Monthly finance rental compared and found ok</b> <br />
<b></b> <br />
<b>5000.0 = 5000.0</b> <br />
<b>Mileage compared and found ok</b> <br />
<b></b> <br />
<b>12.0 = 12.0</b> <br />
<b>Terms compared and found ok</b> <br />
<b></b> <br />
<b>05/12/2024 != 04/12/2024</b> <br />
<b>Expiry date compared but found not ok</b> <br />
<b></b> <br />
<b>Table values verified Successfully</b> <br />]]>
  </system-out>
  <testcase classname="com.amt.test.LOU.LOU_broker_business_purchase_accept_flow_Test" name="L4_adding_proposal_on_opportunity_page_broker_business_flow" time="50.693"/>
  <system-out>
    <![CDATA[<b>click on Proposal icon</b> <br />
<b>click on Proposal icon</b> <br />
<b>Proposal page will display </b> <br />
<b>Send proposal to customer pop up  will open</b> <br />
<b>Click on Manual fill radio button - Yes</b> <br />
<b>Click on manually submit behalf of customer link</b> <br />
<b></b> <br />
<b>Proposal Received Successfully</b> <br />]]>
  </system-out>
  <testcase classname="com.amt.test.LOU.LOU_broker_business_purchase_accept_flow_Test" name="L5_verify_current_status_on_opportunity_page_after_sending_to_proposal_for_broker_business_flow" time="7.170"/>
  <system-out>
    <![CDATA[<b>Current Status of Opportunity Status value is = Open</b> <br />
<b>Current Status of Proposal value is = Proposal Received</b> <br />
<b>Current Status of Channel value is =  Draft</b> <br />
<b>Current Status of  Quote ref is = Draft</b> <br />
<b>Status Verified : After sending the proposal</b> <br />]]>
  </system-out>
  <testcase classname="com.amt.test.LOU.LOU_broker_business_purchase_accept_flow_Test" name="L6_broker_create_opportunity_business_sending_to_contract" time="10.528"/>
  <system-out>
    <![CDATA[<b>click on Send_Contract icon</b> <br />]]>
  </system-out>
  <testcase classname="com.amt.test.LOU.LOU_broker_business_purchase_accept_flow_Test" name="L7_verify_current_status_on_opportunity_page_after_sending_contract_for_broker_business_flow" time="4.141"/>
  <system-out>
    <![CDATA[<b>Current Status of Proposal value is = Proposal Received</b> <br />
<b>Current Status of Channel value is =  Sent to customer</b> <br />
<b>Current Status of  Quote ref is = Sent to customer</b> <br />
<b>Status Verified : Status Verified : Sent to customer</b> <br />]]>
  </system-out>
  <testcase classname="com.amt.test.LOU.LOU_broker_business_purchase_accept_flow_Test" name="L8_verify_signed_contract_status_with_api_call" time="58.677"/>
  <system-out>
    <![CDATA[<b>Status code 200 received </b> <br />
<b>Enter the Opportunity id in Search Text box</b> <br />]]>
  </system-out>
  <testcase classname="com.amt.test.LOU.LOU_broker_business_purchase_accept_flow_Test" name="L9_verify_status_after_contract_signed" time="10.138">
    <failure message="expected [true] but found [false]" type="java.lang.AssertionError">
      <![CDATA[java.lang.AssertionError: expected [true] but found [false]
at org.testng.Assert.fail(Assert.java:99)
at org.testng.Assert.failNotEquals(Assert.java:1037)
at org.testng.Assert.assertTrue(Assert.java:45)
at org.testng.Assert.assertTrue(Assert.java:55)
at com.amt.test.LOU.LOU_broker_business_purchase_accept_flow_Test.L9_verify_status_after_contract_signed(LOU_broker_business_purchase_accept_flow_Test.java:237)
at java.base/jdk.internal.reflect.DirectMethodHandleAccessor.invoke(DirectMethodHandleAccessor.java:104)
at java.base/java.lang.reflect.Method.invoke(Method.java:578)
at org.testng.internal.MethodInvocationHelper.invokeMethod(MethodInvocationHelper.java:133)
at org.testng.internal.TestInvoker.invokeMethod(TestInvoker.java:598)
at org.testng.internal.TestInvoker.invokeTestMethod(TestInvoker.java:173)
at org.testng.internal.MethodRunner.runInSequence(MethodRunner.java:46)
at org.testng.internal.TestInvoker$MethodInvocationAgent.invoke(TestInvoker.java:824)
at org.testng.internal.TestInvoker.invokeTestMethods(TestInvoker.java:146)
at org.testng.internal.TestMethodWorker.invokeTestMethods(TestMethodWorker.java:146)
at org.testng.internal.TestMethodWorker.run(TestMethodWorker.java:128)
at java.base/java.util.ArrayList.forEach(ArrayList.java:1511)
at org.testng.TestRunner.privateRun(TestRunner.java:794)
at org.testng.TestRunner.run(TestRunner.java:596)
at org.testng.SuiteRunner.runTest(SuiteRunner.java:377)
at org.testng.SuiteRunner.runSequentially(SuiteRunner.java:371)
at org.testng.SuiteRunner.privateRun(SuiteRunner.java:332)
at org.testng.SuiteRunner.run(SuiteRunner.java:276)
at org.testng.SuiteRunnerWorker.runSuite(SuiteRunnerWorker.java:53)
at org.testng.SuiteRunnerWorker.run(SuiteRunnerWorker.java:96)
at org.testng.TestNG.runSuitesSequentially(TestNG.java:1212)
at org.testng.TestNG.runSuitesSequentially(TestNG.java:1207)
at org.testng.TestNG.runSuitesLocally(TestNG.java:1134)
at org.testng.TestNG.runSuites(TestNG.java:1063)
at org.testng.TestNG.run(TestNG.java:1031)
at org.testng.remote.AbstractRemoteTestNG.run(AbstractRemoteTestNG.java:115)
at org.testng.remote.RemoteTestNG.initAndRun(RemoteTestNG.java:251)
at org.testng.remote.RemoteTestNG.main(RemoteTestNG.java:77)
]]>
    </failure>
  </testcase> <!-- L9_verify_status_after_contract_signed -->
  <system-out>
    <![CDATA[<b>Current Status of Proposal value is = Proposal Received</b> <br />
<b>Current Status of Channel value is =  Draft</b> <br />
<b>Current Status of  Quote ref is = Draft</b> <br />
<br>----------Screenshot---------<br>
<img src="D:\LOU\AMT_LOU\target\surefire-reports\html\failure_screenshots\L9_verify_status_after_contract_signed_05_03_2024_09_58_56.png" height="800" width="1000">]]>
  </system-out>
  <testcase classname="com.amt.test.LOU.LOU_broker_business_purchase_accept_flow_Test" name="UW1_verify_underwriting_flow_ownbook_with_status" time="0.000">
    <skipped/>
  </testcase> <!-- UW1_verify_underwriting_flow_ownbook_with_status -->
  <system-out/>
  <testcase classname="com.amt.test.LOU.LOU_broker_business_purchase_accept_flow_Test" name="UW2_verify_status_after_sending_to_underwriting" time="0.000">
    <skipped/>
  </testcase> <!-- UW2_verify_status_after_sending_to_underwriting -->
  <system-out/>
  <testcase classname="com.amt.test.LOU.LOU_broker_business_purchase_accept_flow_Test" name="UW3_verify_underwriting_lisitig_page" time="0.000">
    <skipped/>
  </testcase> <!-- UW3_verify_underwriting_lisitig_page -->
  <system-out/>
  <testcase classname="com.amt.test.LOU.LOU_broker_business_purchase_accept_flow_Test" name="UW4_verify_underwriting_proposal_page_flow" time="0.000">
    <skipped/>
  </testcase> <!-- UW4_verify_underwriting_proposal_page_flow -->
  <system-out/>
  <testcase classname="com.amt.test.LOU.LOU_broker_business_purchase_accept_flow_Test" name="UW5_verify_underwriting_proposal_decision_with_accept" time="0.000">
    <skipped/>
  </testcase> <!-- UW5_verify_underwriting_proposal_decision_with_accept -->
  <system-out/>
</testsuite> <!-- com.amt.test.LOU.LOU_broker_business_purchase_accept_flow_Test -->
