<?xml version="1.0" encoding="UTF-8"?>
<!-- Generated by org.testng.reporters.JUnitReportReporter -->
<testsuite hostname="DSK-4052" failures="0" tests="10" name="com.amt.test.HPNR.Acquisition_Quotes_HPNR_PCP_with_funder_quote_addition_without_maintenance_Test" time="686.036" errors="0" timestamp="2024-03-05T23:10:10 IST" skipped="0">
  <testcase classname="com.amt.test.HPNR.Acquisition_Quotes_HPNR_PCP_with_funder_quote_addition_without_maintenance_Test" name="aquisition_quotes_HPNR_PCP_OTR_calculation_without_maintenance_test" time="76.286"/>
  <system-out>
    <![CDATA[<b>Clicked on Quote button </b> <br />
<b>Manufacture =AUDI has been selected</b> <br />
<b>Model range =A7 has been selected</b> <br />
<b>Vehicle has been selected</b> <br />
<b>Paint option has been selected</b> <br />
<b>Interior option has been selected</b> <br />
<b> Acquisition Contract type option = HPNR has been selected</b> <br />
<b> Customer Contract type option = Personal Contract Purchase (PCP) has been selected</b> <br />
<b>Getting Basic Price- Vehicle value is  =46854.17</b> <br />
<b>Getting Basic Price - Paint  value is  =0.00</b> <br />
<b>Getting  Basic Price - Options value is   =833.33</b> <br />
<b>Getting Discount- Vehicle value is  =0.00</b> <br />
<b>Getting   Discount - Paint value is   =0.00</b> <br />
<b>Getting  Discount- Options value is   =0.00</b> <br />
<b>Getting Additional Discount- Vehicle value is  =0.00</b> <br />
<b>Getting  Additional Discount - paint value is  =0.00</b> <br />
<b>Getting  Additional Discount - Options value is  =0.00</b> <br />
<b>Writing OTR table values to excel sheet -Started </b> <br />
<b>Writing OTR table values to excel sheet -Completed </b> <br />
<b>Reading Subtotal After Discount from excel sheet -Started </b> <br />
<b>Reading Subtotal After Discount from excel sheet -Started </b> <br />
<b>Subtotal After Discount from excel sheet is =47687.5</b> <br />
<b>Subtotal after discount actual value from screen =£ 47,687.50</b> <br />]]>
  </system-out>
  <testcase classname="com.amt.test.HPNR.Acquisition_Quotes_HPNR_PCP_with_funder_quote_addition_without_maintenance_Test" name="aquisition_quotes_HPNR_PCP_OTR_calculation_without_maintenance_test" time="78.512"/>
  <system-out>
    <![CDATA[<b>Clicked on Quote button </b> <br />
<b>Manufacture =AUDI has been selected</b> <br />
<b>Model range =A7 has been selected</b> <br />
<b>Vehicle has been selected</b> <br />
<b>Paint option has been selected</b> <br />
<b>Interior option has been selected</b> <br />
<b> Acquisition Contract type option = HPNR has been selected</b> <br />
<b> Customer Contract type option = Personal Contract Purchase (PCP) has been selected</b> <br />
<b>Getting Basic Price- Vehicle value is  =46854.17</b> <br />
<b>Getting Basic Price - Paint  value is  =0.00</b> <br />
<b>Getting  Basic Price - Options value is   =833.33</b> <br />
<b>Getting Discount- Vehicle value is  =0.00</b> <br />
<b>Getting   Discount - Paint value is   =0.00</b> <br />
<b>Getting  Discount- Options value is   =0.00</b> <br />
<b>Getting Additional Discount- Vehicle value is  =0.00</b> <br />
<b>Getting  Additional Discount - paint value is  =0.00</b> <br />
<b>Getting  Additional Discount - Options value is  =0.00</b> <br />
<b>Writing OTR table values to excel sheet -Started </b> <br />
<b>Writing OTR table values to excel sheet -Completed </b> <br />
<b>Reading Subtotal After Discount from excel sheet -Started </b> <br />
<b>Reading Subtotal After Discount from excel sheet -Started </b> <br />
<b>Subtotal After Discount from excel sheet is =47687.5</b> <br />
<b>Subtotal after discount actual value from screen =£ 47,687.50</b> <br />]]>
  </system-out>
  <testcase classname="com.amt.test.HPNR.Acquisition_Quotes_HPNR_PCP_with_funder_quote_addition_without_maintenance_Test" name="aquisition_quotes_HPNR_PCP_after_discount_calculations_without_maintenance_test" time="4.526"/>
  <system-out>
    <![CDATA[<b>*********Calculations for On Road Price has been started***********</b> <br />
<b>Started getting On screen values from after discount table </b> <br />
<b>Manufacture_delivery_charges =550.00</b> <br />
<b>Road_tax_first_year =585.00</b> <br />
<b>First_registration_fee =65.00</b> <br />
<b>Rebate =0.00</b> <br />
<b>Writing After discount values to excel has been started</b> <br />
<b>Writing After discount values to excel has been completed</b> <br />
<b>Reading On Road Price for invoice from excel has been Started</b> <br />
<b>Reading On Road Price for invoice from excel has been completed</b> <br />
<b>Expected on the road price from excel is =58535.0</b> <br />
<b>Actual on the road price from screen is =58535.00</b> <br />]]>
  </system-out>
  <testcase classname="com.amt.test.HPNR.Acquisition_Quotes_HPNR_PCP_with_funder_quote_addition_without_maintenance_Test" name="aquisition_quotes_HPNR_PCP_after_discount_calculations_without_maintenance_test" time="4.449"/>
  <system-out>
    <![CDATA[<b>*********Calculations for On Road Price has been started***********</b> <br />
<b>Started getting On screen values from after discount table </b> <br />
<b>Manufacture_delivery_charges =550.00</b> <br />
<b>Road_tax_first_year =585.00</b> <br />
<b>First_registration_fee =65.00</b> <br />
<b>Rebate =0.00</b> <br />
<b>Writing After discount values to excel has been started</b> <br />
<b>Writing After discount values to excel has been completed</b> <br />
<b>Reading On Road Price for invoice from excel has been Started</b> <br />
<b>Reading On Road Price for invoice from excel has been completed</b> <br />
<b>Expected on the road price from excel is =58535.0</b> <br />
<b>Actual on the road price from screen is =58535.00</b> <br />]]>
  </system-out>
  <testcase classname="com.amt.test.HPNR.Acquisition_Quotes_HPNR_PCP_with_funder_quote_addition_without_maintenance_Test" name="aquisition_quotes_HPNR_PCP_holding_cost_calculations_without_maintenance_test" time="20.348"/>
  <system-out>
    <![CDATA[<b>***********Entered in holding cost page ***********</b> <br />
<b>***********Holding Cost Calculations has been Started*************</b> <br />
<b>Writing Holding Cost Summary values to excel has been completed</b> <br />
<b>Reading Monthly Holding Cost value from excel</b> <br />
<b>Total_monthly_holding_cost_from_screen =500.36</b> <br />
<b>Total_monthly_holding_cost_from_excel =500.3636363636364</b> <br />]]>
  </system-out>
  <testcase classname="com.amt.test.HPNR.Acquisition_Quotes_HPNR_PCP_with_funder_quote_addition_without_maintenance_Test" name="aquisition_quotes_HPNR_PCP_holding_cost_calculations_without_maintenance_test" time="21.014"/>
  <system-out>
    <![CDATA[<b>***********Entered in holding cost page ***********</b> <br />
<b>***********Holding Cost Calculations has been Started*************</b> <br />
<b>Writing Holding Cost Summary values to excel has been completed</b> <br />
<b>Reading Monthly Holding Cost value from excel</b> <br />
<b>Total_monthly_holding_cost_from_screen =500.36</b> <br />
<b>Total_monthly_holding_cost_from_excel =500.3636363636364</b> <br />]]>
  </system-out>
  <testcase classname="com.amt.test.HPNR.Acquisition_Quotes_HPNR_PCP_with_funder_quote_addition_without_maintenance_Test" name="aquisition_quotes_HPNR_PCP_customer_quote_calculations_check_monthly_finance_payment_without_maintenance_test" time="37.143"/>
  <system-out>
    <![CDATA[<b>***********Entered in Customer Quote page ***********</b> <br />
<b>Matrix credit type Limited Credit has been selected</b> <br />
<b>Writing configuration values from property file to Excel for customer quote calculation -started</b> <br />
<b>Writing configuration values from property file to Excel for customer quote calculation -completed</b> <br />
<b>Actual Monthly Finance Payment from screen is 2001.86</b> <br />
<b>Writing screen values to Excel for customer quote calculation -started</b> <br />
<b>Writing screen values to Excel for customer quote calculation -completed</b> <br />
<b>Expected Monthly Finance Rental from excel is 2001.8603798080187</b> <br />]]>
  </system-out>
  <testcase classname="com.amt.test.HPNR.Acquisition_Quotes_HPNR_PCP_with_funder_quote_addition_without_maintenance_Test" name="aquisition_quotes_HPNR_PCP_customer_quote_calculations_check_monthly_finance_payment_without_maintenance_test" time="38.204"/>
  <system-out>
    <![CDATA[<b>***********Entered in Customer Quote page ***********</b> <br />
<b>Matrix credit type Limited Credit has been selected</b> <br />
<b>Writing configuration values from property file to Excel for customer quote calculation -started</b> <br />
<b>Writing configuration values from property file to Excel for customer quote calculation -completed</b> <br />
<b>Actual Monthly Finance Payment from screen is 2001.86</b> <br />
<b>Writing screen values to Excel for customer quote calculation -started</b> <br />
<b>Writing screen values to Excel for customer quote calculation -completed</b> <br />
<b>Expected Monthly Finance Rental from excel is 2001.8603798080187</b> <br />]]>
  </system-out>
  <testcase classname="com.amt.test.HPNR.Acquisition_Quotes_HPNR_PCP_with_funder_quote_addition_without_maintenance_Test" name="aquisition_quotes_HPNR_PCP_quote_summary_values_verification_without_maintenance_test" time="201.222"/>
  <system-out>
    <![CDATA[<b>*************OTR Calulation on quote summary page has been started************</b> <br />
<b>Reading values from OTR calculation -Quote Summary Page</b> <br />
<b></b> <br />
<b>Cost otr price from screen is 58535.0</b> <br />
<b>Cost price ex vat and rfl from screen is 48237.5</b> <br />
<b>Otr Vat from screen is 9647.5</b> <br />
<b>Otr rfl and frf from screen is 650.0</b> <br />
<b></b> <br />
<b></b> <br />
<b>Cost otr price from excel is 58535.0</b> <br />
<b>Cost price ex vat and rfl from excel is 48237.5</b> <br />
<b>Otr Vat from excel is 9647.5</b> <br />
<b>Otr rfl and frf from excel is 650.0</b> <br />
<b></b> <br />
<b>OTR price compared</b> <br />
<b>Cost price ex vat and rfl compared</b> <br />
<b>VAT compared</b> <br />
<b>RFL & FRF compared</b> <br />
<b>*************Holding Cost Calulation on quote summary page has been started************</b> <br />
<b>Reading values from Holding Cost summary -Quote Summary Page</b> <br />
<b>holding_cost_terms_from_screen33.0</b> <br />
<b>holding_cost_miles_per_annum_from_screen5000.0</b> <br />
<b>holding_cost_monthly_finance_cost_from_screen500.36</b> <br />
<b>holding_cost_total_monthly_holding_cost_from_screen =500.36</b> <br />
<b>terms compared</b> <br />
<b>Miles per annum compared</b> <br />
<b>Finance cost compared</b> <br />
<b>Total Monthly Holding Cost compared</b> <br />
<b>*************Customer Quote Calulation on quote summary page has been started************</b> <br />
<b>Terms found OK</b> <br />
<b>miles found OK</b> <br />
<b>Basic Cash Price found OK</b> <br />
<b>VAT found OK</b> <br />
<b>Non VAT Items Value found OK</b> <br />
<b>Total Cash Price found OK</b> <br />
<b>Order Deposit found OK</b> <br />
<b>Finance Deposit found OK</b> <br />
<b>Total Deposit found OK</b> <br />
<b>Balance to Finance found OK</b> <br />
<b>Finance Charges - found OK</b> <br />
<b>Document Fee - found OK</b> <br />
<b>Balance Payable - found OK</b> <br />
<b>Option To Purchase Fee - found OK</b> <br />
<b>Initial Cash Payment - found OK</b> <br />
<b>Followed By months - found OK</b> <br />
<b>Monthly Finance Payment - found OK</b> <br />
<b>Guaranteed Future Value - found OK</b> <br />
<b>Optional Final Payment - found OK</b> <br />
<b>Pence Per Excess Mile Finance - found OK</b> <br />
<b>Vehicle Commission - found OK</b> <br />
<b>Default Finance Commission - found OK</b> <br />
<b>Document Fee Commission - found OK</b> <br />
<b>Total Commission - found OK</b> <br />
<b>*************Configuration Values Verification on quote summary page has been started************</b> <br />
<b>Base Interest Rate found OK</b> <br />
<b>Finance Margin found OK</b> <br />
<b>Deductions found OK</b> <br />
<b>Additional Margin found OK</b> <br />
<b>Total Margin found OK</b> <br />
<b>Default Broker Margin percentage found OK</b> <br />
<b>Customer Interest Rate found OK</b> <br />
<b>Document Fee Margin found OK</b> <br />
<b>Default Broker Margin found OK</b> <br />
<b>*********Customer Quote generated successfully and Quote_ref_no is=YND39196</b> <br />
<b>*************OTR Calulation on quote summary page has been started************</b> <br />
<b>Reading values from OTR calculation -Quote Summary Page</b> <br />
<b></b> <br />
<b>Cost otr price from screen is 58535.0</b> <br />
<b>Cost price ex vat and rfl from screen is 48237.5</b> <br />
<b>Otr Vat from screen is 9647.5</b> <br />
<b>Otr rfl and frf from screen is 650.0</b> <br />
<b></b> <br />
<b></b> <br />
<b>Cost otr price from excel is 58535.0</b> <br />
<b>Cost price ex vat and rfl from excel is 48237.5</b> <br />
<b>Otr Vat from excel is 9647.5</b> <br />
<b>Otr rfl and frf from excel is 650.0</b> <br />
<b></b> <br />
<b>OTR price compared</b> <br />
<b>Cost price ex vat and rfl compared</b> <br />
<b>VAT compared</b> <br />
<b>RFL & FRF compared</b> <br />
<b>*************Holding Cost Calulation on quote summary page has been started************</b> <br />
<b>Reading values from Holding Cost summary -Quote Summary Page</b> <br />
<b>holding_cost_terms_from_screen33.0</b> <br />
<b>holding_cost_miles_per_annum_from_screen5000.0</b> <br />
<b>holding_cost_monthly_finance_cost_from_screen500.36</b> <br />
<b>holding_cost_total_monthly_holding_cost_from_screen =500.36</b> <br />
<b>terms compared</b> <br />
<b>Miles per annum compared</b> <br />
<b>Finance cost compared</b> <br />
<b>Total Monthly Holding Cost compared</b> <br />
<b>*************Customer Quote Calulation on quote summary page has been started************</b> <br />
<b>Terms found OK</b> <br />
<b>miles found OK</b> <br />
<b>Basic Cash Price found OK</b> <br />
<b>VAT found OK</b> <br />
<b>Non VAT Items Value found OK</b> <br />
<b>Total Cash Price found OK</b> <br />
<b>Order Deposit found OK</b> <br />
<b>Finance Deposit found OK</b> <br />
<b>Total Deposit found OK</b> <br />
<b>Balance to Finance found OK</b> <br />
<b>Finance Charges - found OK</b> <br />
<b>Document Fee - found OK</b> <br />
<b>Balance Payable - found OK</b> <br />
<b>Option To Purchase Fee - found OK</b> <br />
<b>Initial Cash Payment - found OK</b> <br />
<b>Followed By months - found OK</b> <br />
<b>Monthly Finance Payment - found OK</b> <br />
<b>Guaranteed Future Value - found OK</b> <br />
<b>Optional Final Payment - found OK</b> <br />
<b>Pence Per Excess Mile Finance - found OK</b> <br />
<b>Vehicle Commission - found OK</b> <br />
<b>Default Finance Commission - found OK</b> <br />
<b>Document Fee Commission - found OK</b> <br />
<b>Total Commission - found OK</b> <br />
<b>*************Configuration Values Verification on quote summary page has been started************</b> <br />
<b>Base Interest Rate found OK</b> <br />
<b>Finance Margin found OK</b> <br />
<b>Deductions found OK</b> <br />
<b>Additional Margin found OK</b> <br />
<b>Total Margin found OK</b> <br />
<b>Default Broker Margin percentage found OK</b> <br />
<b>Customer Interest Rate found OK</b> <br />
<b>Document Fee Margin found OK</b> <br />
<b>Default Broker Margin found OK</b> <br />
<b>*************Editing Base Interest Rate and Verifying  Values on quote summary page has been started************</b> <br />
<b>Base Interest Rate changed to 7.0 %</b> <br />
<b>Holding Cost after changing Base Int. Rate -  found OK</b> <br />
<b>Monthly Finance Rental after changing Base Int. Rate -  found OK</b> <br />
<b>Finance Charges - found OK</b> <br />
<b>Balance Payable - found OK</b> <br />
<b>*************Editing Customer Rate Over Base and Verifying Values on quote summary page has been started************</b> <br />
<b>Customer Base Over Rate changed to 5.0 %</b> <br />
<b>Monthly Finance Rental after changing Customer Base Over Rate -  found OK</b> <br />
<b>Finance Charges - found OK</b> <br />
<b>Balance Payable - found OK</b> <br />
<b>*************Calculations for Quote Summary page gas been started************</b> <br />
<b>Reading values from OTR calculation -Quote Summary Page</b> <br />
<b>Writing completed for some of the important required values to quote save excel sheet in the sheet HPNRPCPFunderQuoteNo</b> <br />]]>
  </system-out>
  <testcase classname="com.amt.test.HPNR.Acquisition_Quotes_HPNR_PCP_with_funder_quote_addition_without_maintenance_Test" name="aquisition_quotes_HPNR_PCP_quote_summary_values_verification_without_maintenance_test" time="204.332"/>
  <system-out>
    <![CDATA[<b>*************OTR Calulation on quote summary page has been started************</b> <br />
<b>Reading values from OTR calculation -Quote Summary Page</b> <br />
<b></b> <br />
<b>Cost otr price from screen is 58535.0</b> <br />
<b>Cost price ex vat and rfl from screen is 48237.5</b> <br />
<b>Otr Vat from screen is 9647.5</b> <br />
<b>Otr rfl and frf from screen is 650.0</b> <br />
<b></b> <br />
<b></b> <br />
<b>Cost otr price from excel is 58535.0</b> <br />
<b>Cost price ex vat and rfl from excel is 48237.5</b> <br />
<b>Otr Vat from excel is 9647.5</b> <br />
<b>Otr rfl and frf from excel is 650.0</b> <br />
<b></b> <br />
<b>OTR price compared</b> <br />
<b>Cost price ex vat and rfl compared</b> <br />
<b>VAT compared</b> <br />
<b>RFL & FRF compared</b> <br />
<b>*************Holding Cost Calulation on quote summary page has been started************</b> <br />
<b>Reading values from Holding Cost summary -Quote Summary Page</b> <br />
<b>holding_cost_terms_from_screen33.0</b> <br />
<b>holding_cost_miles_per_annum_from_screen5000.0</b> <br />
<b>holding_cost_monthly_finance_cost_from_screen500.36</b> <br />
<b>holding_cost_total_monthly_holding_cost_from_screen =500.36</b> <br />
<b>terms compared</b> <br />
<b>Miles per annum compared</b> <br />
<b>Finance cost compared</b> <br />
<b>Total Monthly Holding Cost compared</b> <br />
<b>*************Customer Quote Calulation on quote summary page has been started************</b> <br />
<b>Terms found OK</b> <br />
<b>miles found OK</b> <br />
<b>Basic Cash Price found OK</b> <br />
<b>VAT found OK</b> <br />
<b>Non VAT Items Value found OK</b> <br />
<b>Total Cash Price found OK</b> <br />
<b>Order Deposit found OK</b> <br />
<b>Finance Deposit found OK</b> <br />
<b>Total Deposit found OK</b> <br />
<b>Balance to Finance found OK</b> <br />
<b>Finance Charges - found OK</b> <br />
<b>Document Fee - found OK</b> <br />
<b>Balance Payable - found OK</b> <br />
<b>Option To Purchase Fee - found OK</b> <br />
<b>Initial Cash Payment - found OK</b> <br />
<b>Followed By months - found OK</b> <br />
<b>Monthly Finance Payment - found OK</b> <br />
<b>Guaranteed Future Value - found OK</b> <br />
<b>Optional Final Payment - found OK</b> <br />
<b>Pence Per Excess Mile Finance - found OK</b> <br />
<b>Vehicle Commission - found OK</b> <br />
<b>Default Finance Commission - found OK</b> <br />
<b>Document Fee Commission - found OK</b> <br />
<b>Total Commission - found OK</b> <br />
<b>*************Configuration Values Verification on quote summary page has been started************</b> <br />
<b>Base Interest Rate found OK</b> <br />
<b>Finance Margin found OK</b> <br />
<b>Deductions found OK</b> <br />
<b>Additional Margin found OK</b> <br />
<b>Total Margin found OK</b> <br />
<b>Default Broker Margin percentage found OK</b> <br />
<b>Customer Interest Rate found OK</b> <br />
<b>Document Fee Margin found OK</b> <br />
<b>Default Broker Margin found OK</b> <br />
<b>*********Customer Quote generated successfully and Quote_ref_no is=TJE12879</b> <br />
<b>*************OTR Calulation on quote summary page has been started************</b> <br />
<b>Reading values from OTR calculation -Quote Summary Page</b> <br />
<b></b> <br />
<b>Cost otr price from screen is 58535.0</b> <br />
<b>Cost price ex vat and rfl from screen is 48237.5</b> <br />
<b>Otr Vat from screen is 9647.5</b> <br />
<b>Otr rfl and frf from screen is 650.0</b> <br />
<b></b> <br />
<b></b> <br />
<b>Cost otr price from excel is 58535.0</b> <br />
<b>Cost price ex vat and rfl from excel is 48237.5</b> <br />
<b>Otr Vat from excel is 9647.5</b> <br />
<b>Otr rfl and frf from excel is 650.0</b> <br />
<b></b> <br />
<b>OTR price compared</b> <br />
<b>Cost price ex vat and rfl compared</b> <br />
<b>VAT compared</b> <br />
<b>RFL & FRF compared</b> <br />
<b>*************Holding Cost Calulation on quote summary page has been started************</b> <br />
<b>Reading values from Holding Cost summary -Quote Summary Page</b> <br />
<b>holding_cost_terms_from_screen33.0</b> <br />
<b>holding_cost_miles_per_annum_from_screen5000.0</b> <br />
<b>holding_cost_monthly_finance_cost_from_screen500.36</b> <br />
<b>holding_cost_total_monthly_holding_cost_from_screen =500.36</b> <br />
<b>terms compared</b> <br />
<b>Miles per annum compared</b> <br />
<b>Finance cost compared</b> <br />
<b>Total Monthly Holding Cost compared</b> <br />
<b>*************Customer Quote Calulation on quote summary page has been started************</b> <br />
<b>Terms found OK</b> <br />
<b>miles found OK</b> <br />
<b>Basic Cash Price found OK</b> <br />
<b>VAT found OK</b> <br />
<b>Non VAT Items Value found OK</b> <br />
<b>Total Cash Price found OK</b> <br />
<b>Order Deposit found OK</b> <br />
<b>Finance Deposit found OK</b> <br />
<b>Total Deposit found OK</b> <br />
<b>Balance to Finance found OK</b> <br />
<b>Finance Charges - found OK</b> <br />
<b>Document Fee - found OK</b> <br />
<b>Balance Payable - found OK</b> <br />
<b>Option To Purchase Fee - found OK</b> <br />
<b>Initial Cash Payment - found OK</b> <br />
<b>Followed By months - found OK</b> <br />
<b>Monthly Finance Payment - found OK</b> <br />
<b>Guaranteed Future Value - found OK</b> <br />
<b>Optional Final Payment - found OK</b> <br />
<b>Pence Per Excess Mile Finance - found OK</b> <br />
<b>Vehicle Commission - found OK</b> <br />
<b>Default Finance Commission - found OK</b> <br />
<b>Document Fee Commission - found OK</b> <br />
<b>Total Commission - found OK</b> <br />
<b>*************Configuration Values Verification on quote summary page has been started************</b> <br />
<b>Base Interest Rate found OK</b> <br />
<b>Finance Margin found OK</b> <br />
<b>Deductions found OK</b> <br />
<b>Additional Margin found OK</b> <br />
<b>Total Margin found OK</b> <br />
<b>Default Broker Margin percentage found OK</b> <br />
<b>Customer Interest Rate found OK</b> <br />
<b>Document Fee Margin found OK</b> <br />
<b>Default Broker Margin found OK</b> <br />
<b>*************Editing Base Interest Rate and Verifying  Values on quote summary page has been started************</b> <br />
<b>Base Interest Rate changed to 7.0 %</b> <br />
<b>Holding Cost after changing Base Int. Rate -  found OK</b> <br />
<b>Monthly Finance Rental after changing Base Int. Rate -  found OK</b> <br />
<b>Finance Charges - found OK</b> <br />
<b>Balance Payable - found OK</b> <br />
<b>*************Editing Customer Rate Over Base and Verifying Values on quote summary page has been started************</b> <br />
<b>Customer Base Over Rate changed to 5.0 %</b> <br />
<b>Monthly Finance Rental after changing Customer Base Over Rate -  found OK</b> <br />
<b>Finance Charges - found OK</b> <br />
<b>Balance Payable - found OK</b> <br />
<b>*************Calculations for Quote Summary page gas been started************</b> <br />
<b>Reading values from OTR calculation -Quote Summary Page</b> <br />
<b>Writing completed for some of the important required values to quote save excel sheet in the sheet HPNRPCPFunderQuoteNo</b> <br />]]>
  </system-out>
</testsuite> <!-- com.amt.test.HPNR.Acquisition_Quotes_HPNR_PCP_with_funder_quote_addition_without_maintenance_Test -->
